#
# There is insufficient memory for the Java Runtime Environment to continue.
# Native memory allocation (malloc) failed to allocate 32744 bytes for Chunk::new
# Possible reasons:
#   The system is out of physical RAM or swap space
#   The process is running with CompressedOops enabled, and the Java Heap may be blocking the growth of the native heap
# Possible solutions:
#   Reduce memory load on the system
#   Increase physical memory or swap space
#   Check if swap backing store is full
#   Decrease Java heap size (-Xmx/-Xms)
#   Decrease number of Java threads
#   Decrease Java thread stack sizes (-Xss)
#   Set larger code cache with -XX:ReservedCodeCacheSize=
#   JVM is running with Unscaled Compressed Oops mode in which the Java heap is
#     placed in the first 4GB address space. The Java Heap base address is the
#     maximum limit for the native heap growth. Please use -XX:HeapBaseMinAddress
#     to set the Java Heap base and to place the Java Heap above 4GB virtual address.
# This output file may be truncated or incomplete.
#
#  Out of Memory Error (arena.cpp:184), pid=49652, tid=50196
#
# JRE version: Java(TM) SE Runtime Environment (20.0+36) (build 20+36-2344)
# Java VM: Java HotSpot(TM) 64-Bit Server VM (20+36-2344, mixed mode, sharing, tiered, compressed oops, compressed class ptrs, g1 gc, windows-amd64)
# No core dump will be written. Minidumps are not enabled by default on client versions of Windows
#

---------------  S U M M A R Y ------------

Command Line: -XX:MaxMetaspaceSize=512m --add-opens=java.base/java.util=ALL-UNNAMED --add-opens=java.base/java.lang=ALL-UNNAMED --add-opens=java.base/java.lang.invoke=ALL-UNNAMED --add-opens=java.prefs/java.util.prefs=ALL-UNNAMED --add-opens=java.base/java.nio.charset=ALL-UNNAMED --add-opens=java.base/java.net=ALL-UNNAMED --add-opens=java.base/java.util.concurrent.atomic=ALL-UNNAMED -Xmx2048m -Dfile.encoding=UTF-8 -Duser.country=BR -Duser.language=pt -Duser.variant org.gradle.launcher.daemon.bootstrap.GradleDaemon 8.0.1

Host: 11th Gen Intel(R) Core(TM) i5-11400H @ 2.70GHz, 12 cores, 15G,  Windows 10 , 64 bit Build 19041 (10.0.19041.3393)
Time: Mon Sep 25 07:40:55 2023 Hora oficial do Brasil elapsed time: 56.492606 seconds (0d 0h 0m 56s)

---------------  T H R E A D  ---------------

Current thread (0x00000271fe42cd10):  JavaThread "C1 CompilerThread0" daemon [_thread_in_native, id=50196, stack(0x000000fe6a200000,0x000000fe6a300000)]


Current CompileTask:
C1:  56492 3227       3       java.lang.invoke.ClassSpecializer::classSig (94 bytes)

Stack: [0x000000fe6a200000,0x000000fe6a300000]
Native frames: (J=compiled Java code, j=interpreted, Vv=VM code, C=native code)
V  [jvm.dll+0x6bb95a]
V  [jvm.dll+0x8483aa]
V  [jvm.dll+0x849fa5]
V  [jvm.dll+0x84a6a3]
V  [jvm.dll+0x280b0f]
V  [jvm.dll+0xc2b11]
V  [jvm.dll+0xc2e35]
V  [jvm.dll+0x19a2e3]
V  [jvm.dll+0x19a3ad]
V  [jvm.dll+0x19cc59]
V  [jvm.dll+0x19e904]
V  [jvm.dll+0x158863]
V  [jvm.dll+0x158152]
V  [jvm.dll+0x158384]
V  [jvm.dll+0x1577c6]
V  [jvm.dll+0x1594fd]
V  [jvm.dll+0x259e1b]
V  [jvm.dll+0x2584f0]
V  [jvm.dll+0x3f2895]
V  [jvm.dll+0x7f4906]
V  [jvm.dll+0x6ba5cb]
C  [ucrtbase.dll+0x21bb2]
C  [KERNEL32.DLL+0x17344]
C  [ntdll.dll+0x526b1]


---------------  P R O C E S S  ---------------

Threads class SMR info:
_java_thread_list=0x00000271fee78e60, length=33, elements={
0x00000271ec2065b0, 0x00000271fe420d60, 0x00000271fe421d00, 0x00000271fe423440,
0x00000271fe424f90, 0x00000271fe4278e0, 0x00000271fe428220, 0x00000271fe429ea0,
0x00000271fe42cd10, 0x00000271fe57f2c0, 0x00000271fe58f070, 0x00000271ffe369f0,
0x00000271fe7cfc30, 0x00000271fe66a030, 0x00000271fe4e1e30, 0x00000271fe81fa20,
0x00000271fe821a00, 0x00000271fe821f50, 0x00000271fe81ff70, 0x00000271fe820f60,
0x00000271fe820a10, 0x00000271fe8204c0, 0x00000271fe8214b0, 0x00000271fe81f4d0,
0x00000271fe8224a0, 0x000002718f852a10, 0x000002718f84fa40, 0x000002718f8524c0,
0x000002718f854f40, 0x000002718f84ff90, 0x000002718f850f80, 0x000002718f852f60,
0x000002718f8549f0
}

Java Threads: ( => current thread )
  0x00000271ec2065b0 JavaThread "main" [_thread_blocked, id=40232, stack(0x000000fe69400000,0x000000fe69500000)]
  0x00000271fe420d60 JavaThread "Reference Handler" daemon [_thread_blocked, id=6524, stack(0x000000fe69b00000,0x000000fe69c00000)]
  0x00000271fe421d00 JavaThread "Finalizer" daemon [_thread_blocked, id=37132, stack(0x000000fe69c00000,0x000000fe69d00000)]
  0x00000271fe423440 JavaThread "Signal Dispatcher" daemon [_thread_blocked, id=42820, stack(0x000000fe69d00000,0x000000fe69e00000)]
  0x00000271fe424f90 JavaThread "Attach Listener" daemon [_thread_blocked, id=42764, stack(0x000000fe69e00000,0x000000fe69f00000)]
  0x00000271fe4278e0 JavaThread "Service Thread" daemon [_thread_blocked, id=17204, stack(0x000000fe69f00000,0x000000fe6a000000)]
  0x00000271fe428220 JavaThread "Monitor Deflation Thread" daemon [_thread_blocked, id=44036, stack(0x000000fe6a000000,0x000000fe6a100000)]
  0x00000271fe429ea0 JavaThread "C2 CompilerThread0" daemon [_thread_in_vm, id=38248, stack(0x000000fe6a100000,0x000000fe6a200000)]
=>0x00000271fe42cd10 JavaThread "C1 CompilerThread0" daemon [_thread_in_native, id=50196, stack(0x000000fe6a200000,0x000000fe6a300000)]
  0x00000271fe57f2c0 JavaThread "Common-Cleaner" daemon [_thread_blocked, id=50244, stack(0x000000fe6a300000,0x000000fe6a400000)]
  0x00000271fe58f070 JavaThread "Notification Thread" daemon [_thread_blocked, id=50276, stack(0x000000fe6a400000,0x000000fe6a500000)]
  0x00000271ffe369f0 JavaThread "Daemon health stats" [_thread_blocked, id=36912, stack(0x000000fe6ab00000,0x000000fe6ac00000)]
  0x00000271fe7cfc30 JavaThread "Incoming local TCP Connector on port 55075" [_thread_in_native, id=53884, stack(0x000000fe6ac00000,0x000000fe6ad00000)]
  0x00000271fe66a030 JavaThread "Daemon periodic checks" [_thread_blocked, id=54988, stack(0x000000fe6ad00000,0x000000fe6ae00000)]
  0x00000271fe4e1e30 JavaThread "Daemon" [_thread_blocked, id=57136, stack(0x000000fe6ae00000,0x000000fe6af00000)]
  0x00000271fe81fa20 JavaThread "Handler for socket connection from /127.0.0.1:55075 to /127.0.0.1:55079" [_thread_in_native, id=57140, stack(0x000000fe6af00000,0x000000fe6b000000)]
  0x00000271fe821a00 JavaThread "Cancel handler" [_thread_blocked, id=57148, stack(0x000000fe6b000000,0x000000fe6b100000)]
  0x00000271fe821f50 JavaThread "Daemon worker" [_thread_blocked, id=57236, stack(0x000000fe6b100000,0x000000fe6b200000)]
  0x00000271fe81ff70 JavaThread "Asynchronous log dispatcher for DefaultDaemonConnection: socket connection from /127.0.0.1:55075 to /127.0.0.1:55079" [_thread_blocked, id=57248, stack(0x000000fe6b200000,0x000000fe6b300000)]
  0x00000271fe820f60 JavaThread "Stdin handler" [_thread_blocked, id=57252, stack(0x000000fe6b300000,0x000000fe6b400000)]
  0x00000271fe820a10 JavaThread "Daemon client event forwarder" [_thread_blocked, id=57256, stack(0x000000fe6b400000,0x000000fe6b500000)]
  0x00000271fe8204c0 JavaThread "Cache worker for journal cache (C:\Users\Marcos\.gradle\caches\journal-1)" [_thread_blocked, id=37632, stack(0x000000fe6b500000,0x000000fe6b600000)]
  0x00000271fe8214b0 JavaThread "File lock request listener" [_thread_in_native, id=55624, stack(0x000000fe6b600000,0x000000fe6b700000)]
  0x00000271fe81f4d0 JavaThread "File lock release action executor" [_thread_blocked, id=20020, stack(0x000000fe6b700000,0x000000fe6b800000)]
  0x00000271fe8224a0 JavaThread "Cache worker for file hash cache (C:\Users\Marcos\.gradle\caches\8.0.1\fileHashes)" [_thread_blocked, id=30468, stack(0x000000fe6b800000,0x000000fe6b900000)]
  0x000002718f852a10 JavaThread "File watcher server" daemon [_thread_in_native, id=57752, stack(0x000000fe6b900000,0x000000fe6ba00000)]
  0x000002718f84fa40 JavaThread "File watcher consumer" daemon [_thread_blocked, id=58024, stack(0x000000fe6ba00000,0x000000fe6bb00000)]
  0x000002718f8524c0 JavaThread "Cache worker for checksums cache (C:\AppProjeto\trabalhoTamagochi\android\.gradle\8.0.1\checksums)" [_thread_blocked, id=58356, stack(0x000000fe6c300000,0x000000fe6c400000)]
  0x000002718f854f40 JavaThread "Cache worker for cache directory md-rule (C:\Users\Marcos\.gradle\caches\8.0.1\md-rule)" [_thread_blocked, id=44356, stack(0x000000fe6c400000,0x000000fe6c500000)]
  0x000002718f84ff90 JavaThread "Cache worker for file content cache (C:\Users\Marcos\.gradle\caches\8.0.1\fileContent)" [_thread_blocked, id=36224, stack(0x000000fe6c500000,0x000000fe6c600000)]
  0x000002718f850f80 JavaThread "Cache worker for file hash cache (C:\AppProjeto\trabalhoTamagochi\android\.gradle\8.0.1\fileHashes)" [_thread_blocked, id=58460, stack(0x000000fe6c600000,0x000000fe6c700000)]
  0x000002718f852f60 JavaThread "Cache worker for cache directory md-supplier (C:\Users\Marcos\.gradle\caches\8.0.1\md-supplier)" [_thread_blocked, id=34516, stack(0x000000fe6c700000,0x000000fe6c800000)]
  0x000002718f8549f0 JavaThread "Cache worker for execution history cache (C:\Users\Marcos\.gradle\caches\8.0.1\executionHistory)" [_thread_blocked, id=48172, stack(0x000000fe6c800000,0x000000fe6c900000)]

Other Threads:
  0x00000271fa0ba0a0 VMThread "VM Thread" [stack: 0x000000fe69a00000,0x000000fe69b00000] [id=45136] _threads_hazard_ptr=0x00000271fee78e60
  0x00000271fe58f9d0 WatcherThread "VM Periodic Task Thread" [stack: 0x000000fe6a500000,0x000000fe6a600000] [id=50280]
  0x00000271ec265b20 WorkerThread "GC Thread#0" [stack: 0x000000fe69500000,0x000000fe69600000] [id=17088]
  0x00000271fed50ae0 WorkerThread "GC Thread#1" [stack: 0x000000fe6a600000,0x000000fe6a700000] [id=50980]
  0x00000271fed50270 WorkerThread "GC Thread#2" [stack: 0x000000fe6a700000,0x000000fe6a800000] [id=50984]
  0x00000271fed4f190 WorkerThread "GC Thread#3" [stack: 0x000000fe6a800000,0x000000fe6a900000] [id=50988]
  0x00000271fed50db0 WorkerThread "GC Thread#4" [stack: 0x000000fe6a900000,0x000000fe6aa00000] [id=50992]
  0x00000271fed4f730 WorkerThread "GC Thread#5" [stack: 0x000000fe6aa00000,0x000000fe6ab00000] [id=50996]
  0x000002718f460c10 WorkerThread "GC Thread#6" [stack: 0x000000fe6bb00000,0x000000fe6bc00000] [id=58044]
  0x000002718f460940 WorkerThread "GC Thread#7" [stack: 0x000000fe6bc00000,0x000000fe6bd00000] [id=58048]
  0x000002718f461750 WorkerThread "GC Thread#8" [stack: 0x000000fe6bd00000,0x000000fe6be00000] [id=58052]
  0x000002718f461cf0 WorkerThread "GC Thread#9" [stack: 0x000000fe6be00000,0x000000fe6bf00000] [id=58056]
  0x00000271ec276940 ConcurrentGCThread "G1 Main Marker" [stack: 0x000000fe69600000,0x000000fe69700000] [id=10004]
  0x00000271ec278290 WorkerThread "G1 Conc#0" [stack: 0x000000fe69700000,0x000000fe69800000] [id=49280]
  0x000002718f461a20 WorkerThread "G1 Conc#1" [stack: 0x000000fe6bf00000,0x000000fe6c000000] [id=58108]
  0x000002718f462830 WorkerThread "G1 Conc#2" [stack: 0x000000fe6c000000,0x000000fe6c100000] [id=58112]
  0x00000271ec2ce980 ConcurrentGCThread "G1 Refine#0" [stack: 0x000000fe69800000,0x000000fe69900000] [id=10140]
  0x00000271f9f7c5a0 ConcurrentGCThread "G1 Service" [stack: 0x000000fe69900000,0x000000fe69a00000] [id=16704]

Threads with active compile tasks:
C2 CompilerThread0    56816 3223       4       java.lang.invoke.InvokerBytecodeGenerator::emitStaticInvoke (258 bytes)
C1 CompilerThread0    56816 3227       3       java.lang.invoke.ClassSpecializer::classSig (94 bytes)

VM state: synchronizing (normal execution)

VM Mutex/Monitor currently owned by a thread:  ([mutex/lock_event])
[0x00000271ec1f4960] Threads_lock - owner thread: 0x00000271fa0ba0a0

OutOfMemory and StackOverflow Exception counts:
OutOfMemoryError java_heap_errors=1
LinkageErrors=90

Heap address: 0x0000000080000000, size: 2048 MB, Compressed Oops mode: 32-bit

CDS archive(s) mapped at: [0x0000000800000000-0x0000000800c60000-0x0000000800c60000), size 12976128, SharedBaseAddress: 0x0000000800000000, ArchiveRelocationMode: 0.
Compressed class space mapped at: 0x0000000801000000-0x000000081ac00000, reserved size: 432013312
Narrow klass base: 0x0000000800000000, Narrow klass shift: 0, Narrow klass range: 0x100000000

GC Precious Log:
 CardTable entry size: 512
 Card Set container configuration: InlinePtr #cards 5 size 8 Array Of Cards #cards 12 size 40 Howl #buckets 4 coarsen threshold 1843 Howl Bitmap #cards 512 size 80 coarsen threshold 460 Card regions per heap region 1 cards per card region 2048
 CPUs: 12 total, 12 available
 Memory: 16163M
 Large Page Support: Disabled
 NUMA Support: Disabled
 Compressed Oops: Enabled (32-bit)
 Heap Region Size: 1M
 Heap Min Capacity: 8M
 Heap Initial Capacity: 254M
 Heap Max Capacity: 2G
 Pre-touch: Disabled
 Parallel Workers: 10
 Concurrent Workers: 3
 Concurrent Refinement Workers: 10
 Periodic GC: Disabled

Heap:
 garbage-first heap   total 89088K, used 50277K [0x0000000080000000, 0x0000000100000000)
  region size 1024K, 40 young (40960K), 12 survivors (12288K)
 Metaspace       used 24062K, committed 25088K, reserved 487424K
  class space    used 3602K, committed 4096K, reserved 421888K

Heap Regions: E=young(eden), S=young(survivor), O=old, HS=humongous(starts), HC=humongous(continues), CS=collection set, F=free, OA=open archive, CA=closed archive, TAMS=top-at-mark-start, PB=parsable bottom
|   0|0x0000000080000000, 0x0000000080100000, 0x0000000080100000|100%|HS|  |TAMS 0x0000000080000000| PB 0x0000000080000000| Complete 
|   1|0x0000000080100000, 0x0000000080200000, 0x0000000080200000|100%|HC|  |TAMS 0x0000000080100000| PB 0x0000000080100000| Complete 
|   2|0x0000000080200000, 0x0000000080300000, 0x0000000080300000|100%|HC|  |TAMS 0x0000000080200000| PB 0x0000000080200000| Complete 
|   3|0x0000000080300000, 0x0000000080400000, 0x0000000080400000|100%|HC|  |TAMS 0x0000000080300000| PB 0x0000000080300000| Complete 
|   4|0x0000000080400000, 0x0000000080500000, 0x0000000080500000|100%| O|  |TAMS 0x0000000080400000| PB 0x0000000080400000| Untracked 
|   5|0x0000000080500000, 0x0000000080600000, 0x0000000080600000|100%| O|  |TAMS 0x0000000080500000| PB 0x0000000080500000| Untracked 
|   6|0x0000000080600000, 0x0000000080700000, 0x0000000080700000|100%| O|  |TAMS 0x0000000080600000| PB 0x0000000080600000| Untracked 
|   7|0x0000000080700000, 0x0000000080700000, 0x0000000080800000|  0%| F|  |TAMS 0x0000000080700000| PB 0x0000000080700000| Untracked 
|   8|0x0000000080800000, 0x0000000080900000, 0x0000000080900000|100%| O|  |TAMS 0x0000000080800000| PB 0x0000000080800000| Untracked 
|   9|0x0000000080900000, 0x0000000080a00000, 0x0000000080a00000|100%| O|  |TAMS 0x0000000080900000| PB 0x0000000080900000| Untracked 
|  10|0x0000000080a00000, 0x0000000080b00000, 0x0000000080b00000|100%| O|  |TAMS 0x0000000080a00000| PB 0x0000000080a00000| Untracked 
|  11|0x0000000080b00000, 0x0000000080b39200, 0x0000000080c00000| 22%| O|  |TAMS 0x0000000080b00000| PB 0x0000000080b00000| Complete 
|  12|0x0000000080c00000, 0x0000000080c00000, 0x0000000080d00000|  0%| F|  |TAMS 0x0000000080c00000| PB 0x0000000080c00000| Untracked 
|  13|0x0000000080d00000, 0x0000000080d00000, 0x0000000080e00000|  0%| F|  |TAMS 0x0000000080d00000| PB 0x0000000080d00000| Untracked 
|  14|0x0000000080e00000, 0x0000000080e00000, 0x0000000080f00000|  0%| F|  |TAMS 0x0000000080e00000| PB 0x0000000080e00000| Untracked 
|  15|0x0000000080f00000, 0x0000000080f00000, 0x0000000081000000|  0%| F|  |TAMS 0x0000000080f00000| PB 0x0000000080f00000| Untracked 
|  16|0x0000000081000000, 0x0000000081000000, 0x0000000081100000|  0%| F|  |TAMS 0x0000000081000000| PB 0x0000000081000000| Untracked 
|  17|0x0000000081100000, 0x0000000081100000, 0x0000000081200000|  0%| F|  |TAMS 0x0000000081100000| PB 0x0000000081100000| Untracked 
|  18|0x0000000081200000, 0x0000000081200000, 0x0000000081300000|  0%| F|  |TAMS 0x0000000081200000| PB 0x0000000081200000| Untracked 
|  19|0x0000000081300000, 0x0000000081300000, 0x0000000081400000|  0%| F|  |TAMS 0x0000000081300000| PB 0x0000000081300000| Untracked 
|  20|0x0000000081400000, 0x0000000081400000, 0x0000000081500000|  0%| F|  |TAMS 0x0000000081400000| PB 0x0000000081400000| Untracked 
|  21|0x0000000081500000, 0x0000000081500000, 0x0000000081600000|  0%| F|  |TAMS 0x0000000081500000| PB 0x0000000081500000| Untracked 
|  22|0x0000000081600000, 0x0000000081600000, 0x0000000081700000|  0%| F|  |TAMS 0x0000000081600000| PB 0x0000000081600000| Untracked 
|  23|0x0000000081700000, 0x0000000081700000, 0x0000000081800000|  0%| F|  |TAMS 0x0000000081700000| PB 0x0000000081700000| Untracked 
|  24|0x0000000081800000, 0x0000000081800000, 0x0000000081900000|  0%| F|  |TAMS 0x0000000081800000| PB 0x0000000081800000| Untracked 
|  25|0x0000000081900000, 0x0000000081900000, 0x0000000081a00000|  0%| F|  |TAMS 0x0000000081900000| PB 0x0000000081900000| Untracked 
|  26|0x0000000081a00000, 0x0000000081a00000, 0x0000000081b00000|  0%| F|  |TAMS 0x0000000081a00000| PB 0x0000000081a00000| Untracked 
|  27|0x0000000081b00000, 0x0000000081b00000, 0x0000000081c00000|  0%| F|  |TAMS 0x0000000081b00000| PB 0x0000000081b00000| Untracked 
|  28|0x0000000081c00000, 0x0000000081c00000, 0x0000000081d00000|  0%| F|  |TAMS 0x0000000081c00000| PB 0x0000000081c00000| Untracked 
|  29|0x0000000081d00000, 0x0000000081d00000, 0x0000000081e00000|  0%| F|  |TAMS 0x0000000081d00000| PB 0x0000000081d00000| Untracked 
|  30|0x0000000081e00000, 0x0000000081e00000, 0x0000000081f00000|  0%| F|  |TAMS 0x0000000081e00000| PB 0x0000000081e00000| Untracked 
|  31|0x0000000081f00000, 0x0000000081f00000, 0x0000000082000000|  0%| F|  |TAMS 0x0000000081f00000| PB 0x0000000081f00000| Untracked 
|  32|0x0000000082000000, 0x0000000082000000, 0x0000000082100000|  0%| F|  |TAMS 0x0000000082000000| PB 0x0000000082000000| Untracked 
|  33|0x0000000082100000, 0x0000000082100000, 0x0000000082200000|  0%| F|  |TAMS 0x0000000082100000| PB 0x0000000082100000| Untracked 
|  34|0x0000000082200000, 0x0000000082200000, 0x0000000082300000|  0%| F|  |TAMS 0x0000000082200000| PB 0x0000000082200000| Untracked 
|  35|0x0000000082300000, 0x0000000082300000, 0x0000000082400000|  0%| F|  |TAMS 0x0000000082300000| PB 0x0000000082300000| Untracked 
|  36|0x0000000082400000, 0x0000000082400000, 0x0000000082500000|  0%| F|  |TAMS 0x0000000082400000| PB 0x0000000082400000| Untracked 
|  37|0x0000000082500000, 0x0000000082500000, 0x0000000082600000|  0%| F|  |TAMS 0x0000000082500000| PB 0x0000000082500000| Untracked 
|  38|0x0000000082600000, 0x0000000082600000, 0x0000000082700000|  0%| F|  |TAMS 0x0000000082600000| PB 0x0000000082600000| Untracked 
|  39|0x0000000082700000, 0x0000000082700000, 0x0000000082800000|  0%| F|  |TAMS 0x0000000082700000| PB 0x0000000082700000| Untracked 
|  40|0x0000000082800000, 0x0000000082800000, 0x0000000082900000|  0%| F|  |TAMS 0x0000000082800000| PB 0x0000000082800000| Untracked 
|  41|0x0000000082900000, 0x0000000082900000, 0x0000000082a00000|  0%| F|  |TAMS 0x0000000082900000| PB 0x0000000082900000| Untracked 
|  42|0x0000000082a00000, 0x0000000082a00000, 0x0000000082b00000|  0%| F|  |TAMS 0x0000000082a00000| PB 0x0000000082a00000| Untracked 
|  43|0x0000000082b00000, 0x0000000082b00000, 0x0000000082c00000|  0%| F|  |TAMS 0x0000000082b00000| PB 0x0000000082b00000| Untracked 
|  44|0x0000000082c00000, 0x0000000082c00000, 0x0000000082d00000|  0%| F|  |TAMS 0x0000000082c00000| PB 0x0000000082c00000| Untracked 
|  45|0x0000000082d00000, 0x0000000082d00000, 0x0000000082e00000|  0%| F|  |TAMS 0x0000000082d00000| PB 0x0000000082d00000| Untracked 
|  46|0x0000000082e00000, 0x0000000082e00000, 0x0000000082f00000|  0%| F|  |TAMS 0x0000000082e00000| PB 0x0000000082e00000| Untracked 
|  47|0x0000000082f00000, 0x0000000083000000, 0x0000000083000000|100%| E|  |TAMS 0x0000000082f00000| PB 0x0000000082f00000| Complete 
|  48|0x0000000083000000, 0x0000000083100000, 0x0000000083100000|100%| E|CS|TAMS 0x0000000083000000| PB 0x0000000083000000| Complete 
|  49|0x0000000083100000, 0x0000000083200000, 0x0000000083200000|100%| E|CS|TAMS 0x0000000083100000| PB 0x0000000083100000| Complete 
|  50|0x0000000083200000, 0x0000000083300000, 0x0000000083300000|100%| E|CS|TAMS 0x0000000083200000| PB 0x0000000083200000| Complete 
|  51|0x0000000083300000, 0x0000000083400000, 0x0000000083400000|100%| E|CS|TAMS 0x0000000083300000| PB 0x0000000083300000| Complete 
|  52|0x0000000083400000, 0x0000000083500000, 0x0000000083500000|100%| E|CS|TAMS 0x0000000083400000| PB 0x0000000083400000| Complete 
|  53|0x0000000083500000, 0x0000000083600000, 0x0000000083600000|100%| E|CS|TAMS 0x0000000083500000| PB 0x0000000083500000| Complete 
|  54|0x0000000083600000, 0x0000000083700000, 0x0000000083700000|100%| E|CS|TAMS 0x0000000083600000| PB 0x0000000083600000| Complete 
|  55|0x0000000083700000, 0x0000000083800000, 0x0000000083800000|100%| E|CS|TAMS 0x0000000083700000| PB 0x0000000083700000| Complete 
|  56|0x0000000083800000, 0x0000000083900000, 0x0000000083900000|100%| E|CS|TAMS 0x0000000083800000| PB 0x0000000083800000| Complete 
|  57|0x0000000083900000, 0x0000000083a00000, 0x0000000083a00000|100%| E|CS|TAMS 0x0000000083900000| PB 0x0000000083900000| Complete 
|  58|0x0000000083a00000, 0x0000000083b00000, 0x0000000083b00000|100%| E|CS|TAMS 0x0000000083a00000| PB 0x0000000083a00000| Complete 
|  59|0x0000000083b00000, 0x0000000083c00000, 0x0000000083c00000|100%| E|CS|TAMS 0x0000000083b00000| PB 0x0000000083b00000| Complete 
|  60|0x0000000083c00000, 0x0000000083d00000, 0x0000000083d00000|100%| E|CS|TAMS 0x0000000083c00000| PB 0x0000000083c00000| Complete 
|  61|0x0000000083d00000, 0x0000000083e00000, 0x0000000083e00000|100%| E|CS|TAMS 0x0000000083d00000| PB 0x0000000083d00000| Complete 
|  62|0x0000000083e00000, 0x0000000083f00000, 0x0000000083f00000|100%| E|CS|TAMS 0x0000000083e00000| PB 0x0000000083e00000| Complete 
|  63|0x0000000083f00000, 0x0000000084000000, 0x0000000084000000|100%| E|CS|TAMS 0x0000000083f00000| PB 0x0000000083f00000| Complete 
|  64|0x0000000084000000, 0x0000000084100000, 0x0000000084100000|100%| E|CS|TAMS 0x0000000084000000| PB 0x0000000084000000| Complete 
|  65|0x0000000084100000, 0x0000000084200000, 0x0000000084200000|100%| E|CS|TAMS 0x0000000084100000| PB 0x0000000084100000| Complete 
|  66|0x0000000084200000, 0x0000000084300000, 0x0000000084300000|100%| E|CS|TAMS 0x0000000084200000| PB 0x0000000084200000| Complete 
|  67|0x0000000084300000, 0x0000000084400000, 0x0000000084400000|100%| E|CS|TAMS 0x0000000084300000| PB 0x0000000084300000| Complete 
|  68|0x0000000084400000, 0x0000000084500000, 0x0000000084500000|100%| E|CS|TAMS 0x0000000084400000| PB 0x0000000084400000| Complete 
|  69|0x0000000084500000, 0x0000000084600000, 0x0000000084600000|100%| E|CS|TAMS 0x0000000084500000| PB 0x0000000084500000| Complete 
|  70|0x0000000084600000, 0x0000000084700000, 0x0000000084700000|100%| E|CS|TAMS 0x0000000084600000| PB 0x0000000084600000| Complete 
|  71|0x0000000084700000, 0x0000000084800000, 0x0000000084800000|100%| E|CS|TAMS 0x0000000084700000| PB 0x0000000084700000| Complete 
| 149|0x0000000089500000, 0x00000000895e0540, 0x0000000089600000| 87%| S|CS|TAMS 0x0000000089500000| PB 0x0000000089500000| Complete 
| 150|0x0000000089600000, 0x0000000089700000, 0x0000000089700000|100%| S|CS|TAMS 0x0000000089600000| PB 0x0000000089600000| Complete 
| 151|0x0000000089700000, 0x0000000089800000, 0x0000000089800000|100%| S|CS|TAMS 0x0000000089700000| PB 0x0000000089700000| Complete 
| 152|0x0000000089800000, 0x0000000089900000, 0x0000000089900000|100%| S|CS|TAMS 0x0000000089800000| PB 0x0000000089800000| Complete 
| 153|0x0000000089900000, 0x0000000089a00000, 0x0000000089a00000|100%| S|CS|TAMS 0x0000000089900000| PB 0x0000000089900000| Complete 
| 154|0x0000000089a00000, 0x0000000089b00000, 0x0000000089b00000|100%| S|CS|TAMS 0x0000000089a00000| PB 0x0000000089a00000| Complete 
| 155|0x0000000089b00000, 0x0000000089c00000, 0x0000000089c00000|100%| S|CS|TAMS 0x0000000089b00000| PB 0x0000000089b00000| Complete 
| 156|0x0000000089c00000, 0x0000000089d00000, 0x0000000089d00000|100%| S|CS|TAMS 0x0000000089c00000| PB 0x0000000089c00000| Complete 
| 157|0x0000000089d00000, 0x0000000089e00000, 0x0000000089e00000|100%| S|CS|TAMS 0x0000000089d00000| PB 0x0000000089d00000| Complete 
| 158|0x0000000089e00000, 0x0000000089f00000, 0x0000000089f00000|100%| S|CS|TAMS 0x0000000089e00000| PB 0x0000000089e00000| Complete 
| 159|0x0000000089f00000, 0x000000008a000000, 0x000000008a000000|100%| S|CS|TAMS 0x0000000089f00000| PB 0x0000000089f00000| Complete 
| 160|0x000000008a000000, 0x000000008a100000, 0x000000008a100000|100%| S|CS|TAMS 0x000000008a000000| PB 0x000000008a000000| Complete 
| 251|0x000000008fb00000, 0x000000008fc00000, 0x000000008fc00000|100%| E|CS|TAMS 0x000000008fb00000| PB 0x000000008fb00000| Complete 
| 252|0x000000008fc00000, 0x000000008fd00000, 0x000000008fd00000|100%| E|CS|TAMS 0x000000008fc00000| PB 0x000000008fc00000| Complete 
| 253|0x000000008fd00000, 0x000000008fe00000, 0x000000008fe00000|100%| E|CS|TAMS 0x000000008fd00000| PB 0x000000008fd00000| Complete 

Card table byte_map: [0x00000271f4c20000,0x00000271f5020000] _byte_map_base: 0x00000271f4820000

Marking Bits: (CMBitMap*) 0x00000271ec266060
 Bits: [0x00000271f5420000, 0x00000271f7420000)

Polling page: 0x00000271eb9d0000

Metaspace:

Usage:
  Non-class:     19.98 MB used.
      Class:      3.52 MB used.
       Both:     23.50 MB used.

Virtual space:
  Non-class space:       64.00 MB reserved,      20.50 MB ( 32%) committed,  1 nodes.
      Class space:      412.00 MB reserved,       4.00 MB ( <1%) committed,  1 nodes.
             Both:      476.00 MB reserved,      24.50 MB (  5%) committed. 

Chunk freelists:
   Non-Class:  2.64 MB
       Class:  14.00 KB
        Both:  2.65 MB

MaxMetaspaceSize: 512.00 MB
CompressedClassSpaceSize: 412.00 MB
Initial GC threshold: 21.00 MB
Current GC threshold: 35.12 MB
CDS: on
MetaspaceReclaimPolicy: balanced
 - commit_granule_bytes: 65536.
 - commit_granule_words: 8192.
 - virtual_space_node_default_size: 8388608.
 - enlarge_chunks_in_place: 1.
 - new_chunks_are_fully_committed: 0.
 - uncommit_free_chunks: 1.
 - use_allocation_guard: 0.


Internal statistics:

num_allocs_failed_limit: 3.
num_arena_births: 1674.
num_arena_deaths: 0.
num_vsnodes_births: 2.
num_vsnodes_deaths: 0.
num_space_committed: 392.
num_space_uncommitted: 0.
num_chunks_returned_to_freelist: 3.
num_chunks_taken_from_freelist: 2706.
num_chunk_merges: 3.
num_chunk_splits: 1771.
num_chunks_enlarged: 1123.
num_inconsistent_stats: 0.

CodeHeap 'non-profiled nmethods': size=120000Kb used=1543Kb max_used=1543Kb free=118456Kb
 bounds [0x0000027187ad0000, 0x0000027187d40000, 0x000002718f000000]
CodeHeap 'profiled nmethods': size=120000Kb used=6309Kb max_used=6309Kb free=113690Kb
 bounds [0x0000027180000000, 0x0000027180630000, 0x0000027187530000]
CodeHeap 'non-nmethods': size=5760Kb used=1684Kb max_used=1722Kb free=4075Kb
 bounds [0x0000027187530000, 0x00000271877a0000, 0x0000027187ad0000]
 total_blobs=3765 nmethods=3199 adapters=476
 compilation: enabled
              stopped_count=0, restarted_count=0
 full_count=0

Compilation events (20 events):
Event: 56.101 Thread 0x00000271fe42cd10 nmethod 3210 0x0000027180625290 code [0x00000271806255a0, 0x0000027180626930]
Event: 56.102 Thread 0x00000271fe429ea0 nmethod 3209 0x0000027187c4f190 code [0x0000027187c4f320, 0x0000027187c4f640]
Event: 56.162 Thread 0x00000271fe42cd10 3211       3       com.google.common.cache.LocalCache::usesAccessQueue (20 bytes)
Event: 56.162 Thread 0x00000271fe42cd10 nmethod 3211 0x0000027180627010 code [0x00000271806271c0, 0x0000027180627510]
Event: 56.176 Thread 0x00000271fe42cd10 3212  s    1       java.net.DatagramPacket::getPort (5 bytes)
Event: 56.176 Thread 0x00000271fe42cd10 nmethod 3212 0x0000027187c4f810 code [0x0000027187c4f9a0, 0x0000027187c4fb28]
Event: 56.201 Thread 0x00000271fe42cd10 3213       3       java.net.InetSocketAddress::getAddress (8 bytes)
Event: 56.201 Thread 0x00000271fe42cd10 nmethod 3213 0x0000027180627610 code [0x00000271806277a0, 0x00000271806278d0]
Event: 56.202 Thread 0x00000271fe42cd10 3214       3       java.nio.MappedByteBuffer::position (6 bytes)
Event: 56.202 Thread 0x00000271fe42cd10 nmethod 3214 0x0000027180627990 code [0x0000027180627b40, 0x0000027180627d48]
Event: 56.222 Thread 0x00000271fe42cd10 3215       3       sun.invoke.util.VerifyAccess$1::<init> (15 bytes)
Event: 56.222 Thread 0x00000271fe42cd10 nmethod 3215 0x0000027180627e90 code [0x0000027180628020, 0x0000027180628248]
Event: 56.222 Thread 0x00000271fe42cd10 3216       3       sun.invoke.util.VerifyAccess$1::run (5 bytes)
Event: 56.223 Thread 0x00000271fe42cd10 nmethod 3216 0x0000027180628310 code [0x00000271806284c0, 0x00000271806286c8]
Event: 56.227 Thread 0x00000271fe429ea0 3219       4       java.util.Arrays::rangeCheck (74 bytes)
Event: 56.228 Thread 0x00000271fe429ea0 nmethod 3219 0x0000027187c50190 code [0x0000027187c50300, 0x0000027187c503b0]
Event: 56.303 Thread 0x00000271fe42cd10 3221       3       java.lang.invoke.LambdaForm::arguments (47 bytes)
Event: 56.303 Thread 0x00000271fe42cd10 nmethod 3221 0x0000027180628790 code [0x00000271806289a0, 0x0000027180629220]
Event: 56.306 Thread 0x00000271fe429ea0 3223       4       java.lang.invoke.InvokerBytecodeGenerator::emitStaticInvoke (258 bytes)
Event: 56.311 Thread 0x00000271fe42cd10 3227       3       java.lang.invoke.ClassSpecializer::classSig (94 bytes)

GC Heap History (6 events):
Event: 1.399 GC heap before
{Heap before GC invocations=0 (full 0):
 garbage-first heap   total 260096K, used 26624K [0x0000000080000000, 0x0000000100000000)
  region size 1024K, 23 young (23552K), 0 survivors (0K)
 Metaspace       used 2969K, committed 3136K, reserved 487424K
  class space    used 380K, committed 448K, reserved 421888K
}
Event: 2.092 GC heap after
{Heap after GC invocations=1 (full 0):
 garbage-first heap   total 260096K, used 10240K [0x0000000080000000, 0x0000000100000000)
  region size 1024K, 3 young (3072K), 3 survivors (3072K)
 Metaspace       used 2969K, committed 3136K, reserved 487424K
  class space    used 380K, committed 448K, reserved 421888K
}
Event: 4.303 GC heap before
{Heap before GC invocations=1 (full 0):
 garbage-first heap   total 260096K, used 39936K [0x0000000080000000, 0x0000000100000000)
  region size 1024K, 32 young (32768K), 3 survivors (3072K)
 Metaspace       used 3958K, committed 4160K, reserved 487424K
  class space    used 475K, committed 576K, reserved 421888K
}
Event: 4.343 GC heap after
{Heap after GC invocations=2 (full 0):
 garbage-first heap   total 260096K, used 14564K [0x0000000080000000, 0x0000000100000000)
  region size 1024K, 4 young (4096K), 4 survivors (4096K)
 Metaspace       used 3958K, committed 4160K, reserved 487424K
  class space    used 475K, committed 576K, reserved 421888K
}
Event: 35.555 GC heap before
{Heap before GC invocations=2 (full 0):
 garbage-first heap   total 260096K, used 104676K [0x0000000080000000, 0x0000000100000000)
  region size 1024K, 93 young (95232K), 4 survivors (4096K)
 Metaspace       used 20793K, committed 21504K, reserved 487424K
  class space    used 3031K, committed 3392K, reserved 421888K
}
Event: 35.774 GC heap after
{Heap after GC invocations=3 (full 0):
 garbage-first heap   total 260096K, used 22629K [0x0000000080000000, 0x0000000100000000)
  region size 1024K, 12 young (12288K), 12 survivors (12288K)
 Metaspace       used 20793K, committed 21504K, reserved 487424K
  class space    used 3031K, committed 3392K, reserved 421888K
}

Dll operation events (13 events):
Event: 0.027 Loaded shared library C:\Program Files\Java\jdk-20\bin\java.dll
Event: 0.080 Loaded shared library C:\Program Files\Java\jdk-20\bin\jsvml.dll
Event: 0.189 Loaded shared library C:\Program Files\Java\jdk-20\bin\net.dll
Event: 0.191 Loaded shared library C:\Program Files\Java\jdk-20\bin\nio.dll
Event: 0.210 Loaded shared library C:\Program Files\Java\jdk-20\bin\zip.dll
Event: 0.529 Loaded shared library C:\Program Files\Java\jdk-20\bin\jimage.dll
Event: 0.748 Loaded shared library C:\Program Files\Java\jdk-20\bin\verify.dll
Event: 1.217 Loaded shared library C:\Users\Marcos\.gradle\native\68d5fa5c4cc2d200863cafc0d521ce42e7d3e7ee720ec0a83991735586a16f82\windows-amd64\native-platform.dll
Event: 1.222 Loaded shared library C:\Users\Marcos\.gradle\native\e376f236ea51e6404a007f0833ffe2c6e607c4080706a723a18a27aeea778392\windows-amd64\native-platform-file-events.dll
Event: 5.561 Loaded shared library C:\Program Files\Java\jdk-20\bin\management.dll
Event: 5.563 Loaded shared library C:\Program Files\Java\jdk-20\bin\management_ext.dll
Event: 6.456 Loaded shared library C:\Program Files\Java\jdk-20\bin\extnet.dll
Event: 11.590 Loaded shared library C:\Program Files\Java\jdk-20\bin\sunmscapi.dll

Deoptimization events (20 events):
Event: 31.732 Thread 0x00000271fe821f50 DEOPT PACKING pc=0x0000027187af3d64 sp=0x000000fe6b1fb300
Event: 31.732 Thread 0x00000271fe821f50 DEOPT UNPACKING pc=0x000002718754d2a2 sp=0x000000fe6b1fb240 mode 2
Event: 32.123 Thread 0x00000271fe821f50 Uncommon trap: trap_request=0xffffff45 fr.pc=0x0000027187bcb7d8 relative=0x0000000000000398
Event: 32.124 Thread 0x00000271fe821f50 Uncommon trap: reason=unstable_if action=reinterpret pc=0x0000027187bcb7d8 method=jdk.internal.org.objectweb.asm.SymbolTable.addType(Ljava/lang/String;)I @ 33 c2
Event: 32.124 Thread 0x00000271fe821f50 DEOPT PACKING pc=0x0000027187bcb7d8 sp=0x000000fe6b1fc270
Event: 32.124 Thread 0x00000271fe821f50 DEOPT UNPACKING pc=0x000002718754d2a2 sp=0x000000fe6b1fc1f8 mode 2
Event: 32.172 Thread 0x00000271fe821f50 Uncommon trap: trap_request=0xffffff76 fr.pc=0x0000027187bf7040 relative=0x00000000000001a0
Event: 32.172 Thread 0x00000271fe821f50 Uncommon trap: reason=predicate action=maybe_recompile pc=0x0000027187bf7040 method=com.google.common.base.CharMatcher.indexIn(Ljava/lang/CharSequence;I)I @ 19 c2
Event: 32.172 Thread 0x00000271fe821f50 DEOPT PACKING pc=0x0000027187bf7040 sp=0x000000fe6b1fc0d0
Event: 32.172 Thread 0x00000271fe821f50 DEOPT UNPACKING pc=0x000002718754d2a2 sp=0x000000fe6b1fc060 mode 2
Event: 35.788 Thread 0x00000271fe420d60 Uncommon trap: trap_request=0xffffff45 fr.pc=0x0000027187b88a6c relative=0x000000000000016c
Event: 35.788 Thread 0x00000271fe420d60 Uncommon trap: reason=unstable_if action=reinterpret pc=0x0000027187b88a6c method=java.util.concurrent.locks.ReentrantLock$NonfairSync.initialTryLock()Z @ 25 c2
Event: 35.788 Thread 0x00000271fe420d60 DEOPT PACKING pc=0x0000027187b88a6c sp=0x000000fe69bfefb0
Event: 35.788 Thread 0x00000271fe420d60 DEOPT UNPACKING pc=0x000002718754d2a2 sp=0x000000fe69bfef50 mode 2
Event: 36.574 Thread 0x00000271fe821f50 Uncommon trap: trap_request=0xffffffcc fr.pc=0x0000027187c0e278 relative=0x0000000000000358
Event: 36.574 Thread 0x00000271fe821f50 Uncommon trap: reason=intrinsic_or_type_checked_inlining action=make_not_entrant pc=0x0000027187c0e278 method=java.util.Arrays.copyOf([Ljava/lang/Object;ILjava/lang/Class;)[Ljava/lang/Object; @ 35 c2
Event: 36.574 Thread 0x00000271fe821f50 DEOPT PACKING pc=0x0000027187c0e278 sp=0x000000fe6b1f8300
Event: 36.574 Thread 0x00000271fe821f50 DEOPT UNPACKING pc=0x000002718754d2a2 sp=0x000000fe6b1f8290 mode 2
Event: 56.011 Thread 0x00000271fe821f50 DEOPT PACKING pc=0x00000271803d0ffe sp=0x000000fe6b1f4a50
Event: 56.011 Thread 0x00000271fe821f50 DEOPT UNPACKING pc=0x000002718759e462 sp=0x000000fe6b1f3fd0 mode 0

Classes loaded (20 events):
Event: 32.162 Loading class java/util/ServiceConfigurationError
Event: 32.162 Loading class java/util/ServiceConfigurationError done
Event: 32.197 Loading class java/util/concurrent/locks/AbstractQueuedSynchronizer$SharedNode
Event: 32.198 Loading class java/util/concurrent/locks/AbstractQueuedSynchronizer$SharedNode done
Event: 35.236 Loading class java/io/InterruptedIOException
Event: 35.266 Loading class java/io/InterruptedIOException done
Event: 35.274 Loading class java/util/ArrayDeque$DeqSpliterator
Event: 35.275 Loading class java/util/ArrayDeque$DeqSpliterator done
Event: 41.531 Loading class sun/reflect/misc/ReflectUtil
Event: 41.531 Loading class sun/reflect/misc/ReflectUtil done
Event: 41.544 Loading class java/lang/Class$EnclosingMethodInfo
Event: 41.545 Loading class java/lang/Class$EnclosingMethodInfo done
Event: 41.548 Loading class sun/reflect/generics/tree/IntSignature
Event: 41.548 Loading class sun/reflect/generics/tree/IntSignature done
Event: 41.548 Loading class sun/reflect/generics/tree/ArrayTypeSignature
Event: 41.548 Loading class sun/reflect/generics/tree/ArrayTypeSignature done
Event: 41.558 Loading class java/lang/SafeVarargs
Event: 41.559 Loading class java/lang/SafeVarargs done
Event: 56.309 Loading class java/lang/invoke/BoundMethodHandle$Species_LLLLLLLLLLLLLLLLLLLLLLL
Event: 56.309 Loading class java/lang/invoke/BoundMethodHandle$Species_LLLLLLLLLLLLLLLLLLLLLLL done

Classes unloaded (0 events):
No events

Classes redefined (0 events):
No events

Internal exceptions (20 events):
Event: 35.269 Thread 0x00000271fe821f50 Exception <a 'java/lang/NoSuchMethodError'{0x000000008a9e2a28}: 'void java.lang.invoke.DirectMethodHandle$Holder.invokeStatic(java.lang.Object, java.lang.Object, java.lang.Object, java.lang.Object)'> (0x000000008a9e2a28) 
thrown [s\open\src\hotspot\share\interpreter\linkResolver.cpp, line 773]
Event: 35.271 Thread 0x00000271fe821f50 Exception <a 'java/lang/NoSuchMethodError'{0x000000008a9f3aa0}: 'int java.lang.invoke.DirectMethodHandle$Holder.invokeVirtual(java.lang.Object, java.lang.Object)'> (0x000000008a9f3aa0) 
thrown [s\open\src\hotspot\share\interpreter\linkResolver.cpp, line 773]
Event: 35.279 Thread 0x00000271fe821f50 Exception <a 'java/lang/NoSuchMethodError'{0x000000008a8a7728}: 'int java.lang.invoke.DirectMethodHandle$Holder.invokeVirtual(java.lang.Object, java.lang.Object, java.lang.Object)'> (0x000000008a8a7728) 
thrown [s\open\src\hotspot\share\interpreter\linkResolver.cpp, line 773]
Event: 35.423 Thread 0x00000271fe821f50 Exception <a 'java/lang/NoSuchMethodError'{0x000000008a553a28}: 'void java.lang.invoke.DirectMethodHandle$Holder.invokeInterface(java.lang.Object, java.lang.Object, java.lang.Object, java.lang.Object, java.lang.Object)'> (0x000000008a553a28) 
thrown [s\open\src\hotspot\share\interpreter\linkResolver.cpp, line 773]
Event: 36.571 Thread 0x00000271fe821f50 Exception <a 'java/lang/NoSuchMethodError'{0x000000008fb17100}: 'java.lang.Object java.lang.invoke.DirectMethodHandle$Holder.invokeVirtual(java.lang.Object, java.lang.Object, java.lang.Object, java.lang.Object, java.lang.Object, java.lang.Object, java.lang.Object, java.lang.Object, java.lang.Object, java.lang.Object, java.lang.Object, java.lang.Object, java.lang.Object)'> (0x000000008fb17100) 
thrown [s\open\src\hotspot\share\interpreter\linkResolver.cpp, line 773]
Event: 36.572 Thread 0x00000271fe821f50 Exception <a 'java/lang/NoSuchMethodError'{0x000000008fb1c960}: 'java.lang.Object java.lang.invoke.DirectMethodHandle$Holder.invokeSpecial(java.lang.Object, java.lang.Object, java.lang.Object, java.lang.Object, java.lang.Object, java.lang.Object, java.lang.Object, java.lang.Object, java.lang.Object, java.lang.Object, java.lang.Object, java.lang.Object, java.lang.Object, java.lang.Object)'> (0x000000008fb1c960) 
thrown [s\open\src\hotspot\share\interpreter\linkResolver.cpp, line 773]
Event: 36.572 Thread 0x00000271fe821f50 Exception <a 'java/lang/NoSuchMethodError'{0x000000008fb21c00}: 'java.lang.Object java.lang.invoke.DelegatingMethodHandle$Holder.reinvoke_L(java.lang.Object, java.lang.Object, java.lang.Object, java.lang.Object, java.lang.Object, java.lang.Object, java.lang.Object, java.lang.Object, java.lang.Object, java.lang.Object, java.lang.Object, java.lang.Object, java.lang.Object)'> (0x000000008fb21c00) 
thrown [s\open\src\hotspot\share\interpreter\linkResolver.cpp, line 773]
Event: 38.257 Thread 0x00000271fe821f50 Exception <a 'java/lang/NoSuchMethodError'{0x000000008455f3a8}: 'java.lang.Object java.lang.invoke.DirectMethodHandle$Holder.invokeSpecialIFC(java.lang.Object, java.lang.Object, java.lang.Object, java.lang.Object)'> (0x000000008455f3a8) 
thrown [s\open\src\hotspot\share\interpreter\linkResolver.cpp, line 773]
Event: 40.431 Thread 0x00000271fe821f50 Exception <a 'java/lang/NoSuchMethodError'{0x00000000840e3588}: 'java.lang.Object java.lang.invoke.DirectMethodHandle$Holder.invokeVirtual(java.lang.Object, java.lang.Object, java.lang.Object, java.lang.Object, java.lang.Object, java.lang.Object, java.lang.Object, java.lang.Object, java.lang.Object, java.lang.Object, java.lang.Object)'> (0x00000000840e3588) 
thrown [s\open\src\hotspot\share\interpreter\linkResolver.cpp, line 773]
Event: 41.187 Thread 0x00000271fe821f50 Exception <a 'java/lang/NoSuchMethodError'{0x0000000083e020d0}: 'java.lang.Object java.lang.invoke.DirectMethodHandle$Holder.newInvokeSpecial(java.lang.Object, java.lang.Object, java.lang.Object, java.lang.Object, java.lang.Object, java.lang.Object, java.lang.Object, java.lang.Object, java.lang.Object)'> (0x0000000083e020d0) 
thrown [s\open\src\hotspot\share\interpreter\linkResolver.cpp, line 773]
Event: 42.098 Thread 0x00000271fe821f50 Exception <a 'java/lang/NoSuchMethodError'{0x0000000083be27c8}: 'java.lang.Object java.lang.invoke.DirectMethodHandle$Holder.newInvokeSpecial(java.lang.Object, java.lang.Object, java.lang.Object, java.lang.Object, java.lang.Object, java.lang.Object, java.lang.Object, java.lang.Object, java.lang.Object, java.lang.Object, java.lang.Object)'> (0x0000000083be27c8) 
thrown [s\open\src\hotspot\share\interpreter\linkResolver.cpp, line 773]
Event: 42.223 Thread 0x00000271fe821f50 Exception <a 'java/lang/NoSuchMethodError'{0x0000000083a2d9c0}: 'java.lang.Object java.lang.invoke.DirectMethodHandle$Holder.newInvokeSpecial(java.lang.Object, java.lang.Object, java.lang.Object, java.lang.Object, java.lang.Object, java.lang.Object, java.lang.Object, java.lang.Object, java.lang.Object, java.lang.Object, java.lang.Object, java.lang.Object)'> (0x0000000083a2d9c0) 
thrown [s\open\src\hotspot\share\interpreter\linkResolver.cpp, line 773]
Event: 42.226 Thread 0x00000271fe821f50 Exception <a 'java/lang/NoSuchMethodError'{0x0000000083a32ea0}: 'java.lang.Object java.lang.invoke.Invokers$Holder.linkToTargetMethod(java.lang.Object, java.lang.Object, java.lang.Object, java.lang.Object, java.lang.Object, java.lang.Object, java.lang.Object, java.lang.Object, java.lang.Object, java.lang.Object, java.lang.Object, java.lang.Object)'> (0x0000000083a32ea0) 
thrown [s\open\src\hotspot\share\interpreter\linkResolver.cpp, line 773]
Event: 56.021 Thread 0x00000271fe821f50 Exception <a 'java/lang/NoSuchMethodError'{0x00000000839c2780}: 'java.lang.Object java.lang.invoke.DirectMethodHandle$Holder.invokeStaticInit(java.lang.Object, java.lang.Object, java.lang.Object, java.lang.Object)'> (0x00000000839c2780) 
thrown [s\open\src\hotspot\share\interpreter\linkResolver.cpp, line 773]
Event: 56.221 Thread 0x00000271fe821f50 Exception <a 'java/lang/NoSuchMethodError'{0x00000000837036c0}: 'java.lang.Object java.lang.invoke.DirectMethodHandle$Holder.invokeVirtual(java.lang.Object, java.lang.Object, java.lang.Object, java.lang.Object, java.lang.Object, java.lang.Object, java.lang.Object, java.lang.Object, java.lang.Object, java.lang.Object, java.lang.Object, java.lang.Object, java.lang.Object, java.lang.Object, java.lang.Object, java.lang.Object, java.lang.Object)'> (0x00000000837036c0) 
thrown [s\open\src\hotspot\share\interpret
Event: 56.222 Thread 0x00000271fe821f50 Exception <a 'java/lang/NoSuchMethodError'{0x0000000083709438}: 'java.lang.Object java.lang.invoke.DirectMethodHandle$Holder.invokeSpecial(java.lang.Object, java.lang.Object, java.lang.Object, java.lang.Object, java.lang.Object, java.lang.Object, java.lang.Object, java.lang.Object, java.lang.Object, java.lang.Object, java.lang.Object, java.lang.Object, java.lang.Object, java.lang.Object, java.lang.Object, java.lang.Object, java.lang.Object, java.lang.Object)'> (0x0000000083709438) 
thrown [s\open\src\hotsp
Event: 56.222 Thread 0x00000271fe821f50 Exception <a 'java/lang/NoSuchMethodError'{0x000000008370e9f0}: 'java.lang.Object java.lang.invoke.DelegatingMethodHandle$Holder.reinvoke_L(java.lang.Object, java.lang.Object, java.lang.Object, java.lang.Object, java.lang.Object, java.lang.Object, java.lang.Object, java.lang.Object, java.lang.Object, java.lang.Object, java.lang.Object, java.lang.Object, java.lang.Object, java.lang.Object, java.lang.Object, java.lang.Object, java.lang.Object)'> (0x000000008370e9f0) 
thrown [s\open\src\hotspot\share\interpre
Event: 56.302 Thread 0x00000271fe821f50 Exception <a 'java/lang/NoSuchMethodError'{0x0000000083660188}: 'java.lang.Object java.lang.invoke.DirectMethodHandle$Holder.invokeVirtual(java.lang.Object, java.lang.Object, java.lang.Object, java.lang.Object, java.lang.Object, java.lang.Object, java.lang.Object, java.lang.Object, java.lang.Object, java.lang.Object, java.lang.Object, java.lang.Object, java.lang.Object, java.lang.Object, java.lang.Object, java.lang.Object, java.lang.Object, java.lang.Object, java.lang.Object, java.lang.Object, java.lang.Ob
Event: 56.303 Thread 0x00000271fe821f50 Exception <a 'java/lang/NoSuchMethodError'{0x000000008366d008}: 'java.lang.Object java.lang.invoke.DelegatingMethodHandle$Holder.reinvoke_L(java.lang.Object, java.lang.Object, java.lang.Object, java.lang.Object, java.lang.Object, java.lang.Object, java.lang.Object, java.lang.Object, java.lang.Object, java.lang.Object, java.lang.Object, java.lang.Object, java.lang.Object, java.lang.Object, java.lang.Object, java.lang.Object, java.lang.Object, java.lang.Object, java.lang.Object, java.lang.Object, java.lang.O
Event: 56.311 Thread 0x00000271fe821f50 Exception <a 'java/lang/NoSuchMethodError'{0x000000008352e938}: 'java.lang.Object java.lang.invoke.DirectMethodHandle$Holder.invokeStatic(java.lang.Object, java.lang.Object, java.lang.Object, java.lang.Object, java.lang.Object, java.lang.Object, java.lang.Object, java.lang.Object, java.lang.Object, java.lang.Object, java.lang.Object, java.lang.Object, java.lang.Object, java.lang.Object, java.lang.Object, java.lang.Object, java.lang.Object, java.lang.Object, java.lang.Object, java.lang.Object, java.lang.Obj

VM Operations (20 events):
Event: 41.241 Executing VM operation: Cleanup
Event: 41.242 Executing VM operation: Cleanup done
Event: 41.541 Executing VM operation: HandshakeAllThreads
Event: 41.541 Executing VM operation: HandshakeAllThreads done
Event: 42.549 Executing VM operation: Cleanup
Event: 42.550 Executing VM operation: Cleanup done
Event: 43.561 Executing VM operation: Cleanup
Event: 43.561 Executing VM operation: Cleanup done
Event: 47.593 Executing VM operation: Cleanup
Event: 47.599 Executing VM operation: Cleanup done
Event: 51.627 Executing VM operation: Cleanup
Event: 51.627 Executing VM operation: Cleanup done
Event: 52.630 Executing VM operation: Cleanup
Event: 52.630 Executing VM operation: Cleanup done
Event: 53.645 Executing VM operation: Cleanup
Event: 53.645 Executing VM operation: Cleanup done
Event: 54.651 Executing VM operation: Cleanup
Event: 54.732 Executing VM operation: Cleanup done
Event: 55.736 Executing VM operation: Cleanup
Event: 55.736 Executing VM operation: Cleanup done

Events (20 events):
Event: 9.049 Thread 0x00000271fe7cfc30 Thread added: 0x00000271fe7cfc30
Event: 10.001 Thread 0x00000271fe66a030 Thread added: 0x00000271fe66a030
Event: 18.620 Thread 0x00000271fe4e1e30 Thread added: 0x00000271fe4e1e30
Event: 18.625 Thread 0x00000271fe81fa20 Thread added: 0x00000271fe81fa20
Event: 18.650 Thread 0x00000271fe821a00 Thread added: 0x00000271fe821a00
Event: 18.945 Thread 0x00000271fe821f50 Thread added: 0x00000271fe821f50
Event: 18.965 Thread 0x00000271fe81ff70 Thread added: 0x00000271fe81ff70
Event: 18.972 Thread 0x00000271fe820f60 Thread added: 0x00000271fe820f60
Event: 18.982 Thread 0x00000271fe820a10 Thread added: 0x00000271fe820a10
Event: 20.140 Thread 0x00000271fe8204c0 Thread added: 0x00000271fe8204c0
Event: 20.294 Thread 0x00000271fe8214b0 Thread added: 0x00000271fe8214b0
Event: 20.416 Thread 0x00000271fe81f4d0 Thread added: 0x00000271fe81f4d0
Event: 22.773 Thread 0x00000271fe8224a0 Thread added: 0x00000271fe8224a0
Event: 32.197 Thread 0x000002718f852a10 Thread added: 0x000002718f852a10
Event: 35.269 Thread 0x000002718f84fa40 Thread added: 0x000002718f84fa40
Event: 37.516 Thread 0x000002718f8524c0 Thread added: 0x000002718f8524c0
Event: 38.500 Thread 0x000002718f854f40 Thread added: 0x000002718f854f40
Event: 39.636 Thread 0x000002718f84ff90 Thread added: 0x000002718f84ff90
Event: 42.267 Thread 0x000002718f850f80 Thread added: 0x000002718f850f80
Event: 56.160 Thread 0x000002718f852f60 Thread added: 0x000002718f852f60


Dynamic libraries:
0x00007ff773d50000 - 0x00007ff773d60000 	C:\Program Files\Java\jdk-20\bin\java.exe
0x00007ffce2210000 - 0x00007ffce2408000 	C:\Windows\SYSTEM32\ntdll.dll
0x00007ffce1200000 - 0x00007ffce12bd000 	C:\Windows\System32\KERNEL32.DLL
0x00007ffcdfaf0000 - 0x00007ffcdfde6000 	C:\Windows\System32\KERNELBASE.dll
0x00007ffce0050000 - 0x00007ffce0150000 	C:\Windows\System32\ucrtbase.dll
0x00007ffcccb50000 - 0x00007ffcccb69000 	C:\Program Files\Java\jdk-20\bin\jli.dll
0x00007ffccde60000 - 0x00007ffccde7b000 	C:\Program Files\Java\jdk-20\bin\VCRUNTIME140.dll
0x00007ffce1070000 - 0x00007ffce111e000 	C:\Windows\System32\ADVAPI32.dll
0x00007ffce0aa0000 - 0x00007ffce0b3e000 	C:\Windows\System32\msvcrt.dll
0x00007ffce12c0000 - 0x00007ffce135c000 	C:\Windows\System32\sechost.dll
0x00007ffce0960000 - 0x00007ffce0a86000 	C:\Windows\System32\RPCRT4.dll
0x00007ffcc0620000 - 0x00007ffcc08ba000 	C:\Windows\WinSxS\amd64_microsoft.windows.common-controls_6595b64144ccf1df_6.0.19041.1110_none_60b5254171f9507e\COMCTL32.dll
0x00007ffce21a0000 - 0x00007ffce21cc000 	C:\Windows\System32\GDI32.dll
0x00007ffcdf8f0000 - 0x00007ffcdf912000 	C:\Windows\System32\win32u.dll
0x00007ffce0150000 - 0x00007ffce026a000 	C:\Windows\System32\gdi32full.dll
0x00007ffcdfa00000 - 0x00007ffcdfa9d000 	C:\Windows\System32\msvcp_win.dll
0x00007ffce2000000 - 0x00007ffce219e000 	C:\Windows\System32\USER32.dll
0x00007ffcd6640000 - 0x00007ffcd664a000 	C:\Windows\SYSTEM32\VERSION.dll
0x00007ffce0800000 - 0x00007ffce0830000 	C:\Windows\System32\IMM32.DLL
0x00007ffcc62e0000 - 0x00007ffcc62ec000 	C:\Program Files\Java\jdk-20\bin\vcruntime140_1.dll
0x00007ffc94330000 - 0x00007ffc943be000 	C:\Program Files\Java\jdk-20\bin\msvcp140.dll
0x00007ffc68c40000 - 0x00007ffc698d7000 	C:\Program Files\Java\jdk-20\bin\server\jvm.dll
0x00007ffcc5d10000 - 0x00007ffcc5d19000 	C:\Windows\SYSTEM32\WSOCK32.dll
0x00007ffce0bf0000 - 0x00007ffce0c5b000 	C:\Windows\System32\WS2_32.dll
0x00007ffcc7730000 - 0x00007ffcc7757000 	C:\Windows\SYSTEM32\WINMM.dll
0x00007ffcde110000 - 0x00007ffcde122000 	C:\Windows\SYSTEM32\kernel.appcore.dll
0x00007ffcbdff0000 - 0x00007ffcbdffa000 	C:\Program Files\Java\jdk-20\bin\jimage.dll
0x00007ffcdd670000 - 0x00007ffcdd854000 	C:\Windows\SYSTEM32\DBGHELP.DLL
0x00007ffcb95e0000 - 0x00007ffcb9614000 	C:\Windows\SYSTEM32\dbgcore.DLL
0x00007ffcdffc0000 - 0x00007ffce0042000 	C:\Windows\System32\bcryptPrimitives.dll
0x00007ffca70b0000 - 0x00007ffca70d6000 	C:\Program Files\Java\jdk-20\bin\java.dll
0x00007ffc862b0000 - 0x00007ffc86387000 	C:\Program Files\Java\jdk-20\bin\jsvml.dll
0x00007ffce1360000 - 0x00007ffce1aa5000 	C:\Windows\System32\SHELL32.dll
0x00007ffcdd860000 - 0x00007ffcddffb000 	C:\Windows\SYSTEM32\windows.storage.dll
0x00007ffce04a0000 - 0x00007ffce07f4000 	C:\Windows\System32\combase.dll
0x00007ffcdf330000 - 0x00007ffcdf35e000 	C:\Windows\SYSTEM32\Wldp.dll
0x00007ffce0fc0000 - 0x00007ffce106d000 	C:\Windows\System32\SHCORE.dll
0x00007ffce0270000 - 0x00007ffce02c5000 	C:\Windows\System32\shlwapi.dll
0x00007ffcdf820000 - 0x00007ffcdf845000 	C:\Windows\SYSTEM32\profapi.dll
0x00007ffcb0550000 - 0x00007ffcb0563000 	C:\Program Files\Java\jdk-20\bin\net.dll
0x00007ffcd3f70000 - 0x00007ffcd407a000 	C:\Windows\SYSTEM32\WINHTTP.dll
0x00007ffcdf090000 - 0x00007ffcdf0fa000 	C:\Windows\system32\mswsock.dll
0x00007ffcb02a0000 - 0x00007ffcb02b6000 	C:\Program Files\Java\jdk-20\bin\nio.dll
0x00007ffcab550000 - 0x00007ffcab568000 	C:\Program Files\Java\jdk-20\bin\zip.dll
0x00007ffcbdc90000 - 0x00007ffcbdca0000 	C:\Program Files\Java\jdk-20\bin\verify.dll
0x00007ffcb1cd0000 - 0x00007ffcb1cf7000 	C:\Users\Marcos\.gradle\native\68d5fa5c4cc2d200863cafc0d521ce42e7d3e7ee720ec0a83991735586a16f82\windows-amd64\native-platform.dll
0x00007ffc78560000 - 0x00007ffc786a4000 	C:\Users\Marcos\.gradle\native\e376f236ea51e6404a007f0833ffe2c6e607c4080706a723a18a27aeea778392\windows-amd64\native-platform-file-events.dll
0x00007ffcc1020000 - 0x00007ffcc102a000 	C:\Program Files\Java\jdk-20\bin\management.dll
0x00007ffcc1010000 - 0x00007ffcc101b000 	C:\Program Files\Java\jdk-20\bin\management_ext.dll
0x00007ffce0950000 - 0x00007ffce0958000 	C:\Windows\System32\PSAPI.DLL
0x00007ffcdf280000 - 0x00007ffcdf298000 	C:\Windows\SYSTEM32\CRYPTSP.dll
0x00007ffcde930000 - 0x00007ffcde964000 	C:\Windows\system32\rsaenh.dll
0x00007ffcdf920000 - 0x00007ffcdf947000 	C:\Windows\System32\bcrypt.dll
0x00007ffcdf7e0000 - 0x00007ffcdf80e000 	C:\Windows\SYSTEM32\USERENV.dll
0x00007ffcdf2a0000 - 0x00007ffcdf2ac000 	C:\Windows\SYSTEM32\CRYPTBASE.dll
0x00007ffcded30000 - 0x00007ffcded6b000 	C:\Windows\SYSTEM32\IPHLPAPI.DLL
0x00007ffce0400000 - 0x00007ffce0408000 	C:\Windows\System32\NSI.dll
0x00007ffcd4820000 - 0x00007ffcd4837000 	C:\Windows\SYSTEM32\dhcpcsvc6.DLL
0x00007ffcd4c40000 - 0x00007ffcd4c5d000 	C:\Windows\SYSTEM32\dhcpcsvc.DLL
0x00007ffcded70000 - 0x00007ffcdee3a000 	C:\Windows\SYSTEM32\DNSAPI.dll
0x00007ffcc1000000 - 0x00007ffcc1007000 	C:\Program Files\Java\jdk-20\bin\extnet.dll
0x00007ffcbdc00000 - 0x00007ffcbdc0e000 	C:\Program Files\Java\jdk-20\bin\sunmscapi.dll
0x00007ffcdfdf0000 - 0x00007ffcdff4e000 	C:\Windows\System32\CRYPT32.dll
0x00007ffcdf3a0000 - 0x00007ffcdf3c8000 	C:\Windows\SYSTEM32\ncrypt.dll
0x00007ffcdf360000 - 0x00007ffcdf39b000 	C:\Windows\SYSTEM32\NTASN1.dll
0x00007ffcce400000 - 0x00007ffcce407000 	C:\Windows\system32\wshunix.dll

dbghelp: loaded successfully - version: 4.0.5 - missing functions: none
symbol engine: initialized successfully - sym options: 0x614 - pdb path: .;C:\Program Files\Java\jdk-20\bin;C:\Windows\SYSTEM32;C:\Windows\WinSxS\amd64_microsoft.windows.common-controls_6595b64144ccf1df_6.0.19041.1110_none_60b5254171f9507e;C:\Program Files\Java\jdk-20\bin\server;C:\Users\Marcos\.gradle\native\68d5fa5c4cc2d200863cafc0d521ce42e7d3e7ee720ec0a83991735586a16f82\windows-amd64;C:\Users\Marcos\.gradle\native\e376f236ea51e6404a007f0833ffe2c6e607c4080706a723a18a27aeea778392\windows-amd64

VM Arguments:
jvm_args: -XX:MaxMetaspaceSize=512m --add-opens=java.base/java.util=ALL-UNNAMED --add-opens=java.base/java.lang=ALL-UNNAMED --add-opens=java.base/java.lang.invoke=ALL-UNNAMED --add-opens=java.prefs/java.util.prefs=ALL-UNNAMED --add-opens=java.base/java.nio.charset=ALL-UNNAMED --add-opens=java.base/java.net=ALL-UNNAMED --add-opens=java.base/java.util.concurrent.atomic=ALL-UNNAMED -Xmx2048m -Dfile.encoding=UTF-8 -Duser.country=BR -Duser.language=pt -Duser.variant 
java_command: org.gradle.launcher.daemon.bootstrap.GradleDaemon 8.0.1
java_class_path (initial): C:\Users\Marcos\.gradle\wrapper\dists\gradle-8.0.1-all\aro4hu1c3oeioove7l0i4i14o\gradle-8.0.1\lib\gradle-launcher-8.0.1.jar
Launcher Type: SUN_STANDARD

[Global flags]
     intx CICompilerCount                          = 4                                         {product} {ergonomic}
   size_t CompressedClassSpaceSize                 = 432013312                                 {product} {ergonomic}
     uint ConcGCThreads                            = 3                                         {product} {ergonomic}
     uint G1ConcRefinementThreads                  = 10                                        {product} {ergonomic}
   size_t G1HeapRegionSize                         = 1048576                                   {product} {ergonomic}
    uintx GCDrainStackTargetSize                   = 64                                        {product} {ergonomic}
   size_t InitialHeapSize                          = 266338304                                 {product} {ergonomic}
   size_t MarkStackSize                            = 4194304                                   {product} {ergonomic}
   size_t MaxHeapSize                              = 2147483648                                {product} {command line}
   size_t MaxMetaspaceSize                         = 536870912                                 {product} {command line}
   size_t MaxNewSize                               = 1287651328                                {product} {ergonomic}
   size_t MinHeapDeltaBytes                        = 1048576                                   {product} {ergonomic}
   size_t MinHeapSize                              = 8388608                                   {product} {ergonomic}
    uintx NonNMethodCodeHeapSize                   = 5839372                                {pd product} {ergonomic}
    uintx NonProfiledCodeHeapSize                  = 122909434                              {pd product} {ergonomic}
    uintx ProfiledCodeHeapSize                     = 122909434                              {pd product} {ergonomic}
    uintx ReservedCodeCacheSize                    = 251658240                              {pd product} {ergonomic}
     bool SegmentedCodeCache                       = true                                      {product} {ergonomic}
   size_t SoftMaxHeapSize                          = 2147483648                             {manageable} {ergonomic}
     bool UseCompressedClassPointers               = true                           {product lp64_product} {ergonomic}
     bool UseCompressedOops                        = true                           {product lp64_product} {ergonomic}
     bool UseG1GC                                  = true                                      {product} {ergonomic}
     bool UseLargePagesIndividualAllocation        = false                                  {pd product} {ergonomic}

Logging:
Log output configuration:
 #0: stdout all=warning uptime,level,tags foldmultilines=false
 #1: stderr all=off uptime,level,tags foldmultilines=false

Environment Variables:
CLASSPATH=C:\AppProjeto\trabalhoTamagochi\android\\gradle\wrapper\gradle-wrapper.jar
PATH=C:\AppProjeto\trabalhoTamagochi\node_modules\.bin;C:\AppProjeto\trabalhoTamagochi\node_modules\.bin;C:\AppProjeto\node_modules\.bin;C:\node_modules\.bin;C:\Program Files\nodejs\node_modules\npm\node_modules\@npmcli\run-script\lib\node-gyp-bin;C:\Users\Marcos\AppData\Local\Temp\yarn--1695502070797-0.28990210376302117;C:\AppProjeto\trabalhoTamagochi\node_modules\.bin;C:\Users\Marcos\AppData\Local\Yarn\Data\link\node_modules\.bin;C:\Users\Marcos\AppData\Local\Yarn\bin;C:\Program Files\libexec\lib\node_modules\npm\bin\node-gyp-bin;C:\Program Files\lib\node_modules\npm\bin\node-gyp-bin;C:\Program Files\nodejs\node_modules\npm\bin\node-gyp-bin;C:\Program Files\Common Files\Oracle\Java\javapath;C:\Program Files (x86)\Common Files\Oracle\Java\javapath;C:\Windows\system32;C:\Windows;C:\Windows\System32\Wbem;C:\Windows\System32\WindowsPowerShell\v1.0\;C:\Windows\System32\OpenSSH\;C:\Program Files\NVIDIA Corporation\NVIDIA NvDLISR;C:\Program Files\nodejs\;C:\ProgramData\chocolatey\bin;C:\xampp\php;C:\Program Files (x86)\NVIDIA Corporation\PhysX\Common;C:\Program Files\Git\cmd;C:\Users\Marcos\AppData\Local\Microsoft\WindowsApps;C:\Users\Marcos\AppData\Local\Programs\Microsoft VS Code\bin;C:\Users\Marcos\AppData\Roaming\npm;C:\Program Files\JetBrains\IntelliJ IDEA Community Edition 2023.1\bin;;C:\xampp\php;C:\Users\Marcos\AppData\Local\GitHubDesktop\bin;C:\Users\Marcos\AppData\Local\Android\Sdk\platform-tools;
USERNAME=Marcos
LANG=en_US.UTF-8
OS=Windows_NT
PROCESSOR_IDENTIFIER=Intel64 Family 6 Model 141 Stepping 1, GenuineIntel
TMP=C:\Users\Marcos\AppData\Local\Temp
TEMP=C:\Users\Marcos\AppData\Local\Temp




---------------  S Y S T E M  ---------------

OS:
 Windows 10 , 64 bit Build 19041 (10.0.19041.3393)
OS uptime: 5 days 11:02 hours

CPU: total 12 (initial active 12) (6 cores per cpu, 2 threads per core) family 6 model 141 stepping 1 microcode 0x3c, cx8, cmov, fxsr, ht, mmx, 3dnowpref, sse, sse2, sse3, ssse3, sse4.1, sse4.2, popcnt, lzcnt, tsc, tscinvbit, avx, avx2, aes, erms, clmul, bmi1, bmi2, adx, avx512f, avx512dq, avx512cd, avx512bw, avx512vl, sha, fma, vzeroupper, avx512_vpopcntdq, avx512_vpclmulqdq, avx512_vaes, avx512_vnni, clflush, clflushopt, clwb, avx512_vbmi2, avx512_vbmi, rdtscp, rdpid, fsrm, gfni, avx512_bitalg, f16c, pku, cet_ibt, cet_ss, avx512_ifma

Memory: 4k page, system-wide physical 16163M (41M free)
TotalPageFile size 65315M (AvailPageFile size 12M)
current process WorkingSet (physical memory assigned to process): 71M, peak: 166M
current process commit charge ("private bytes"): 234M, peak: 404M

vm_info: Java HotSpot(TM) 64-Bit Server VM (20+36-2344) for windows-amd64 JRE (20+36-2344), built on 2023-02-10T19:30:15Z by "mach5one" with MS VC++ 17.1 (VS2022)

END.
