#
# There is insufficient memory for the Java Runtime Environment to continue.
# Native memory allocation (mmap) failed to map 65536 bytes for Failed to commit metaspace.
# Possible reasons:
#   The system is out of physical RAM or swap space
#   The process is running with CompressedOops enabled, and the Java Heap may be blocking the growth of the native heap
# Possible solutions:
#   Reduce memory load on the system
#   Increase physical memory or swap space
#   Check if swap backing store is full
#   Decrease Java heap size (-Xmx/-Xms)
#   Decrease number of Java threads
#   Decrease Java thread stack sizes (-Xss)
#   Set larger code cache with -XX:ReservedCodeCacheSize=
#   JVM is running with Unscaled Compressed Oops mode in which the Java heap is
#     placed in the first 4GB address space. The Java Heap base address is the
#     maximum limit for the native heap growth. Please use -XX:HeapBaseMinAddress
#     to set the Java Heap base and to place the Java Heap above 4GB virtual address.
# This output file may be truncated or incomplete.
#
#  Out of Memory Error (virtualSpaceNode.cpp:110), pid=31292, tid=52036
#
# JRE version: Java(TM) SE Runtime Environment (20.0+36) (build 20+36-2344)
# Java VM: Java HotSpot(TM) 64-Bit Server VM (20+36-2344, mixed mode, sharing, tiered, compressed oops, compressed class ptrs, g1 gc, windows-amd64)
# No core dump will be written. Minidumps are not enabled by default on client versions of Windows
#

---------------  S U M M A R Y ------------

Command Line: -Xmx64m -Xms64m -Dorg.gradle.appname=gradlew org.gradle.wrapper.GradleWrapperMain tasks

Host: 11th Gen Intel(R) Core(TM) i5-11400H @ 2.70GHz, 12 cores, 15G,  Windows 10 , 64 bit Build 19041 (10.0.19041.3393)
Time: Mon Sep 25 07:40:55 2023 Hora oficial do Brasil elapsed time: 53.739811 seconds (0d 0h 0m 53s)

---------------  T H R E A D  ---------------

Current thread (0x0000026b2a443010):  JavaThread "C1 CompilerThread0" daemon [_thread_in_vm, id=52036, stack(0x000000cca4c00000,0x000000cca4d00000)]


Current CompileTask:
C1:  53760 1429       3       java.nio.CharBuffer::charAt (16 bytes)

Stack: [0x000000cca4c00000,0x000000cca4d00000]
Native frames: (J=compiled Java code, j=interpreted, Vv=VM code, C=native code)
V  [jvm.dll+0x6bb95a]
V  [jvm.dll+0x8483aa]
V  [jvm.dll+0x849fa5]
V  [jvm.dll+0x84a6a3]
V  [jvm.dll+0x280b0f]
V  [jvm.dll+0x8442eb]
V  [jvm.dll+0x65fd86]
V  [jvm.dll+0x65fdea]
V  [jvm.dll+0x6626c3]
V  [jvm.dll+0x66258e]
V  [jvm.dll+0x66079e]
V  [jvm.dll+0x671bfa]
V  [jvm.dll+0x66b122]
V  [jvm.dll+0x1f8f90]
V  [jvm.dll+0x1f9178]
V  [jvm.dll+0x16aad6]
V  [jvm.dll+0x16a925]
V  [jvm.dll+0x162405]
V  [jvm.dll+0x164687]
V  [jvm.dll+0x162ca5]
V  [jvm.dll+0x15cafa]
V  [jvm.dll+0x16c606]
V  [jvm.dll+0x157d40]
V  [jvm.dll+0x1580c3]
V  [jvm.dll+0x158384]
V  [jvm.dll+0x1577c6]
V  [jvm.dll+0x1594fd]
V  [jvm.dll+0x259e1b]
V  [jvm.dll+0x2584f0]
V  [jvm.dll+0x3f2895]
V  [jvm.dll+0x7f4906]
V  [jvm.dll+0x6ba5cb]
C  [ucrtbase.dll+0x21bb2]
C  [KERNEL32.DLL+0x17344]
C  [ntdll.dll+0x526b1]


---------------  P R O C E S S  ---------------

Threads class SMR info:
_java_thread_list=0x0000026b2f20a320, length=14, elements={
0x0000026b10165d10, 0x0000026b2a435b90, 0x0000026b2a437d40, 0x0000026b2a438940,
0x0000026b2a43a290, 0x0000026b2a43abd0, 0x0000026b2a43c520, 0x0000026b2a43e1a0,
0x0000026b2a443010, 0x0000026b2a4ae690, 0x0000026b2a4b39e0, 0x0000026b2f140f40,
0x0000026b2ea456f0, 0x0000026b2f1d6010
}
_to_delete_list=0x0000026b2f20aa70, length=15, elements={
0x0000026b10165d10, 0x0000026b2a435b90, 0x0000026b2a437d40, 0x0000026b2a438940,
0x0000026b2a43a290, 0x0000026b2a43abd0, 0x0000026b2a43c520, 0x0000026b2a43e1a0,
0x0000026b2a443010, 0x0000026b2a4ae690, 0x0000026b2a4b39e0, 0x0000026b2f140f40,
0x0000026b2ea456f0, 0x0000026b2f195a70, 0x0000026b2f1d6010
}

Java Threads: ( => current thread )
  0x0000026b10165d10 JavaThread "main" [_thread_blocked, id=51476, stack(0x000000cca3e00000,0x000000cca3f00000)]
  0x0000026b2a435b90 JavaThread "Reference Handler" daemon [_thread_blocked, id=52008, stack(0x000000cca4500000,0x000000cca4600000)]
  0x0000026b2a437d40 JavaThread "Finalizer" daemon [_thread_blocked, id=52012, stack(0x000000cca4600000,0x000000cca4700000)]
  0x0000026b2a438940 JavaThread "Signal Dispatcher" daemon [_thread_blocked, id=52016, stack(0x000000cca4700000,0x000000cca4800000)]
  0x0000026b2a43a290 JavaThread "Attach Listener" daemon [_thread_blocked, id=52020, stack(0x000000cca4800000,0x000000cca4900000)]
  0x0000026b2a43abd0 JavaThread "Service Thread" daemon [_thread_blocked, id=52024, stack(0x000000cca4900000,0x000000cca4a00000)]
  0x0000026b2a43c520 JavaThread "Monitor Deflation Thread" daemon [_thread_blocked, id=52028, stack(0x000000cca4a00000,0x000000cca4b00000)]
  0x0000026b2a43e1a0 JavaThread "C2 CompilerThread0" daemon [_thread_blocked, id=52032, stack(0x000000cca4b00000,0x000000cca4c00000)]
=>0x0000026b2a443010 JavaThread "C1 CompilerThread0" daemon [_thread_in_vm, id=52036, stack(0x000000cca4c00000,0x000000cca4d00000)]
  0x0000026b2a4ae690 JavaThread "Notification Thread" daemon [_thread_blocked, id=52092, stack(0x000000cca4d00000,0x000000cca4e00000)]
  0x0000026b2a4b39e0 JavaThread "Common-Cleaner" daemon [_thread_blocked, id=52104, stack(0x000000cca4f00000,0x000000cca5000000)]
  0x0000026b2f140f40 JavaThread "pool-1-thread-1" [_thread_blocked, id=51216, stack(0x000000cca5000000,0x000000cca5100000)]
  0x0000026b2ea456f0 JavaThread "Exec process" [_thread_in_native, id=54780, stack(0x000000cca5600000,0x000000cca5700000)]
  0x0000026b2f1d6010 JavaThread "Exec process Thread 2" [_thread_blocked, id=56624, stack(0x000000cca5800000,0x000000cca5900000)]

Other Threads:
  0x0000026b1021b2d0 VMThread "VM Thread" [stack: 0x000000cca4400000,0x000000cca4500000] [id=51800]
  0x0000026b2a4b0fe0 WatcherThread "VM Periodic Task Thread" [stack: 0x000000cca4e00000,0x000000cca4f00000] [id=52096]
  0x0000026b1018a880 WorkerThread "GC Thread#0" [stack: 0x000000cca3f00000,0x000000cca4000000] [id=51540]
  0x0000026b2ebfc240 WorkerThread "GC Thread#1" [stack: 0x000000cca5100000,0x000000cca5200000] [id=51860]
  0x0000026b2ebfbf70 WorkerThread "GC Thread#2" [stack: 0x000000cca5200000,0x000000cca5300000] [id=51864]
  0x0000026b2ebfd5f0 WorkerThread "GC Thread#3" [stack: 0x000000cca5300000,0x000000cca5400000] [id=53120]
  0x0000026b2ebfdb90 WorkerThread "GC Thread#4" [stack: 0x000000cca5400000,0x000000cca5500000] [id=41540]
  0x0000026b2ebfd8c0 WorkerThread "GC Thread#5" [stack: 0x000000cca5500000,0x000000cca5600000] [id=49600]
  0x0000026b1018be90 ConcurrentGCThread "G1 Main Marker" [stack: 0x000000cca4000000,0x000000cca4100000] [id=51548]
  0x0000026b1018c7c0 WorkerThread "G1 Conc#0" [stack: 0x000000cca4100000,0x000000cca4200000] [id=51556]
  0x0000026b101f6aa0 ConcurrentGCThread "G1 Refine#0" [stack: 0x000000cca4200000,0x000000cca4300000] [id=51568]
  0x0000026b101f7440 ConcurrentGCThread "G1 Service" [stack: 0x000000cca4300000,0x000000cca4400000] [id=51572]

Threads with active compile tasks:
C1 CompilerThread0    53973 1429       3       java.nio.CharBuffer::charAt (16 bytes)

VM state: not at safepoint (normal execution)

VM Mutex/Monitor currently owned by a thread:  ([mutex/lock_event])
[0x0000026b0df12310] Metaspace_lock - owner thread: 0x0000026b2a443010

Heap address: 0x00000000fc000000, size: 64 MB, Compressed Oops mode: 32-bit

CDS archive(s) mapped at: [0x0000000800000000-0x0000000800c60000-0x0000000800c60000), size 12976128, SharedBaseAddress: 0x0000000800000000, ArchiveRelocationMode: 0.
Compressed class space mapped at: 0x0000000801000000-0x0000000841000000, reserved size: 1073741824
Narrow klass base: 0x0000000800000000, Narrow klass shift: 0, Narrow klass range: 0x100000000

GC Precious Log:
 CardTable entry size: 512
 Card Set container configuration: InlinePtr #cards 5 size 8 Array Of Cards #cards 12 size 40 Howl #buckets 4 coarsen threshold 1843 Howl Bitmap #cards 512 size 80 coarsen threshold 460 Card regions per heap region 1 cards per card region 2048
 CPUs: 12 total, 12 available
 Memory: 16163M
 Large Page Support: Disabled
 NUMA Support: Disabled
 Compressed Oops: Enabled (32-bit)
 Heap Region Size: 1M
 Heap Min Capacity: 64M
 Heap Initial Capacity: 64M
 Heap Max Capacity: 64M
 Pre-touch: Disabled
 Parallel Workers: 10
 Concurrent Workers: 3
 Concurrent Refinement Workers: 10
 Periodic GC: Disabled

Heap:
 garbage-first heap   total 65536K, used 26784K [0x00000000fc000000, 0x0000000100000000)
  region size 1024K, 20 young (20480K), 3 survivors (3072K)
 Metaspace       used 8324K, committed 8640K, reserved 1114112K
  class space    used 1103K, committed 1280K, reserved 1048576K

Heap Regions: E=young(eden), S=young(survivor), O=old, HS=humongous(starts), HC=humongous(continues), CS=collection set, F=free, OA=open archive, CA=closed archive, TAMS=top-at-mark-start, PB=parsable bottom
|   0|0x00000000fc000000, 0x00000000fc100000, 0x00000000fc100000|100%|HS|  |TAMS 0x00000000fc000000| PB 0x00000000fc000000| Complete 
|   1|0x00000000fc100000, 0x00000000fc200000, 0x00000000fc200000|100%|HC|  |TAMS 0x00000000fc100000| PB 0x00000000fc100000| Complete 
|   2|0x00000000fc200000, 0x00000000fc300000, 0x00000000fc300000|100%|HC|  |TAMS 0x00000000fc200000| PB 0x00000000fc200000| Complete 
|   3|0x00000000fc300000, 0x00000000fc400000, 0x00000000fc400000|100%|HC|  |TAMS 0x00000000fc300000| PB 0x00000000fc300000| Complete 
|   4|0x00000000fc400000, 0x00000000fc500000, 0x00000000fc500000|100%| O|  |TAMS 0x00000000fc400000| PB 0x00000000fc400000| Untracked 
|   5|0x00000000fc500000, 0x00000000fc600000, 0x00000000fc600000|100%| O|  |TAMS 0x00000000fc500000| PB 0x00000000fc500000| Untracked 
|   6|0x00000000fc600000, 0x00000000fc700000, 0x00000000fc700000|100%| O|  |TAMS 0x00000000fc600000| PB 0x00000000fc600000| Untracked 
|   7|0x00000000fc700000, 0x00000000fc728000, 0x00000000fc800000| 15%| O|  |TAMS 0x00000000fc700000| PB 0x00000000fc700000| Untracked 
|   8|0x00000000fc800000, 0x00000000fc800000, 0x00000000fc900000|  0%| F|  |TAMS 0x00000000fc800000| PB 0x00000000fc800000| Untracked 
|   9|0x00000000fc900000, 0x00000000fc900000, 0x00000000fca00000|  0%| F|  |TAMS 0x00000000fc900000| PB 0x00000000fc900000| Untracked 
|  10|0x00000000fca00000, 0x00000000fca00000, 0x00000000fcb00000|  0%| F|  |TAMS 0x00000000fca00000| PB 0x00000000fca00000| Untracked 
|  11|0x00000000fcb00000, 0x00000000fcb00000, 0x00000000fcc00000|  0%| F|  |TAMS 0x00000000fcb00000| PB 0x00000000fcb00000| Untracked 
|  12|0x00000000fcc00000, 0x00000000fcc00000, 0x00000000fcd00000|  0%| F|  |TAMS 0x00000000fcc00000| PB 0x00000000fcc00000| Untracked 
|  13|0x00000000fcd00000, 0x00000000fcd00000, 0x00000000fce00000|  0%| F|  |TAMS 0x00000000fcd00000| PB 0x00000000fcd00000| Untracked 
|  14|0x00000000fce00000, 0x00000000fce00000, 0x00000000fcf00000|  0%| F|  |TAMS 0x00000000fce00000| PB 0x00000000fce00000| Untracked 
|  15|0x00000000fcf00000, 0x00000000fcf00000, 0x00000000fd000000|  0%| F|  |TAMS 0x00000000fcf00000| PB 0x00000000fcf00000| Untracked 
|  16|0x00000000fd000000, 0x00000000fd000000, 0x00000000fd100000|  0%| F|  |TAMS 0x00000000fd000000| PB 0x00000000fd000000| Untracked 
|  17|0x00000000fd100000, 0x00000000fd100000, 0x00000000fd200000|  0%| F|  |TAMS 0x00000000fd100000| PB 0x00000000fd100000| Untracked 
|  18|0x00000000fd200000, 0x00000000fd200000, 0x00000000fd300000|  0%| F|  |TAMS 0x00000000fd200000| PB 0x00000000fd200000| Untracked 
|  19|0x00000000fd300000, 0x00000000fd300000, 0x00000000fd400000|  0%| F|  |TAMS 0x00000000fd300000| PB 0x00000000fd300000| Untracked 
|  20|0x00000000fd400000, 0x00000000fd400000, 0x00000000fd500000|  0%| F|  |TAMS 0x00000000fd400000| PB 0x00000000fd400000| Untracked 
|  21|0x00000000fd500000, 0x00000000fd500000, 0x00000000fd600000|  0%| F|  |TAMS 0x00000000fd500000| PB 0x00000000fd500000| Untracked 
|  22|0x00000000fd600000, 0x00000000fd600000, 0x00000000fd700000|  0%| F|  |TAMS 0x00000000fd600000| PB 0x00000000fd600000| Untracked 
|  23|0x00000000fd700000, 0x00000000fd700000, 0x00000000fd800000|  0%| F|  |TAMS 0x00000000fd700000| PB 0x00000000fd700000| Untracked 
|  24|0x00000000fd800000, 0x00000000fd800000, 0x00000000fd900000|  0%| F|  |TAMS 0x00000000fd800000| PB 0x00000000fd800000| Untracked 
|  25|0x00000000fd900000, 0x00000000fd900000, 0x00000000fda00000|  0%| F|  |TAMS 0x00000000fd900000| PB 0x00000000fd900000| Untracked 
|  26|0x00000000fda00000, 0x00000000fda00000, 0x00000000fdb00000|  0%| F|  |TAMS 0x00000000fda00000| PB 0x00000000fda00000| Untracked 
|  27|0x00000000fdb00000, 0x00000000fdb00000, 0x00000000fdc00000|  0%| F|  |TAMS 0x00000000fdb00000| PB 0x00000000fdb00000| Untracked 
|  28|0x00000000fdc00000, 0x00000000fdc00000, 0x00000000fdd00000|  0%| F|  |TAMS 0x00000000fdc00000| PB 0x00000000fdc00000| Untracked 
|  29|0x00000000fdd00000, 0x00000000fdd00000, 0x00000000fde00000|  0%| F|  |TAMS 0x00000000fdd00000| PB 0x00000000fdd00000| Untracked 
|  30|0x00000000fde00000, 0x00000000fde00000, 0x00000000fdf00000|  0%| F|  |TAMS 0x00000000fde00000| PB 0x00000000fde00000| Untracked 
|  31|0x00000000fdf00000, 0x00000000fdf00000, 0x00000000fe000000|  0%| F|  |TAMS 0x00000000fdf00000| PB 0x00000000fdf00000| Untracked 
|  32|0x00000000fe000000, 0x00000000fe000000, 0x00000000fe100000|  0%| F|  |TAMS 0x00000000fe000000| PB 0x00000000fe000000| Untracked 
|  33|0x00000000fe100000, 0x00000000fe100000, 0x00000000fe200000|  0%| F|  |TAMS 0x00000000fe100000| PB 0x00000000fe100000| Untracked 
|  34|0x00000000fe200000, 0x00000000fe200000, 0x00000000fe300000|  0%| F|  |TAMS 0x00000000fe200000| PB 0x00000000fe200000| Untracked 
|  35|0x00000000fe300000, 0x00000000fe300000, 0x00000000fe400000|  0%| F|  |TAMS 0x00000000fe300000| PB 0x00000000fe300000| Untracked 
|  36|0x00000000fe400000, 0x00000000fe400000, 0x00000000fe500000|  0%| F|  |TAMS 0x00000000fe400000| PB 0x00000000fe400000| Untracked 
|  37|0x00000000fe500000, 0x00000000fe500000, 0x00000000fe600000|  0%| F|  |TAMS 0x00000000fe500000| PB 0x00000000fe500000| Untracked 
|  38|0x00000000fe600000, 0x00000000fe700000, 0x00000000fe700000|100%| S|CS|TAMS 0x00000000fe600000| PB 0x00000000fe600000| Complete 
|  39|0x00000000fe700000, 0x00000000fe800000, 0x00000000fe800000|100%| S|CS|TAMS 0x00000000fe700000| PB 0x00000000fe700000| Complete 
|  40|0x00000000fe800000, 0x00000000fe900000, 0x00000000fe900000|100%| S|CS|TAMS 0x00000000fe800000| PB 0x00000000fe800000| Complete 
|  41|0x00000000fe900000, 0x00000000fe900000, 0x00000000fea00000|  0%| F|  |TAMS 0x00000000fe900000| PB 0x00000000fe900000| Untracked 
|  42|0x00000000fea00000, 0x00000000fea00000, 0x00000000feb00000|  0%| F|  |TAMS 0x00000000fea00000| PB 0x00000000fea00000| Untracked 
|  43|0x00000000feb00000, 0x00000000feb00000, 0x00000000fec00000|  0%| F|  |TAMS 0x00000000feb00000| PB 0x00000000feb00000| Untracked 
|  44|0x00000000fec00000, 0x00000000fec00000, 0x00000000fed00000|  0%| F|  |TAMS 0x00000000fec00000| PB 0x00000000fec00000| Untracked 
|  45|0x00000000fed00000, 0x00000000fed00000, 0x00000000fee00000|  0%| F|  |TAMS 0x00000000fed00000| PB 0x00000000fed00000| Untracked 
|  46|0x00000000fee00000, 0x00000000fee00000, 0x00000000fef00000|  0%| F|  |TAMS 0x00000000fee00000| PB 0x00000000fee00000| Untracked 
|  47|0x00000000fef00000, 0x00000000fef60850, 0x00000000ff000000| 37%| E|  |TAMS 0x00000000fef00000| PB 0x00000000fef00000| Complete 
|  48|0x00000000ff000000, 0x00000000ff100000, 0x00000000ff100000|100%| E|CS|TAMS 0x00000000ff000000| PB 0x00000000ff000000| Complete 
|  49|0x00000000ff100000, 0x00000000ff200000, 0x00000000ff200000|100%| E|CS|TAMS 0x00000000ff100000| PB 0x00000000ff100000| Complete 
|  50|0x00000000ff200000, 0x00000000ff300000, 0x00000000ff300000|100%| E|CS|TAMS 0x00000000ff200000| PB 0x00000000ff200000| Complete 
|  51|0x00000000ff300000, 0x00000000ff400000, 0x00000000ff400000|100%| E|CS|TAMS 0x00000000ff300000| PB 0x00000000ff300000| Complete 
|  52|0x00000000ff400000, 0x00000000ff500000, 0x00000000ff500000|100%| E|CS|TAMS 0x00000000ff400000| PB 0x00000000ff400000| Complete 
|  53|0x00000000ff500000, 0x00000000ff600000, 0x00000000ff600000|100%| E|CS|TAMS 0x00000000ff500000| PB 0x00000000ff500000| Complete 
|  54|0x00000000ff600000, 0x00000000ff700000, 0x00000000ff700000|100%| E|CS|TAMS 0x00000000ff600000| PB 0x00000000ff600000| Complete 
|  55|0x00000000ff700000, 0x00000000ff800000, 0x00000000ff800000|100%| E|CS|TAMS 0x00000000ff700000| PB 0x00000000ff700000| Complete 
|  56|0x00000000ff800000, 0x00000000ff900000, 0x00000000ff900000|100%| E|CS|TAMS 0x00000000ff800000| PB 0x00000000ff800000| Complete 
|  57|0x00000000ff900000, 0x00000000ffa00000, 0x00000000ffa00000|100%| E|CS|TAMS 0x00000000ff900000| PB 0x00000000ff900000| Complete 
|  58|0x00000000ffa00000, 0x00000000ffb00000, 0x00000000ffb00000|100%| E|CS|TAMS 0x00000000ffa00000| PB 0x00000000ffa00000| Complete 
|  59|0x00000000ffb00000, 0x00000000ffc00000, 0x00000000ffc00000|100%| E|CS|TAMS 0x00000000ffb00000| PB 0x00000000ffb00000| Complete 
|  60|0x00000000ffc00000, 0x00000000ffd00000, 0x00000000ffd00000|100%| E|CS|TAMS 0x00000000ffc00000| PB 0x00000000ffc00000| Complete 
|  61|0x00000000ffd00000, 0x00000000ffe00000, 0x00000000ffe00000|100%| E|CS|TAMS 0x00000000ffd00000| PB 0x00000000ffd00000| Complete 
|  62|0x00000000ffe00000, 0x00000000fff00000, 0x00000000fff00000|100%| E|CS|TAMS 0x00000000ffe00000| PB 0x00000000ffe00000| Complete 
|  63|0x00000000fff00000, 0x0000000100000000, 0x0000000100000000|100%| E|CS|TAMS 0x00000000fff00000| PB 0x00000000fff00000| Complete 

Card table byte_map: [0x0000026b10060000,0x0000026b10080000] _byte_map_base: 0x0000026b0f880000

Marking Bits: (CMBitMap*) 0x0000026b1018adb0
 Bits: [0x0000026b27770000, 0x0000026b27870000)

Polling page: 0x0000026b0e0c0000

Metaspace:

Usage:
  Non-class:      7.05 MB used.
      Class:      1.08 MB used.
       Both:      8.13 MB used.

Virtual space:
  Non-class space:       64.00 MB reserved,       7.19 MB ( 11%) committed,  1 nodes.
      Class space:        1.00 GB reserved,       1.25 MB ( <1%) committed,  1 nodes.
             Both:        1.06 GB reserved,       8.44 MB ( <1%) committed. 

Chunk freelists:
   Non-Class:  168.00 KB
       Class:  2.81 MB
        Both:  2.97 MB

MaxMetaspaceSize: unlimited
CompressedClassSpaceSize: 1.00 GB
Initial GC threshold: 21.00 MB
Current GC threshold: 21.00 MB
CDS: on
MetaspaceReclaimPolicy: balanced
 - commit_granule_bytes: 65536.
 - commit_granule_words: 8192.
 - virtual_space_node_default_size: 8388608.
 - enlarge_chunks_in_place: 1.
 - new_chunks_are_fully_committed: 0.
 - uncommit_free_chunks: 1.
 - use_allocation_guard: 0.


Internal statistics:

num_allocs_failed_limit: 0.
num_arena_births: 208.
num_arena_deaths: 0.
num_vsnodes_births: 2.
num_vsnodes_deaths: 0.
num_space_committed: 135.
num_space_uncommitted: 0.
num_chunks_returned_to_freelist: 0.
num_chunks_taken_from_freelist: 444.
num_chunk_merges: 0.
num_chunk_splits: 287.
num_chunks_enlarged: 212.
num_inconsistent_stats: 0.

CodeHeap 'non-profiled nmethods': size=120000Kb used=485Kb max_used=485Kb free=119514Kb
 bounds [0x0000026b1fcf0000, 0x0000026b1ff60000, 0x0000026b27220000]
CodeHeap 'profiled nmethods': size=120000Kb used=2644Kb max_used=2644Kb free=117355Kb
 bounds [0x0000026b18220000, 0x0000026b184c0000, 0x0000026b1f750000]
CodeHeap 'non-nmethods': size=5760Kb used=1560Kb max_used=1574Kb free=4199Kb
 bounds [0x0000026b1f750000, 0x0000026b1f9c0000, 0x0000026b1fcf0000]
 total_blobs=1904 nmethods=1418 adapters=397
 compilation: enabled
              stopped_count=0, restarted_count=0
 full_count=0

Compilation events (20 events):
Event: 42.761 Thread 0x0000026b2a443010 nmethod 1418 0x0000026b184b2010 code [0x0000026b184b21a0, 0x0000026b184b22f0]
Event: 42.793 Thread 0x0000026b2a443010 1420       3       java.util.concurrent.Executors$RunnableAdapter::call (14 bytes)
Event: 42.793 Thread 0x0000026b2a443010 nmethod 1420 0x0000026b184b2390 code [0x0000026b184b2520, 0x0000026b184b2700]
Event: 42.793 Thread 0x0000026b2a443010 1421       3       org.gradle.internal.logging.console.ThrottlingOutputEventListener$1::run (27 bytes)
Event: 42.793 Thread 0x0000026b2a443010 nmethod 1421 0x0000026b184b2810 code [0x0000026b184b29e0, 0x0000026b184b2d78]
Event: 42.793 Thread 0x0000026b2a443010 1422       3       org.gradle.internal.logging.events.UpdateNowEvent::<init> (10 bytes)
Event: 42.793 Thread 0x0000026b2a443010 nmethod 1422 0x0000026b184b2f90 code [0x0000026b184b3120, 0x0000026b184b32f0]
Event: 42.793 Thread 0x0000026b2a443010 1423       3       java.util.concurrent.ScheduledThreadPoolExecutor$ScheduledFutureTask::setNextRunTime (38 bytes)
Event: 42.793 Thread 0x0000026b2a443010 nmethod 1423 0x0000026b184b3410 code [0x0000026b184b35c0, 0x0000026b184b37e8]
Event: 42.793 Thread 0x0000026b2a443010 1424       3       java.util.concurrent.ScheduledThreadPoolExecutor::reExecutePeriodic (49 bytes)
Event: 42.794 Thread 0x0000026b2a443010 nmethod 1424 0x0000026b184b3910 code [0x0000026b184b3b20, 0x0000026b184b4180]
Event: 45.502 Thread 0x0000026b2a443010 1425       3       java.util.concurrent.locks.AbstractQueuedSynchronizer$Node::setStatusRelaxed (12 bytes)
Event: 45.516 Thread 0x0000026b2a443010 nmethod 1425 0x0000026b184b4390 code [0x0000026b184b4520, 0x0000026b184b4638]
Event: 46.993 Thread 0x0000026b2a443010 1426       3       java.util.concurrent.locks.AbstractQueuedSynchronizer$ConditionObject::enableWait (84 bytes)
Event: 47.007 Thread 0x0000026b2a443010 nmethod 1426 0x0000026b184b4710 code [0x0000026b184b4920, 0x0000026b184b5068]
Event: 53.596 Thread 0x0000026b2a43e1a0 1427       4       java.nio.Buffer::checkIndex (9 bytes)
Event: 53.597 Thread 0x0000026b2a443010 1428       1       java.nio.Buffer::position (5 bytes)
Event: 53.597 Thread 0x0000026b2a43e1a0 nmethod 1427 0x0000026b1fd68f10 code [0x0000026b1fd69080, 0x0000026b1fd69140]
Event: 53.597 Thread 0x0000026b2a443010 nmethod 1428 0x0000026b1fd69210 code [0x0000026b1fd69380, 0x0000026b1fd69448]
Event: 53.618 Thread 0x0000026b2a443010 1429       3       java.nio.CharBuffer::charAt (16 bytes)

GC Heap History (2 events):
Event: 4.397 GC heap before
{Heap before GC invocations=0 (full 0):
 garbage-first heap   total 65536K, used 26624K [0x00000000fc000000, 0x0000000100000000)
  region size 1024K, 23 young (23552K), 0 survivors (0K)
 Metaspace       used 4163K, committed 4416K, reserved 1114112K
  class space    used 546K, committed 704K, reserved 1048576K
}
Event: 5.129 GC heap after
{Heap after GC invocations=1 (full 0):
 garbage-first heap   total 65536K, used 10400K [0x00000000fc000000, 0x0000000100000000)
  region size 1024K, 3 young (3072K), 3 survivors (3072K)
 Metaspace       used 4163K, committed 4416K, reserved 1114112K
  class space    used 546K, committed 704K, reserved 1048576K
}

Dll operation events (11 events):
Event: 0.019 Loaded shared library C:\Program Files\Java\jdk-20\bin\java.dll
Event: 0.061 Loaded shared library C:\Program Files\Java\jdk-20\bin\jsvml.dll
Event: 0.317 Loaded shared library C:\Program Files\Java\jdk-20\bin\net.dll
Event: 0.319 Loaded shared library C:\Program Files\Java\jdk-20\bin\nio.dll
Event: 0.336 Loaded shared library C:\Program Files\Java\jdk-20\bin\zip.dll
Event: 2.880 Loaded shared library C:\Program Files\Java\jdk-20\bin\jimage.dll
Event: 3.076 Loaded shared library C:\Program Files\Java\jdk-20\bin\verify.dll
Event: 4.362 Loaded shared library C:\Users\Marcos\.gradle\native\68d5fa5c4cc2d200863cafc0d521ce42e7d3e7ee720ec0a83991735586a16f82\windows-amd64\native-platform.dll
Event: 5.317 Loaded shared library C:\Program Files\Java\jdk-20\bin\management.dll
Event: 5.321 Loaded shared library C:\Program Files\Java\jdk-20\bin\management_ext.dll
Event: 7.215 Loaded shared library C:\Program Files\Java\jdk-20\bin\extnet.dll

Deoptimization events (20 events):
Event: 12.617 Thread 0x0000026b2ea456f0 Uncommon trap: trap_request=0xffffff45 fr.pc=0x0000026b1fd37834 relative=0x0000000000000494
Event: 12.617 Thread 0x0000026b2ea456f0 Uncommon trap: reason=unstable_if action=reinterpret pc=0x0000026b1fd37834 method=java.lang.AbstractStringBuilder.inflateIfNeededFor(Ljava/lang/String;)V @ 14 c2
Event: 12.617 Thread 0x0000026b2ea456f0 DEOPT PACKING pc=0x0000026b1fd37834 sp=0x000000cca56fed50
Event: 12.617 Thread 0x0000026b2ea456f0 DEOPT UNPACKING pc=0x0000026b1f76d2a2 sp=0x000000cca56fec58 mode 2
Event: 12.617 Thread 0x0000026b2ea456f0 Uncommon trap: trap_request=0xffffff45 fr.pc=0x0000026b1fd24504 relative=0x0000000000000104
Event: 12.617 Thread 0x0000026b2ea456f0 Uncommon trap: reason=unstable_if action=reinterpret pc=0x0000026b1fd24504 method=java.lang.String.getBytes([BIB)V @ 5 c2
Event: 12.617 Thread 0x0000026b2ea456f0 DEOPT PACKING pc=0x0000026b1fd24504 sp=0x000000cca56fec80
Event: 12.617 Thread 0x0000026b2ea456f0 DEOPT UNPACKING pc=0x0000026b1f76d2a2 sp=0x000000cca56fec48 mode 2
Event: 12.617 Thread 0x0000026b2ea456f0 Uncommon trap: trap_request=0xffffff45 fr.pc=0x0000026b1fd55e34 relative=0x0000000000000414
Event: 12.617 Thread 0x0000026b2ea456f0 Uncommon trap: reason=unstable_if action=reinterpret pc=0x0000026b1fd55e34 method=java.lang.AbstractStringBuilder.isLatin1()Z @ 10 c2
Event: 12.617 Thread 0x0000026b2ea456f0 DEOPT PACKING pc=0x0000026b1fd55e34 sp=0x000000cca56fedd0
Event: 12.617 Thread 0x0000026b2ea456f0 DEOPT UNPACKING pc=0x0000026b1f76d2a2 sp=0x000000cca56fec58 mode 2
Event: 53.592 Thread 0x0000026b2ea456f0 Uncommon trap: trap_request=0xffffff45 fr.pc=0x0000026b1fcfd83c relative=0x00000000000000bc
Event: 53.592 Thread 0x0000026b2ea456f0 Uncommon trap: reason=unstable_if action=reinterpret pc=0x0000026b1fcfd83c method=java.lang.String.codePointAt(I)I @ 4 c2
Event: 53.592 Thread 0x0000026b2ea456f0 DEOPT PACKING pc=0x0000026b1fcfd83c sp=0x000000cca56fed60
Event: 53.592 Thread 0x0000026b2ea456f0 DEOPT UNPACKING pc=0x0000026b1f76d2a2 sp=0x000000cca56fece8 mode 2
Event: 53.593 Thread 0x0000026b2ea456f0 Uncommon trap: trap_request=0xffffff45 fr.pc=0x0000026b1fd65810 relative=0x00000000000005b0
Event: 53.593 Thread 0x0000026b2ea456f0 Uncommon trap: reason=unstable_if action=reinterpret pc=0x0000026b1fd65810 method=java.util.regex.Matcher.search(I)Z @ 30 c2
Event: 53.593 Thread 0x0000026b2ea456f0 DEOPT PACKING pc=0x0000026b1fd65810 sp=0x000000cca56fede0
Event: 53.593 Thread 0x0000026b2ea456f0 DEOPT UNPACKING pc=0x0000026b1f76d2a2 sp=0x000000cca56fedd0 mode 2

Classes loaded (20 events):
Event: 12.579 Loading class sun/net/www/protocol/jrt/Handler
Event: 12.583 Loading class sun/net/www/protocol/jrt/Handler done
Event: 12.593 Loading class sun/util/resources/LocaleData$CommonResourceBundleProvider
Event: 12.594 Loading class sun/util/resources/LocaleData$LocaleDataResourceBundleProvider
Event: 12.594 Loading class java/util/spi/ResourceBundleProvider
Event: 12.595 Loading class java/util/spi/ResourceBundleProvider done
Event: 12.595 Loading class sun/util/resources/LocaleData$LocaleDataResourceBundleProvider done
Event: 12.595 Loading class sun/util/resources/LocaleData$CommonResourceBundleProvider done
Event: 12.596 Loading class sun/util/resources/Bundles$2
Event: 12.596 Loading class sun/util/resources/Bundles$2 done
Event: 12.597 Loading class java/lang/InstantiationException
Event: 12.597 Loading class java/lang/InstantiationException done
Event: 12.617 Loading class java/io/PrintWriter
Event: 12.618 Loading class java/io/PrintWriter done
Event: 12.618 Loading class java/io/PrintWriter$1
Event: 12.618 Loading class jdk/internal/access/JavaIOPrintWriterAccess
Event: 12.618 Loading class jdk/internal/access/JavaIOPrintWriterAccess done
Event: 12.618 Loading class java/io/PrintWriter$1 done
Event: 53.594 Loading class java/util/regex/Matcher$ImmutableMatchResult
Event: 53.594 Loading class java/util/regex/Matcher$ImmutableMatchResult done

Classes unloaded (0 events):
No events

Classes redefined (0 events):
No events

Internal exceptions (20 events):
Event: 1.721 Thread 0x0000026b10165d10 Exception <a 'java/lang/NoSuchMethodError'{0x00000000ffcc6c30}: 'java.lang.Object java.lang.invoke.Invokers$Holder.invokeExact_MT(java.lang.Object, java.lang.Object, java.lang.Object, java.lang.Object, java.lang.Object)'> (0x00000000ffcc6c30) 
thrown [s\open\src\hotspot\share\interpreter\linkResolver.cpp, line 773]
Event: 1.811 Thread 0x0000026b10165d10 Exception <a 'java/lang/NoSuchMethodError'{0x00000000ffcf4940}: 'int java.lang.invoke.DirectMethodHandle$Holder.invokeStaticInit(java.lang.Object, java.lang.Object)'> (0x00000000ffcf4940) 
thrown [s\open\src\hotspot\share\interpreter\linkResolver.cpp, line 773]
Event: 4.308 Thread 0x0000026b10165d10 Exception <a 'java/lang/NoClassDefFoundError'{0x00000000feb7b958}: org/slf4j/impl/StaticMarkerBinder> (0x00000000feb7b958) 
thrown [s\open\src\hotspot\share\classfile\systemDictionary.cpp, line 294]
Event: 4.327 Thread 0x0000026b10165d10 Exception <a 'java/lang/NoSuchMethodError'{0x00000000fea03528}: 'java.lang.Object java.lang.invoke.DirectMethodHandle$Holder.invokeVirtual(java.lang.Object, java.lang.Object, java.lang.Object, java.lang.Object, java.lang.Object, java.lang.Object, java.lang.Object)'> (0x00000000fea03528) 
thrown [s\open\src\hotspot\share\interpreter\linkResolver.cpp, line 773]
Event: 4.331 Thread 0x0000026b10165d10 Exception <a 'java/lang/NoSuchMethodError'{0x00000000fea16318}: 'java.lang.Object java.lang.invoke.DirectMethodHandle$Holder.invokeStatic(java.lang.Object, java.lang.Object, int)'> (0x00000000fea16318) 
thrown [s\open\src\hotspot\share\interpreter\linkResolver.cpp, line 773]
Event: 4.336 Thread 0x0000026b10165d10 Exception <a 'java/lang/NoSuchMethodError'{0x00000000fea21768}: 'void java.lang.invoke.DelegatingMethodHandle$Holder.delegate(java.lang.Object, java.lang.Object, int, java.lang.Object)'> (0x00000000fea21768) 
thrown [s\open\src\hotspot\share\interpreter\linkResolver.cpp, line 773]
Event: 4.337 Thread 0x0000026b10165d10 Exception <a 'java/lang/NoSuchMethodError'{0x00000000fea25558}: 'int java.lang.invoke.DirectMethodHandle$Holder.invokeSpecial(java.lang.Object, java.lang.Object, java.lang.Object)'> (0x00000000fea25558) 
thrown [s\open\src\hotspot\share\interpreter\linkResolver.cpp, line 773]
Event: 4.369 Thread 0x0000026b10165d10 Exception <a 'java/lang/NoSuchMethodError'{0x00000000feabd398}: 'java.lang.Object java.lang.invoke.DirectMethodHandle$Holder.invokeVirtual(java.lang.Object, java.lang.Object, java.lang.Object)'> (0x00000000feabd398) 
thrown [s\open\src\hotspot\share\interpreter\linkResolver.cpp, line 773]
Event: 5.188 Thread 0x0000026b10165d10 Exception <a 'java/lang/NoSuchMethodError'{0x00000000ffed4ab8}: 'java.lang.Object java.lang.invoke.DirectMethodHandle$Holder.invokeVirtual(java.lang.Object, java.lang.Object, java.lang.Object, java.lang.Object)'> (0x00000000ffed4ab8) 
thrown [s\open\src\hotspot\share\interpreter\linkResolver.cpp, line 773]
Event: 5.204 Thread 0x0000026b10165d10 Exception <a 'java/lang/NoSuchMethodError'{0x00000000ffd4b4c0}: 'java.lang.Object java.lang.invoke.DirectMethodHandle$Holder.invokeVirtual(java.lang.Object, java.lang.Object, java.lang.Object, java.lang.Object, java.lang.Object, java.lang.Object)'> (0x00000000ffd4b4c0) 
thrown [s\open\src\hotspot\share\interpreter\linkResolver.cpp, line 773]
Event: 5.420 Thread 0x0000026b10165d10 Exception <a 'java/lang/NoSuchMethodError'{0x00000000ffae5a10}: 'java.lang.Object java.lang.invoke.DirectMethodHandle$Holder.invokeVirtual(java.lang.Object, java.lang.Object, java.lang.Object, java.lang.Object, java.lang.Object)'> (0x00000000ffae5a10) 
thrown [s\open\src\hotspot\share\interpreter\linkResolver.cpp, line 773]
Event: 5.424 Thread 0x0000026b10165d10 Exception <a 'java/lang/NoSuchMethodError'{0x00000000ffaf8c10}: 'java.lang.Object java.lang.invoke.Invokers$Holder.invokeExact_MT(java.lang.Object, java.lang.Object, java.lang.Object, java.lang.Object, java.lang.Object, java.lang.Object)'> (0x00000000ffaf8c10) 
thrown [s\open\src\hotspot\share\interpreter\linkResolver.cpp, line 773]
Event: 5.534 Thread 0x0000026b10165d10 Exception <a 'java/lang/NoSuchMethodError'{0x00000000ff88a770}: 'java.lang.Object java.lang.invoke.DirectMethodHandle$Holder.invokeVirtual(java.lang.Object, java.lang.Object, java.lang.Object, java.lang.Object, java.lang.Object, java.lang.Object, java.lang.Object, java.lang.Object)'> (0x00000000ff88a770) 
thrown [s\open\src\hotspot\share\interpreter\linkResolver.cpp, line 773]
Event: 5.565 Thread 0x0000026b10165d10 Exception <a 'java/lang/NoSuchMethodError'{0x00000000ff7b2e68}: 'java.lang.Object java.lang.invoke.DirectMethodHandle$Holder.invokeStaticInit(java.lang.Object, int, int, int, int)'> (0x00000000ff7b2e68) 
thrown [s\open\src\hotspot\share\interpreter\linkResolver.cpp, line 773]
Event: 6.097 Thread 0x0000026b10165d10 Exception <a 'java/lang/NoSuchMethodError'{0x00000000ff672408}: 'java.lang.Object java.lang.invoke.DirectMethodHandle$Holder.invokeStaticInit(java.lang.Object, java.lang.Object, int, int, int, int)'> (0x00000000ff672408) 
thrown [s\open\src\hotspot\share\interpreter\linkResolver.cpp, line 773]
Event: 8.507 Thread 0x0000026b10165d10 Exception <a 'java/lang/NoSuchMethodError'{0x00000000ff583400}: 'void java.lang.invoke.DirectMethodHandle$Holder.invokeInterface(java.lang.Object, java.lang.Object, java.lang.Object)'> (0x00000000ff583400) 
thrown [s\open\src\hotspot\share\interpreter\linkResolver.cpp, line 773]
Event: 12.314 Thread 0x0000026b2ea456f0 Exception <a 'java/lang/NoSuchMethodError'{0x00000000ff075278}: 'void java.lang.invoke.DirectMethodHandle$Holder.invokeStatic(java.lang.Object, long)'> (0x00000000ff075278) 
thrown [s\open\src\hotspot\share\interpreter\linkResolver.cpp, line 773]
Event: 12.315 Thread 0x0000026b2ea456f0 Exception <a 'java/lang/NoSuchMethodError'{0x00000000ff07a660}: 'java.lang.Object java.lang.invoke.DirectMethodHandle$Holder.newInvokeSpecial(java.lang.Object, long)'> (0x00000000ff07a660) 
thrown [s\open\src\hotspot\share\interpreter\linkResolver.cpp, line 773]
Event: 12.317 Thread 0x0000026b2ea456f0 Exception <a 'java/lang/NoSuchMethodError'{0x00000000ff081858}: 'java.lang.Object java.lang.invoke.DirectMethodHandle$Holder.invokeStatic(java.lang.Object, long, java.lang.Object)'> (0x00000000ff081858) 
thrown [s\open\src\hotspot\share\interpreter\linkResolver.cpp, line 773]
Event: 12.318 Thread 0x0000026b2ea456f0 Exception <a 'java/lang/NoSuchMethodError'{0x00000000ff084fe0}: 'java.lang.Object java.lang.invoke.DirectMethodHandle$Holder.invokeStaticInit(java.lang.Object, long, java.lang.Object)'> (0x00000000ff084fe0) 
thrown [s\open\src\hotspot\share\interpreter\linkResolver.cpp, line 773]

VM Operations (20 events):
Event: 10.070 Executing VM operation: Cleanup
Event: 10.418 Executing VM operation: Cleanup done
Event: 11.421 Executing VM operation: Cleanup
Event: 11.424 Executing VM operation: Cleanup done
Event: 12.324 Executing VM operation: HandshakeAllThreads
Event: 12.497 Executing VM operation: HandshakeAllThreads done
Event: 12.614 Executing VM operation: HandshakeAllThreads
Event: 12.614 Executing VM operation: HandshakeAllThreads done
Event: 12.614 Executing VM operation: Cleanup
Event: 12.615 Executing VM operation: Cleanup done
Event: 13.616 Executing VM operation: Cleanup
Event: 13.617 Executing VM operation: Cleanup done
Event: 29.762 Executing VM operation: Cleanup
Event: 29.762 Executing VM operation: Cleanup done
Event: 30.770 Executing VM operation: Cleanup
Event: 30.770 Executing VM operation: Cleanup done
Event: 42.851 Executing VM operation: Cleanup
Event: 42.852 Executing VM operation: Cleanup done
Event: 43.857 Executing VM operation: Cleanup
Event: 43.857 Executing VM operation: Cleanup done

Events (16 events):
Event: 0.062 Thread 0x0000026b10165d10 Thread added: 0x0000026b10165d10
Event: 0.129 Thread 0x0000026b2a435b90 Thread added: 0x0000026b2a435b90
Event: 0.129 Thread 0x0000026b2a437d40 Thread added: 0x0000026b2a437d40
Event: 0.130 Thread 0x0000026b2a438940 Thread added: 0x0000026b2a438940
Event: 0.130 Thread 0x0000026b2a43a290 Thread added: 0x0000026b2a43a290
Event: 0.130 Thread 0x0000026b2a43abd0 Thread added: 0x0000026b2a43abd0
Event: 0.130 Thread 0x0000026b2a43c520 Thread added: 0x0000026b2a43c520
Event: 0.130 Thread 0x0000026b2a43e1a0 Thread added: 0x0000026b2a43e1a0
Event: 0.130 Thread 0x0000026b2a443010 Thread added: 0x0000026b2a443010
Event: 0.154 Thread 0x0000026b2a4ae690 Thread added: 0x0000026b2a4ae690
Event: 0.157 Thread 0x0000026b2a4b39e0 Thread added: 0x0000026b2a4b39e0
Event: 4.391 Thread 0x0000026b2f140f40 Thread added: 0x0000026b2f140f40
Event: 10.042 Thread 0x0000026b2ea456f0 Thread added: 0x0000026b2ea456f0
Event: 12.323 Thread 0x0000026b2f195a70 Thread added: 0x0000026b2f195a70
Event: 12.324 Thread 0x0000026b2f1d6010 Thread added: 0x0000026b2f1d6010
Event: 12.491 Thread 0x0000026b2f195a70 Thread exited: 0x0000026b2f195a70


Dynamic libraries:
0x00007ff773d50000 - 0x00007ff773d60000 	C:\Program Files\Java\jdk-20\bin\java.exe
0x00007ffce2210000 - 0x00007ffce2408000 	C:\Windows\SYSTEM32\ntdll.dll
0x00007ffce1200000 - 0x00007ffce12bd000 	C:\Windows\System32\KERNEL32.DLL
0x00007ffcdfaf0000 - 0x00007ffcdfde6000 	C:\Windows\System32\KERNELBASE.dll
0x00007ffce0050000 - 0x00007ffce0150000 	C:\Windows\System32\ucrtbase.dll
0x00007ffcccb50000 - 0x00007ffcccb69000 	C:\Program Files\Java\jdk-20\bin\jli.dll
0x00007ffce1070000 - 0x00007ffce111e000 	C:\Windows\System32\ADVAPI32.dll
0x00007ffce0aa0000 - 0x00007ffce0b3e000 	C:\Windows\System32\msvcrt.dll
0x00007ffce12c0000 - 0x00007ffce135c000 	C:\Windows\System32\sechost.dll
0x00007ffce0960000 - 0x00007ffce0a86000 	C:\Windows\System32\RPCRT4.dll
0x00007ffce2000000 - 0x00007ffce219e000 	C:\Windows\System32\USER32.dll
0x00007ffcdf8f0000 - 0x00007ffcdf912000 	C:\Windows\System32\win32u.dll
0x00007ffce21a0000 - 0x00007ffce21cc000 	C:\Windows\System32\GDI32.dll
0x00007ffce0150000 - 0x00007ffce026a000 	C:\Windows\System32\gdi32full.dll
0x00007ffcdfa00000 - 0x00007ffcdfa9d000 	C:\Windows\System32\msvcp_win.dll
0x00007ffccde60000 - 0x00007ffccde7b000 	C:\Program Files\Java\jdk-20\bin\VCRUNTIME140.dll
0x00007ffcc0620000 - 0x00007ffcc08ba000 	C:\Windows\WinSxS\amd64_microsoft.windows.common-controls_6595b64144ccf1df_6.0.19041.1110_none_60b5254171f9507e\COMCTL32.dll
0x00007ffcd6640000 - 0x00007ffcd664a000 	C:\Windows\SYSTEM32\VERSION.dll
0x00007ffce0800000 - 0x00007ffce0830000 	C:\Windows\System32\IMM32.DLL
0x00007ffcc62e0000 - 0x00007ffcc62ec000 	C:\Program Files\Java\jdk-20\bin\vcruntime140_1.dll
0x00007ffc94330000 - 0x00007ffc943be000 	C:\Program Files\Java\jdk-20\bin\msvcp140.dll
0x00007ffc68c40000 - 0x00007ffc698d7000 	C:\Program Files\Java\jdk-20\bin\server\jvm.dll
0x00007ffcc5d10000 - 0x00007ffcc5d19000 	C:\Windows\SYSTEM32\WSOCK32.dll
0x00007ffce0bf0000 - 0x00007ffce0c5b000 	C:\Windows\System32\WS2_32.dll
0x00007ffcc7730000 - 0x00007ffcc7757000 	C:\Windows\SYSTEM32\WINMM.dll
0x00007ffcde110000 - 0x00007ffcde122000 	C:\Windows\SYSTEM32\kernel.appcore.dll
0x00007ffcbdff0000 - 0x00007ffcbdffa000 	C:\Program Files\Java\jdk-20\bin\jimage.dll
0x00007ffcdd670000 - 0x00007ffcdd854000 	C:\Windows\SYSTEM32\DBGHELP.DLL
0x00007ffcb95e0000 - 0x00007ffcb9614000 	C:\Windows\SYSTEM32\dbgcore.DLL
0x00007ffcdffc0000 - 0x00007ffce0042000 	C:\Windows\System32\bcryptPrimitives.dll
0x00007ffca70b0000 - 0x00007ffca70d6000 	C:\Program Files\Java\jdk-20\bin\java.dll
0x00007ffc862b0000 - 0x00007ffc86387000 	C:\Program Files\Java\jdk-20\bin\jsvml.dll
0x00007ffce1360000 - 0x00007ffce1aa5000 	C:\Windows\System32\SHELL32.dll
0x00007ffcdd860000 - 0x00007ffcddffb000 	C:\Windows\SYSTEM32\windows.storage.dll
0x00007ffce04a0000 - 0x00007ffce07f4000 	C:\Windows\System32\combase.dll
0x00007ffcdf330000 - 0x00007ffcdf35e000 	C:\Windows\SYSTEM32\Wldp.dll
0x00007ffce0fc0000 - 0x00007ffce106d000 	C:\Windows\System32\SHCORE.dll
0x00007ffce0270000 - 0x00007ffce02c5000 	C:\Windows\System32\shlwapi.dll
0x00007ffcdf820000 - 0x00007ffcdf845000 	C:\Windows\SYSTEM32\profapi.dll
0x00007ffcb0550000 - 0x00007ffcb0563000 	C:\Program Files\Java\jdk-20\bin\net.dll
0x00007ffcd3f70000 - 0x00007ffcd407a000 	C:\Windows\SYSTEM32\WINHTTP.dll
0x00007ffcdf090000 - 0x00007ffcdf0fa000 	C:\Windows\system32\mswsock.dll
0x00007ffcb02a0000 - 0x00007ffcb02b6000 	C:\Program Files\Java\jdk-20\bin\nio.dll
0x00007ffcab550000 - 0x00007ffcab568000 	C:\Program Files\Java\jdk-20\bin\zip.dll
0x00007ffcbdc90000 - 0x00007ffcbdca0000 	C:\Program Files\Java\jdk-20\bin\verify.dll
0x00007ffcb1cd0000 - 0x00007ffcb1cf7000 	C:\Users\Marcos\.gradle\native\68d5fa5c4cc2d200863cafc0d521ce42e7d3e7ee720ec0a83991735586a16f82\windows-amd64\native-platform.dll
0x00007ffcc1020000 - 0x00007ffcc102a000 	C:\Program Files\Java\jdk-20\bin\management.dll
0x00007ffcc1010000 - 0x00007ffcc101b000 	C:\Program Files\Java\jdk-20\bin\management_ext.dll
0x00007ffce0950000 - 0x00007ffce0958000 	C:\Windows\System32\PSAPI.DLL
0x00007ffcdf280000 - 0x00007ffcdf298000 	C:\Windows\SYSTEM32\CRYPTSP.dll
0x00007ffcde930000 - 0x00007ffcde964000 	C:\Windows\system32\rsaenh.dll
0x00007ffcdf920000 - 0x00007ffcdf947000 	C:\Windows\System32\bcrypt.dll
0x00007ffcdf7e0000 - 0x00007ffcdf80e000 	C:\Windows\SYSTEM32\USERENV.dll
0x00007ffcdf2a0000 - 0x00007ffcdf2ac000 	C:\Windows\SYSTEM32\CRYPTBASE.dll
0x00007ffcded30000 - 0x00007ffcded6b000 	C:\Windows\SYSTEM32\IPHLPAPI.DLL
0x00007ffce0400000 - 0x00007ffce0408000 	C:\Windows\System32\NSI.dll
0x00007ffcd4820000 - 0x00007ffcd4837000 	C:\Windows\SYSTEM32\dhcpcsvc6.DLL
0x00007ffcd4c40000 - 0x00007ffcd4c5d000 	C:\Windows\SYSTEM32\dhcpcsvc.DLL
0x00007ffcded70000 - 0x00007ffcdee3a000 	C:\Windows\SYSTEM32\DNSAPI.dll
0x00007ffcc1000000 - 0x00007ffcc1007000 	C:\Program Files\Java\jdk-20\bin\extnet.dll

dbghelp: loaded successfully - version: 4.0.5 - missing functions: none
symbol engine: initialized successfully - sym options: 0x614 - pdb path: .;C:\Program Files\Java\jdk-20\bin;C:\Windows\SYSTEM32;C:\Windows\WinSxS\amd64_microsoft.windows.common-controls_6595b64144ccf1df_6.0.19041.1110_none_60b5254171f9507e;C:\Program Files\Java\jdk-20\bin\server;C:\Users\Marcos\.gradle\native\68d5fa5c4cc2d200863cafc0d521ce42e7d3e7ee720ec0a83991735586a16f82\windows-amd64

VM Arguments:
jvm_args: -Xmx64m -Xms64m -Dorg.gradle.appname=gradlew 
java_command: org.gradle.wrapper.GradleWrapperMain tasks
java_class_path (initial): C:\AppProjeto\trabalhoTamagochi\android\\gradle\wrapper\gradle-wrapper.jar
Launcher Type: SUN_STANDARD

[Global flags]
     intx CICompilerCount                          = 4                                         {product} {ergonomic}
     uint ConcGCThreads                            = 3                                         {product} {ergonomic}
     uint G1ConcRefinementThreads                  = 10                                        {product} {ergonomic}
   size_t G1HeapRegionSize                         = 1048576                                   {product} {ergonomic}
    uintx GCDrainStackTargetSize                   = 64                                        {product} {ergonomic}
   size_t InitialHeapSize                          = 67108864                                  {product} {command line}
   size_t MarkStackSize                            = 4194304                                   {product} {ergonomic}
   size_t MaxHeapSize                              = 67108864                                  {product} {command line}
   size_t MaxNewSize                               = 39845888                                  {product} {ergonomic}
   size_t MinHeapDeltaBytes                        = 1048576                                   {product} {ergonomic}
   size_t MinHeapSize                              = 67108864                                  {product} {command line}
    uintx NonNMethodCodeHeapSize                   = 5839372                                {pd product} {ergonomic}
    uintx NonProfiledCodeHeapSize                  = 122909434                              {pd product} {ergonomic}
    uintx ProfiledCodeHeapSize                     = 122909434                              {pd product} {ergonomic}
    uintx ReservedCodeCacheSize                    = 251658240                              {pd product} {ergonomic}
     bool SegmentedCodeCache                       = true                                      {product} {ergonomic}
   size_t SoftMaxHeapSize                          = 67108864                               {manageable} {ergonomic}
     bool UseCompressedClassPointers               = true                           {product lp64_product} {ergonomic}
     bool UseCompressedOops                        = true                           {product lp64_product} {ergonomic}
     bool UseG1GC                                  = true                                      {product} {ergonomic}
     bool UseLargePagesIndividualAllocation        = false                                  {pd product} {ergonomic}

Logging:
Log output configuration:
 #0: stdout all=warning uptime,level,tags foldmultilines=false
 #1: stderr all=off uptime,level,tags foldmultilines=false

Environment Variables:
CLASSPATH=C:\AppProjeto\trabalhoTamagochi\android\\gradle\wrapper\gradle-wrapper.jar
PATH=C:\AppProjeto\trabalhoTamagochi\node_modules\.bin;C:\AppProjeto\trabalhoTamagochi\node_modules\.bin;C:\AppProjeto\node_modules\.bin;C:\node_modules\.bin;C:\Program Files\nodejs\node_modules\npm\node_modules\@npmcli\run-script\lib\node-gyp-bin;C:\Users\Marcos\AppData\Local\Temp\yarn--1695502070797-0.28990210376302117;C:\AppProjeto\trabalhoTamagochi\node_modules\.bin;C:\Users\Marcos\AppData\Local\Yarn\Data\link\node_modules\.bin;C:\Users\Marcos\AppData\Local\Yarn\bin;C:\Program Files\libexec\lib\node_modules\npm\bin\node-gyp-bin;C:\Program Files\lib\node_modules\npm\bin\node-gyp-bin;C:\Program Files\nodejs\node_modules\npm\bin\node-gyp-bin;C:\Program Files\Common Files\Oracle\Java\javapath;C:\Program Files (x86)\Common Files\Oracle\Java\javapath;C:\Windows\system32;C:\Windows;C:\Windows\System32\Wbem;C:\Windows\System32\WindowsPowerShell\v1.0\;C:\Windows\System32\OpenSSH\;C:\Program Files\NVIDIA Corporation\NVIDIA NvDLISR;C:\Program Files\nodejs\;C:\ProgramData\chocolatey\bin;C:\xampp\php;C:\Program Files (x86)\NVIDIA Corporation\PhysX\Common;C:\Program Files\Git\cmd;C:\Users\Marcos\AppData\Local\Microsoft\WindowsApps;C:\Users\Marcos\AppData\Local\Programs\Microsoft VS Code\bin;C:\Users\Marcos\AppData\Roaming\npm;C:\Program Files\JetBrains\IntelliJ IDEA Community Edition 2023.1\bin;;C:\xampp\php;C:\Users\Marcos\AppData\Local\GitHubDesktop\bin;C:\Users\Marcos\AppData\Local\Android\Sdk\platform-tools;
USERNAME=Marcos
LANG=en_US.UTF-8
OS=Windows_NT
PROCESSOR_IDENTIFIER=Intel64 Family 6 Model 141 Stepping 1, GenuineIntel
TMP=C:\Users\Marcos\AppData\Local\Temp
TEMP=C:\Users\Marcos\AppData\Local\Temp




---------------  S Y S T E M  ---------------

OS:
 Windows 10 , 64 bit Build 19041 (10.0.19041.3393)
OS uptime: 5 days 11:02 hours

CPU: total 12 (initial active 12) (6 cores per cpu, 2 threads per core) family 6 model 141 stepping 1 microcode 0x3c, cx8, cmov, fxsr, ht, mmx, 3dnowpref, sse, sse2, sse3, ssse3, sse4.1, sse4.2, popcnt, lzcnt, tsc, tscinvbit, avx, avx2, aes, erms, clmul, bmi1, bmi2, adx, avx512f, avx512dq, avx512cd, avx512bw, avx512vl, sha, fma, vzeroupper, avx512_vpopcntdq, avx512_vpclmulqdq, avx512_vaes, avx512_vnni, clflush, clflushopt, clwb, avx512_vbmi2, avx512_vbmi, rdtscp, rdpid, fsrm, gfni, avx512_bitalg, f16c, pku, cet_ibt, cet_ss, avx512_ifma

Memory: 4k page, system-wide physical 16163M (11M free)
TotalPageFile size 65315M (AvailPageFile size 0M)
current process WorkingSet (physical memory assigned to process): 11M, peak: 82M
current process commit charge ("private bytes"): 165M, peak: 165M

vm_info: Java HotSpot(TM) 64-Bit Server VM (20+36-2344) for windows-amd64 JRE (20+36-2344), built on 2023-02-10T19:30:15Z by "mach5one" with MS VC++ 17.1 (VS2022)

END.
