#
# There is insufficient memory for the Java Runtime Environment to continue.
# Native memory allocation (mmap) failed to map 65536 bytes for Failed to commit metaspace.
# Possible reasons:
#   The system is out of physical RAM or swap space
#   The process is running with CompressedOops enabled, and the Java Heap may be blocking the growth of the native heap
# Possible solutions:
#   Reduce memory load on the system
#   Increase physical memory or swap space
#   Check if swap backing store is full
#   Decrease Java heap size (-Xmx/-Xms)
#   Decrease number of Java threads
#   Decrease Java thread stack sizes (-Xss)
#   Set larger code cache with -XX:ReservedCodeCacheSize=
#   JVM is running with Unscaled Compressed Oops mode in which the Java heap is
#     placed in the first 4GB address space. The Java Heap base address is the
#     maximum limit for the native heap growth. Please use -XX:HeapBaseMinAddress
#     to set the Java Heap base and to place the Java Heap above 4GB virtual address.
# This output file may be truncated or incomplete.
#
#  Out of Memory Error (virtualSpaceNode.cpp:110), pid=27112, tid=52216
#
# JRE version: Java(TM) SE Runtime Environment (20.0+36) (build 20+36-2344)
# Java VM: Java HotSpot(TM) 64-Bit Server VM (20+36-2344, mixed mode, sharing, tiered, compressed oops, compressed class ptrs, g1 gc, windows-amd64)
# No core dump will be written. Minidumps are not enabled by default on client versions of Windows
#

---------------  S U M M A R Y ------------

Command Line: -Xmx64m -Xms64m -Dorg.gradle.appname=gradlew org.gradle.wrapper.GradleWrapperMain tasks

Host: 11th Gen Intel(R) Core(TM) i5-11400H @ 2.70GHz, 12 cores, 15G,  Windows 10 , 64 bit Build 19041 (10.0.19041.3393)
Time: Mon Sep 25 07:40:55 2023 Hora oficial do Brasil elapsed time: 53.837233 seconds (0d 0h 0m 53s)

---------------  T H R E A D  ---------------

Current thread (0x0000020ced5b8460):  JavaThread "C1 CompilerThread0" daemon [_thread_in_vm, id=52216, stack(0x0000008157f00000,0x0000008158000000)]


Current CompileTask:
C1:  53837 1282   !   3       java.util.jar.JarFile::getBytes (186 bytes)

Stack: [0x0000008157f00000,0x0000008158000000]
Native frames: (J=compiled Java code, j=interpreted, Vv=VM code, C=native code)
V  [jvm.dll+0x6bb95a]
V  [jvm.dll+0x8483aa]
V  [jvm.dll+0x849fa5]
V  [jvm.dll+0x84a6a3]
V  [jvm.dll+0x280b0f]
V  [jvm.dll+0x8442eb]
V  [jvm.dll+0x65fd86]
V  [jvm.dll+0x65fdea]
V  [jvm.dll+0x6626c3]
V  [jvm.dll+0x66258e]
V  [jvm.dll+0x66079e]
V  [jvm.dll+0x671bfa]
V  [jvm.dll+0x66b122]
V  [jvm.dll+0x1f8f90]
V  [jvm.dll+0x1f9178]
V  [jvm.dll+0x16aad6]
V  [jvm.dll+0x16a925]
V  [jvm.dll+0x162405]
V  [jvm.dll+0x164687]
V  [jvm.dll+0x162bac]
V  [jvm.dll+0x16b492]
V  [jvm.dll+0x16a925]
V  [jvm.dll+0x162405]
V  [jvm.dll+0x164687]
V  [jvm.dll+0x162ca5]
V  [jvm.dll+0x15cafa]
V  [jvm.dll+0x16c606]
V  [jvm.dll+0x157d40]
V  [jvm.dll+0x1580c3]
V  [jvm.dll+0x158384]
V  [jvm.dll+0x1577c6]
V  [jvm.dll+0x1594fd]
V  [jvm.dll+0x259e1b]
V  [jvm.dll+0x2584f0]
V  [jvm.dll+0x3f2895]
V  [jvm.dll+0x7f4906]
V  [jvm.dll+0x6ba5cb]
C  [ucrtbase.dll+0x21bb2]
C  [KERNEL32.DLL+0x17344]
C  [ntdll.dll+0x526b1]


---------------  P R O C E S S  ---------------

Threads class SMR info:
_java_thread_list=0x0000020cf2206160, length=12, elements={
0x0000020cd32c5860, 0x0000020ced5a6090, 0x0000020ced5a6f80, 0x0000020ced5a7e70,
0x0000020ced5ab9c0, 0x0000020ced5ac3f0, 0x0000020ced5ade30, 0x0000020ced5afab0,
0x0000020ced5b8460, 0x0000020ced627c30, 0x0000020ced631ba0, 0x0000020cf1b0c430
}

Java Threads: ( => current thread )
  0x0000020cd32c5860 JavaThread "main" [_thread_in_native, id=51412, stack(0x0000008157100000,0x0000008157200000)]
  0x0000020ced5a6090 JavaThread "Reference Handler" daemon [_thread_blocked, id=52112, stack(0x0000008157800000,0x0000008157900000)]
  0x0000020ced5a6f80 JavaThread "Finalizer" daemon [_thread_blocked, id=52116, stack(0x0000008157900000,0x0000008157a00000)]
  0x0000020ced5a7e70 JavaThread "Signal Dispatcher" daemon [_thread_blocked, id=52120, stack(0x0000008157a00000,0x0000008157b00000)]
  0x0000020ced5ab9c0 JavaThread "Attach Listener" daemon [_thread_blocked, id=52124, stack(0x0000008157b00000,0x0000008157c00000)]
  0x0000020ced5ac3f0 JavaThread "Service Thread" daemon [_thread_blocked, id=52128, stack(0x0000008157c00000,0x0000008157d00000)]
  0x0000020ced5ade30 JavaThread "Monitor Deflation Thread" daemon [_thread_blocked, id=52132, stack(0x0000008157d00000,0x0000008157e00000)]
  0x0000020ced5afab0 JavaThread "C2 CompilerThread0" daemon [_thread_blocked, id=52136, stack(0x0000008157e00000,0x0000008157f00000)]
=>0x0000020ced5b8460 JavaThread "C1 CompilerThread0" daemon [_thread_in_vm, id=52216, stack(0x0000008157f00000,0x0000008158000000)]
  0x0000020ced627c30 JavaThread "Notification Thread" daemon [_thread_blocked, id=50924, stack(0x0000008158000000,0x0000008158100000)]
  0x0000020ced631ba0 JavaThread "Common-Cleaner" daemon [_thread_blocked, id=45924, stack(0x0000008158200000,0x0000008158300000)]
  0x0000020cf1b0c430 JavaThread "pool-1-thread-1" [_thread_blocked, id=47896, stack(0x0000008158300000,0x0000008158400000)]

Other Threads:
  0x0000020cd337a4d0 VMThread "VM Thread" [stack: 0x0000008157700000,0x0000008157800000] [id=51876]
  0x0000020ced62ab90 WatcherThread "VM Periodic Task Thread" [stack: 0x0000008158100000,0x0000008158200000] [id=45928]
  0x0000020cd32e9620 WorkerThread "GC Thread#0" [stack: 0x0000008157200000,0x0000008157300000] [id=51664]
  0x0000020cf1baf250 WorkerThread "GC Thread#1" [stack: 0x0000008158400000,0x0000008158500000] [id=46828]
  0x0000020cf1bafac0 WorkerThread "GC Thread#2" [stack: 0x0000008158500000,0x0000008158600000] [id=49664]
  0x0000020cf1baef80 WorkerThread "GC Thread#3" [stack: 0x0000008158600000,0x0000008158700000] [id=39212]
  0x0000020cf1bb08d0 WorkerThread "GC Thread#4" [stack: 0x0000008158700000,0x0000008158800000] [id=57476]
  0x0000020cf1bafd90 WorkerThread "GC Thread#5" [stack: 0x0000008158800000,0x0000008158900000] [id=57480]
  0x0000020cd32ead30 ConcurrentGCThread "G1 Main Marker" [stack: 0x0000008157300000,0x0000008157400000] [id=51668]
  0x0000020cd32eb760 WorkerThread "G1 Conc#0" [stack: 0x0000008157400000,0x0000008157500000] [id=51672]
  0x0000020cd3356070 ConcurrentGCThread "G1 Refine#0" [stack: 0x0000008157500000,0x0000008157600000] [id=51676]
  0x0000020cd3356b10 ConcurrentGCThread "G1 Service" [stack: 0x0000008157600000,0x0000008157700000] [id=51680]

Threads with active compile tasks:
C1 CompilerThread0    53913 1282   !   3       java.util.jar.JarFile::getBytes (186 bytes)

VM state: not at safepoint (normal execution)

VM Mutex/Monitor currently owned by a thread:  ([mutex/lock_event])
[0x0000020cd10d1bc0] Metaspace_lock - owner thread: 0x0000020ced5b8460

Heap address: 0x00000000fc000000, size: 64 MB, Compressed Oops mode: 32-bit

CDS archive(s) mapped at: [0x0000000800000000-0x0000000800c60000-0x0000000800c60000), size 12976128, SharedBaseAddress: 0x0000000800000000, ArchiveRelocationMode: 0.
Compressed class space mapped at: 0x0000000801000000-0x0000000841000000, reserved size: 1073741824
Narrow klass base: 0x0000000800000000, Narrow klass shift: 0, Narrow klass range: 0x100000000

GC Precious Log:
 CardTable entry size: 512
 Card Set container configuration: InlinePtr #cards 5 size 8 Array Of Cards #cards 12 size 40 Howl #buckets 4 coarsen threshold 1843 Howl Bitmap #cards 512 size 80 coarsen threshold 460 Card regions per heap region 1 cards per card region 2048
 CPUs: 12 total, 12 available
 Memory: 16163M
 Large Page Support: Disabled
 NUMA Support: Disabled
 Compressed Oops: Enabled (32-bit)
 Heap Region Size: 1M
 Heap Min Capacity: 64M
 Heap Initial Capacity: 64M
 Heap Max Capacity: 64M
 Pre-touch: Disabled
 Parallel Workers: 10
 Concurrent Workers: 3
 Concurrent Refinement Workers: 10
 Periodic GC: Disabled

Heap:
 garbage-first heap   total 65536K, used 23552K [0x00000000fc000000, 0x0000000100000000)
  region size 1024K, 17 young (17408K), 3 survivors (3072K)
 Metaspace       used 7477K, committed 7744K, reserved 1114112K
  class space    used 1024K, committed 1152K, reserved 1048576K

Heap Regions: E=young(eden), S=young(survivor), O=old, HS=humongous(starts), HC=humongous(continues), CS=collection set, F=free, OA=open archive, CA=closed archive, TAMS=top-at-mark-start, PB=parsable bottom
|   0|0x00000000fc000000, 0x00000000fc100000, 0x00000000fc100000|100%|HS|  |TAMS 0x00000000fc000000| PB 0x00000000fc000000| Complete 
|   1|0x00000000fc100000, 0x00000000fc200000, 0x00000000fc200000|100%|HC|  |TAMS 0x00000000fc100000| PB 0x00000000fc100000| Complete 
|   2|0x00000000fc200000, 0x00000000fc300000, 0x00000000fc300000|100%|HC|  |TAMS 0x00000000fc200000| PB 0x00000000fc200000| Complete 
|   3|0x00000000fc300000, 0x00000000fc400000, 0x00000000fc400000|100%|HC|  |TAMS 0x00000000fc300000| PB 0x00000000fc300000| Complete 
|   4|0x00000000fc400000, 0x00000000fc500000, 0x00000000fc500000|100%| O|  |TAMS 0x00000000fc400000| PB 0x00000000fc400000| Untracked 
|   5|0x00000000fc500000, 0x00000000fc600000, 0x00000000fc600000|100%| O|  |TAMS 0x00000000fc500000| PB 0x00000000fc500000| Untracked 
|   6|0x00000000fc600000, 0x00000000fc700000, 0x00000000fc700000|100%| O|  |TAMS 0x00000000fc600000| PB 0x00000000fc600000| Untracked 
|   7|0x00000000fc700000, 0x00000000fc700000, 0x00000000fc800000|  0%| F|  |TAMS 0x00000000fc700000| PB 0x00000000fc700000| Untracked 
|   8|0x00000000fc800000, 0x00000000fc800000, 0x00000000fc900000|  0%| F|  |TAMS 0x00000000fc800000| PB 0x00000000fc800000| Untracked 
|   9|0x00000000fc900000, 0x00000000fc900000, 0x00000000fca00000|  0%| F|  |TAMS 0x00000000fc900000| PB 0x00000000fc900000| Untracked 
|  10|0x00000000fca00000, 0x00000000fca00000, 0x00000000fcb00000|  0%| F|  |TAMS 0x00000000fca00000| PB 0x00000000fca00000| Untracked 
|  11|0x00000000fcb00000, 0x00000000fcb00000, 0x00000000fcc00000|  0%| F|  |TAMS 0x00000000fcb00000| PB 0x00000000fcb00000| Untracked 
|  12|0x00000000fcc00000, 0x00000000fcc00000, 0x00000000fcd00000|  0%| F|  |TAMS 0x00000000fcc00000| PB 0x00000000fcc00000| Untracked 
|  13|0x00000000fcd00000, 0x00000000fcd00000, 0x00000000fce00000|  0%| F|  |TAMS 0x00000000fcd00000| PB 0x00000000fcd00000| Untracked 
|  14|0x00000000fce00000, 0x00000000fce00000, 0x00000000fcf00000|  0%| F|  |TAMS 0x00000000fce00000| PB 0x00000000fce00000| Untracked 
|  15|0x00000000fcf00000, 0x00000000fcf00000, 0x00000000fd000000|  0%| F|  |TAMS 0x00000000fcf00000| PB 0x00000000fcf00000| Untracked 
|  16|0x00000000fd000000, 0x00000000fd000000, 0x00000000fd100000|  0%| F|  |TAMS 0x00000000fd000000| PB 0x00000000fd000000| Untracked 
|  17|0x00000000fd100000, 0x00000000fd100000, 0x00000000fd200000|  0%| F|  |TAMS 0x00000000fd100000| PB 0x00000000fd100000| Untracked 
|  18|0x00000000fd200000, 0x00000000fd200000, 0x00000000fd300000|  0%| F|  |TAMS 0x00000000fd200000| PB 0x00000000fd200000| Untracked 
|  19|0x00000000fd300000, 0x00000000fd300000, 0x00000000fd400000|  0%| F|  |TAMS 0x00000000fd300000| PB 0x00000000fd300000| Untracked 
|  20|0x00000000fd400000, 0x00000000fd400000, 0x00000000fd500000|  0%| F|  |TAMS 0x00000000fd400000| PB 0x00000000fd400000| Untracked 
|  21|0x00000000fd500000, 0x00000000fd500000, 0x00000000fd600000|  0%| F|  |TAMS 0x00000000fd500000| PB 0x00000000fd500000| Untracked 
|  22|0x00000000fd600000, 0x00000000fd600000, 0x00000000fd700000|  0%| F|  |TAMS 0x00000000fd600000| PB 0x00000000fd600000| Untracked 
|  23|0x00000000fd700000, 0x00000000fd700000, 0x00000000fd800000|  0%| F|  |TAMS 0x00000000fd700000| PB 0x00000000fd700000| Untracked 
|  24|0x00000000fd800000, 0x00000000fd800000, 0x00000000fd900000|  0%| F|  |TAMS 0x00000000fd800000| PB 0x00000000fd800000| Untracked 
|  25|0x00000000fd900000, 0x00000000fd900000, 0x00000000fda00000|  0%| F|  |TAMS 0x00000000fd900000| PB 0x00000000fd900000| Untracked 
|  26|0x00000000fda00000, 0x00000000fda00000, 0x00000000fdb00000|  0%| F|  |TAMS 0x00000000fda00000| PB 0x00000000fda00000| Untracked 
|  27|0x00000000fdb00000, 0x00000000fdb00000, 0x00000000fdc00000|  0%| F|  |TAMS 0x00000000fdb00000| PB 0x00000000fdb00000| Untracked 
|  28|0x00000000fdc00000, 0x00000000fdc00000, 0x00000000fdd00000|  0%| F|  |TAMS 0x00000000fdc00000| PB 0x00000000fdc00000| Untracked 
|  29|0x00000000fdd00000, 0x00000000fdd00000, 0x00000000fde00000|  0%| F|  |TAMS 0x00000000fdd00000| PB 0x00000000fdd00000| Untracked 
|  30|0x00000000fde00000, 0x00000000fde00000, 0x00000000fdf00000|  0%| F|  |TAMS 0x00000000fde00000| PB 0x00000000fde00000| Untracked 
|  31|0x00000000fdf00000, 0x00000000fdf00000, 0x00000000fe000000|  0%| F|  |TAMS 0x00000000fdf00000| PB 0x00000000fdf00000| Untracked 
|  32|0x00000000fe000000, 0x00000000fe000000, 0x00000000fe100000|  0%| F|  |TAMS 0x00000000fe000000| PB 0x00000000fe000000| Untracked 
|  33|0x00000000fe100000, 0x00000000fe100000, 0x00000000fe200000|  0%| F|  |TAMS 0x00000000fe100000| PB 0x00000000fe100000| Untracked 
|  34|0x00000000fe200000, 0x00000000fe200000, 0x00000000fe300000|  0%| F|  |TAMS 0x00000000fe200000| PB 0x00000000fe200000| Untracked 
|  35|0x00000000fe300000, 0x00000000fe300000, 0x00000000fe400000|  0%| F|  |TAMS 0x00000000fe300000| PB 0x00000000fe300000| Untracked 
|  36|0x00000000fe400000, 0x00000000fe400000, 0x00000000fe500000|  0%| F|  |TAMS 0x00000000fe400000| PB 0x00000000fe400000| Untracked 
|  37|0x00000000fe500000, 0x00000000fe500000, 0x00000000fe600000|  0%| F|  |TAMS 0x00000000fe500000| PB 0x00000000fe500000| Untracked 
|  38|0x00000000fe600000, 0x00000000fe700000, 0x00000000fe700000|100%| S|CS|TAMS 0x00000000fe600000| PB 0x00000000fe600000| Complete 
|  39|0x00000000fe700000, 0x00000000fe800000, 0x00000000fe800000|100%| S|CS|TAMS 0x00000000fe700000| PB 0x00000000fe700000| Complete 
|  40|0x00000000fe800000, 0x00000000fe900000, 0x00000000fe900000|100%| S|CS|TAMS 0x00000000fe800000| PB 0x00000000fe800000| Complete 
|  41|0x00000000fe900000, 0x00000000fe900000, 0x00000000fea00000|  0%| F|  |TAMS 0x00000000fe900000| PB 0x00000000fe900000| Untracked 
|  42|0x00000000fea00000, 0x00000000fea00000, 0x00000000feb00000|  0%| F|  |TAMS 0x00000000fea00000| PB 0x00000000fea00000| Untracked 
|  43|0x00000000feb00000, 0x00000000feb00000, 0x00000000fec00000|  0%| F|  |TAMS 0x00000000feb00000| PB 0x00000000feb00000| Untracked 
|  44|0x00000000fec00000, 0x00000000fec00000, 0x00000000fed00000|  0%| F|  |TAMS 0x00000000fec00000| PB 0x00000000fec00000| Untracked 
|  45|0x00000000fed00000, 0x00000000fed00000, 0x00000000fee00000|  0%| F|  |TAMS 0x00000000fed00000| PB 0x00000000fed00000| Untracked 
|  46|0x00000000fee00000, 0x00000000fee00000, 0x00000000fef00000|  0%| F|  |TAMS 0x00000000fee00000| PB 0x00000000fee00000| Untracked 
|  47|0x00000000fef00000, 0x00000000fef00000, 0x00000000ff000000|  0%| F|  |TAMS 0x00000000fef00000| PB 0x00000000fef00000| Untracked 
|  48|0x00000000ff000000, 0x00000000ff000000, 0x00000000ff100000|  0%| F|  |TAMS 0x00000000ff000000| PB 0x00000000ff000000| Untracked 
|  49|0x00000000ff100000, 0x00000000ff100000, 0x00000000ff200000|  0%| F|  |TAMS 0x00000000ff100000| PB 0x00000000ff100000| Untracked 
|  50|0x00000000ff200000, 0x00000000ff266e90, 0x00000000ff300000| 40%| E|  |TAMS 0x00000000ff200000| PB 0x00000000ff200000| Complete 
|  51|0x00000000ff300000, 0x00000000ff400000, 0x00000000ff400000|100%| E|CS|TAMS 0x00000000ff300000| PB 0x00000000ff300000| Complete 
|  52|0x00000000ff400000, 0x00000000ff500000, 0x00000000ff500000|100%| E|CS|TAMS 0x00000000ff400000| PB 0x00000000ff400000| Complete 
|  53|0x00000000ff500000, 0x00000000ff600000, 0x00000000ff600000|100%| E|CS|TAMS 0x00000000ff500000| PB 0x00000000ff500000| Complete 
|  54|0x00000000ff600000, 0x00000000ff700000, 0x00000000ff700000|100%| E|CS|TAMS 0x00000000ff600000| PB 0x00000000ff600000| Complete 
|  55|0x00000000ff700000, 0x00000000ff800000, 0x00000000ff800000|100%| E|CS|TAMS 0x00000000ff700000| PB 0x00000000ff700000| Complete 
|  56|0x00000000ff800000, 0x00000000ff900000, 0x00000000ff900000|100%| E|CS|TAMS 0x00000000ff800000| PB 0x00000000ff800000| Complete 
|  57|0x00000000ff900000, 0x00000000ffa00000, 0x00000000ffa00000|100%| E|CS|TAMS 0x00000000ff900000| PB 0x00000000ff900000| Complete 
|  58|0x00000000ffa00000, 0x00000000ffb00000, 0x00000000ffb00000|100%| E|CS|TAMS 0x00000000ffa00000| PB 0x00000000ffa00000| Complete 
|  59|0x00000000ffb00000, 0x00000000ffc00000, 0x00000000ffc00000|100%| E|CS|TAMS 0x00000000ffb00000| PB 0x00000000ffb00000| Complete 
|  60|0x00000000ffc00000, 0x00000000ffd00000, 0x00000000ffd00000|100%| E|CS|TAMS 0x00000000ffc00000| PB 0x00000000ffc00000| Complete 
|  61|0x00000000ffd00000, 0x00000000ffe00000, 0x00000000ffe00000|100%| E|CS|TAMS 0x00000000ffd00000| PB 0x00000000ffd00000| Complete 
|  62|0x00000000ffe00000, 0x00000000fff00000, 0x00000000fff00000|100%| E|CS|TAMS 0x00000000ffe00000| PB 0x00000000ffe00000| Complete 
|  63|0x00000000fff00000, 0x0000000100000000, 0x0000000100000000|100%| E|CS|TAMS 0x00000000fff00000| PB 0x00000000fff00000| Complete 

Card table byte_map: [0x0000020cd3210000,0x0000020cd3230000] _byte_map_base: 0x0000020cd2a30000

Marking Bits: (CMBitMap*) 0x0000020cd32e9c50
 Bits: [0x0000020cea8d0000, 0x0000020cea9d0000)

Polling page: 0x0000020cd2a90000

Metaspace:

Usage:
  Non-class:      6.30 MB used.
      Class:      1.00 MB used.
       Both:      7.30 MB used.

Virtual space:
  Non-class space:       64.00 MB reserved,       6.44 MB ( 10%) committed,  1 nodes.
      Class space:        1.00 GB reserved,       1.12 MB ( <1%) committed,  1 nodes.
             Both:        1.06 GB reserved,       7.56 MB ( <1%) committed. 

Chunk freelists:
   Non-Class:  624.00 KB
       Class:  2.92 MB
        Both:  3.53 MB

MaxMetaspaceSize: unlimited
CompressedClassSpaceSize: 1.00 GB
Initial GC threshold: 21.00 MB
Current GC threshold: 21.00 MB
CDS: on
MetaspaceReclaimPolicy: balanced
 - commit_granule_bytes: 65536.
 - commit_granule_words: 8192.
 - virtual_space_node_default_size: 8388608.
 - enlarge_chunks_in_place: 1.
 - new_chunks_are_fully_committed: 0.
 - uncommit_free_chunks: 1.
 - use_allocation_guard: 0.


Internal statistics:

num_allocs_failed_limit: 0.
num_arena_births: 198.
num_arena_deaths: 0.
num_vsnodes_births: 2.
num_vsnodes_deaths: 0.
num_space_committed: 121.
num_space_uncommitted: 0.
num_chunks_returned_to_freelist: 0.
num_chunks_taken_from_freelist: 411.
num_chunk_merges: 0.
num_chunk_splits: 264.
num_chunks_enlarged: 195.
num_inconsistent_stats: 0.

CodeHeap 'non-profiled nmethods': size=120000Kb used=449Kb max_used=449Kb free=119550Kb
 bounds [0x0000020ce2e50000, 0x0000020ce30c0000, 0x0000020cea380000]
CodeHeap 'profiled nmethods': size=120000Kb used=2318Kb max_used=2318Kb free=117681Kb
 bounds [0x0000020cdb380000, 0x0000020cdb5f0000, 0x0000020ce28b0000]
CodeHeap 'non-nmethods': size=5760Kb used=1542Kb max_used=1562Kb free=4217Kb
 bounds [0x0000020ce28b0000, 0x0000020ce2b20000, 0x0000020ce2e50000]
 total_blobs=1711 nmethods=1238 adapters=384
 compilation: enabled
              stopped_count=0, restarted_count=0
 full_count=0

Compilation events (20 events):
Event: 53.800 Thread 0x0000020ced5b8460 1273       3       java.io.WinNTFileSystem::fromURIPath (89 bytes)
Event: 53.801 Thread 0x0000020ced5b8460 nmethod 1273 0x0000020cdb5bdf10 code [0x0000020cdb5be220, 0x0000020cdb5bf508]
Event: 53.801 Thread 0x0000020ced5b8460 1274       3       java.net.URI::isOpaque (13 bytes)
Event: 53.801 Thread 0x0000020ced5b8460 nmethod 1274 0x0000020cdb5bfc10 code [0x0000020cdb5bfda0, 0x0000020cdb5bff10]
Event: 53.801 Thread 0x0000020ced5b8460 1275  s    3       java.io.ByteArrayInputStream::read (73 bytes)
Event: 53.801 Thread 0x0000020ced5b8460 nmethod 1275 0x0000020cdb5bff90 code [0x0000020cdb5c0160, 0x0000020cdb5c0770]
Event: 53.802 Thread 0x0000020ced5afab0 nmethod 1269 0x0000020ce2ebe610 code [0x0000020ce2ebe7a0, 0x0000020ce2ebede0]
Event: 53.802 Thread 0x0000020ced5afab0 1276       4       java.io.File::equals (28 bytes)
Event: 53.812 Thread 0x0000020ced5afab0 nmethod 1276 0x0000020ce2ebf210 code [0x0000020ce2ebf3a0, 0x0000020ce2ebfa60]
Event: 53.818 Thread 0x0000020ced5b8460 1277       3       jdk.internal.perf.PerfCounter::increment (6 bytes)
Event: 53.819 Thread 0x0000020ced5b8460 nmethod 1277 0x0000020cdb5c0910 code [0x0000020cdb5c0aa0, 0x0000020cdb5c0be8]
Event: 53.820 Thread 0x0000020ced5b8460 1278       3       jdk.internal.misc.Unsafe::checkOffset (32 bytes)
Event: 53.820 Thread 0x0000020ced5b8460 nmethod 1278 0x0000020cdb5c0c90 code [0x0000020cdb5c0e40, 0x0000020cdb5c10b8]
Event: 53.830 Thread 0x0000020ced5b8460 1279       3       java.io.ByteArrayOutputStream::<init> (7 bytes)
Event: 53.830 Thread 0x0000020ced5b8460 nmethod 1279 0x0000020cdb5c1190 code [0x0000020cdb5c1320, 0x0000020cdb5c1460]
Event: 53.830 Thread 0x0000020ced5b8460 1280       3       java.io.ByteArrayOutputStream::<init> (43 bytes)
Event: 53.830 Thread 0x0000020ced5b8460 nmethod 1280 0x0000020cdb5c1510 code [0x0000020cdb5c1720, 0x0000020cdb5c1e98]
Event: 53.834 Thread 0x0000020ced5b8460 1281       3       java.net.URL::toURI (54 bytes)
Event: 53.835 Thread 0x0000020ced5b8460 nmethod 1281 0x0000020cdb5c2190 code [0x0000020cdb5c2460, 0x0000020cdb5c3460]
Event: 53.835 Thread 0x0000020ced5b8460 1282   !   3       java.util.jar.JarFile::getBytes (186 bytes)

GC Heap History (2 events):
Event: 19.578 GC heap before
{Heap before GC invocations=0 (full 0):
 garbage-first heap   total 65536K, used 26624K [0x00000000fc000000, 0x0000000100000000)
  region size 1024K, 23 young (23552K), 0 survivors (0K)
 Metaspace       used 4208K, committed 4480K, reserved 1114112K
  class space    used 567K, committed 704K, reserved 1048576K
}
Event: 27.589 GC heap after
{Heap after GC invocations=1 (full 0):
 garbage-first heap   total 65536K, used 10240K [0x00000000fc000000, 0x0000000100000000)
  region size 1024K, 3 young (3072K), 3 survivors (3072K)
 Metaspace       used 4208K, committed 4480K, reserved 1114112K
  class space    used 567K, committed 704K, reserved 1048576K
}

Dll operation events (11 events):
Event: 0.135 Loaded shared library C:\Program Files\Java\jdk-20\bin\java.dll
Event: 0.197 Loaded shared library C:\Program Files\Java\jdk-20\bin\jsvml.dll
Event: 0.344 Loaded shared library C:\Program Files\Java\jdk-20\bin\net.dll
Event: 0.774 Loaded shared library C:\Program Files\Java\jdk-20\bin\nio.dll
Event: 0.824 Loaded shared library C:\Program Files\Java\jdk-20\bin\zip.dll
Event: 2.991 Loaded shared library C:\Program Files\Java\jdk-20\bin\jimage.dll
Event: 3.384 Loaded shared library C:\Program Files\Java\jdk-20\bin\verify.dll
Event: 19.478 Loaded shared library C:\Users\Marcos\.gradle\native\68d5fa5c4cc2d200863cafc0d521ce42e7d3e7ee720ec0a83991735586a16f82\windows-amd64\native-platform.dll
Event: 28.995 Loaded shared library C:\Program Files\Java\jdk-20\bin\management.dll
Event: 29.008 Loaded shared library C:\Program Files\Java\jdk-20\bin\management_ext.dll
Event: 37.252 Loaded shared library C:\Program Files\Java\jdk-20\bin\extnet.dll

Deoptimization events (20 events):
Event: 38.709 Thread 0x0000020cd32c5860 DEOPT PACKING pc=0x0000020ce2e81350 sp=0x00000081571fd960
Event: 38.709 Thread 0x0000020cd32c5860 DEOPT UNPACKING pc=0x0000020ce28cd2a2 sp=0x00000081571fd898 mode 2
Event: 38.710 Thread 0x0000020cd32c5860 Uncommon trap: trap_request=0xffffffde fr.pc=0x0000020ce2e81350 relative=0x0000000000000850
Event: 38.710 Thread 0x0000020cd32c5860 Uncommon trap: reason=class_check action=maybe_recompile pc=0x0000020ce2e81350 method=java.util.HashMap.putVal(ILjava/lang/Object;Ljava/lang/Object;ZZ)Ljava/lang/Object; @ 91 c2
Event: 38.710 Thread 0x0000020cd32c5860 DEOPT PACKING pc=0x0000020ce2e81350 sp=0x00000081571fd960
Event: 38.710 Thread 0x0000020cd32c5860 DEOPT UNPACKING pc=0x0000020ce28cd2a2 sp=0x00000081571fd898 mode 2
Event: 41.451 Thread 0x0000020cd32c5860 DEOPT PACKING pc=0x0000020cdb454cda sp=0x00000081571fd930
Event: 41.451 Thread 0x0000020cd32c5860 DEOPT UNPACKING pc=0x0000020ce291e462 sp=0x00000081571fcdf0 mode 0
Event: 41.451 Thread 0x0000020cd32c5860 DEOPT PACKING pc=0x0000020cdb454cda sp=0x00000081571fd930
Event: 41.451 Thread 0x0000020cd32c5860 DEOPT UNPACKING pc=0x0000020ce291e462 sp=0x00000081571fcdf0 mode 0
Event: 50.774 Thread 0x0000020cd32c5860 DEOPT PACKING pc=0x0000020cdb454cda sp=0x00000081571fd380
Event: 50.774 Thread 0x0000020cd32c5860 DEOPT UNPACKING pc=0x0000020ce291e462 sp=0x00000081571fc840 mode 0
Event: 53.256 Thread 0x0000020cd32c5860 DEOPT PACKING pc=0x0000020cdb4355a5 sp=0x00000081571fd980
Event: 53.256 Thread 0x0000020cd32c5860 DEOPT UNPACKING pc=0x0000020ce291e462 sp=0x00000081571fce48 mode 0
Event: 53.260 Thread 0x0000020cd32c5860 DEOPT PACKING pc=0x0000020cdb4355a5 sp=0x00000081571fd3d0
Event: 53.260 Thread 0x0000020cd32c5860 DEOPT UNPACKING pc=0x0000020ce291e462 sp=0x00000081571fc898 mode 0
Event: 53.264 Thread 0x0000020cd32c5860 DEOPT PACKING pc=0x0000020cdb4355a5 sp=0x00000081571fd980
Event: 53.264 Thread 0x0000020cd32c5860 DEOPT UNPACKING pc=0x0000020ce291e462 sp=0x00000081571fce48 mode 0
Event: 53.719 Thread 0x0000020cd32c5860 DEOPT PACKING pc=0x0000020cdb4308be sp=0x00000081571fd8d0
Event: 53.719 Thread 0x0000020cd32c5860 DEOPT UNPACKING pc=0x0000020ce291e462 sp=0x00000081571fcdb8 mode 0

Classes loaded (20 events):
Event: 37.460 Loading class java/nio/channels/OverlappingFileLockException
Event: 37.462 Loading class java/nio/channels/OverlappingFileLockException done
Event: 37.595 Loading class java/io/EOFException
Event: 37.596 Loading class java/io/EOFException done
Event: 37.616 Loading class java/io/DataOutputStream
Event: 37.617 Loading class java/io/DataOutputStream done
Event: 37.618 Loading class java/net/DatagramPacket
Event: 37.618 Loading class java/net/DatagramPacket done
Event: 37.619 Loading class sun/nio/ch/Util
Event: 37.619 Loading class sun/nio/ch/Util done
Event: 37.619 Loading class sun/nio/ch/Util$1
Event: 37.620 Loading class sun/nio/ch/Util$1 done
Event: 37.620 Loading class sun/nio/ch/Util$BufferCache
Event: 37.622 Loading class sun/nio/ch/Util$BufferCache done
Event: 37.622 Loading class java/nio/DirectByteBuffer$Deallocator
Event: 37.623 Loading class java/nio/DirectByteBuffer$Deallocator done
Event: 37.624 Loading class sun/nio/ch/IOStatus
Event: 37.624 Loading class sun/nio/ch/IOStatus done
Event: 41.287 Loading class java/io/FileOutputStream$1
Event: 41.287 Loading class java/io/FileOutputStream$1 done

Classes unloaded (0 events):
No events

Classes redefined (0 events):
No events

Internal exceptions (19 events):
Event: 1.346 Thread 0x0000020cd32c5860 Exception <a 'java/lang/NoSuchMethodError'{0x00000000ffc1fa98}: 'void java.lang.invoke.DirectMethodHandle$Holder.invokeStatic(java.lang.Object, java.lang.Object)'> (0x00000000ffc1fa98) 
thrown [s\open\src\hotspot\share\interpreter\linkResolver.cpp, line 773]
Event: 1.347 Thread 0x0000020cd32c5860 Exception <a 'java/lang/NoSuchMethodError'{0x00000000ffc23618}: 'void java.lang.invoke.DirectMethodHandle$Holder.invokeSpecial(java.lang.Object, java.lang.Object, java.lang.Object)'> (0x00000000ffc23618) 
thrown [s\open\src\hotspot\share\interpreter\linkResolver.cpp, line 773]
Event: 1.668 Thread 0x0000020cd32c5860 Exception <a 'java/lang/NoSuchMethodError'{0x00000000ffcb4290}: 'void java.lang.invoke.DirectMethodHandle$Holder.invokeStatic(java.lang.Object, java.lang.Object, java.lang.Object)'> (0x00000000ffcb4290) 
thrown [s\open\src\hotspot\share\interpreter\linkResolver.cpp, line 773]
Event: 1.673 Thread 0x0000020cd32c5860 Exception <a 'java/lang/NoSuchMethodError'{0x00000000ffcc6980}: 'java.lang.Object java.lang.invoke.Invokers$Holder.invokeExact_MT(java.lang.Object, java.lang.Object, java.lang.Object, java.lang.Object, java.lang.Object)'> (0x00000000ffcc6980) 
thrown [s\open\src\hotspot\share\interpreter\linkResolver.cpp, line 773]
Event: 1.679 Thread 0x0000020cd32c5860 Exception <a 'java/lang/NoSuchMethodError'{0x00000000ffcf4690}: 'int java.lang.invoke.DirectMethodHandle$Holder.invokeStaticInit(java.lang.Object, java.lang.Object)'> (0x00000000ffcf4690) 
thrown [s\open\src\hotspot\share\interpreter\linkResolver.cpp, line 773]
Event: 19.430 Thread 0x0000020cd32c5860 Exception <a 'java/lang/NoClassDefFoundError'{0x00000000feb6bb10}: org/slf4j/impl/StaticMarkerBinder> (0x00000000feb6bb10) 
thrown [s\open\src\hotspot\share\classfile\systemDictionary.cpp, line 294]
Event: 19.445 Thread 0x0000020cd32c5860 Exception <a 'java/lang/NoSuchMethodError'{0x00000000febf4a70}: 'java.lang.Object java.lang.invoke.DirectMethodHandle$Holder.invokeVirtual(java.lang.Object, java.lang.Object, java.lang.Object, java.lang.Object, java.lang.Object, java.lang.Object, java.lang.Object)'> (0x00000000febf4a70) 
thrown [s\open\src\hotspot\share\interpreter\linkResolver.cpp, line 773]
Event: 19.447 Thread 0x0000020cd32c5860 Exception <a 'java/lang/NoSuchMethodError'{0x00000000fea07d18}: 'java.lang.Object java.lang.invoke.DirectMethodHandle$Holder.invokeStatic(java.lang.Object, java.lang.Object, int)'> (0x00000000fea07d18) 
thrown [s\open\src\hotspot\share\interpreter\linkResolver.cpp, line 773]
Event: 19.449 Thread 0x0000020cd32c5860 Exception <a 'java/lang/NoSuchMethodError'{0x00000000fea13168}: 'void java.lang.invoke.DelegatingMethodHandle$Holder.delegate(java.lang.Object, java.lang.Object, int, java.lang.Object)'> (0x00000000fea13168) 
thrown [s\open\src\hotspot\share\interpreter\linkResolver.cpp, line 773]
Event: 19.450 Thread 0x0000020cd32c5860 Exception <a 'java/lang/NoSuchMethodError'{0x00000000fea16f58}: 'int java.lang.invoke.DirectMethodHandle$Holder.invokeSpecial(java.lang.Object, java.lang.Object, java.lang.Object)'> (0x00000000fea16f58) 
thrown [s\open\src\hotspot\share\interpreter\linkResolver.cpp, line 773]
Event: 19.487 Thread 0x0000020cd32c5860 Exception <a 'java/lang/NoSuchMethodError'{0x00000000feaaed50}: 'java.lang.Object java.lang.invoke.DirectMethodHandle$Holder.invokeVirtual(java.lang.Object, java.lang.Object, java.lang.Object)'> (0x00000000feaaed50) 
thrown [s\open\src\hotspot\share\interpreter\linkResolver.cpp, line 773]
Event: 28.425 Thread 0x0000020cd32c5860 Exception <a 'java/lang/NoSuchMethodError'{0x00000000ffe57968}: 'java.lang.Object java.lang.invoke.DirectMethodHandle$Holder.invokeVirtual(java.lang.Object, java.lang.Object, java.lang.Object, java.lang.Object)'> (0x00000000ffe57968) 
thrown [s\open\src\hotspot\share\interpreter\linkResolver.cpp, line 773]
Event: 28.584 Thread 0x0000020cd32c5860 Exception <a 'java/lang/NoSuchMethodError'{0x00000000ffece108}: 'java.lang.Object java.lang.invoke.DirectMethodHandle$Holder.invokeVirtual(java.lang.Object, java.lang.Object, java.lang.Object, java.lang.Object, java.lang.Object, java.lang.Object)'> (0x00000000ffece108) 
thrown [s\open\src\hotspot\share\interpreter\linkResolver.cpp, line 773]
Event: 29.094 Thread 0x0000020cd32c5860 Exception <a 'java/lang/NoSuchMethodError'{0x00000000ffa62a30}: 'java.lang.Object java.lang.invoke.DirectMethodHandle$Holder.invokeVirtual(java.lang.Object, java.lang.Object, java.lang.Object, java.lang.Object, java.lang.Object)'> (0x00000000ffa62a30) 
thrown [s\open\src\hotspot\share\interpreter\linkResolver.cpp, line 773]
Event: 29.095 Thread 0x0000020cd32c5860 Exception <a 'java/lang/NoSuchMethodError'{0x00000000ffa75e70}: 'java.lang.Object java.lang.invoke.Invokers$Holder.invokeExact_MT(java.lang.Object, java.lang.Object, java.lang.Object, java.lang.Object, java.lang.Object, java.lang.Object)'> (0x00000000ffa75e70) 
thrown [s\open\src\hotspot\share\interpreter\linkResolver.cpp, line 773]
Event: 29.137 Thread 0x0000020cd32c5860 Exception <a 'java/lang/NoSuchMethodError'{0x00000000ff807e38}: 'java.lang.Object java.lang.invoke.DirectMethodHandle$Holder.invokeVirtual(java.lang.Object, java.lang.Object, java.lang.Object, java.lang.Object, java.lang.Object, java.lang.Object, java.lang.Object, java.lang.Object)'> (0x00000000ff807e38) 
thrown [s\open\src\hotspot\share\interpreter\linkResolver.cpp, line 773]
Event: 29.181 Thread 0x0000020cd32c5860 Exception <a 'java/lang/NoSuchMethodError'{0x00000000ff72f298}: 'java.lang.Object java.lang.invoke.DirectMethodHandle$Holder.invokeStaticInit(java.lang.Object, int, int, int, int)'> (0x00000000ff72f298) 
thrown [s\open\src\hotspot\share\interpreter\linkResolver.cpp, line 773]
Event: 29.473 Thread 0x0000020cd32c5860 Exception <a 'java/lang/NoSuchMethodError'{0x00000000ff7ee8b8}: 'java.lang.Object java.lang.invoke.DirectMethodHandle$Holder.invokeStaticInit(java.lang.Object, java.lang.Object, int, int, int, int)'> (0x00000000ff7ee8b8) 
thrown [s\open\src\hotspot\share\interpreter\linkResolver.cpp, line 773]
Event: 41.364 Thread 0x0000020cd32c5860 Exception <a 'java/lang/NoSuchMethodError'{0x00000000ff539e60}: 'void java.lang.invoke.DirectMethodHandle$Holder.invokeInterface(java.lang.Object, java.lang.Object, java.lang.Object)'> (0x00000000ff539e60) 
thrown [s\open\src\hotspot\share\interpreter\linkResolver.cpp, line 773]

VM Operations (20 events):
Event: 28.011 Executing VM operation: HandshakeAllThreads
Event: 28.011 Executing VM operation: HandshakeAllThreads done
Event: 29.012 Executing VM operation: Cleanup
Event: 29.030 Executing VM operation: Cleanup done
Event: 29.121 Executing VM operation: HandshakeAllThreads
Event: 29.121 Executing VM operation: HandshakeAllThreads done
Event: 30.136 Executing VM operation: Cleanup
Event: 30.136 Executing VM operation: Cleanup done
Event: 37.189 Executing VM operation: Cleanup
Event: 37.204 Executing VM operation: Cleanup done
Event: 38.207 Executing VM operation: Cleanup
Event: 38.207 Executing VM operation: Cleanup done
Event: 41.232 Executing VM operation: Cleanup
Event: 41.271 Executing VM operation: Cleanup done
Event: 42.277 Executing VM operation: Cleanup
Event: 42.277 Executing VM operation: Cleanup done
Event: 45.312 Executing VM operation: Cleanup
Event: 45.313 Executing VM operation: Cleanup done
Event: 47.335 Executing VM operation: Cleanup
Event: 47.336 Executing VM operation: Cleanup done

Events (12 events):
Event: 0.198 Thread 0x0000020cd32c5860 Thread added: 0x0000020cd32c5860
Event: 0.258 Thread 0x0000020ced5a6090 Thread added: 0x0000020ced5a6090
Event: 0.258 Thread 0x0000020ced5a6f80 Thread added: 0x0000020ced5a6f80
Event: 0.258 Thread 0x0000020ced5a7e70 Thread added: 0x0000020ced5a7e70
Event: 0.259 Thread 0x0000020ced5ab9c0 Thread added: 0x0000020ced5ab9c0
Event: 0.259 Thread 0x0000020ced5ac3f0 Thread added: 0x0000020ced5ac3f0
Event: 0.259 Thread 0x0000020ced5ade30 Thread added: 0x0000020ced5ade30
Event: 0.259 Thread 0x0000020ced5afab0 Thread added: 0x0000020ced5afab0
Event: 0.284 Thread 0x0000020ced5b8460 Thread added: 0x0000020ced5b8460
Event: 0.313 Thread 0x0000020ced627c30 Thread added: 0x0000020ced627c30
Event: 0.329 Thread 0x0000020ced631ba0 Thread added: 0x0000020ced631ba0
Event: 19.507 Thread 0x0000020cf1b0c430 Thread added: 0x0000020cf1b0c430


Dynamic libraries:
0x00007ff773d50000 - 0x00007ff773d60000 	C:\Program Files\Java\jdk-20\bin\java.exe
0x00007ffce2210000 - 0x00007ffce2408000 	C:\Windows\SYSTEM32\ntdll.dll
0x00007ffce1200000 - 0x00007ffce12bd000 	C:\Windows\System32\KERNEL32.DLL
0x00007ffcdfaf0000 - 0x00007ffcdfde6000 	C:\Windows\System32\KERNELBASE.dll
0x00007ffce0050000 - 0x00007ffce0150000 	C:\Windows\System32\ucrtbase.dll
0x00007ffcccb50000 - 0x00007ffcccb69000 	C:\Program Files\Java\jdk-20\bin\jli.dll
0x00007ffce1070000 - 0x00007ffce111e000 	C:\Windows\System32\ADVAPI32.dll
0x00007ffce0aa0000 - 0x00007ffce0b3e000 	C:\Windows\System32\msvcrt.dll
0x00007ffccde60000 - 0x00007ffccde7b000 	C:\Program Files\Java\jdk-20\bin\VCRUNTIME140.dll
0x00007ffce12c0000 - 0x00007ffce135c000 	C:\Windows\System32\sechost.dll
0x00007ffce0960000 - 0x00007ffce0a86000 	C:\Windows\System32\RPCRT4.dll
0x00007ffce2000000 - 0x00007ffce219e000 	C:\Windows\System32\USER32.dll
0x00007ffcc0620000 - 0x00007ffcc08ba000 	C:\Windows\WinSxS\amd64_microsoft.windows.common-controls_6595b64144ccf1df_6.0.19041.1110_none_60b5254171f9507e\COMCTL32.dll
0x00007ffcdf8f0000 - 0x00007ffcdf912000 	C:\Windows\System32\win32u.dll
0x00007ffce21a0000 - 0x00007ffce21cc000 	C:\Windows\System32\GDI32.dll
0x00007ffce0150000 - 0x00007ffce026a000 	C:\Windows\System32\gdi32full.dll
0x00007ffcdfa00000 - 0x00007ffcdfa9d000 	C:\Windows\System32\msvcp_win.dll
0x00007ffcd6640000 - 0x00007ffcd664a000 	C:\Windows\SYSTEM32\VERSION.dll
0x00007ffce0800000 - 0x00007ffce0830000 	C:\Windows\System32\IMM32.DLL
0x00007ffcc62e0000 - 0x00007ffcc62ec000 	C:\Program Files\Java\jdk-20\bin\vcruntime140_1.dll
0x00007ffc94330000 - 0x00007ffc943be000 	C:\Program Files\Java\jdk-20\bin\msvcp140.dll
0x00007ffc68c40000 - 0x00007ffc698d7000 	C:\Program Files\Java\jdk-20\bin\server\jvm.dll
0x00007ffcc5d10000 - 0x00007ffcc5d19000 	C:\Windows\SYSTEM32\WSOCK32.dll
0x00007ffce0bf0000 - 0x00007ffce0c5b000 	C:\Windows\System32\WS2_32.dll
0x00007ffcc7730000 - 0x00007ffcc7757000 	C:\Windows\SYSTEM32\WINMM.dll
0x00007ffcde110000 - 0x00007ffcde122000 	C:\Windows\SYSTEM32\kernel.appcore.dll
0x00007ffcbdff0000 - 0x00007ffcbdffa000 	C:\Program Files\Java\jdk-20\bin\jimage.dll
0x00007ffcdd670000 - 0x00007ffcdd854000 	C:\Windows\SYSTEM32\DBGHELP.DLL
0x00007ffcb95e0000 - 0x00007ffcb9614000 	C:\Windows\SYSTEM32\dbgcore.DLL
0x00007ffcdffc0000 - 0x00007ffce0042000 	C:\Windows\System32\bcryptPrimitives.dll
0x00007ffca70b0000 - 0x00007ffca70d6000 	C:\Program Files\Java\jdk-20\bin\java.dll
0x00007ffc862b0000 - 0x00007ffc86387000 	C:\Program Files\Java\jdk-20\bin\jsvml.dll
0x00007ffce1360000 - 0x00007ffce1aa5000 	C:\Windows\System32\SHELL32.dll
0x00007ffcdd860000 - 0x00007ffcddffb000 	C:\Windows\SYSTEM32\windows.storage.dll
0x00007ffce04a0000 - 0x00007ffce07f4000 	C:\Windows\System32\combase.dll
0x00007ffcdf330000 - 0x00007ffcdf35e000 	C:\Windows\SYSTEM32\Wldp.dll
0x00007ffce0fc0000 - 0x00007ffce106d000 	C:\Windows\System32\SHCORE.dll
0x00007ffce0270000 - 0x00007ffce02c5000 	C:\Windows\System32\shlwapi.dll
0x00007ffcdf820000 - 0x00007ffcdf845000 	C:\Windows\SYSTEM32\profapi.dll
0x00007ffcb0550000 - 0x00007ffcb0563000 	C:\Program Files\Java\jdk-20\bin\net.dll
0x00007ffcd3f70000 - 0x00007ffcd407a000 	C:\Windows\SYSTEM32\WINHTTP.dll
0x00007ffcdf090000 - 0x00007ffcdf0fa000 	C:\Windows\system32\mswsock.dll
0x00007ffcb02a0000 - 0x00007ffcb02b6000 	C:\Program Files\Java\jdk-20\bin\nio.dll
0x00007ffcab550000 - 0x00007ffcab568000 	C:\Program Files\Java\jdk-20\bin\zip.dll
0x00007ffcbdc90000 - 0x00007ffcbdca0000 	C:\Program Files\Java\jdk-20\bin\verify.dll
0x00007ffcb1cd0000 - 0x00007ffcb1cf7000 	C:\Users\Marcos\.gradle\native\68d5fa5c4cc2d200863cafc0d521ce42e7d3e7ee720ec0a83991735586a16f82\windows-amd64\native-platform.dll
0x00007ffcc1020000 - 0x00007ffcc102a000 	C:\Program Files\Java\jdk-20\bin\management.dll
0x00007ffcc1010000 - 0x00007ffcc101b000 	C:\Program Files\Java\jdk-20\bin\management_ext.dll
0x00007ffce0950000 - 0x00007ffce0958000 	C:\Windows\System32\PSAPI.DLL
0x00007ffcdf280000 - 0x00007ffcdf298000 	C:\Windows\SYSTEM32\CRYPTSP.dll
0x00007ffcde930000 - 0x00007ffcde964000 	C:\Windows\system32\rsaenh.dll
0x00007ffcdf920000 - 0x00007ffcdf947000 	C:\Windows\System32\bcrypt.dll
0x00007ffcdf7e0000 - 0x00007ffcdf80e000 	C:\Windows\SYSTEM32\USERENV.dll
0x00007ffcdf2a0000 - 0x00007ffcdf2ac000 	C:\Windows\SYSTEM32\CRYPTBASE.dll
0x00007ffcded30000 - 0x00007ffcded6b000 	C:\Windows\SYSTEM32\IPHLPAPI.DLL
0x00007ffce0400000 - 0x00007ffce0408000 	C:\Windows\System32\NSI.dll
0x00007ffcd4820000 - 0x00007ffcd4837000 	C:\Windows\SYSTEM32\dhcpcsvc6.DLL
0x00007ffcd4c40000 - 0x00007ffcd4c5d000 	C:\Windows\SYSTEM32\dhcpcsvc.DLL
0x00007ffcded70000 - 0x00007ffcdee3a000 	C:\Windows\SYSTEM32\DNSAPI.dll
0x00007ffcc1000000 - 0x00007ffcc1007000 	C:\Program Files\Java\jdk-20\bin\extnet.dll

dbghelp: loaded successfully - version: 4.0.5 - missing functions: none
symbol engine: initialized successfully - sym options: 0x614 - pdb path: .;C:\Program Files\Java\jdk-20\bin;C:\Windows\SYSTEM32;C:\Windows\WinSxS\amd64_microsoft.windows.common-controls_6595b64144ccf1df_6.0.19041.1110_none_60b5254171f9507e;C:\Program Files\Java\jdk-20\bin\server;C:\Users\Marcos\.gradle\native\68d5fa5c4cc2d200863cafc0d521ce42e7d3e7ee720ec0a83991735586a16f82\windows-amd64

VM Arguments:
jvm_args: -Xmx64m -Xms64m -Dorg.gradle.appname=gradlew 
java_command: org.gradle.wrapper.GradleWrapperMain tasks
java_class_path (initial): C:\AppProjeto\trabalhoTamagochi\android\\gradle\wrapper\gradle-wrapper.jar
Launcher Type: SUN_STANDARD

[Global flags]
     intx CICompilerCount                          = 4                                         {product} {ergonomic}
     uint ConcGCThreads                            = 3                                         {product} {ergonomic}
     uint G1ConcRefinementThreads                  = 10                                        {product} {ergonomic}
   size_t G1HeapRegionSize                         = 1048576                                   {product} {ergonomic}
    uintx GCDrainStackTargetSize                   = 64                                        {product} {ergonomic}
   size_t InitialHeapSize                          = 67108864                                  {product} {command line}
   size_t MarkStackSize                            = 4194304                                   {product} {ergonomic}
   size_t MaxHeapSize                              = 67108864                                  {product} {command line}
   size_t MaxNewSize                               = 39845888                                  {product} {ergonomic}
   size_t MinHeapDeltaBytes                        = 1048576                                   {product} {ergonomic}
   size_t MinHeapSize                              = 67108864                                  {product} {command line}
    uintx NonNMethodCodeHeapSize                   = 5839372                                {pd product} {ergonomic}
    uintx NonProfiledCodeHeapSize                  = 122909434                              {pd product} {ergonomic}
    uintx ProfiledCodeHeapSize                     = 122909434                              {pd product} {ergonomic}
    uintx ReservedCodeCacheSize                    = 251658240                              {pd product} {ergonomic}
     bool SegmentedCodeCache                       = true                                      {product} {ergonomic}
   size_t SoftMaxHeapSize                          = 67108864                               {manageable} {ergonomic}
     bool UseCompressedClassPointers               = true                           {product lp64_product} {ergonomic}
     bool UseCompressedOops                        = true                           {product lp64_product} {ergonomic}
     bool UseG1GC                                  = true                                      {product} {ergonomic}
     bool UseLargePagesIndividualAllocation        = false                                  {pd product} {ergonomic}

Logging:
Log output configuration:
 #0: stdout all=warning uptime,level,tags foldmultilines=false
 #1: stderr all=off uptime,level,tags foldmultilines=false

Environment Variables:
CLASSPATH=C:\AppProjeto\trabalhoTamagochi\android\\gradle\wrapper\gradle-wrapper.jar
PATH=C:\AppProjeto\trabalhoTamagochi\node_modules\.bin;C:\AppProjeto\trabalhoTamagochi\node_modules\.bin;C:\AppProjeto\node_modules\.bin;C:\node_modules\.bin;C:\Program Files\nodejs\node_modules\npm\node_modules\@npmcli\run-script\lib\node-gyp-bin;C:\Users\Marcos\AppData\Local\Temp\yarn--1695502070797-0.28990210376302117;C:\AppProjeto\trabalhoTamagochi\node_modules\.bin;C:\Users\Marcos\AppData\Local\Yarn\Data\link\node_modules\.bin;C:\Users\Marcos\AppData\Local\Yarn\bin;C:\Program Files\libexec\lib\node_modules\npm\bin\node-gyp-bin;C:\Program Files\lib\node_modules\npm\bin\node-gyp-bin;C:\Program Files\nodejs\node_modules\npm\bin\node-gyp-bin;C:\Program Files\Common Files\Oracle\Java\javapath;C:\Program Files (x86)\Common Files\Oracle\Java\javapath;C:\Windows\system32;C:\Windows;C:\Windows\System32\Wbem;C:\Windows\System32\WindowsPowerShell\v1.0\;C:\Windows\System32\OpenSSH\;C:\Program Files\NVIDIA Corporation\NVIDIA NvDLISR;C:\Program Files\nodejs\;C:\ProgramData\chocolatey\bin;C:\xampp\php;C:\Program Files (x86)\NVIDIA Corporation\PhysX\Common;C:\Program Files\Git\cmd;C:\Users\Marcos\AppData\Local\Microsoft\WindowsApps;C:\Users\Marcos\AppData\Local\Programs\Microsoft VS Code\bin;C:\Users\Marcos\AppData\Roaming\npm;C:\Program Files\JetBrains\IntelliJ IDEA Community Edition 2023.1\bin;;C:\xampp\php;C:\Users\Marcos\AppData\Local\GitHubDesktop\bin;C:\Users\Marcos\AppData\Local\Android\Sdk\platform-tools;
USERNAME=Marcos
LANG=en_US.UTF-8
OS=Windows_NT
PROCESSOR_IDENTIFIER=Intel64 Family 6 Model 141 Stepping 1, GenuineIntel
TMP=C:\Users\Marcos\AppData\Local\Temp
TEMP=C:\Users\Marcos\AppData\Local\Temp




---------------  S Y S T E M  ---------------

OS:
 Windows 10 , 64 bit Build 19041 (10.0.19041.3393)
OS uptime: 5 days 11:02 hours

CPU: total 12 (initial active 12) (6 cores per cpu, 2 threads per core) family 6 model 141 stepping 1 microcode 0x3c, cx8, cmov, fxsr, ht, mmx, 3dnowpref, sse, sse2, sse3, ssse3, sse4.1, sse4.2, popcnt, lzcnt, tsc, tscinvbit, avx, avx2, aes, erms, clmul, bmi1, bmi2, adx, avx512f, avx512dq, avx512cd, avx512bw, avx512vl, sha, fma, vzeroupper, avx512_vpopcntdq, avx512_vpclmulqdq, avx512_vaes, avx512_vnni, clflush, clflushopt, clwb, avx512_vbmi2, avx512_vbmi, rdtscp, rdpid, fsrm, gfni, avx512_bitalg, f16c, pku, cet_ibt, cet_ss, avx512_ifma

Memory: 4k page, system-wide physical 16163M (2M free)
TotalPageFile size 65315M (AvailPageFile size 0M)
current process WorkingSet (physical memory assigned to process): 23M, peak: 71M
current process commit charge ("private bytes"): 164M, peak: 168M

vm_info: Java HotSpot(TM) 64-Bit Server VM (20+36-2344) for windows-amd64 JRE (20+36-2344), built on 2023-02-10T19:30:15Z by "mach5one" with MS VC++ 17.1 (VS2022)

END.
