#
# There is insufficient memory for the Java Runtime Environment to continue.
# Native memory allocation (malloc) failed to allocate 32744 bytes for Chunk::new
# Possible reasons:
#   The system is out of physical RAM or swap space
#   The process is running with CompressedOops enabled, and the Java Heap may be blocking the growth of the native heap
# Possible solutions:
#   Reduce memory load on the system
#   Increase physical memory or swap space
#   Check if swap backing store is full
#   Decrease Java heap size (-Xmx/-Xms)
#   Decrease number of Java threads
#   Decrease Java thread stack sizes (-Xss)
#   Set larger code cache with -XX:ReservedCodeCacheSize=
#   JVM is running with Unscaled Compressed Oops mode in which the Java heap is
#     placed in the first 4GB address space. The Java Heap base address is the
#     maximum limit for the native heap growth. Please use -XX:HeapBaseMinAddress
#     to set the Java Heap base and to place the Java Heap above 4GB virtual address.
# This output file may be truncated or incomplete.
#
#  Out of Memory Error (arena.cpp:184), pid=48384, tid=51928
#
# JRE version: Java(TM) SE Runtime Environment (20.0+36) (build 20+36-2344)
# Java VM: Java HotSpot(TM) 64-Bit Server VM (20+36-2344, mixed mode, sharing, tiered, compressed oops, compressed class ptrs, g1 gc, windows-amd64)
# No core dump will be written. Minidumps are not enabled by default on client versions of Windows
#

---------------  S U M M A R Y ------------

Command Line: -Xmx64m -Xms64m -Dorg.gradle.appname=gradlew org.gradle.wrapper.GradleWrapperMain tasks

Host: 11th Gen Intel(R) Core(TM) i5-11400H @ 2.70GHz, 12 cores, 15G,  Windows 10 , 64 bit Build 19041 (10.0.19041.3393)
Time: Mon Sep 25 07:40:54 2023 Hora oficial do Brasil elapsed time: 52.796827 seconds (0d 0h 0m 52s)

---------------  T H R E A D  ---------------

Current thread (0x0000019dd2d06fe0):  JavaThread "C1 CompilerThread0" daemon [_thread_in_native, id=51928, stack(0x0000004f0bf00000,0x0000004f0c000000)]


Current CompileTask:
C1:  52796 1294       3       java.net.URLStreamHandler::parseURL (1124 bytes)

Stack: [0x0000004f0bf00000,0x0000004f0c000000]
Native frames: (J=compiled Java code, j=interpreted, Vv=VM code, C=native code)
V  [jvm.dll+0x6bb95a]
V  [jvm.dll+0x8483aa]
V  [jvm.dll+0x849fa5]
V  [jvm.dll+0x84a6a3]
V  [jvm.dll+0x280b0f]
V  [jvm.dll+0xc2b11]
V  [jvm.dll+0xc2e35]
V  [jvm.dll+0x165d70]
V  [jvm.dll+0x15c1f7]
V  [jvm.dll+0x167ec6]
V  [jvm.dll+0x16aef7]
V  [jvm.dll+0x16a925]
V  [jvm.dll+0x162405]
V  [jvm.dll+0x164687]
V  [jvm.dll+0x162ca5]
V  [jvm.dll+0x15cafa]
V  [jvm.dll+0x16c606]
V  [jvm.dll+0x157d40]
V  [jvm.dll+0x1580c3]
V  [jvm.dll+0x158384]
V  [jvm.dll+0x1577c6]
V  [jvm.dll+0x1594fd]
V  [jvm.dll+0x259e1b]
V  [jvm.dll+0x2584f0]
V  [jvm.dll+0x3f2895]
V  [jvm.dll+0x7f4906]
V  [jvm.dll+0x6ba5cb]
C  [ucrtbase.dll+0x21bb2]
C  [KERNEL32.DLL+0x17344]
C  [ntdll.dll+0x526b1]


---------------  P R O C E S S  ---------------

Threads class SMR info:
_java_thread_list=0x0000019dd2da6870, length=12, elements={
0x0000019db8a22860, 0x0000019db8aee4a0, 0x0000019dd2cf93e0, 0x0000019dd2cfa2d0,
0x0000019dd2cfde20, 0x0000019dd2cfe850, 0x0000019dd2d00290, 0x0000019dd2d02310,
0x0000019dd2d06fe0, 0x0000019dd2d72090, 0x0000019dd2d7d8b0, 0x0000019dd7806d30
}

Java Threads: ( => current thread )
  0x0000019db8a22860 JavaThread "main" [_thread_in_native, id=51440, stack(0x0000004f0b100000,0x0000004f0b200000)]
  0x0000019db8aee4a0 JavaThread "Reference Handler" daemon [_thread_blocked, id=51900, stack(0x0000004f0b800000,0x0000004f0b900000)]
  0x0000019dd2cf93e0 JavaThread "Finalizer" daemon [_thread_blocked, id=51904, stack(0x0000004f0b900000,0x0000004f0ba00000)]
  0x0000019dd2cfa2d0 JavaThread "Signal Dispatcher" daemon [_thread_blocked, id=51908, stack(0x0000004f0ba00000,0x0000004f0bb00000)]
  0x0000019dd2cfde20 JavaThread "Attach Listener" daemon [_thread_blocked, id=51912, stack(0x0000004f0bb00000,0x0000004f0bc00000)]
  0x0000019dd2cfe850 JavaThread "Service Thread" daemon [_thread_blocked, id=51916, stack(0x0000004f0bc00000,0x0000004f0bd00000)]
  0x0000019dd2d00290 JavaThread "Monitor Deflation Thread" daemon [_thread_blocked, id=51920, stack(0x0000004f0bd00000,0x0000004f0be00000)]
  0x0000019dd2d02310 JavaThread "C2 CompilerThread0" daemon [_thread_blocked, id=51924, stack(0x0000004f0be00000,0x0000004f0bf00000)]
=>0x0000019dd2d06fe0 JavaThread "C1 CompilerThread0" daemon [_thread_in_native, id=51928, stack(0x0000004f0bf00000,0x0000004f0c000000)]
  0x0000019dd2d72090 JavaThread "Notification Thread" daemon [_thread_blocked, id=52044, stack(0x0000004f0c000000,0x0000004f0c100000)]
  0x0000019dd2d7d8b0 JavaThread "Common-Cleaner" daemon [_thread_blocked, id=52100, stack(0x0000004f0c200000,0x0000004f0c300000)]
  0x0000019dd7806d30 JavaThread "pool-1-thread-1" [_thread_blocked, id=38528, stack(0x0000004f0c300000,0x0000004f0c400000)]

Other Threads:
  0x0000019db8adb3d0 VMThread "VM Thread" [stack: 0x0000004f0b700000,0x0000004f0b800000] [id=51796]
  0x0000019dd2d75e90 WatcherThread "VM Periodic Task Thread" [stack: 0x0000004f0c100000,0x0000004f0c200000] [id=52048]
  0x0000019db8a49630 WorkerThread "GC Thread#0" [stack: 0x0000004f0b200000,0x0000004f0b300000] [id=51536]
  0x0000019dd7327a20 WorkerThread "GC Thread#1" [stack: 0x0000004f0c400000,0x0000004f0c500000] [id=38100]
  0x0000019dd7328560 WorkerThread "GC Thread#2" [stack: 0x0000004f0c500000,0x0000004f0c600000] [id=6956]
  0x0000019dd7327fc0 WorkerThread "GC Thread#3" [stack: 0x0000004f0c600000,0x0000004f0c700000] [id=32112]
  0x0000019dd7327cf0 WorkerThread "GC Thread#4" [stack: 0x0000004f0c700000,0x0000004f0c800000] [id=57492]
  0x0000019dd7328290 WorkerThread "GC Thread#5" [stack: 0x0000004f0c800000,0x0000004f0c900000] [id=57496]
  0x0000019db8a4ad40 ConcurrentGCThread "G1 Main Marker" [stack: 0x0000004f0b300000,0x0000004f0b400000] [id=51544]
  0x0000019db8a4b770 WorkerThread "G1 Conc#0" [stack: 0x0000004f0b400000,0x0000004f0b500000] [id=51552]
  0x0000019db8ab72f0 ConcurrentGCThread "G1 Refine#0" [stack: 0x0000004f0b500000,0x0000004f0b600000] [id=51560]
  0x0000019db8ab7d90 ConcurrentGCThread "G1 Service" [stack: 0x0000004f0b600000,0x0000004f0b700000] [id=51564]

Threads with active compile tasks:
C1 CompilerThread0    53250 1294       3       java.net.URLStreamHandler::parseURL (1124 bytes)

VM state: not at safepoint (normal execution)

VM Mutex/Monitor currently owned by a thread: None

Heap address: 0x00000000fc000000, size: 64 MB, Compressed Oops mode: 32-bit

CDS archive(s) mapped at: [0x0000000800000000-0x0000000800c60000-0x0000000800c60000), size 12976128, SharedBaseAddress: 0x0000000800000000, ArchiveRelocationMode: 0.
Compressed class space mapped at: 0x0000000801000000-0x0000000841000000, reserved size: 1073741824
Narrow klass base: 0x0000000800000000, Narrow klass shift: 0, Narrow klass range: 0x100000000

GC Precious Log:
 CardTable entry size: 512
 Card Set container configuration: InlinePtr #cards 5 size 8 Array Of Cards #cards 12 size 40 Howl #buckets 4 coarsen threshold 1843 Howl Bitmap #cards 512 size 80 coarsen threshold 460 Card regions per heap region 1 cards per card region 2048
 CPUs: 12 total, 12 available
 Memory: 16163M
 Large Page Support: Disabled
 NUMA Support: Disabled
 Compressed Oops: Enabled (32-bit)
 Heap Region Size: 1M
 Heap Min Capacity: 64M
 Heap Initial Capacity: 64M
 Heap Max Capacity: 64M
 Pre-touch: Disabled
 Parallel Workers: 10
 Concurrent Workers: 3
 Concurrent Refinement Workers: 10
 Periodic GC: Disabled

Heap:
 garbage-first heap   total 65536K, used 21584K [0x00000000fc000000, 0x0000000100000000)
  region size 1024K, 15 young (15360K), 3 survivors (3072K)
 Metaspace       used 7477K, committed 7808K, reserved 1114112K
  class space    used 1025K, committed 1152K, reserved 1048576K

Heap Regions: E=young(eden), S=young(survivor), O=old, HS=humongous(starts), HC=humongous(continues), CS=collection set, F=free, OA=open archive, CA=closed archive, TAMS=top-at-mark-start, PB=parsable bottom
|   0|0x00000000fc000000, 0x00000000fc100000, 0x00000000fc100000|100%|HS|  |TAMS 0x00000000fc000000| PB 0x00000000fc000000| Complete 
|   1|0x00000000fc100000, 0x00000000fc200000, 0x00000000fc200000|100%|HC|  |TAMS 0x00000000fc100000| PB 0x00000000fc100000| Complete 
|   2|0x00000000fc200000, 0x00000000fc300000, 0x00000000fc300000|100%|HC|  |TAMS 0x00000000fc200000| PB 0x00000000fc200000| Complete 
|   3|0x00000000fc300000, 0x00000000fc400000, 0x00000000fc400000|100%|HC|  |TAMS 0x00000000fc300000| PB 0x00000000fc300000| Complete 
|   4|0x00000000fc400000, 0x00000000fc500000, 0x00000000fc500000|100%| O|  |TAMS 0x00000000fc400000| PB 0x00000000fc400000| Untracked 
|   5|0x00000000fc500000, 0x00000000fc600000, 0x00000000fc600000|100%| O|  |TAMS 0x00000000fc500000| PB 0x00000000fc500000| Untracked 
|   6|0x00000000fc600000, 0x00000000fc700000, 0x00000000fc700000|100%| O|  |TAMS 0x00000000fc600000| PB 0x00000000fc600000| Untracked 
|   7|0x00000000fc700000, 0x00000000fc714000, 0x00000000fc800000|  7%| O|  |TAMS 0x00000000fc700000| PB 0x00000000fc700000| Untracked 
|   8|0x00000000fc800000, 0x00000000fc800000, 0x00000000fc900000|  0%| F|  |TAMS 0x00000000fc800000| PB 0x00000000fc800000| Untracked 
|   9|0x00000000fc900000, 0x00000000fc900000, 0x00000000fca00000|  0%| F|  |TAMS 0x00000000fc900000| PB 0x00000000fc900000| Untracked 
|  10|0x00000000fca00000, 0x00000000fca00000, 0x00000000fcb00000|  0%| F|  |TAMS 0x00000000fca00000| PB 0x00000000fca00000| Untracked 
|  11|0x00000000fcb00000, 0x00000000fcb00000, 0x00000000fcc00000|  0%| F|  |TAMS 0x00000000fcb00000| PB 0x00000000fcb00000| Untracked 
|  12|0x00000000fcc00000, 0x00000000fcc00000, 0x00000000fcd00000|  0%| F|  |TAMS 0x00000000fcc00000| PB 0x00000000fcc00000| Untracked 
|  13|0x00000000fcd00000, 0x00000000fcd00000, 0x00000000fce00000|  0%| F|  |TAMS 0x00000000fcd00000| PB 0x00000000fcd00000| Untracked 
|  14|0x00000000fce00000, 0x00000000fce00000, 0x00000000fcf00000|  0%| F|  |TAMS 0x00000000fce00000| PB 0x00000000fce00000| Untracked 
|  15|0x00000000fcf00000, 0x00000000fcf00000, 0x00000000fd000000|  0%| F|  |TAMS 0x00000000fcf00000| PB 0x00000000fcf00000| Untracked 
|  16|0x00000000fd000000, 0x00000000fd000000, 0x00000000fd100000|  0%| F|  |TAMS 0x00000000fd000000| PB 0x00000000fd000000| Untracked 
|  17|0x00000000fd100000, 0x00000000fd100000, 0x00000000fd200000|  0%| F|  |TAMS 0x00000000fd100000| PB 0x00000000fd100000| Untracked 
|  18|0x00000000fd200000, 0x00000000fd200000, 0x00000000fd300000|  0%| F|  |TAMS 0x00000000fd200000| PB 0x00000000fd200000| Untracked 
|  19|0x00000000fd300000, 0x00000000fd300000, 0x00000000fd400000|  0%| F|  |TAMS 0x00000000fd300000| PB 0x00000000fd300000| Untracked 
|  20|0x00000000fd400000, 0x00000000fd400000, 0x00000000fd500000|  0%| F|  |TAMS 0x00000000fd400000| PB 0x00000000fd400000| Untracked 
|  21|0x00000000fd500000, 0x00000000fd500000, 0x00000000fd600000|  0%| F|  |TAMS 0x00000000fd500000| PB 0x00000000fd500000| Untracked 
|  22|0x00000000fd600000, 0x00000000fd600000, 0x00000000fd700000|  0%| F|  |TAMS 0x00000000fd600000| PB 0x00000000fd600000| Untracked 
|  23|0x00000000fd700000, 0x00000000fd700000, 0x00000000fd800000|  0%| F|  |TAMS 0x00000000fd700000| PB 0x00000000fd700000| Untracked 
|  24|0x00000000fd800000, 0x00000000fd800000, 0x00000000fd900000|  0%| F|  |TAMS 0x00000000fd800000| PB 0x00000000fd800000| Untracked 
|  25|0x00000000fd900000, 0x00000000fd900000, 0x00000000fda00000|  0%| F|  |TAMS 0x00000000fd900000| PB 0x00000000fd900000| Untracked 
|  26|0x00000000fda00000, 0x00000000fda00000, 0x00000000fdb00000|  0%| F|  |TAMS 0x00000000fda00000| PB 0x00000000fda00000| Untracked 
|  27|0x00000000fdb00000, 0x00000000fdb00000, 0x00000000fdc00000|  0%| F|  |TAMS 0x00000000fdb00000| PB 0x00000000fdb00000| Untracked 
|  28|0x00000000fdc00000, 0x00000000fdc00000, 0x00000000fdd00000|  0%| F|  |TAMS 0x00000000fdc00000| PB 0x00000000fdc00000| Untracked 
|  29|0x00000000fdd00000, 0x00000000fdd00000, 0x00000000fde00000|  0%| F|  |TAMS 0x00000000fdd00000| PB 0x00000000fdd00000| Untracked 
|  30|0x00000000fde00000, 0x00000000fde00000, 0x00000000fdf00000|  0%| F|  |TAMS 0x00000000fde00000| PB 0x00000000fde00000| Untracked 
|  31|0x00000000fdf00000, 0x00000000fdf00000, 0x00000000fe000000|  0%| F|  |TAMS 0x00000000fdf00000| PB 0x00000000fdf00000| Untracked 
|  32|0x00000000fe000000, 0x00000000fe000000, 0x00000000fe100000|  0%| F|  |TAMS 0x00000000fe000000| PB 0x00000000fe000000| Untracked 
|  33|0x00000000fe100000, 0x00000000fe100000, 0x00000000fe200000|  0%| F|  |TAMS 0x00000000fe100000| PB 0x00000000fe100000| Untracked 
|  34|0x00000000fe200000, 0x00000000fe200000, 0x00000000fe300000|  0%| F|  |TAMS 0x00000000fe200000| PB 0x00000000fe200000| Untracked 
|  35|0x00000000fe300000, 0x00000000fe300000, 0x00000000fe400000|  0%| F|  |TAMS 0x00000000fe300000| PB 0x00000000fe300000| Untracked 
|  36|0x00000000fe400000, 0x00000000fe400000, 0x00000000fe500000|  0%| F|  |TAMS 0x00000000fe400000| PB 0x00000000fe400000| Untracked 
|  37|0x00000000fe500000, 0x00000000fe500000, 0x00000000fe600000|  0%| F|  |TAMS 0x00000000fe500000| PB 0x00000000fe500000| Untracked 
|  38|0x00000000fe600000, 0x00000000fe700000, 0x00000000fe700000|100%| S|CS|TAMS 0x00000000fe600000| PB 0x00000000fe600000| Complete 
|  39|0x00000000fe700000, 0x00000000fe800000, 0x00000000fe800000|100%| S|CS|TAMS 0x00000000fe700000| PB 0x00000000fe700000| Complete 
|  40|0x00000000fe800000, 0x00000000fe900000, 0x00000000fe900000|100%| S|CS|TAMS 0x00000000fe800000| PB 0x00000000fe800000| Complete 
|  41|0x00000000fe900000, 0x00000000fe900000, 0x00000000fea00000|  0%| F|  |TAMS 0x00000000fe900000| PB 0x00000000fe900000| Untracked 
|  42|0x00000000fea00000, 0x00000000fea00000, 0x00000000feb00000|  0%| F|  |TAMS 0x00000000fea00000| PB 0x00000000fea00000| Untracked 
|  43|0x00000000feb00000, 0x00000000feb00000, 0x00000000fec00000|  0%| F|  |TAMS 0x00000000feb00000| PB 0x00000000feb00000| Untracked 
|  44|0x00000000fec00000, 0x00000000fec00000, 0x00000000fed00000|  0%| F|  |TAMS 0x00000000fec00000| PB 0x00000000fec00000| Untracked 
|  45|0x00000000fed00000, 0x00000000fed00000, 0x00000000fee00000|  0%| F|  |TAMS 0x00000000fed00000| PB 0x00000000fed00000| Untracked 
|  46|0x00000000fee00000, 0x00000000fee00000, 0x00000000fef00000|  0%| F|  |TAMS 0x00000000fee00000| PB 0x00000000fee00000| Untracked 
|  47|0x00000000fef00000, 0x00000000fef00000, 0x00000000ff000000|  0%| F|  |TAMS 0x00000000fef00000| PB 0x00000000fef00000| Untracked 
|  48|0x00000000ff000000, 0x00000000ff000000, 0x00000000ff100000|  0%| F|  |TAMS 0x00000000ff000000| PB 0x00000000ff000000| Untracked 
|  49|0x00000000ff100000, 0x00000000ff100000, 0x00000000ff200000|  0%| F|  |TAMS 0x00000000ff100000| PB 0x00000000ff100000| Untracked 
|  50|0x00000000ff200000, 0x00000000ff200000, 0x00000000ff300000|  0%| F|  |TAMS 0x00000000ff200000| PB 0x00000000ff200000| Untracked 
|  51|0x00000000ff300000, 0x00000000ff300000, 0x00000000ff400000|  0%| F|  |TAMS 0x00000000ff300000| PB 0x00000000ff300000| Untracked 
|  52|0x00000000ff400000, 0x00000000ff4cd580, 0x00000000ff500000| 80%| E|  |TAMS 0x00000000ff400000| PB 0x00000000ff400000| Complete 
|  53|0x00000000ff500000, 0x00000000ff600000, 0x00000000ff600000|100%| E|CS|TAMS 0x00000000ff500000| PB 0x00000000ff500000| Complete 
|  54|0x00000000ff600000, 0x00000000ff700000, 0x00000000ff700000|100%| E|CS|TAMS 0x00000000ff600000| PB 0x00000000ff600000| Complete 
|  55|0x00000000ff700000, 0x00000000ff800000, 0x00000000ff800000|100%| E|CS|TAMS 0x00000000ff700000| PB 0x00000000ff700000| Complete 
|  56|0x00000000ff800000, 0x00000000ff900000, 0x00000000ff900000|100%| E|CS|TAMS 0x00000000ff800000| PB 0x00000000ff800000| Complete 
|  57|0x00000000ff900000, 0x00000000ffa00000, 0x00000000ffa00000|100%| E|CS|TAMS 0x00000000ff900000| PB 0x00000000ff900000| Complete 
|  58|0x00000000ffa00000, 0x00000000ffb00000, 0x00000000ffb00000|100%| E|CS|TAMS 0x00000000ffa00000| PB 0x00000000ffa00000| Complete 
|  59|0x00000000ffb00000, 0x00000000ffc00000, 0x00000000ffc00000|100%| E|CS|TAMS 0x00000000ffb00000| PB 0x00000000ffb00000| Complete 
|  60|0x00000000ffc00000, 0x00000000ffd00000, 0x00000000ffd00000|100%| E|CS|TAMS 0x00000000ffc00000| PB 0x00000000ffc00000| Complete 
|  61|0x00000000ffd00000, 0x00000000ffe00000, 0x00000000ffe00000|100%| E|CS|TAMS 0x00000000ffd00000| PB 0x00000000ffd00000| Complete 
|  62|0x00000000ffe00000, 0x00000000fff00000, 0x00000000fff00000|100%| E|CS|TAMS 0x00000000ffe00000| PB 0x00000000ffe00000| Complete 
|  63|0x00000000fff00000, 0x0000000100000000, 0x0000000100000000|100%| E|CS|TAMS 0x00000000fff00000| PB 0x00000000fff00000| Complete 

Card table byte_map: [0x0000019db8970000,0x0000019db8990000] _byte_map_base: 0x0000019db8190000

Marking Bits: (CMBitMap*) 0x0000019db8a49c60
 Bits: [0x0000019dd0030000, 0x0000019dd0130000)

Polling page: 0x0000019db81f0000

Metaspace:

Usage:
  Non-class:      6.30 MB used.
      Class:      1.00 MB used.
       Both:      7.30 MB used.

Virtual space:
  Non-class space:       64.00 MB reserved,       6.50 MB ( 10%) committed,  1 nodes.
      Class space:        1.00 GB reserved,       1.12 MB ( <1%) committed,  1 nodes.
             Both:        1.06 GB reserved,       7.62 MB ( <1%) committed. 

Chunk freelists:
   Non-Class:  624.00 KB
       Class:  2.92 MB
        Both:  3.53 MB

MaxMetaspaceSize: unlimited
CompressedClassSpaceSize: 1.00 GB
Initial GC threshold: 21.00 MB
Current GC threshold: 21.00 MB
CDS: on
MetaspaceReclaimPolicy: balanced
 - commit_granule_bytes: 65536.
 - commit_granule_words: 8192.
 - virtual_space_node_default_size: 8388608.
 - enlarge_chunks_in_place: 1.
 - new_chunks_are_fully_committed: 0.
 - uncommit_free_chunks: 1.
 - use_allocation_guard: 0.


Internal statistics:

num_allocs_failed_limit: 0.
num_arena_births: 198.
num_arena_deaths: 0.
num_vsnodes_births: 2.
num_vsnodes_deaths: 0.
num_space_committed: 122.
num_space_uncommitted: 0.
num_chunks_returned_to_freelist: 0.
num_chunks_taken_from_freelist: 416.
num_chunk_merges: 0.
num_chunk_splits: 261.
num_chunks_enlarged: 193.
num_inconsistent_stats: 0.

CodeHeap 'non-profiled nmethods': size=120000Kb used=442Kb max_used=442Kb free=119557Kb
 bounds [0x0000019dc85b0000, 0x0000019dc8820000, 0x0000019dcfae0000]
CodeHeap 'profiled nmethods': size=120000Kb used=2324Kb max_used=2324Kb free=117675Kb
 bounds [0x0000019dc0ae0000, 0x0000019dc0d50000, 0x0000019dc8010000]
CodeHeap 'non-nmethods': size=5760Kb used=1541Kb max_used=1557Kb free=4218Kb
 bounds [0x0000019dc8010000, 0x0000019dc8280000, 0x0000019dc85b0000]
 total_blobs=1750 nmethods=1277 adapters=384
 compilation: enabled
              stopped_count=0, restarted_count=0
 full_count=0

Compilation events (20 events):
Event: 49.557 Thread 0x0000019dd2d06fe0 nmethod 1283 0x0000019dc0d22290 code [0x0000019dc0d22440, 0x0000019dc0d228f0]
Event: 49.968 Thread 0x0000019dd2d06fe0 1285   !   3       java.util.concurrent.locks.LockSupport::parkNanos (56 bytes)
Event: 49.984 Thread 0x0000019dd2d06fe0 nmethod 1285 0x0000019dc0d22a10 code [0x0000019dc0d22be0, 0x0000019dc0d23010]
Event: 50.659 Thread 0x0000019dd2d02310 1286       4       java.util.concurrent.locks.AbstractQueuedSynchronizer::release (19 bytes)
Event: 50.661 Thread 0x0000019dd2d02310 nmethod 1286 0x0000019dc861cf10 code [0x0000019dc861d0a0, 0x0000019dc861d2f0]
Event: 51.921 Thread 0x0000019dd2d02310 1287       4       java.lang.String::startsWith (7 bytes)
Event: 51.921 Thread 0x0000019dd2d06fe0 1288       3       java.io.File::getAbsolutePath (8 bytes)
Event: 51.922 Thread 0x0000019dd2d06fe0 nmethod 1288 0x0000019dc0d23210 code [0x0000019dc0d233a0, 0x0000019dc0d23500]
Event: 51.925 Thread 0x0000019dd2d02310 nmethod 1287 0x0000019dc861d490 code [0x0000019dc861d600, 0x0000019dc861d850]
Event: 52.064 Thread 0x0000019dd2d02310 1289       4       java.util.concurrent.locks.AbstractQueuedSynchronizer::signalNext (34 bytes)
Event: 52.065 Thread 0x0000019dd2d02310 nmethod 1289 0x0000019dc861da10 code [0x0000019dc861dba0, 0x0000019dc861dc70]
Event: 52.258 Thread 0x0000019dd2d06fe0 1290       3       java.io.File::getAbsoluteFile (38 bytes)
Event: 52.259 Thread 0x0000019dd2d06fe0 nmethod 1290 0x0000019dc0d23590 code [0x0000019dc0d23780, 0x0000019dc0d23c18]
Event: 52.263 Thread 0x0000019dd2d06fe0 1291       3       java.util.concurrent.locks.AbstractQueuedSynchronizer$Node::getAndUnsetStatus (14 bytes)
Event: 52.263 Thread 0x0000019dd2d06fe0 nmethod 1291 0x0000019dc0d23d90 code [0x0000019dc0d23f40, 0x0000019dc0d24238]
Event: 52.310 Thread 0x0000019dd2d06fe0 1292  s    3       java.util.Hashtable::get (69 bytes)
Event: 52.310 Thread 0x0000019dd2d06fe0 nmethod 1292 0x0000019dc0d24390 code [0x0000019dc0d24560, 0x0000019dc0d24ab8]
Event: 52.387 Thread 0x0000019dd2d06fe0 1293       3       sun.net.www.protocol.file.Handler::parseURL (18 bytes)
Event: 52.428 Thread 0x0000019dd2d06fe0 nmethod 1293 0x0000019dc0d24c90 code [0x0000019dc0d24e40, 0x0000019dc0d24ff8]
Event: 52.428 Thread 0x0000019dd2d06fe0 1294       3       java.net.URLStreamHandler::parseURL (1124 bytes)

GC Heap History (2 events):
Event: 20.966 GC heap before
{Heap before GC invocations=0 (full 0):
 garbage-first heap   total 65536K, used 26624K [0x00000000fc000000, 0x0000000100000000)
  region size 1024K, 23 young (23552K), 0 survivors (0K)
 Metaspace       used 4167K, committed 4416K, reserved 1114112K
  class space    used 549K, committed 704K, reserved 1048576K
}
Event: 27.507 GC heap after
{Heap after GC invocations=1 (full 0):
 garbage-first heap   total 65536K, used 10320K [0x00000000fc000000, 0x0000000100000000)
  region size 1024K, 3 young (3072K), 3 survivors (3072K)
 Metaspace       used 4167K, committed 4416K, reserved 1114112K
  class space    used 549K, committed 704K, reserved 1048576K
}

Dll operation events (11 events):
Event: 0.032 Loaded shared library C:\Program Files\Java\jdk-20\bin\java.dll
Event: 0.073 Loaded shared library C:\Program Files\Java\jdk-20\bin\jsvml.dll
Event: 0.357 Loaded shared library C:\Program Files\Java\jdk-20\bin\net.dll
Event: 0.360 Loaded shared library C:\Program Files\Java\jdk-20\bin\nio.dll
Event: 0.364 Loaded shared library C:\Program Files\Java\jdk-20\bin\zip.dll
Event: 2.902 Loaded shared library C:\Program Files\Java\jdk-20\bin\jimage.dll
Event: 3.346 Loaded shared library C:\Program Files\Java\jdk-20\bin\verify.dll
Event: 20.084 Loaded shared library C:\Users\Marcos\.gradle\native\68d5fa5c4cc2d200863cafc0d521ce42e7d3e7ee720ec0a83991735586a16f82\windows-amd64\native-platform.dll
Event: 28.368 Loaded shared library C:\Program Files\Java\jdk-20\bin\management.dll
Event: 28.371 Loaded shared library C:\Program Files\Java\jdk-20\bin\management_ext.dll
Event: 34.563 Loaded shared library C:\Program Files\Java\jdk-20\bin\extnet.dll

Deoptimization events (20 events):
Event: 37.442 Thread 0x0000019db8a22860 Uncommon trap: trap_request=0xffffffde fr.pc=0x0000019dc8603a58 relative=0x0000000000000858
Event: 37.442 Thread 0x0000019db8a22860 Uncommon trap: reason=class_check action=maybe_recompile pc=0x0000019dc8603a58 method=java.util.HashMap.putVal(ILjava/lang/Object;Ljava/lang/Object;ZZ)Ljava/lang/Object; @ 91 c2
Event: 37.442 Thread 0x0000019db8a22860 DEOPT PACKING pc=0x0000019dc8603a58 sp=0x0000004f0b1fd9c0
Event: 37.459 Thread 0x0000019db8a22860 DEOPT UNPACKING pc=0x0000019dc802d2a2 sp=0x0000004f0b1fd8f8 mode 2
Event: 37.459 Thread 0x0000019db8a22860 Uncommon trap: trap_request=0xffffffde fr.pc=0x0000019dc8603a58 relative=0x0000000000000858
Event: 37.459 Thread 0x0000019db8a22860 Uncommon trap: reason=class_check action=maybe_recompile pc=0x0000019dc8603a58 method=java.util.HashMap.putVal(ILjava/lang/Object;Ljava/lang/Object;ZZ)Ljava/lang/Object; @ 91 c2
Event: 37.459 Thread 0x0000019db8a22860 DEOPT PACKING pc=0x0000019dc8603a58 sp=0x0000004f0b1fd9c0
Event: 37.459 Thread 0x0000019db8a22860 DEOPT UNPACKING pc=0x0000019dc802d2a2 sp=0x0000004f0b1fd8f8 mode 2
Event: 38.561 Thread 0x0000019db8a22860 Uncommon trap: trap_request=0xffffffde fr.pc=0x0000019dc8603a58 relative=0x0000000000000858
Event: 38.561 Thread 0x0000019db8a22860 Uncommon trap: reason=class_check action=maybe_recompile pc=0x0000019dc8603a58 method=java.util.HashMap.putVal(ILjava/lang/Object;Ljava/lang/Object;ZZ)Ljava/lang/Object; @ 91 c2
Event: 38.561 Thread 0x0000019db8a22860 DEOPT PACKING pc=0x0000019dc8603a58 sp=0x0000004f0b1fd9c0
Event: 38.561 Thread 0x0000019db8a22860 DEOPT UNPACKING pc=0x0000019dc802d2a2 sp=0x0000004f0b1fd8f8 mode 2
Event: 38.561 Thread 0x0000019db8a22860 Uncommon trap: trap_request=0xffffffde fr.pc=0x0000019dc8603a58 relative=0x0000000000000858
Event: 38.561 Thread 0x0000019db8a22860 Uncommon trap: reason=class_check action=maybe_recompile pc=0x0000019dc8603a58 method=java.util.HashMap.putVal(ILjava/lang/Object;Ljava/lang/Object;ZZ)Ljava/lang/Object; @ 91 c2
Event: 38.561 Thread 0x0000019db8a22860 DEOPT PACKING pc=0x0000019dc8603a58 sp=0x0000004f0b1fd9c0
Event: 38.561 Thread 0x0000019db8a22860 DEOPT UNPACKING pc=0x0000019dc802d2a2 sp=0x0000004f0b1fd8f8 mode 2
Event: 44.162 Thread 0x0000019db8a22860 DEOPT PACKING pc=0x0000019dc0baca5a sp=0x0000004f0b1fdac0
Event: 44.162 Thread 0x0000019db8a22860 DEOPT UNPACKING pc=0x0000019dc807e462 sp=0x0000004f0b1fcf80 mode 0
Event: 44.163 Thread 0x0000019db8a22860 DEOPT PACKING pc=0x0000019dc0baca5a sp=0x0000004f0b1fdac0
Event: 44.163 Thread 0x0000019db8a22860 DEOPT UNPACKING pc=0x0000019dc807e462 sp=0x0000004f0b1fcf80 mode 0

Classes loaded (20 events):
Event: 34.647 Loading class java/nio/channels/OverlappingFileLockException
Event: 34.647 Loading class java/nio/channels/OverlappingFileLockException done
Event: 34.647 Loading class java/io/EOFException
Event: 34.647 Loading class java/io/EOFException done
Event: 35.031 Loading class java/io/DataOutputStream
Event: 35.031 Loading class java/io/DataOutputStream done
Event: 35.031 Loading class java/net/DatagramPacket
Event: 35.031 Loading class java/net/DatagramPacket done
Event: 35.032 Loading class sun/nio/ch/Util
Event: 35.033 Loading class sun/nio/ch/Util done
Event: 35.033 Loading class sun/nio/ch/Util$1
Event: 35.033 Loading class sun/nio/ch/Util$1 done
Event: 35.033 Loading class sun/nio/ch/Util$BufferCache
Event: 35.033 Loading class sun/nio/ch/Util$BufferCache done
Event: 35.033 Loading class java/nio/DirectByteBuffer$Deallocator
Event: 35.033 Loading class java/nio/DirectByteBuffer$Deallocator done
Event: 35.034 Loading class sun/nio/ch/IOStatus
Event: 35.034 Loading class sun/nio/ch/IOStatus done
Event: 43.910 Loading class java/io/FileOutputStream$1
Event: 43.910 Loading class java/io/FileOutputStream$1 done

Classes unloaded (0 events):
No events

Classes redefined (0 events):
No events

Internal exceptions (19 events):
Event: 1.748 Thread 0x0000019db8a22860 Exception <a 'java/lang/NoSuchMethodError'{0x00000000ffc1f648}: 'void java.lang.invoke.DirectMethodHandle$Holder.invokeStatic(java.lang.Object, java.lang.Object)'> (0x00000000ffc1f648) 
thrown [s\open\src\hotspot\share\interpreter\linkResolver.cpp, line 773]
Event: 1.748 Thread 0x0000019db8a22860 Exception <a 'java/lang/NoSuchMethodError'{0x00000000ffc231c8}: 'void java.lang.invoke.DirectMethodHandle$Holder.invokeSpecial(java.lang.Object, java.lang.Object, java.lang.Object)'> (0x00000000ffc231c8) 
thrown [s\open\src\hotspot\share\interpreter\linkResolver.cpp, line 773]
Event: 1.768 Thread 0x0000019db8a22860 Exception <a 'java/lang/NoSuchMethodError'{0x00000000ffc76130}: 'void java.lang.invoke.DirectMethodHandle$Holder.invokeStatic(java.lang.Object, java.lang.Object, java.lang.Object)'> (0x00000000ffc76130) 
thrown [s\open\src\hotspot\share\interpreter\linkResolver.cpp, line 773]
Event: 1.790 Thread 0x0000019db8a22860 Exception <a 'java/lang/NoSuchMethodError'{0x00000000ffcc6540}: 'java.lang.Object java.lang.invoke.Invokers$Holder.invokeExact_MT(java.lang.Object, java.lang.Object, java.lang.Object, java.lang.Object, java.lang.Object)'> (0x00000000ffcc6540) 
thrown [s\open\src\hotspot\share\interpreter\linkResolver.cpp, line 773]
Event: 1.827 Thread 0x0000019db8a22860 Exception <a 'java/lang/NoSuchMethodError'{0x00000000ffcf4250}: 'int java.lang.invoke.DirectMethodHandle$Holder.invokeStaticInit(java.lang.Object, java.lang.Object)'> (0x00000000ffcf4250) 
thrown [s\open\src\hotspot\share\interpreter\linkResolver.cpp, line 773]
Event: 19.997 Thread 0x0000019db8a22860 Exception <a 'java/lang/NoClassDefFoundError'{0x00000000feb678a0}: org/slf4j/impl/StaticMarkerBinder> (0x00000000feb678a0) 
thrown [s\open\src\hotspot\share\classfile\systemDictionary.cpp, line 294]
Event: 20.062 Thread 0x0000019db8a22860 Exception <a 'java/lang/NoSuchMethodError'{0x00000000febefab0}: 'java.lang.Object java.lang.invoke.DirectMethodHandle$Holder.invokeVirtual(java.lang.Object, java.lang.Object, java.lang.Object, java.lang.Object, java.lang.Object, java.lang.Object, java.lang.Object)'> (0x00000000febefab0) 
thrown [s\open\src\hotspot\share\interpreter\linkResolver.cpp, line 773]
Event: 20.066 Thread 0x0000019db8a22860 Exception <a 'java/lang/NoSuchMethodError'{0x00000000fea03020}: 'java.lang.Object java.lang.invoke.DirectMethodHandle$Holder.invokeStatic(java.lang.Object, java.lang.Object, int)'> (0x00000000fea03020) 
thrown [s\open\src\hotspot\share\interpreter\linkResolver.cpp, line 773]
Event: 20.067 Thread 0x0000019db8a22860 Exception <a 'java/lang/NoSuchMethodError'{0x00000000fea0e470}: 'void java.lang.invoke.DelegatingMethodHandle$Holder.delegate(java.lang.Object, java.lang.Object, int, java.lang.Object)'> (0x00000000fea0e470) 
thrown [s\open\src\hotspot\share\interpreter\linkResolver.cpp, line 773]
Event: 20.068 Thread 0x0000019db8a22860 Exception <a 'java/lang/NoSuchMethodError'{0x00000000fea12260}: 'int java.lang.invoke.DirectMethodHandle$Holder.invokeSpecial(java.lang.Object, java.lang.Object, java.lang.Object)'> (0x00000000fea12260) 
thrown [s\open\src\hotspot\share\interpreter\linkResolver.cpp, line 773]
Event: 20.391 Thread 0x0000019db8a22860 Exception <a 'java/lang/NoSuchMethodError'{0x00000000feaaa0b0}: 'java.lang.Object java.lang.invoke.DirectMethodHandle$Holder.invokeVirtual(java.lang.Object, java.lang.Object, java.lang.Object)'> (0x00000000feaaa0b0) 
thrown [s\open\src\hotspot\share\interpreter\linkResolver.cpp, line 773]
Event: 27.866 Thread 0x0000019db8a22860 Exception <a 'java/lang/NoSuchMethodError'{0x00000000ffec1e90}: 'java.lang.Object java.lang.invoke.DirectMethodHandle$Holder.invokeVirtual(java.lang.Object, java.lang.Object, java.lang.Object, java.lang.Object)'> (0x00000000ffec1e90) 
thrown [s\open\src\hotspot\share\interpreter\linkResolver.cpp, line 773]
Event: 28.148 Thread 0x0000019db8a22860 Exception <a 'java/lang/NoSuchMethodError'{0x00000000ffd38998}: 'java.lang.Object java.lang.invoke.DirectMethodHandle$Holder.invokeVirtual(java.lang.Object, java.lang.Object, java.lang.Object, java.lang.Object, java.lang.Object, java.lang.Object)'> (0x00000000ffd38998) 
thrown [s\open\src\hotspot\share\interpreter\linkResolver.cpp, line 773]
Event: 28.476 Thread 0x0000019db8a22860 Exception <a 'java/lang/NoSuchMethodError'{0x00000000ffac96c0}: 'java.lang.Object java.lang.invoke.DirectMethodHandle$Holder.invokeVirtual(java.lang.Object, java.lang.Object, java.lang.Object, java.lang.Object, java.lang.Object)'> (0x00000000ffac96c0) 
thrown [s\open\src\hotspot\share\interpreter\linkResolver.cpp, line 773]
Event: 28.477 Thread 0x0000019db8a22860 Exception <a 'java/lang/NoSuchMethodError'{0x00000000ffadcb18}: 'java.lang.Object java.lang.invoke.Invokers$Holder.invokeExact_MT(java.lang.Object, java.lang.Object, java.lang.Object, java.lang.Object, java.lang.Object, java.lang.Object)'> (0x00000000ffadcb18) 
thrown [s\open\src\hotspot\share\interpreter\linkResolver.cpp, line 773]
Event: 28.713 Thread 0x0000019db8a22860 Exception <a 'java/lang/NoSuchMethodError'{0x00000000ff879930}: 'java.lang.Object java.lang.invoke.DirectMethodHandle$Holder.invokeVirtual(java.lang.Object, java.lang.Object, java.lang.Object, java.lang.Object, java.lang.Object, java.lang.Object, java.lang.Object, java.lang.Object)'> (0x00000000ff879930) 
thrown [s\open\src\hotspot\share\interpreter\linkResolver.cpp, line 773]
Event: 28.817 Thread 0x0000019db8a22860 Exception <a 'java/lang/NoSuchMethodError'{0x00000000ff7a1c00}: 'java.lang.Object java.lang.invoke.DirectMethodHandle$Holder.invokeStaticInit(java.lang.Object, int, int, int, int)'> (0x00000000ff7a1c00) 
thrown [s\open\src\hotspot\share\interpreter\linkResolver.cpp, line 773]
Event: 29.210 Thread 0x0000019db8a22860 Exception <a 'java/lang/NoSuchMethodError'{0x00000000ff660c18}: 'java.lang.Object java.lang.invoke.DirectMethodHandle$Holder.invokeStaticInit(java.lang.Object, java.lang.Object, int, int, int, int)'> (0x00000000ff660c18) 
thrown [s\open\src\hotspot\share\interpreter\linkResolver.cpp, line 773]
Event: 43.919 Thread 0x0000019db8a22860 Exception <a 'java/lang/NoSuchMethodError'{0x00000000ff5b64c0}: 'void java.lang.invoke.DirectMethodHandle$Holder.invokeInterface(java.lang.Object, java.lang.Object, java.lang.Object)'> (0x00000000ff5b64c0) 
thrown [s\open\src\hotspot\share\interpreter\linkResolver.cpp, line 773]

VM Operations (20 events):
Event: 28.670 Executing VM operation: Cleanup
Event: 29.007 Executing VM operation: Cleanup done
Event: 29.198 Executing VM operation: HandshakeAllThreads
Event: 29.198 Executing VM operation: HandshakeAllThreads done
Event: 30.205 Executing VM operation: Cleanup
Event: 30.205 Executing VM operation: Cleanup done
Event: 33.231 Executing VM operation: Cleanup
Event: 33.231 Executing VM operation: Cleanup done
Event: 35.252 Executing VM operation: Cleanup
Event: 35.252 Executing VM operation: Cleanup done
Event: 36.255 Executing VM operation: Cleanup
Event: 36.255 Executing VM operation: Cleanup done
Event: 37.258 Executing VM operation: Cleanup
Event: 37.258 Executing VM operation: Cleanup done
Event: 44.306 Executing VM operation: Cleanup
Event: 44.306 Executing VM operation: Cleanup done
Event: 47.327 Executing VM operation: Cleanup
Event: 47.328 Executing VM operation: Cleanup done
Event: 52.397 Executing VM operation: Cleanup
Event: 52.428 Executing VM operation: Cleanup done

Events (12 events):
Event: 0.074 Thread 0x0000019db8a22860 Thread added: 0x0000019db8a22860
Event: 0.131 Thread 0x0000019db8aee4a0 Thread added: 0x0000019db8aee4a0
Event: 0.131 Thread 0x0000019dd2cf93e0 Thread added: 0x0000019dd2cf93e0
Event: 0.131 Thread 0x0000019dd2cfa2d0 Thread added: 0x0000019dd2cfa2d0
Event: 0.131 Thread 0x0000019dd2cfde20 Thread added: 0x0000019dd2cfde20
Event: 0.131 Thread 0x0000019dd2cfe850 Thread added: 0x0000019dd2cfe850
Event: 0.131 Thread 0x0000019dd2d00290 Thread added: 0x0000019dd2d00290
Event: 0.131 Thread 0x0000019dd2d02310 Thread added: 0x0000019dd2d02310
Event: 0.132 Thread 0x0000019dd2d06fe0 Thread added: 0x0000019dd2d06fe0
Event: 0.152 Thread 0x0000019dd2d72090 Thread added: 0x0000019dd2d72090
Event: 0.168 Thread 0x0000019dd2d7d8b0 Thread added: 0x0000019dd2d7d8b0
Event: 20.956 Thread 0x0000019dd7806d30 Thread added: 0x0000019dd7806d30


Dynamic libraries:
0x00007ff773d50000 - 0x00007ff773d60000 	C:\Program Files\Java\jdk-20\bin\java.exe
0x00007ffce2210000 - 0x00007ffce2408000 	C:\Windows\SYSTEM32\ntdll.dll
0x00007ffce1200000 - 0x00007ffce12bd000 	C:\Windows\System32\KERNEL32.DLL
0x00007ffcdfaf0000 - 0x00007ffcdfde6000 	C:\Windows\System32\KERNELBASE.dll
0x00007ffce0050000 - 0x00007ffce0150000 	C:\Windows\System32\ucrtbase.dll
0x00007ffcccb50000 - 0x00007ffcccb69000 	C:\Program Files\Java\jdk-20\bin\jli.dll
0x00007ffce1070000 - 0x00007ffce111e000 	C:\Windows\System32\ADVAPI32.dll
0x00007ffce0aa0000 - 0x00007ffce0b3e000 	C:\Windows\System32\msvcrt.dll
0x00007ffccde60000 - 0x00007ffccde7b000 	C:\Program Files\Java\jdk-20\bin\VCRUNTIME140.dll
0x00007ffce12c0000 - 0x00007ffce135c000 	C:\Windows\System32\sechost.dll
0x00007ffce0960000 - 0x00007ffce0a86000 	C:\Windows\System32\RPCRT4.dll
0x00007ffce2000000 - 0x00007ffce219e000 	C:\Windows\System32\USER32.dll
0x00007ffcdf8f0000 - 0x00007ffcdf912000 	C:\Windows\System32\win32u.dll
0x00007ffce21a0000 - 0x00007ffce21cc000 	C:\Windows\System32\GDI32.dll
0x00007ffce0150000 - 0x00007ffce026a000 	C:\Windows\System32\gdi32full.dll
0x00007ffcdfa00000 - 0x00007ffcdfa9d000 	C:\Windows\System32\msvcp_win.dll
0x00007ffcc0620000 - 0x00007ffcc08ba000 	C:\Windows\WinSxS\amd64_microsoft.windows.common-controls_6595b64144ccf1df_6.0.19041.1110_none_60b5254171f9507e\COMCTL32.dll
0x00007ffcd6640000 - 0x00007ffcd664a000 	C:\Windows\SYSTEM32\VERSION.dll
0x00007ffce0800000 - 0x00007ffce0830000 	C:\Windows\System32\IMM32.DLL
0x00007ffcc62e0000 - 0x00007ffcc62ec000 	C:\Program Files\Java\jdk-20\bin\vcruntime140_1.dll
0x00007ffc94330000 - 0x00007ffc943be000 	C:\Program Files\Java\jdk-20\bin\msvcp140.dll
0x00007ffc68c40000 - 0x00007ffc698d7000 	C:\Program Files\Java\jdk-20\bin\server\jvm.dll
0x00007ffcc7730000 - 0x00007ffcc7757000 	C:\Windows\SYSTEM32\WINMM.dll
0x00007ffcc5d10000 - 0x00007ffcc5d19000 	C:\Windows\SYSTEM32\WSOCK32.dll
0x00007ffce0bf0000 - 0x00007ffce0c5b000 	C:\Windows\System32\WS2_32.dll
0x00007ffcde110000 - 0x00007ffcde122000 	C:\Windows\SYSTEM32\kernel.appcore.dll
0x00007ffcbdff0000 - 0x00007ffcbdffa000 	C:\Program Files\Java\jdk-20\bin\jimage.dll
0x00007ffcdd670000 - 0x00007ffcdd854000 	C:\Windows\SYSTEM32\DBGHELP.DLL
0x00007ffcb95e0000 - 0x00007ffcb9614000 	C:\Windows\SYSTEM32\dbgcore.DLL
0x00007ffcdffc0000 - 0x00007ffce0042000 	C:\Windows\System32\bcryptPrimitives.dll
0x00007ffca70b0000 - 0x00007ffca70d6000 	C:\Program Files\Java\jdk-20\bin\java.dll
0x00007ffc862b0000 - 0x00007ffc86387000 	C:\Program Files\Java\jdk-20\bin\jsvml.dll
0x00007ffce1360000 - 0x00007ffce1aa5000 	C:\Windows\System32\SHELL32.dll
0x00007ffcdd860000 - 0x00007ffcddffb000 	C:\Windows\SYSTEM32\windows.storage.dll
0x00007ffce04a0000 - 0x00007ffce07f4000 	C:\Windows\System32\combase.dll
0x00007ffcdf330000 - 0x00007ffcdf35e000 	C:\Windows\SYSTEM32\Wldp.dll
0x00007ffce0fc0000 - 0x00007ffce106d000 	C:\Windows\System32\SHCORE.dll
0x00007ffce0270000 - 0x00007ffce02c5000 	C:\Windows\System32\shlwapi.dll
0x00007ffcdf820000 - 0x00007ffcdf845000 	C:\Windows\SYSTEM32\profapi.dll
0x00007ffcb0550000 - 0x00007ffcb0563000 	C:\Program Files\Java\jdk-20\bin\net.dll
0x00007ffcd3f70000 - 0x00007ffcd407a000 	C:\Windows\SYSTEM32\WINHTTP.dll
0x00007ffcdf090000 - 0x00007ffcdf0fa000 	C:\Windows\system32\mswsock.dll
0x00007ffcb02a0000 - 0x00007ffcb02b6000 	C:\Program Files\Java\jdk-20\bin\nio.dll
0x00007ffcab550000 - 0x00007ffcab568000 	C:\Program Files\Java\jdk-20\bin\zip.dll
0x00007ffcbdc90000 - 0x00007ffcbdca0000 	C:\Program Files\Java\jdk-20\bin\verify.dll
0x00007ffcb1cd0000 - 0x00007ffcb1cf7000 	C:\Users\Marcos\.gradle\native\68d5fa5c4cc2d200863cafc0d521ce42e7d3e7ee720ec0a83991735586a16f82\windows-amd64\native-platform.dll
0x00007ffcc1020000 - 0x00007ffcc102a000 	C:\Program Files\Java\jdk-20\bin\management.dll
0x00007ffcc1010000 - 0x00007ffcc101b000 	C:\Program Files\Java\jdk-20\bin\management_ext.dll
0x00007ffce0950000 - 0x00007ffce0958000 	C:\Windows\System32\PSAPI.DLL
0x00007ffcdf280000 - 0x00007ffcdf298000 	C:\Windows\SYSTEM32\CRYPTSP.dll
0x00007ffcde930000 - 0x00007ffcde964000 	C:\Windows\system32\rsaenh.dll
0x00007ffcdf920000 - 0x00007ffcdf947000 	C:\Windows\System32\bcrypt.dll
0x00007ffcdf7e0000 - 0x00007ffcdf80e000 	C:\Windows\SYSTEM32\USERENV.dll
0x00007ffcdf2a0000 - 0x00007ffcdf2ac000 	C:\Windows\SYSTEM32\CRYPTBASE.dll
0x00007ffcded30000 - 0x00007ffcded6b000 	C:\Windows\SYSTEM32\IPHLPAPI.DLL
0x00007ffce0400000 - 0x00007ffce0408000 	C:\Windows\System32\NSI.dll
0x00007ffcd4820000 - 0x00007ffcd4837000 	C:\Windows\SYSTEM32\dhcpcsvc6.DLL
0x00007ffcd4c40000 - 0x00007ffcd4c5d000 	C:\Windows\SYSTEM32\dhcpcsvc.DLL
0x00007ffcded70000 - 0x00007ffcdee3a000 	C:\Windows\SYSTEM32\DNSAPI.dll
0x00007ffcc1000000 - 0x00007ffcc1007000 	C:\Program Files\Java\jdk-20\bin\extnet.dll

dbghelp: loaded successfully - version: 4.0.5 - missing functions: none
symbol engine: initialized successfully - sym options: 0x614 - pdb path: .;C:\Program Files\Java\jdk-20\bin;C:\Windows\SYSTEM32;C:\Windows\WinSxS\amd64_microsoft.windows.common-controls_6595b64144ccf1df_6.0.19041.1110_none_60b5254171f9507e;C:\Program Files\Java\jdk-20\bin\server;C:\Users\Marcos\.gradle\native\68d5fa5c4cc2d200863cafc0d521ce42e7d3e7ee720ec0a83991735586a16f82\windows-amd64

VM Arguments:
jvm_args: -Xmx64m -Xms64m -Dorg.gradle.appname=gradlew 
java_command: org.gradle.wrapper.GradleWrapperMain tasks
java_class_path (initial): C:\AppProjeto\trabalhoTamagochi\android\\gradle\wrapper\gradle-wrapper.jar
Launcher Type: SUN_STANDARD

[Global flags]
     intx CICompilerCount                          = 4                                         {product} {ergonomic}
     uint ConcGCThreads                            = 3                                         {product} {ergonomic}
     uint G1ConcRefinementThreads                  = 10                                        {product} {ergonomic}
   size_t G1HeapRegionSize                         = 1048576                                   {product} {ergonomic}
    uintx GCDrainStackTargetSize                   = 64                                        {product} {ergonomic}
   size_t InitialHeapSize                          = 67108864                                  {product} {command line}
   size_t MarkStackSize                            = 4194304                                   {product} {ergonomic}
   size_t MaxHeapSize                              = 67108864                                  {product} {command line}
   size_t MaxNewSize                               = 39845888                                  {product} {ergonomic}
   size_t MinHeapDeltaBytes                        = 1048576                                   {product} {ergonomic}
   size_t MinHeapSize                              = 67108864                                  {product} {command line}
    uintx NonNMethodCodeHeapSize                   = 5839372                                {pd product} {ergonomic}
    uintx NonProfiledCodeHeapSize                  = 122909434                              {pd product} {ergonomic}
    uintx ProfiledCodeHeapSize                     = 122909434                              {pd product} {ergonomic}
    uintx ReservedCodeCacheSize                    = 251658240                              {pd product} {ergonomic}
     bool SegmentedCodeCache                       = true                                      {product} {ergonomic}
   size_t SoftMaxHeapSize                          = 67108864                               {manageable} {ergonomic}
     bool UseCompressedClassPointers               = true                           {product lp64_product} {ergonomic}
     bool UseCompressedOops                        = true                           {product lp64_product} {ergonomic}
     bool UseG1GC                                  = true                                      {product} {ergonomic}
     bool UseLargePagesIndividualAllocation        = false                                  {pd product} {ergonomic}

Logging:
Log output configuration:
 #0: stdout all=warning uptime,level,tags foldmultilines=false
 #1: stderr all=off uptime,level,tags foldmultilines=false

Environment Variables:
CLASSPATH=C:\AppProjeto\trabalhoTamagochi\android\\gradle\wrapper\gradle-wrapper.jar
PATH=C:\AppProjeto\trabalhoTamagochi\node_modules\.bin;C:\AppProjeto\trabalhoTamagochi\node_modules\.bin;C:\AppProjeto\node_modules\.bin;C:\node_modules\.bin;C:\Program Files\nodejs\node_modules\npm\node_modules\@npmcli\run-script\lib\node-gyp-bin;C:\Users\Marcos\AppData\Local\Temp\yarn--1695502070797-0.28990210376302117;C:\AppProjeto\trabalhoTamagochi\node_modules\.bin;C:\Users\Marcos\AppData\Local\Yarn\Data\link\node_modules\.bin;C:\Users\Marcos\AppData\Local\Yarn\bin;C:\Program Files\libexec\lib\node_modules\npm\bin\node-gyp-bin;C:\Program Files\lib\node_modules\npm\bin\node-gyp-bin;C:\Program Files\nodejs\node_modules\npm\bin\node-gyp-bin;C:\Program Files\Common Files\Oracle\Java\javapath;C:\Program Files (x86)\Common Files\Oracle\Java\javapath;C:\Windows\system32;C:\Windows;C:\Windows\System32\Wbem;C:\Windows\System32\WindowsPowerShell\v1.0\;C:\Windows\System32\OpenSSH\;C:\Program Files\NVIDIA Corporation\NVIDIA NvDLISR;C:\Program Files\nodejs\;C:\ProgramData\chocolatey\bin;C:\xampp\php;C:\Program Files (x86)\NVIDIA Corporation\PhysX\Common;C:\Program Files\Git\cmd;C:\Users\Marcos\AppData\Local\Microsoft\WindowsApps;C:\Users\Marcos\AppData\Local\Programs\Microsoft VS Code\bin;C:\Users\Marcos\AppData\Roaming\npm;C:\Program Files\JetBrains\IntelliJ IDEA Community Edition 2023.1\bin;;C:\xampp\php;C:\Users\Marcos\AppData\Local\GitHubDesktop\bin;C:\Users\Marcos\AppData\Local\Android\Sdk\platform-tools;
USERNAME=Marcos
LANG=en_US.UTF-8
OS=Windows_NT
PROCESSOR_IDENTIFIER=Intel64 Family 6 Model 141 Stepping 1, GenuineIntel
TMP=C:\Users\Marcos\AppData\Local\Temp
TEMP=C:\Users\Marcos\AppData\Local\Temp




---------------  S Y S T E M  ---------------

OS:
 Windows 10 , 64 bit Build 19041 (10.0.19041.3393)
OS uptime: 5 days 11:02 hours

CPU: total 12 (initial active 12) (6 cores per cpu, 2 threads per core) family 6 model 141 stepping 1 microcode 0x3c, cx8, cmov, fxsr, ht, mmx, 3dnowpref, sse, sse2, sse3, ssse3, sse4.1, sse4.2, popcnt, lzcnt, tsc, tscinvbit, avx, avx2, aes, erms, clmul, bmi1, bmi2, adx, avx512f, avx512dq, avx512cd, avx512bw, avx512vl, sha, fma, vzeroupper, avx512_vpopcntdq, avx512_vpclmulqdq, avx512_vaes, avx512_vnni, clflush, clflushopt, clwb, avx512_vbmi2, avx512_vbmi, rdtscp, rdpid, fsrm, gfni, avx512_bitalg, f16c, pku, cet_ibt, cet_ss, avx512_ifma

Memory: 4k page, system-wide physical 16163M (106M free)
TotalPageFile size 65315M (AvailPageFile size 2M)
current process WorkingSet (physical memory assigned to process): 18M, peak: 73M
current process commit charge ("private bytes"): 165M, peak: 165M

vm_info: Java HotSpot(TM) 64-Bit Server VM (20+36-2344) for windows-amd64 JRE (20+36-2344), built on 2023-02-10T19:30:15Z by "mach5one" with MS VC++ 17.1 (VS2022)

END.
