#
# There is insufficient memory for the Java Runtime Environment to continue.
# Native memory allocation (malloc) failed to allocate 129376 bytes for Chunk::new
# Possible reasons:
#   The system is out of physical RAM or swap space
#   The process is running with CompressedOops enabled, and the Java Heap may be blocking the growth of the native heap
# Possible solutions:
#   Reduce memory load on the system
#   Increase physical memory or swap space
#   Check if swap backing store is full
#   Decrease Java heap size (-Xmx/-Xms)
#   Decrease number of Java threads
#   Decrease Java thread stack sizes (-Xss)
#   Set larger code cache with -XX:ReservedCodeCacheSize=
#   JVM is running with Unscaled Compressed Oops mode in which the Java heap is
#     placed in the first 4GB address space. The Java Heap base address is the
#     maximum limit for the native heap growth. Please use -XX:HeapBaseMinAddress
#     to set the Java Heap base and to place the Java Heap above 4GB virtual address.
# This output file may be truncated or incomplete.
#
#  Out of Memory Error (arena.cpp:184), pid=22104, tid=45364
#
# JRE version: Java(TM) SE Runtime Environment (20.0+36) (build 20+36-2344)
# Java VM: Java HotSpot(TM) 64-Bit Server VM (20+36-2344, mixed mode, sharing, tiered, compressed oops, compressed class ptrs, g1 gc, windows-amd64)
# No core dump will be written. Minidumps are not enabled by default on client versions of Windows
#

---------------  S U M M A R Y ------------

Command Line: -XX:MaxMetaspaceSize=512m --add-opens=java.base/java.util=ALL-UNNAMED --add-opens=java.base/java.lang=ALL-UNNAMED --add-opens=java.base/java.lang.invoke=ALL-UNNAMED --add-opens=java.prefs/java.util.prefs=ALL-UNNAMED --add-opens=java.base/java.nio.charset=ALL-UNNAMED --add-opens=java.base/java.net=ALL-UNNAMED --add-opens=java.base/java.util.concurrent.atomic=ALL-UNNAMED -Xmx2048m -Dfile.encoding=UTF-8 -Duser.country=BR -Duser.language=pt -Duser.variant org.gradle.launcher.daemon.bootstrap.GradleDaemon 8.0.1

Host: 11th Gen Intel(R) Core(TM) i5-11400H @ 2.70GHz, 12 cores, 15G,  Windows 10 , 64 bit Build 19041 (10.0.19041.3393)
Time: Mon Sep 25 07:40:55 2023 Hora oficial do Brasil elapsed time: 72.071435 seconds (0d 0h 1m 12s)

---------------  T H R E A D  ---------------

Current thread (0x00000224ba0277c0):  JavaThread "C2 CompilerThread0" daemon [_thread_in_native, id=45364, stack(0x0000005e86100000,0x0000005e86200000)]


Current CompileTask:
C2:  72071 3141       4       java.lang.invoke.InvokerBytecodeGenerator::emitPushArguments (45 bytes)

Stack: [0x0000005e86100000,0x0000005e86200000]
Native frames: (J=compiled Java code, j=interpreted, Vv=VM code, C=native code)
V  [jvm.dll+0x6bb95a]
V  [jvm.dll+0x8483aa]
V  [jvm.dll+0x849fa5]
V  [jvm.dll+0x84a6a3]
V  [jvm.dll+0x280b0f]
V  [jvm.dll+0xc2b11]
V  [jvm.dll+0xc2e35]
V  [jvm.dll+0x3bb17c]
V  [jvm.dll+0x1e6c43]
V  [jvm.dll+0x24b3ab]
V  [jvm.dll+0x24a651]
V  [jvm.dll+0x1ce491]
V  [jvm.dll+0x259e1b]
V  [jvm.dll+0x2584f0]
V  [jvm.dll+0x3f2895]
V  [jvm.dll+0x7f4906]
V  [jvm.dll+0x6ba5cb]
C  [ucrtbase.dll+0x21bb2]
C  [KERNEL32.DLL+0x17344]
C  [ntdll.dll+0x526b1]


---------------  P R O C E S S  ---------------

Threads class SMR info:
_java_thread_list=0x00000224bc36be80, length=27, elements={
0x0000022498fb2fd0, 0x00000224ba01f980, 0x00000224ba020920, 0x00000224ba0219b0,
0x00000224ba0235f0, 0x00000224ba026030, 0x00000224ba026a60, 0x00000224ba0277c0,
0x00000224ba029d20, 0x00000224ba116b70, 0x00000224ba11a0e0, 0x00000224ba2f2dd0,
0x00000224bba6e060, 0x00000224bb90e3d0, 0x00000224ba4178b0, 0x00000224ba4dac70,
0x00000224ba4ddc40, 0x00000224ba4da720, 0x00000224ba4dbc60, 0x00000224ba4db710,
0x00000224ba4dcc50, 0x00000224ba4dd1a0, 0x00000224ba4dc700, 0x00000224ba4dd6f0,
0x00000224bc3d0e30, 0x00000224bc3cf8f0, 0x00000224bc3d1e20
}

Java Threads: ( => current thread )
  0x0000022498fb2fd0 JavaThread "main" [_thread_blocked, id=12108, stack(0x0000005e85400000,0x0000005e85500000)]
  0x00000224ba01f980 JavaThread "Reference Handler" daemon [_thread_blocked, id=48100, stack(0x0000005e85b00000,0x0000005e85c00000)]
  0x00000224ba020920 JavaThread "Finalizer" daemon [_thread_blocked, id=48104, stack(0x0000005e85c00000,0x0000005e85d00000)]
  0x00000224ba0219b0 JavaThread "Signal Dispatcher" daemon [_thread_blocked, id=48108, stack(0x0000005e85d00000,0x0000005e85e00000)]
  0x00000224ba0235f0 JavaThread "Attach Listener" daemon [_thread_blocked, id=48112, stack(0x0000005e85e00000,0x0000005e85f00000)]
  0x00000224ba026030 JavaThread "Service Thread" daemon [_thread_blocked, id=47732, stack(0x0000005e85f00000,0x0000005e86000000)]
  0x00000224ba026a60 JavaThread "Monitor Deflation Thread" daemon [_thread_blocked, id=47564, stack(0x0000005e86000000,0x0000005e86100000)]
=>0x00000224ba0277c0 JavaThread "C2 CompilerThread0" daemon [_thread_in_native, id=45364, stack(0x0000005e86100000,0x0000005e86200000)]
  0x00000224ba029d20 JavaThread "C1 CompilerThread0" daemon [_thread_blocked, id=35660, stack(0x0000005e86200000,0x0000005e86300000)]
  0x00000224ba116b70 JavaThread "Common-Cleaner" daemon [_thread_blocked, id=31268, stack(0x0000005e86300000,0x0000005e86400000)]
  0x00000224ba11a0e0 JavaThread "Notification Thread" daemon [_thread_blocked, id=27416, stack(0x0000005e86400000,0x0000005e86500000)]
  0x00000224ba2f2dd0 JavaThread "Daemon health stats" [_thread_blocked, id=20384, stack(0x0000005e86c00000,0x0000005e86d00000)]
  0x00000224bba6e060 JavaThread "Incoming local TCP Connector on port 55065" [_thread_in_native, id=45508, stack(0x0000005e86600000,0x0000005e86700000)]
  0x00000224bb90e3d0 JavaThread "Daemon periodic checks" [_thread_blocked, id=49392, stack(0x0000005e86d00000,0x0000005e86e00000)]
  0x00000224ba4178b0 JavaThread "Daemon" [_thread_blocked, id=50116, stack(0x0000005e86e00000,0x0000005e86f00000)]
  0x00000224ba4dac70 JavaThread "Handler for socket connection from /127.0.0.1:55065 to /127.0.0.1:55067" [_thread_in_native, id=50120, stack(0x0000005e86f00000,0x0000005e87000000)]
  0x00000224ba4ddc40 JavaThread "Cancel handler" [_thread_blocked, id=50136, stack(0x0000005e87000000,0x0000005e87100000)]
  0x00000224ba4da720 JavaThread "Daemon worker" [_thread_in_vm, id=40732, stack(0x0000005e87100000,0x0000005e87200000)]
  0x00000224ba4dbc60 JavaThread "Asynchronous log dispatcher for DefaultDaemonConnection: socket connection from /127.0.0.1:55065 to /127.0.0.1:55067" [_thread_blocked, id=27036, stack(0x0000005e87200000,0x0000005e87300000)]
  0x00000224ba4db710 JavaThread "Daemon client event forwarder" [_thread_blocked, id=49300, stack(0x0000005e87400000,0x0000005e87500000)]
  0x00000224ba4dcc50 JavaThread "Cache worker for journal cache (C:\Users\Marcos\.gradle\caches\journal-1)" [_thread_blocked, id=12688, stack(0x0000005e87500000,0x0000005e87600000)]
  0x00000224ba4dd1a0 JavaThread "File lock request listener" [_thread_in_native, id=1996, stack(0x0000005e87600000,0x0000005e87700000)]
  0x00000224ba4dc700 JavaThread "Cache worker for file hash cache (C:\Users\Marcos\.gradle\caches\8.0.1\fileHashes)" [_thread_blocked, id=39388, stack(0x0000005e87700000,0x0000005e87800000)]
  0x00000224ba4dd6f0 JavaThread "File lock release action executor" [_thread_blocked, id=51004, stack(0x0000005e87800000,0x0000005e87900000)]
  0x00000224bc3d0e30 JavaThread "File watcher server" daemon [_thread_in_native, id=55632, stack(0x0000005e87900000,0x0000005e87a00000)]
  0x00000224bc3cf8f0 JavaThread "File watcher consumer" daemon [_thread_blocked, id=8328, stack(0x0000005e87a00000,0x0000005e87b00000)]
  0x00000224bc3d1e20 JavaThread "Cache worker for checksums cache (C:\AppProjeto\trabalhoTamagochi\android\.gradle\8.0.1\checksums)" [_thread_blocked, id=19724, stack(0x0000005e85200000,0x0000005e85300000)]

Other Threads:
  0x00000224b5e68b10 VMThread "VM Thread" [stack: 0x0000005e85a00000,0x0000005e85b00000] [id=48600]
  0x00000224ba11aa40 WatcherThread "VM Periodic Task Thread" [stack: 0x0000005e86500000,0x0000005e86600000] [id=4344]
  0x0000022499013f00 WorkerThread "GC Thread#0" [stack: 0x0000005e85500000,0x0000005e85600000] [id=45376]
  0x00000224ba69b3c0 WorkerThread "GC Thread#1" [stack: 0x0000005e86700000,0x0000005e86800000] [id=37004]
  0x00000224ba69ae20 WorkerThread "GC Thread#2" [stack: 0x0000005e86800000,0x0000005e86900000] [id=40588]
  0x00000224ba699a70 WorkerThread "GC Thread#3" [stack: 0x0000005e86900000,0x0000005e86a00000] [id=14612]
  0x00000224ba69ab50 WorkerThread "GC Thread#4" [stack: 0x0000005e86a00000,0x0000005e86b00000] [id=40108]
  0x00000224ba69a010 WorkerThread "GC Thread#5" [stack: 0x0000005e86b00000,0x0000005e86c00000] [id=37244]
  0x00000224bba654e0 WorkerThread "GC Thread#6" [stack: 0x0000005e87d00000,0x0000005e87e00000] [id=58332]
  0x00000224bba657b0 WorkerThread "GC Thread#7" [stack: 0x0000005e87e00000,0x0000005e87f00000] [id=58336]
  0x00000224bba649a0 WorkerThread "GC Thread#8" [stack: 0x0000005e87f00000,0x0000005e88000000] [id=58340]
  0x00000224bba66020 WorkerThread "GC Thread#9" [stack: 0x0000005e88000000,0x0000005e88100000] [id=58344]
  0x0000022499024e10 ConcurrentGCThread "G1 Main Marker" [stack: 0x0000005e85600000,0x0000005e85700000] [id=44604]
  0x0000022499026850 WorkerThread "G1 Conc#0" [stack: 0x0000005e85700000,0x0000005e85800000] [id=42192]
  0x00000224bba65210 WorkerThread "G1 Conc#1" [stack: 0x0000005e88100000,0x0000005e88200000] [id=14448]
  0x00000224bba65a80 WorkerThread "G1 Conc#2" [stack: 0x0000005e88200000,0x0000005e88300000] [id=2144]
  0x00000224b5d29210 ConcurrentGCThread "G1 Refine#0" [stack: 0x0000005e85800000,0x0000005e85900000] [id=42712]
  0x00000224b5d29ac0 ConcurrentGCThread "G1 Service" [stack: 0x0000005e85900000,0x0000005e85a00000] [id=18840]

Threads with active compile tasks:
C2 CompilerThread0    72363 3141       4       java.lang.invoke.InvokerBytecodeGenerator::emitPushArguments (45 bytes)

VM state: not at safepoint (normal execution)

VM Mutex/Monitor currently owned by a thread: None

Heap address: 0x0000000080000000, size: 2048 MB, Compressed Oops mode: 32-bit

CDS archive(s) mapped at: [0x0000000800000000-0x0000000800c60000-0x0000000800c60000), size 12976128, SharedBaseAddress: 0x0000000800000000, ArchiveRelocationMode: 0.
Compressed class space mapped at: 0x0000000801000000-0x000000081ac00000, reserved size: 432013312
Narrow klass base: 0x0000000800000000, Narrow klass shift: 0, Narrow klass range: 0x100000000

GC Precious Log:
 CardTable entry size: 512
 Card Set container configuration: InlinePtr #cards 5 size 8 Array Of Cards #cards 12 size 40 Howl #buckets 4 coarsen threshold 1843 Howl Bitmap #cards 512 size 80 coarsen threshold 460 Card regions per heap region 1 cards per card region 2048
 CPUs: 12 total, 12 available
 Memory: 16163M
 Large Page Support: Disabled
 NUMA Support: Disabled
 Compressed Oops: Enabled (32-bit)
 Heap Region Size: 1M
 Heap Min Capacity: 8M
 Heap Initial Capacity: 254M
 Heap Max Capacity: 2G
 Pre-touch: Disabled
 Parallel Workers: 10
 Concurrent Workers: 3
 Concurrent Refinement Workers: 10
 Periodic GC: Disabled

Heap:
 garbage-first heap   total 86016K, used 28015K [0x0000000080000000, 0x0000000100000000)
  region size 1024K, 18 young (18432K), 12 survivors (12288K)
 Metaspace       used 21230K, committed 22016K, reserved 487424K
  class space    used 3124K, committed 3520K, reserved 421888K

Heap Regions: E=young(eden), S=young(survivor), O=old, HS=humongous(starts), HC=humongous(continues), CS=collection set, F=free, OA=open archive, CA=closed archive, TAMS=top-at-mark-start, PB=parsable bottom
|   0|0x0000000080000000, 0x0000000080100000, 0x0000000080100000|100%|HS|  |TAMS 0x0000000080000000| PB 0x0000000080000000| Complete 
|   1|0x0000000080100000, 0x0000000080200000, 0x0000000080200000|100%|HC|  |TAMS 0x0000000080100000| PB 0x0000000080100000| Complete 
|   2|0x0000000080200000, 0x0000000080300000, 0x0000000080300000|100%|HC|  |TAMS 0x0000000080200000| PB 0x0000000080200000| Complete 
|   3|0x0000000080300000, 0x0000000080400000, 0x0000000080400000|100%|HC|  |TAMS 0x0000000080300000| PB 0x0000000080300000| Complete 
|   4|0x0000000080400000, 0x0000000080500000, 0x0000000080500000|100%| O|  |TAMS 0x0000000080400000| PB 0x0000000080400000| Untracked 
|   5|0x0000000080500000, 0x0000000080600000, 0x0000000080600000|100%| O|  |TAMS 0x0000000080500000| PB 0x0000000080500000| Untracked 
|   6|0x0000000080600000, 0x0000000080700000, 0x0000000080700000|100%| O|  |TAMS 0x0000000080600000| PB 0x0000000080600000| Untracked 
|   7|0x0000000080700000, 0x0000000080800000, 0x0000000080800000|100%| O|  |TAMS 0x0000000080700000| PB 0x0000000080700000| Untracked 
|   8|0x0000000080800000, 0x0000000080800000, 0x0000000080900000|  0%| F|  |TAMS 0x0000000080800000| PB 0x0000000080800000| Untracked 
|   9|0x0000000080900000, 0x0000000080a00000, 0x0000000080a00000|100%| O|  |TAMS 0x0000000080900000| PB 0x0000000080900000| Untracked 
|  10|0x0000000080a00000, 0x0000000080b00000, 0x0000000080b00000|100%| O|  |TAMS 0x0000000080a00000| PB 0x0000000080a00000| Untracked 
|  11|0x0000000080b00000, 0x0000000080ba2800, 0x0000000080c00000| 63%| O|  |TAMS 0x0000000080b00000| PB 0x0000000080b00000| Complete 
|  12|0x0000000080c00000, 0x0000000080c00000, 0x0000000080d00000|  0%| F|  |TAMS 0x0000000080c00000| PB 0x0000000080c00000| Untracked 
|  13|0x0000000080d00000, 0x0000000080d00000, 0x0000000080e00000|  0%| F|  |TAMS 0x0000000080d00000| PB 0x0000000080d00000| Untracked 
|  14|0x0000000080e00000, 0x0000000080e00000, 0x0000000080f00000|  0%| F|  |TAMS 0x0000000080e00000| PB 0x0000000080e00000| Untracked 
|  15|0x0000000080f00000, 0x0000000080f00000, 0x0000000081000000|  0%| F|  |TAMS 0x0000000080f00000| PB 0x0000000080f00000| Untracked 
|  16|0x0000000081000000, 0x0000000081000000, 0x0000000081100000|  0%| F|  |TAMS 0x0000000081000000| PB 0x0000000081000000| Untracked 
|  17|0x0000000081100000, 0x0000000081100000, 0x0000000081200000|  0%| F|  |TAMS 0x0000000081100000| PB 0x0000000081100000| Untracked 
|  18|0x0000000081200000, 0x0000000081200000, 0x0000000081300000|  0%| F|  |TAMS 0x0000000081200000| PB 0x0000000081200000| Untracked 
|  19|0x0000000081300000, 0x0000000081300000, 0x0000000081400000|  0%| F|  |TAMS 0x0000000081300000| PB 0x0000000081300000| Untracked 
|  20|0x0000000081400000, 0x0000000081400000, 0x0000000081500000|  0%| F|  |TAMS 0x0000000081400000| PB 0x0000000081400000| Untracked 
|  21|0x0000000081500000, 0x0000000081500000, 0x0000000081600000|  0%| F|  |TAMS 0x0000000081500000| PB 0x0000000081500000| Untracked 
|  22|0x0000000081600000, 0x0000000081600000, 0x0000000081700000|  0%| F|  |TAMS 0x0000000081600000| PB 0x0000000081600000| Untracked 
|  23|0x0000000081700000, 0x0000000081700000, 0x0000000081800000|  0%| F|  |TAMS 0x0000000081700000| PB 0x0000000081700000| Untracked 
|  24|0x0000000081800000, 0x0000000081800000, 0x0000000081900000|  0%| F|  |TAMS 0x0000000081800000| PB 0x0000000081800000| Untracked 
|  25|0x0000000081900000, 0x0000000081900000, 0x0000000081a00000|  0%| F|  |TAMS 0x0000000081900000| PB 0x0000000081900000| Untracked 
|  26|0x0000000081a00000, 0x0000000081a00000, 0x0000000081b00000|  0%| F|  |TAMS 0x0000000081a00000| PB 0x0000000081a00000| Untracked 
|  27|0x0000000081b00000, 0x0000000081b00000, 0x0000000081c00000|  0%| F|  |TAMS 0x0000000081b00000| PB 0x0000000081b00000| Untracked 
|  28|0x0000000081c00000, 0x0000000081c00000, 0x0000000081d00000|  0%| F|  |TAMS 0x0000000081c00000| PB 0x0000000081c00000| Untracked 
|  29|0x0000000081d00000, 0x0000000081d00000, 0x0000000081e00000|  0%| F|  |TAMS 0x0000000081d00000| PB 0x0000000081d00000| Untracked 
|  30|0x0000000081e00000, 0x0000000081e00000, 0x0000000081f00000|  0%| F|  |TAMS 0x0000000081e00000| PB 0x0000000081e00000| Untracked 
|  31|0x0000000081f00000, 0x0000000081f00000, 0x0000000082000000|  0%| F|  |TAMS 0x0000000081f00000| PB 0x0000000081f00000| Untracked 
|  32|0x0000000082000000, 0x0000000082000000, 0x0000000082100000|  0%| F|  |TAMS 0x0000000082000000| PB 0x0000000082000000| Untracked 
|  33|0x0000000082100000, 0x0000000082100000, 0x0000000082200000|  0%| F|  |TAMS 0x0000000082100000| PB 0x0000000082100000| Untracked 
|  34|0x0000000082200000, 0x0000000082200000, 0x0000000082300000|  0%| F|  |TAMS 0x0000000082200000| PB 0x0000000082200000| Untracked 
|  35|0x0000000082300000, 0x0000000082300000, 0x0000000082400000|  0%| F|  |TAMS 0x0000000082300000| PB 0x0000000082300000| Untracked 
|  36|0x0000000082400000, 0x0000000082400000, 0x0000000082500000|  0%| F|  |TAMS 0x0000000082400000| PB 0x0000000082400000| Untracked 
|  37|0x0000000082500000, 0x0000000082500000, 0x0000000082600000|  0%| F|  |TAMS 0x0000000082500000| PB 0x0000000082500000| Untracked 
|  38|0x0000000082600000, 0x0000000082600000, 0x0000000082700000|  0%| F|  |TAMS 0x0000000082600000| PB 0x0000000082600000| Untracked 
|  39|0x0000000082700000, 0x0000000082700000, 0x0000000082800000|  0%| F|  |TAMS 0x0000000082700000| PB 0x0000000082700000| Untracked 
|  40|0x0000000082800000, 0x0000000082800000, 0x0000000082900000|  0%| F|  |TAMS 0x0000000082800000| PB 0x0000000082800000| Untracked 
|  41|0x0000000082900000, 0x0000000082900000, 0x0000000082a00000|  0%| F|  |TAMS 0x0000000082900000| PB 0x0000000082900000| Untracked 
|  42|0x0000000082a00000, 0x0000000082a00000, 0x0000000082b00000|  0%| F|  |TAMS 0x0000000082a00000| PB 0x0000000082a00000| Untracked 
|  43|0x0000000082b00000, 0x0000000082b00000, 0x0000000082c00000|  0%| F|  |TAMS 0x0000000082b00000| PB 0x0000000082b00000| Untracked 
|  44|0x0000000082c00000, 0x0000000082c00000, 0x0000000082d00000|  0%| F|  |TAMS 0x0000000082c00000| PB 0x0000000082c00000| Untracked 
|  45|0x0000000082d00000, 0x0000000082d00000, 0x0000000082e00000|  0%| F|  |TAMS 0x0000000082d00000| PB 0x0000000082d00000| Untracked 
|  46|0x0000000082e00000, 0x0000000082e00000, 0x0000000082f00000|  0%| F|  |TAMS 0x0000000082e00000| PB 0x0000000082e00000| Untracked 
|  47|0x0000000082f00000, 0x0000000082f00000, 0x0000000083000000|  0%| F|  |TAMS 0x0000000082f00000| PB 0x0000000082f00000| Untracked 
|  48|0x0000000083000000, 0x0000000083000000, 0x0000000083100000|  0%| F|  |TAMS 0x0000000083000000| PB 0x0000000083000000| Untracked 
|  49|0x0000000083100000, 0x0000000083100000, 0x0000000083200000|  0%| F|  |TAMS 0x0000000083100000| PB 0x0000000083100000| Untracked 
|  50|0x0000000083200000, 0x0000000083200000, 0x0000000083300000|  0%| F|  |TAMS 0x0000000083200000| PB 0x0000000083200000| Untracked 
|  51|0x0000000083300000, 0x0000000083300000, 0x0000000083400000|  0%| F|  |TAMS 0x0000000083300000| PB 0x0000000083300000| Untracked 
|  52|0x0000000083400000, 0x0000000083400000, 0x0000000083500000|  0%| F|  |TAMS 0x0000000083400000| PB 0x0000000083400000| Untracked 
|  53|0x0000000083500000, 0x0000000083500000, 0x0000000083600000|  0%| F|  |TAMS 0x0000000083500000| PB 0x0000000083500000| Untracked 
|  54|0x0000000083600000, 0x0000000083600000, 0x0000000083700000|  0%| F|  |TAMS 0x0000000083600000| PB 0x0000000083600000| Untracked 
|  55|0x0000000083700000, 0x0000000083700000, 0x0000000083800000|  0%| F|  |TAMS 0x0000000083700000| PB 0x0000000083700000| Untracked 
|  56|0x0000000083800000, 0x0000000083800000, 0x0000000083900000|  0%| F|  |TAMS 0x0000000083800000| PB 0x0000000083800000| Untracked 
|  57|0x0000000083900000, 0x0000000083900000, 0x0000000083a00000|  0%| F|  |TAMS 0x0000000083900000| PB 0x0000000083900000| Untracked 
|  58|0x0000000083a00000, 0x0000000083a00000, 0x0000000083b00000|  0%| F|  |TAMS 0x0000000083a00000| PB 0x0000000083a00000| Untracked 
|  59|0x0000000083b00000, 0x0000000083b00000, 0x0000000083c00000|  0%| F|  |TAMS 0x0000000083b00000| PB 0x0000000083b00000| Untracked 
|  60|0x0000000083c00000, 0x0000000083c00000, 0x0000000083d00000|  0%| F|  |TAMS 0x0000000083c00000| PB 0x0000000083c00000| Untracked 
|  61|0x0000000083d00000, 0x0000000083d00000, 0x0000000083e00000|  0%| F|  |TAMS 0x0000000083d00000| PB 0x0000000083d00000| Untracked 
|  62|0x0000000083e00000, 0x0000000083e00000, 0x0000000083f00000|  0%| F|  |TAMS 0x0000000083e00000| PB 0x0000000083e00000| Untracked 
|  63|0x0000000083f00000, 0x0000000083f00000, 0x0000000084000000|  0%| F|  |TAMS 0x0000000083f00000| PB 0x0000000083f00000| Untracked 
|  64|0x0000000084000000, 0x0000000084000000, 0x0000000084100000|  0%| F|  |TAMS 0x0000000084000000| PB 0x0000000084000000| Untracked 
|  65|0x0000000084100000, 0x0000000084100000, 0x0000000084200000|  0%| F|  |TAMS 0x0000000084100000| PB 0x0000000084100000| Untracked 
|  66|0x0000000084200000, 0x00000000842bc680, 0x0000000084300000| 73%| E|  |TAMS 0x0000000084200000| PB 0x0000000084200000| Complete 
|  67|0x0000000084300000, 0x0000000084400000, 0x0000000084400000|100%| E|CS|TAMS 0x0000000084300000| PB 0x0000000084300000| Complete 
|  68|0x0000000084400000, 0x0000000084500000, 0x0000000084500000|100%| E|CS|TAMS 0x0000000084400000| PB 0x0000000084400000| Complete 
|  69|0x0000000084500000, 0x0000000084600000, 0x0000000084600000|100%| E|CS|TAMS 0x0000000084500000| PB 0x0000000084500000| Complete 
| 151|0x0000000089700000, 0x00000000897b9640, 0x0000000089800000| 72%| S|CS|TAMS 0x0000000089700000| PB 0x0000000089700000| Complete 
| 152|0x0000000089800000, 0x0000000089900000, 0x0000000089900000|100%| S|CS|TAMS 0x0000000089800000| PB 0x0000000089800000| Complete 
| 153|0x0000000089900000, 0x0000000089a00000, 0x0000000089a00000|100%| S|CS|TAMS 0x0000000089900000| PB 0x0000000089900000| Complete 
| 154|0x0000000089a00000, 0x0000000089b00000, 0x0000000089b00000|100%| S|CS|TAMS 0x0000000089a00000| PB 0x0000000089a00000| Complete 
| 155|0x0000000089b00000, 0x0000000089c00000, 0x0000000089c00000|100%| S|CS|TAMS 0x0000000089b00000| PB 0x0000000089b00000| Complete 
| 156|0x0000000089c00000, 0x0000000089d00000, 0x0000000089d00000|100%| S|CS|TAMS 0x0000000089c00000| PB 0x0000000089c00000| Complete 
| 157|0x0000000089d00000, 0x0000000089e00000, 0x0000000089e00000|100%| S|CS|TAMS 0x0000000089d00000| PB 0x0000000089d00000| Complete 
| 158|0x0000000089e00000, 0x0000000089f00000, 0x0000000089f00000|100%| S|CS|TAMS 0x0000000089e00000| PB 0x0000000089e00000| Complete 
| 159|0x0000000089f00000, 0x000000008a000000, 0x000000008a000000|100%| S|CS|TAMS 0x0000000089f00000| PB 0x0000000089f00000| Complete 
| 160|0x000000008a000000, 0x000000008a100000, 0x000000008a100000|100%| S|CS|TAMS 0x000000008a000000| PB 0x000000008a000000| Complete 
| 161|0x000000008a100000, 0x000000008a200000, 0x000000008a200000|100%| S|CS|TAMS 0x000000008a100000| PB 0x000000008a100000| Complete 
| 162|0x000000008a200000, 0x000000008a300000, 0x000000008a300000|100%| S|CS|TAMS 0x000000008a200000| PB 0x000000008a200000| Complete 
| 252|0x000000008fc00000, 0x000000008fd00000, 0x000000008fd00000|100%| E|CS|TAMS 0x000000008fc00000| PB 0x000000008fc00000| Complete 
| 253|0x000000008fd00000, 0x000000008fe00000, 0x000000008fe00000|100%| E|CS|TAMS 0x000000008fd00000| PB 0x000000008fd00000| Complete 

Card table byte_map: [0x00000224b09c0000,0x00000224b0dc0000] _byte_map_base: 0x00000224b05c0000

Marking Bits: (CMBitMap*) 0x0000022499014530
 Bits: [0x00000224b11c0000, 0x00000224b31c0000)

Polling page: 0x0000022498780000

Metaspace:

Usage:
  Non-class:     17.68 MB used.
      Class:      3.05 MB used.
       Both:     20.73 MB used.

Virtual space:
  Non-class space:       64.00 MB reserved,      18.06 MB ( 28%) committed,  1 nodes.
      Class space:      412.00 MB reserved,       3.44 MB ( <1%) committed,  1 nodes.
             Both:      476.00 MB reserved,      21.50 MB (  5%) committed. 

Chunk freelists:
   Non-Class:  1.77 MB
       Class:  636.00 KB
        Both:  2.39 MB

MaxMetaspaceSize: 512.00 MB
CompressedClassSpaceSize: 412.00 MB
Initial GC threshold: 21.00 MB
Current GC threshold: 35.12 MB
CDS: on
MetaspaceReclaimPolicy: balanced
 - commit_granule_bytes: 65536.
 - commit_granule_words: 8192.
 - virtual_space_node_default_size: 8388608.
 - enlarge_chunks_in_place: 1.
 - new_chunks_are_fully_committed: 0.
 - uncommit_free_chunks: 1.
 - use_allocation_guard: 0.


Internal statistics:

num_allocs_failed_limit: 3.
num_arena_births: 1112.
num_arena_deaths: 0.
num_vsnodes_births: 2.
num_vsnodes_deaths: 0.
num_space_committed: 344.
num_space_uncommitted: 0.
num_chunks_returned_to_freelist: 3.
num_chunks_taken_from_freelist: 1936.
num_chunk_merges: 3.
num_chunk_splits: 1290.
num_chunks_enlarged: 857.
num_inconsistent_stats: 0.

CodeHeap 'non-profiled nmethods': size=120000Kb used=1620Kb max_used=1620Kb free=118379Kb
 bounds [0x00000224a8b40000, 0x00000224a8db0000, 0x00000224b0070000]
CodeHeap 'profiled nmethods': size=120000Kb used=6319Kb max_used=6319Kb free=113680Kb
 bounds [0x00000224a1070000, 0x00000224a16a0000, 0x00000224a85a0000]
CodeHeap 'non-nmethods': size=5760Kb used=1674Kb max_used=1713Kb free=4085Kb
 bounds [0x00000224a85a0000, 0x00000224a8810000, 0x00000224a8b40000]
 total_blobs=3700 nmethods=3138 adapters=472
 compilation: enabled
              stopped_count=0, restarted_count=0
 full_count=0

Compilation events (20 events):
Event: 71.024 Thread 0x00000224ba029d20 nmethod 3131 0x00000224a8cd4610 code [0x00000224a8cd4780, 0x00000224a8cd4848]
Event: 71.061 Thread 0x00000224ba029d20 3132       1       java.net.InetSocketAddress$InetSocketAddressHolder::getAddress (5 bytes)
Event: 71.061 Thread 0x00000224ba029d20 nmethod 3132 0x00000224a8cd4910 code [0x00000224a8cd4a80, 0x00000224a8cd4b48]
Event: 71.063 Thread 0x00000224ba029d20 3133       3       org.gradle.internal.logging.slf4j.OutputEventListenerBackedLogger::isDebugEnabled (5 bytes)
Event: 71.064 Thread 0x00000224ba029d20 nmethod 3133 0x00000224a1699290 code [0x00000224a1699460, 0x00000224a1699858]
Event: 71.064 Thread 0x00000224ba029d20 3134       3       org.gradle.internal.logging.slf4j.BuildOperationAwareLogger::isDebugEnabled (8 bytes)
Event: 71.065 Thread 0x00000224ba029d20 nmethod 3134 0x00000224a1699a10 code [0x00000224a1699ba0, 0x00000224a1699d70]
Event: 71.715 Thread 0x00000224ba029d20 3135       1       org.gradle.cache.internal.filelock.FileLockOutcome$3::isLockWasAcquired (2 bytes)
Event: 71.715 Thread 0x00000224ba029d20 nmethod 3135 0x00000224a8cd4c10 code [0x00000224a8cd4d80, 0x00000224a8cd4e48]
Event: 71.838 Thread 0x00000224ba029d20 3136       3       java.util.stream.AbstractPipeline::evaluate (94 bytes)
Event: 71.839 Thread 0x00000224ba029d20 nmethod 3136 0x00000224a1699e10 code [0x00000224a169a020, 0x00000224a169a6b8]
Event: 71.840 Thread 0x00000224ba029d20 3137       3       java.lang.Long::hashCode (8 bytes)
Event: 71.840 Thread 0x00000224ba029d20 nmethod 3137 0x00000224a169a910 code [0x00000224a169aaa0, 0x00000224a169ab98]
Event: 71.887 Thread 0x00000224ba029d20 3138   !   3       java.io.RandomAccessFile::length (24 bytes)
Event: 71.901 Thread 0x00000224ba029d20 nmethod 3138 0x00000224a169ac10 code [0x00000224a169adc0, 0x00000224a169afb8]
Event: 71.998 Thread 0x00000224ba029d20 3139       3       com.google.common.cache.LocalCache::expiresAfterAccess (15 bytes)
Event: 71.999 Thread 0x00000224ba029d20 nmethod 3139 0x00000224a169b110 code [0x00000224a169b2a0, 0x00000224a169b418]
Event: 72.006 Thread 0x00000224ba029d20 3140       3       java.lang.reflect.Method::acquireMethodAccessor (55 bytes)
Event: 72.006 Thread 0x00000224ba029d20 nmethod 3140 0x00000224a169b490 code [0x00000224a169b680, 0x00000224a169bc10]
Event: 72.007 Thread 0x00000224ba0277c0 3141       4       java.lang.invoke.InvokerBytecodeGenerator::emitPushArguments (45 bytes)

GC Heap History (6 events):
Event: 5.123 GC heap before
{Heap before GC invocations=0 (full 0):
 garbage-first heap   total 260096K, used 26624K [0x0000000080000000, 0x0000000100000000)
  region size 1024K, 23 young (23552K), 0 survivors (0K)
 Metaspace       used 3022K, committed 3200K, reserved 487424K
  class space    used 380K, committed 448K, reserved 421888K
}
Event: 6.277 GC heap after
{Heap after GC invocations=1 (full 0):
 garbage-first heap   total 260096K, used 10533K [0x0000000080000000, 0x0000000100000000)
  region size 1024K, 3 young (3072K), 3 survivors (3072K)
 Metaspace       used 3022K, committed 3200K, reserved 487424K
  class space    used 380K, committed 448K, reserved 421888K
}
Event: 8.239 GC heap before
{Heap before GC invocations=1 (full 0):
 garbage-first heap   total 260096K, used 40229K [0x0000000080000000, 0x0000000100000000)
  region size 1024K, 32 young (32768K), 3 survivors (3072K)
 Metaspace       used 3969K, committed 4160K, reserved 487424K
  class space    used 476K, committed 576K, reserved 421888K
}
Event: 8.246 GC heap after
{Heap after GC invocations=2 (full 0):
 garbage-first heap   total 260096K, used 14986K [0x0000000080000000, 0x0000000100000000)
  region size 1024K, 4 young (4096K), 4 survivors (4096K)
 Metaspace       used 3969K, committed 4160K, reserved 487424K
  class space    used 476K, committed 576K, reserved 421888K
}
Event: 52.343 GC heap before
{Heap before GC invocations=2 (full 0):
 garbage-first heap   total 260096K, used 103050K [0x0000000080000000, 0x0000000100000000)
  region size 1024K, 91 young (93184K), 4 survivors (4096K)
 Metaspace       used 20772K, committed 21504K, reserved 487424K
  class space    used 3023K, committed 3392K, reserved 421888K
}
Event: 53.850 GC heap after
{Heap after GC invocations=3 (full 0):
 garbage-first heap   total 260096K, used 22895K [0x0000000080000000, 0x0000000100000000)
  region size 1024K, 12 young (12288K), 12 survivors (12288K)
 Metaspace       used 20772K, committed 21504K, reserved 487424K
  class space    used 3023K, committed 3392K, reserved 421888K
}

Dll operation events (13 events):
Event: 0.745 Loaded shared library C:\Program Files\Java\jdk-20\bin\java.dll
Event: 0.789 Loaded shared library C:\Program Files\Java\jdk-20\bin\jsvml.dll
Event: 0.908 Loaded shared library C:\Program Files\Java\jdk-20\bin\net.dll
Event: 0.911 Loaded shared library C:\Program Files\Java\jdk-20\bin\nio.dll
Event: 0.917 Loaded shared library C:\Program Files\Java\jdk-20\bin\zip.dll
Event: 2.238 Loaded shared library C:\Program Files\Java\jdk-20\bin\jimage.dll
Event: 3.825 Loaded shared library C:\Program Files\Java\jdk-20\bin\verify.dll
Event: 4.835 Loaded shared library C:\Users\Marcos\.gradle\native\68d5fa5c4cc2d200863cafc0d521ce42e7d3e7ee720ec0a83991735586a16f82\windows-amd64\native-platform.dll
Event: 4.867 Loaded shared library C:\Users\Marcos\.gradle\native\e376f236ea51e6404a007f0833ffe2c6e607c4080706a723a18a27aeea778392\windows-amd64\native-platform-file-events.dll
Event: 8.564 Loaded shared library C:\Program Files\Java\jdk-20\bin\management.dll
Event: 8.566 Loaded shared library C:\Program Files\Java\jdk-20\bin\management_ext.dll
Event: 9.338 Loaded shared library C:\Program Files\Java\jdk-20\bin\extnet.dll
Event: 11.504 Loaded shared library C:\Program Files\Java\jdk-20\bin\sunmscapi.dll

Deoptimization events (20 events):
Event: 32.765 Thread 0x00000224ba4da720 DEOPT PACKING pc=0x00000224a15ee653 sp=0x0000005e871fa2c0
Event: 32.765 Thread 0x00000224ba4da720 DEOPT UNPACKING pc=0x00000224a860e462 sp=0x0000005e871f9770 mode 0
Event: 35.168 Thread 0x00000224ba4da720 DEOPT PACKING pc=0x00000224a14bedfe sp=0x0000005e871f6b30
Event: 35.168 Thread 0x00000224ba4da720 DEOPT UNPACKING pc=0x00000224a860e462 sp=0x0000005e871f60b0 mode 0
Event: 35.185 Thread 0x00000224ba4da720 Uncommon trap: trap_request=0xffffff45 fr.pc=0x00000224a8c5b610 relative=0x0000000000000b50
Event: 35.185 Thread 0x00000224ba4da720 Uncommon trap: reason=unstable_if action=reinterpret pc=0x00000224a8c5b610 method=jdk.internal.org.objectweb.asm.SymbolTable.addType(Ljava/lang/String;)I @ 33 c2
Event: 35.185 Thread 0x00000224ba4da720 DEOPT PACKING pc=0x00000224a8c5b610 sp=0x0000005e871fbf30
Event: 35.185 Thread 0x00000224ba4da720 DEOPT UNPACKING pc=0x00000224a85bd2a2 sp=0x0000005e871fbe68 mode 2
Event: 35.185 Thread 0x00000224ba4da720 Uncommon trap: trap_request=0xffffff45 fr.pc=0x00000224a8c42dd4 relative=0x0000000000000394
Event: 35.185 Thread 0x00000224ba4da720 Uncommon trap: reason=unstable_if action=reinterpret pc=0x00000224a8c42dd4 method=jdk.internal.org.objectweb.asm.SymbolTable.addType(Ljava/lang/String;)I @ 33 c2
Event: 35.185 Thread 0x00000224ba4da720 DEOPT PACKING pc=0x00000224a8c42dd4 sp=0x0000005e871fc010
Event: 35.185 Thread 0x00000224ba4da720 DEOPT UNPACKING pc=0x00000224a85bd2a2 sp=0x0000005e871fbf98 mode 2
Event: 35.387 Thread 0x00000224ba4da720 Uncommon trap: trap_request=0xffffff76 fr.pc=0x00000224a8cb1fc0 relative=0x00000000000001a0
Event: 35.387 Thread 0x00000224ba4da720 Uncommon trap: reason=predicate action=maybe_recompile pc=0x00000224a8cb1fc0 method=com.google.common.base.CharMatcher.indexIn(Ljava/lang/CharSequence;I)I @ 19 c2
Event: 35.387 Thread 0x00000224ba4da720 DEOPT PACKING pc=0x00000224a8cb1fc0 sp=0x0000005e871fbd30
Event: 35.387 Thread 0x00000224ba4da720 DEOPT UNPACKING pc=0x00000224a85bd2a2 sp=0x0000005e871fbcc0 mode 2
Event: 53.852 Thread 0x00000224ba01f980 Uncommon trap: trap_request=0xffffff45 fr.pc=0x00000224a8c9d1cc relative=0x000000000000022c
Event: 53.852 Thread 0x00000224ba01f980 Uncommon trap: reason=unstable_if action=reinterpret pc=0x00000224a8c9d1cc method=java.util.concurrent.locks.ReentrantLock$Sync.lock()V @ 4 c2
Event: 53.852 Thread 0x00000224ba01f980 DEOPT PACKING pc=0x00000224a8c9d1cc sp=0x0000005e85bff2f0
Event: 53.852 Thread 0x00000224ba01f980 DEOPT UNPACKING pc=0x00000224a85bd2a2 sp=0x0000005e85bff250 mode 2

Classes loaded (20 events):
Event: 21.609 Loading class java/util/concurrent/LinkedBlockingDeque$Itr
Event: 21.609 Loading class java/util/concurrent/LinkedBlockingDeque$AbstractItr
Event: 21.609 Loading class java/util/concurrent/LinkedBlockingDeque$AbstractItr done
Event: 21.609 Loading class java/util/concurrent/LinkedBlockingDeque$Itr done
Event: 35.155 Loading class java/lang/annotation/IncompleteAnnotationException
Event: 35.157 Loading class java/lang/annotation/IncompleteAnnotationException done
Event: 35.334 Loading class java/util/function/UnaryOperator
Event: 35.334 Loading class java/util/function/UnaryOperator done
Event: 35.378 Loading class java/util/concurrent/TimeoutException
Event: 35.378 Loading class java/util/concurrent/TimeoutException done
Event: 35.378 Loading class java/util/concurrent/CancellationException
Event: 35.378 Loading class java/util/concurrent/CancellationException done
Event: 35.383 Loading class java/util/ServiceConfigurationError
Event: 35.383 Loading class java/util/ServiceConfigurationError done
Event: 35.554 Loading class java/util/concurrent/locks/AbstractQueuedSynchronizer$SharedNode
Event: 35.556 Loading class java/util/concurrent/locks/AbstractQueuedSynchronizer$SharedNode done
Event: 35.568 Loading class java/io/InterruptedIOException
Event: 35.568 Loading class java/io/InterruptedIOException done
Event: 35.588 Loading class java/util/ArrayDeque$DeqSpliterator
Event: 35.589 Loading class java/util/ArrayDeque$DeqSpliterator done

Classes unloaded (0 events):
No events

Classes redefined (0 events):
No events

Internal exceptions (20 events):
Event: 15.936 Thread 0x00000224ba4da720 Exception <a 'java/lang/IncompatibleClassChangeError'{0x000000008c642d90}: Found class java.lang.Object, but interface was expected> (0x000000008c642d90) 
thrown [s\open\src\hotspot\share\interpreter\linkResolver.cpp, line 840]
Event: 15.942 Thread 0x00000224ba4da720 Exception <a 'java/lang/NoSuchMethodError'{0x000000008c6548d8}: 'java.lang.Object java.lang.invoke.DirectMethodHandle$Holder.newInvokeSpecial(java.lang.Object, java.lang.Object, java.lang.Object, java.lang.Object, java.lang.Object, java.lang.Object, java.lang.Object, java.lang.Object, java.lang.Object, java.lang.Object)'> (0x000000008c6548d8) 
thrown [s\open\src\hotspot\share\interpreter\linkResolver.cpp, line 773]
Event: 16.189 Thread 0x00000224ba4da720 Exception <a 'java/lang/NoSuchMethodError'{0x000000008c5e24c8}: 'java.lang.Object java.lang.invoke.DirectMethodHandle$Holder.invokeVirtual(java.lang.Object, java.lang.Object, java.lang.Object, java.lang.Object, java.lang.Object, java.lang.Object, java.lang.Object, java.lang.Object, java.lang.Object, java.lang.Object, java.lang.Object, java.lang.Object, java.lang.Object, java.lang.Object, java.lang.Object, java.lang.Object, java.lang.Object, java.lang.Object, java.lang.Object, java.lang.Object, java.lang.Ob
Event: 16.190 Thread 0x00000224ba4da720 Exception <a 'java/lang/NoSuchMethodError'{0x000000008c5e8178}: 'java.lang.Object java.lang.invoke.DirectMethodHandle$Holder.invokeSpecial(java.lang.Object, java.lang.Object, java.lang.Object, java.lang.Object, java.lang.Object, java.lang.Object, java.lang.Object, java.lang.Object, java.lang.Object, java.lang.Object, java.lang.Object, java.lang.Object, java.lang.Object, java.lang.Object, java.lang.Object, java.lang.Object, java.lang.Object, java.lang.Object, java.lang.Object, java.lang.Object, java.lang.Ob
Event: 16.190 Thread 0x00000224ba4da720 Exception <a 'java/lang/NoSuchMethodError'{0x000000008c5ed5a8}: 'java.lang.Object java.lang.invoke.DelegatingMethodHandle$Holder.reinvoke_L(java.lang.Object, java.lang.Object, java.lang.Object, java.lang.Object, java.lang.Object, java.lang.Object, java.lang.Object, java.lang.Object, java.lang.Object, java.lang.Object, java.lang.Object, java.lang.Object, java.lang.Object, java.lang.Object, java.lang.Object, java.lang.Object, java.lang.Object, java.lang.Object, java.lang.Object, java.lang.Object, java.lang.O
Event: 16.203 Thread 0x00000224ba4da720 Exception <a 'java/lang/NoSuchMethodError'{0x000000008c49b3e0}: 'int java.lang.invoke.DirectMethodHandle$Holder.invokeStatic(java.lang.Object, java.lang.Object, java.lang.Object, java.lang.Object)'> (0x000000008c49b3e0) 
thrown [s\open\src\hotspot\share\interpreter\linkResolver.cpp, line 773]
Event: 17.128 Thread 0x00000224ba4da720 Exception <a 'java/lang/NoSuchMethodError'{0x000000008c1ffd38}: 'java.lang.Object java.lang.invoke.DirectMethodHandle$Holder.invokeSpecial(java.lang.Object, java.lang.Object, java.lang.Object, java.lang.Object, java.lang.Object, java.lang.Object, java.lang.Object, java.lang.Object, java.lang.Object, java.lang.Object, java.lang.Object, java.lang.Object, java.lang.Object, java.lang.Object, java.lang.Object, java.lang.Object, java.lang.Object, java.lang.Object, java.lang.Object, java.lang.Object, java.lang.Ob
Event: 17.841 Thread 0x00000224ba4da720 Exception <a 'java/lang/NoSuchMethodError'{0x000000008bc79048}: 'void java.lang.invoke.DirectMethodHandle$Holder.invokeStatic(java.lang.Object, java.lang.Object)'> (0x000000008bc79048) 
thrown [s\open\src\hotspot\share\interpreter\linkResolver.cpp, line 773]
Event: 18.134 Thread 0x00000224ba4da720 Exception <a 'java/lang/NoSuchMethodError'{0x000000008ba584c0}: 'java.lang.Object java.lang.invoke.DirectMethodHandle$Holder.newInvokeSpecial(java.lang.Object, java.lang.Object, java.lang.Object, java.lang.Object, java.lang.Object, java.lang.Object, java.lang.Object)'> (0x000000008ba584c0) 
thrown [s\open\src\hotspot\share\interpreter\linkResolver.cpp, line 773]
Event: 34.161 Thread 0x00000224ba4da720 Exception <a 'java/lang/NoSuchMethodError'{0x000000008b0d8ca0}: 'void java.lang.invoke.DirectMethodHandle$Holder.invokeStaticInit(java.lang.Object, java.lang.Object)'> (0x000000008b0d8ca0) 
thrown [s\open\src\hotspot\share\interpreter\linkResolver.cpp, line 773]
Event: 34.437 Thread 0x00000224ba4da720 Exception <a 'java/lang/NoSuchMethodError'{0x000000008af82088}: 'java.lang.Object java.lang.invoke.DirectMethodHandle$Holder.newInvokeSpecial(java.lang.Object, java.lang.Object, java.lang.Object, java.lang.Object, java.lang.Object, java.lang.Object, java.lang.Object, java.lang.Object)'> (0x000000008af82088) 
thrown [s\open\src\hotspot\share\interpreter\linkResolver.cpp, line 773]
Event: 35.158 Thread 0x00000224ba4da720 Exception <a 'java/lang/NoSuchMethodError'{0x000000008aec2888}: 'java.lang.Object java.lang.invoke.DirectMethodHandle$Holder.invokeStaticInit(java.lang.Object, java.lang.Object, java.lang.Object)'> (0x000000008aec2888) 
thrown [s\open\src\hotspot\share\interpreter\linkResolver.cpp, line 773]
Event: 35.160 Thread 0x00000224ba4da720 Exception <a 'java/lang/NoSuchMethodError'{0x000000008aecc6e8}: 'void java.lang.invoke.DirectMethodHandle$Holder.invokeStatic(java.lang.Object, java.lang.Object, java.lang.Object, java.lang.Object, java.lang.Object, java.lang.Object)'> (0x000000008aecc6e8) 
thrown [s\open\src\hotspot\share\interpreter\linkResolver.cpp, line 773]
Event: 35.571 Thread 0x00000224ba4da720 Exception <a 'java/lang/NoSuchMethodError'{0x000000008a92f170}: 'void java.lang.invoke.DirectMethodHandle$Holder.invokeStatic(java.lang.Object, java.lang.Object, java.lang.Object, java.lang.Object)'> (0x000000008a92f170) 
thrown [s\open\src\hotspot\share\interpreter\linkResolver.cpp, line 773]
Event: 35.575 Thread 0x00000224ba4da720 Exception <a 'java/lang/NoSuchMethodError'{0x000000008a9401b8}: 'int java.lang.invoke.DirectMethodHandle$Holder.invokeVirtual(java.lang.Object, java.lang.Object)'> (0x000000008a9401b8) 
thrown [s\open\src\hotspot\share\interpreter\linkResolver.cpp, line 773]
Event: 35.591 Thread 0x00000224ba4da720 Exception <a 'java/lang/NoSuchMethodError'{0x000000008a973198}: 'int java.lang.invoke.DirectMethodHandle$Holder.invokeVirtual(java.lang.Object, java.lang.Object, java.lang.Object)'> (0x000000008a973198) 
thrown [s\open\src\hotspot\share\interpreter\linkResolver.cpp, line 773]
Event: 35.703 Thread 0x00000224ba4da720 Exception <a 'java/lang/NoSuchMethodError'{0x000000008a69d988}: 'void java.lang.invoke.DirectMethodHandle$Holder.invokeInterface(java.lang.Object, java.lang.Object, java.lang.Object, java.lang.Object, java.lang.Object)'> (0x000000008a69d988) 
thrown [s\open\src\hotspot\share\interpreter\linkResolver.cpp, line 773]
Event: 58.825 Thread 0x00000224ba4da720 Exception <a 'java/lang/NoSuchMethodError'{0x0000000084593950}: 'java.lang.Object java.lang.invoke.DirectMethodHandle$Holder.invokeVirtual(java.lang.Object, java.lang.Object, java.lang.Object, java.lang.Object, java.lang.Object, java.lang.Object, java.lang.Object, java.lang.Object, java.lang.Object, java.lang.Object, java.lang.Object, java.lang.Object, java.lang.Object)'> (0x0000000084593950) 
thrown [s\open\src\hotspot\share\interpreter\linkResolver.cpp, line 773]
Event: 58.852 Thread 0x00000224ba4da720 Exception <a 'java/lang/NoSuchMethodError'{0x00000000845991b0}: 'java.lang.Object java.lang.invoke.DirectMethodHandle$Holder.invokeSpecial(java.lang.Object, java.lang.Object, java.lang.Object, java.lang.Object, java.lang.Object, java.lang.Object, java.lang.Object, java.lang.Object, java.lang.Object, java.lang.Object, java.lang.Object, java.lang.Object, java.lang.Object, java.lang.Object)'> (0x00000000845991b0) 
thrown [s\open\src\hotspot\share\interpreter\linkResolver.cpp, line 773]
Event: 58.876 Thread 0x00000224ba4da720 Exception <a 'java/lang/NoSuchMethodError'{0x000000008459e450}: 'java.lang.Object java.lang.invoke.DelegatingMethodHandle$Holder.reinvoke_L(java.lang.Object, java.lang.Object, java.lang.Object, java.lang.Object, java.lang.Object, java.lang.Object, java.lang.Object, java.lang.Object, java.lang.Object, java.lang.Object, java.lang.Object, java.lang.Object, java.lang.Object)'> (0x000000008459e450) 
thrown [s\open\src\hotspot\share\interpreter\linkResolver.cpp, line 773]

VM Operations (20 events):
Event: 50.492 Executing VM operation: Cleanup
Event: 51.026 Executing VM operation: Cleanup done
Event: 52.037 Executing VM operation: Cleanup
Event: 52.328 Executing VM operation: Cleanup done
Event: 52.343 Executing VM operation: CollectForMetadataAllocation
Event: 53.851 Executing VM operation: CollectForMetadataAllocation done
Event: 53.964 Executing VM operation: G1PauseRemark
Event: 54.226 Executing VM operation: G1PauseRemark done
Event: 54.249 Executing VM operation: G1PauseCleanup
Event: 54.371 Executing VM operation: G1PauseCleanup done
Event: 56.376 Executing VM operation: Cleanup
Event: 56.460 Executing VM operation: Cleanup done
Event: 59.484 Executing VM operation: Cleanup
Event: 59.530 Executing VM operation: Cleanup done
Event: 60.540 Executing VM operation: Cleanup
Event: 60.540 Executing VM operation: Cleanup done
Event: 61.543 Executing VM operation: Cleanup
Event: 61.573 Executing VM operation: Cleanup done
Event: 62.684 Executing VM operation: Cleanup
Event: 62.684 Executing VM operation: Cleanup done

Events (20 events):
Event: 9.140 Thread 0x00000224bab83b90 Thread exited: 0x00000224bab83b90
Event: 10.267 Thread 0x00000224bba6e060 Thread added: 0x00000224bba6e060
Event: 11.014 Thread 0x00000224bb90e3d0 Thread added: 0x00000224bb90e3d0
Event: 11.553 Thread 0x00000224ba4178b0 Thread added: 0x00000224ba4178b0
Event: 11.563 Thread 0x00000224ba4dac70 Thread added: 0x00000224ba4dac70
Event: 11.607 Thread 0x00000224ba4ddc40 Thread added: 0x00000224ba4ddc40
Event: 11.675 Thread 0x00000224ba4da720 Thread added: 0x00000224ba4da720
Event: 11.949 Thread 0x00000224ba4dbc60 Thread added: 0x00000224ba4dbc60
Event: 11.953 Thread 0x00000224ba4db1c0 Thread added: 0x00000224ba4db1c0
Event: 11.963 Thread 0x00000224ba4db710 Thread added: 0x00000224ba4db710
Event: 14.452 Thread 0x00000224ba4dcc50 Thread added: 0x00000224ba4dcc50
Event: 14.632 Thread 0x00000224ba4dd1a0 Thread added: 0x00000224ba4dd1a0
Event: 14.637 Thread 0x00000224ba591c50 Thread added: 0x00000224ba591c50
Event: 14.757 Thread 0x00000224ba591c50 Thread exited: 0x00000224ba591c50
Event: 15.328 Thread 0x00000224ba4dc700 Thread added: 0x00000224ba4dc700
Event: 16.736 Thread 0x00000224ba4dd6f0 Thread added: 0x00000224ba4dd6f0
Event: 35.554 Thread 0x00000224bc3d0e30 Thread added: 0x00000224bc3d0e30
Event: 35.571 Thread 0x00000224bc3cf8f0 Thread added: 0x00000224bc3cf8f0
Event: 62.115 Thread 0x00000224bc3d1e20 Thread added: 0x00000224bc3d1e20
Event: 71.976 Thread 0x00000224ba4db1c0 Thread exited: 0x00000224ba4db1c0


Dynamic libraries:
0x00007ff773d50000 - 0x00007ff773d60000 	C:\Program Files\Java\jdk-20\bin\java.exe
0x00007ffce2210000 - 0x00007ffce2408000 	C:\Windows\SYSTEM32\ntdll.dll
0x00007ffce1200000 - 0x00007ffce12bd000 	C:\Windows\System32\KERNEL32.DLL
0x00007ffcdfaf0000 - 0x00007ffcdfde6000 	C:\Windows\System32\KERNELBASE.dll
0x00007ffce0050000 - 0x00007ffce0150000 	C:\Windows\System32\ucrtbase.dll
0x00007ffcccb50000 - 0x00007ffcccb69000 	C:\Program Files\Java\jdk-20\bin\jli.dll
0x00007ffccde60000 - 0x00007ffccde7b000 	C:\Program Files\Java\jdk-20\bin\VCRUNTIME140.dll
0x00007ffce1070000 - 0x00007ffce111e000 	C:\Windows\System32\ADVAPI32.dll
0x00007ffce0aa0000 - 0x00007ffce0b3e000 	C:\Windows\System32\msvcrt.dll
0x00007ffce12c0000 - 0x00007ffce135c000 	C:\Windows\System32\sechost.dll
0x00007ffce0960000 - 0x00007ffce0a86000 	C:\Windows\System32\RPCRT4.dll
0x00007ffce2000000 - 0x00007ffce219e000 	C:\Windows\System32\USER32.dll
0x00007ffcdf8f0000 - 0x00007ffcdf912000 	C:\Windows\System32\win32u.dll
0x00007ffce21a0000 - 0x00007ffce21cc000 	C:\Windows\System32\GDI32.dll
0x00007ffce0150000 - 0x00007ffce026a000 	C:\Windows\System32\gdi32full.dll
0x00007ffcdfa00000 - 0x00007ffcdfa9d000 	C:\Windows\System32\msvcp_win.dll
0x00007ffcc0620000 - 0x00007ffcc08ba000 	C:\Windows\WinSxS\amd64_microsoft.windows.common-controls_6595b64144ccf1df_6.0.19041.1110_none_60b5254171f9507e\COMCTL32.dll
0x00007ffcd6640000 - 0x00007ffcd664a000 	C:\Windows\SYSTEM32\VERSION.dll
0x00007ffce0800000 - 0x00007ffce0830000 	C:\Windows\System32\IMM32.DLL
0x00007ffcc62e0000 - 0x00007ffcc62ec000 	C:\Program Files\Java\jdk-20\bin\vcruntime140_1.dll
0x00007ffc94330000 - 0x00007ffc943be000 	C:\Program Files\Java\jdk-20\bin\msvcp140.dll
0x00007ffc68c40000 - 0x00007ffc698d7000 	C:\Program Files\Java\jdk-20\bin\server\jvm.dll
0x00007ffcc5d10000 - 0x00007ffcc5d19000 	C:\Windows\SYSTEM32\WSOCK32.dll
0x00007ffce0bf0000 - 0x00007ffce0c5b000 	C:\Windows\System32\WS2_32.dll
0x00007ffcc7730000 - 0x00007ffcc7757000 	C:\Windows\SYSTEM32\WINMM.dll
0x00007ffcde110000 - 0x00007ffcde122000 	C:\Windows\SYSTEM32\kernel.appcore.dll
0x00007ffcbdff0000 - 0x00007ffcbdffa000 	C:\Program Files\Java\jdk-20\bin\jimage.dll
0x00007ffcdd670000 - 0x00007ffcdd854000 	C:\Windows\SYSTEM32\DBGHELP.DLL
0x00007ffcb95e0000 - 0x00007ffcb9614000 	C:\Windows\SYSTEM32\dbgcore.DLL
0x00007ffcdffc0000 - 0x00007ffce0042000 	C:\Windows\System32\bcryptPrimitives.dll
0x00007ffca70b0000 - 0x00007ffca70d6000 	C:\Program Files\Java\jdk-20\bin\java.dll
0x00007ffc862b0000 - 0x00007ffc86387000 	C:\Program Files\Java\jdk-20\bin\jsvml.dll
0x00007ffce1360000 - 0x00007ffce1aa5000 	C:\Windows\System32\SHELL32.dll
0x00007ffcdd860000 - 0x00007ffcddffb000 	C:\Windows\SYSTEM32\windows.storage.dll
0x00007ffce04a0000 - 0x00007ffce07f4000 	C:\Windows\System32\combase.dll
0x00007ffcdf330000 - 0x00007ffcdf35e000 	C:\Windows\SYSTEM32\Wldp.dll
0x00007ffce0fc0000 - 0x00007ffce106d000 	C:\Windows\System32\SHCORE.dll
0x00007ffce0270000 - 0x00007ffce02c5000 	C:\Windows\System32\shlwapi.dll
0x00007ffcdf820000 - 0x00007ffcdf845000 	C:\Windows\SYSTEM32\profapi.dll
0x00007ffcb0550000 - 0x00007ffcb0563000 	C:\Program Files\Java\jdk-20\bin\net.dll
0x00007ffcd3f70000 - 0x00007ffcd407a000 	C:\Windows\SYSTEM32\WINHTTP.dll
0x00007ffcdf090000 - 0x00007ffcdf0fa000 	C:\Windows\system32\mswsock.dll
0x00007ffcb02a0000 - 0x00007ffcb02b6000 	C:\Program Files\Java\jdk-20\bin\nio.dll
0x00007ffcab550000 - 0x00007ffcab568000 	C:\Program Files\Java\jdk-20\bin\zip.dll
0x00007ffcbdc90000 - 0x00007ffcbdca0000 	C:\Program Files\Java\jdk-20\bin\verify.dll
0x00007ffcb1cd0000 - 0x00007ffcb1cf7000 	C:\Users\Marcos\.gradle\native\68d5fa5c4cc2d200863cafc0d521ce42e7d3e7ee720ec0a83991735586a16f82\windows-amd64\native-platform.dll
0x00007ffc78560000 - 0x00007ffc786a4000 	C:\Users\Marcos\.gradle\native\e376f236ea51e6404a007f0833ffe2c6e607c4080706a723a18a27aeea778392\windows-amd64\native-platform-file-events.dll
0x00007ffcc1020000 - 0x00007ffcc102a000 	C:\Program Files\Java\jdk-20\bin\management.dll
0x00007ffcc1010000 - 0x00007ffcc101b000 	C:\Program Files\Java\jdk-20\bin\management_ext.dll
0x00007ffce0950000 - 0x00007ffce0958000 	C:\Windows\System32\PSAPI.DLL
0x00007ffcdf280000 - 0x00007ffcdf298000 	C:\Windows\SYSTEM32\CRYPTSP.dll
0x00007ffcde930000 - 0x00007ffcde964000 	C:\Windows\system32\rsaenh.dll
0x00007ffcdf920000 - 0x00007ffcdf947000 	C:\Windows\System32\bcrypt.dll
0x00007ffcdf7e0000 - 0x00007ffcdf80e000 	C:\Windows\SYSTEM32\USERENV.dll
0x00007ffcdf2a0000 - 0x00007ffcdf2ac000 	C:\Windows\SYSTEM32\CRYPTBASE.dll
0x00007ffcded30000 - 0x00007ffcded6b000 	C:\Windows\SYSTEM32\IPHLPAPI.DLL
0x00007ffce0400000 - 0x00007ffce0408000 	C:\Windows\System32\NSI.dll
0x00007ffcd4820000 - 0x00007ffcd4837000 	C:\Windows\SYSTEM32\dhcpcsvc6.DLL
0x00007ffcd4c40000 - 0x00007ffcd4c5d000 	C:\Windows\SYSTEM32\dhcpcsvc.DLL
0x00007ffcded70000 - 0x00007ffcdee3a000 	C:\Windows\SYSTEM32\DNSAPI.dll
0x00007ffcc1000000 - 0x00007ffcc1007000 	C:\Program Files\Java\jdk-20\bin\extnet.dll
0x00007ffcbdc00000 - 0x00007ffcbdc0e000 	C:\Program Files\Java\jdk-20\bin\sunmscapi.dll
0x00007ffcdfdf0000 - 0x00007ffcdff4e000 	C:\Windows\System32\CRYPT32.dll
0x00007ffcdf3a0000 - 0x00007ffcdf3c8000 	C:\Windows\SYSTEM32\ncrypt.dll
0x00007ffcdf360000 - 0x00007ffcdf39b000 	C:\Windows\SYSTEM32\NTASN1.dll
0x00007ffcce400000 - 0x00007ffcce407000 	C:\Windows\system32\wshunix.dll

dbghelp: loaded successfully - version: 4.0.5 - missing functions: none
symbol engine: initialized successfully - sym options: 0x614 - pdb path: .;C:\Program Files\Java\jdk-20\bin;C:\Windows\SYSTEM32;C:\Windows\WinSxS\amd64_microsoft.windows.common-controls_6595b64144ccf1df_6.0.19041.1110_none_60b5254171f9507e;C:\Program Files\Java\jdk-20\bin\server;C:\Users\Marcos\.gradle\native\68d5fa5c4cc2d200863cafc0d521ce42e7d3e7ee720ec0a83991735586a16f82\windows-amd64;C:\Users\Marcos\.gradle\native\e376f236ea51e6404a007f0833ffe2c6e607c4080706a723a18a27aeea778392\windows-amd64

VM Arguments:
jvm_args: -XX:MaxMetaspaceSize=512m --add-opens=java.base/java.util=ALL-UNNAMED --add-opens=java.base/java.lang=ALL-UNNAMED --add-opens=java.base/java.lang.invoke=ALL-UNNAMED --add-opens=java.prefs/java.util.prefs=ALL-UNNAMED --add-opens=java.base/java.nio.charset=ALL-UNNAMED --add-opens=java.base/java.net=ALL-UNNAMED --add-opens=java.base/java.util.concurrent.atomic=ALL-UNNAMED -Xmx2048m -Dfile.encoding=UTF-8 -Duser.country=BR -Duser.language=pt -Duser.variant 
java_command: org.gradle.launcher.daemon.bootstrap.GradleDaemon 8.0.1
java_class_path (initial): C:\Users\Marcos\.gradle\wrapper\dists\gradle-8.0.1-all\aro4hu1c3oeioove7l0i4i14o\gradle-8.0.1\lib\gradle-launcher-8.0.1.jar
Launcher Type: SUN_STANDARD

[Global flags]
     intx CICompilerCount                          = 4                                         {product} {ergonomic}
   size_t CompressedClassSpaceSize                 = 432013312                                 {product} {ergonomic}
     uint ConcGCThreads                            = 3                                         {product} {ergonomic}
     uint G1ConcRefinementThreads                  = 10                                        {product} {ergonomic}
   size_t G1HeapRegionSize                         = 1048576                                   {product} {ergonomic}
    uintx GCDrainStackTargetSize                   = 64                                        {product} {ergonomic}
   size_t InitialHeapSize                          = 266338304                                 {product} {ergonomic}
   size_t MarkStackSize                            = 4194304                                   {product} {ergonomic}
   size_t MaxHeapSize                              = 2147483648                                {product} {command line}
   size_t MaxMetaspaceSize                         = 536870912                                 {product} {command line}
   size_t MaxNewSize                               = 1287651328                                {product} {ergonomic}
   size_t MinHeapDeltaBytes                        = 1048576                                   {product} {ergonomic}
   size_t MinHeapSize                              = 8388608                                   {product} {ergonomic}
    uintx NonNMethodCodeHeapSize                   = 5839372                                {pd product} {ergonomic}
    uintx NonProfiledCodeHeapSize                  = 122909434                              {pd product} {ergonomic}
    uintx ProfiledCodeHeapSize                     = 122909434                              {pd product} {ergonomic}
    uintx ReservedCodeCacheSize                    = 251658240                              {pd product} {ergonomic}
     bool SegmentedCodeCache                       = true                                      {product} {ergonomic}
   size_t SoftMaxHeapSize                          = 2147483648                             {manageable} {ergonomic}
     bool UseCompressedClassPointers               = true                           {product lp64_product} {ergonomic}
     bool UseCompressedOops                        = true                           {product lp64_product} {ergonomic}
     bool UseG1GC                                  = true                                      {product} {ergonomic}
     bool UseLargePagesIndividualAllocation        = false                                  {pd product} {ergonomic}

Logging:
Log output configuration:
 #0: stdout all=warning uptime,level,tags foldmultilines=false
 #1: stderr all=off uptime,level,tags foldmultilines=false

Environment Variables:
CLASSPATH=C:\AppProjeto\trabalhoTamagochi\android\\gradle\wrapper\gradle-wrapper.jar
PATH=C:\AppProjeto\trabalhoTamagochi\node_modules\.bin;C:\AppProjeto\trabalhoTamagochi\node_modules\.bin;C:\AppProjeto\node_modules\.bin;C:\node_modules\.bin;C:\Program Files\nodejs\node_modules\npm\node_modules\@npmcli\run-script\lib\node-gyp-bin;C:\Users\Marcos\AppData\Local\Temp\yarn--1695502070797-0.28990210376302117;C:\AppProjeto\trabalhoTamagochi\node_modules\.bin;C:\Users\Marcos\AppData\Local\Yarn\Data\link\node_modules\.bin;C:\Users\Marcos\AppData\Local\Yarn\bin;C:\Program Files\libexec\lib\node_modules\npm\bin\node-gyp-bin;C:\Program Files\lib\node_modules\npm\bin\node-gyp-bin;C:\Program Files\nodejs\node_modules\npm\bin\node-gyp-bin;C:\Program Files\Common Files\Oracle\Java\javapath;C:\Program Files (x86)\Common Files\Oracle\Java\javapath;C:\Windows\system32;C:\Windows;C:\Windows\System32\Wbem;C:\Windows\System32\WindowsPowerShell\v1.0\;C:\Windows\System32\OpenSSH\;C:\Program Files\NVIDIA Corporation\NVIDIA NvDLISR;C:\Program Files\nodejs\;C:\ProgramData\chocolatey\bin;C:\xampp\php;C:\Program Files (x86)\NVIDIA Corporation\PhysX\Common;C:\Program Files\Git\cmd;C:\Users\Marcos\AppData\Local\Microsoft\WindowsApps;C:\Users\Marcos\AppData\Local\Programs\Microsoft VS Code\bin;C:\Users\Marcos\AppData\Roaming\npm;C:\Program Files\JetBrains\IntelliJ IDEA Community Edition 2023.1\bin;;C:\xampp\php;C:\Users\Marcos\AppData\Local\GitHubDesktop\bin;C:\Users\Marcos\AppData\Local\Android\Sdk\platform-tools;
USERNAME=Marcos
LANG=en_US.UTF-8
OS=Windows_NT
PROCESSOR_IDENTIFIER=Intel64 Family 6 Model 141 Stepping 1, GenuineIntel
TMP=C:\Users\Marcos\AppData\Local\Temp
TEMP=C:\Users\Marcos\AppData\Local\Temp




---------------  S Y S T E M  ---------------

OS:
 Windows 10 , 64 bit Build 19041 (10.0.19041.3393)
OS uptime: 5 days 11:02 hours

CPU: total 12 (initial active 12) (6 cores per cpu, 2 threads per core) family 6 model 141 stepping 1 microcode 0x3c, cx8, cmov, fxsr, ht, mmx, 3dnowpref, sse, sse2, sse3, ssse3, sse4.1, sse4.2, popcnt, lzcnt, tsc, tscinvbit, avx, avx2, aes, erms, clmul, bmi1, bmi2, adx, avx512f, avx512dq, avx512cd, avx512bw, avx512vl, sha, fma, vzeroupper, avx512_vpopcntdq, avx512_vpclmulqdq, avx512_vaes, avx512_vnni, clflush, clflushopt, clwb, avx512_vbmi2, avx512_vbmi, rdtscp, rdpid, fsrm, gfni, avx512_bitalg, f16c, pku, cet_ibt, cet_ss, avx512_ifma

Memory: 4k page, system-wide physical 16163M (180M free)
TotalPageFile size 65315M (AvailPageFile size 1242M)
current process WorkingSet (physical memory assigned to process): 29M, peak: 172M
current process commit charge ("private bytes"): 224M, peak: 412M

vm_info: Java HotSpot(TM) 64-Bit Server VM (20+36-2344) for windows-amd64 JRE (20+36-2344), built on 2023-02-10T19:30:15Z by "mach5one" with MS VC++ 17.1 (VS2022)

END.
