#
# There is insufficient memory for the Java Runtime Environment to continue.
# Native memory allocation (malloc) failed to allocate 32744 bytes for Chunk::new
# Possible reasons:
#   The system is out of physical RAM or swap space
#   The process is running with CompressedOops enabled, and the Java Heap may be blocking the growth of the native heap
# Possible solutions:
#   Reduce memory load on the system
#   Increase physical memory or swap space
#   Check if swap backing store is full
#   Decrease Java heap size (-Xmx/-Xms)
#   Decrease number of Java threads
#   Decrease Java thread stack sizes (-Xss)
#   Set larger code cache with -XX:ReservedCodeCacheSize=
#   JVM is running with Unscaled Compressed Oops mode in which the Java heap is
#     placed in the first 4GB address space. The Java Heap base address is the
#     maximum limit for the native heap growth. Please use -XX:HeapBaseMinAddress
#     to set the Java Heap base and to place the Java Heap above 4GB virtual address.
# This output file may be truncated or incomplete.
#
#  Out of Memory Error (arena.cpp:184), pid=56916, tid=39972
#
# JRE version: Java(TM) SE Runtime Environment (20.0+36) (build 20+36-2344)
# Java VM: Java HotSpot(TM) 64-Bit Server VM (20+36-2344, mixed mode, sharing, tiered, compressed oops, compressed class ptrs, g1 gc, windows-amd64)
# No core dump will be written. Minidumps are not enabled by default on client versions of Windows
#

---------------  S U M M A R Y ------------

Command Line: -Xmx64m -Xms64m -Dorg.gradle.appname=gradlew org.gradle.wrapper.GradleWrapperMain tasks

Host: 11th Gen Intel(R) Core(TM) i5-11400H @ 2.70GHz, 12 cores, 15G,  Windows 10 , 64 bit Build 19041 (10.0.19041.3393)
Time: Mon Sep 25 07:40:55 2023 Hora oficial do Brasil elapsed time: 11.733895 seconds (0d 0h 0m 11s)

---------------  T H R E A D  ---------------

Current thread (0x000001f7f64e5940):  JavaThread "C1 CompilerThread0" daemon [_thread_in_native, id=39972, stack(0x0000009261400000,0x0000009261500000)]


Current CompileTask:
C1:  11733   93       3       java.util.concurrent.ConcurrentHashMap::get (162 bytes)

Stack: [0x0000009261400000,0x0000009261500000]
Native frames: (J=compiled Java code, j=interpreted, Vv=VM code, C=native code)
V  [jvm.dll+0x6bb95a]
V  [jvm.dll+0x8483aa]
V  [jvm.dll+0x849fa5]
V  [jvm.dll+0x84a6a3]
V  [jvm.dll+0x280b0f]
V  [jvm.dll+0xc2b11]
V  [jvm.dll+0xc2e35]
V  [jvm.dll+0x1413fe]
V  [jvm.dll+0x1407b7]
V  [jvm.dll+0x19e30b]
V  [jvm.dll+0x19e8e6]
V  [jvm.dll+0x158863]
V  [jvm.dll+0x158152]
V  [jvm.dll+0x158384]
V  [jvm.dll+0x1577c6]
V  [jvm.dll+0x1594fd]
V  [jvm.dll+0x259e1b]
V  [jvm.dll+0x2584f0]
V  [jvm.dll+0x3f2895]
V  [jvm.dll+0x7f4906]
V  [jvm.dll+0x6ba5cb]
C  [ucrtbase.dll+0x21bb2]
C  [KERNEL32.DLL+0x17344]
C  [ntdll.dll+0x526b1]


---------------  P R O C E S S  ---------------

Threads class SMR info:
_java_thread_list=0x000001f7fa85e7c0, length=11, elements={
0x000001f7eb1f3150, 0x000001f7f64c6960, 0x000001f7f64c7760, 0x000001f7f64ca900,
0x000001f7f64cb530, 0x000001f7f64d0740, 0x000001f7f64dd850, 0x000001f7f64e29d0,
0x000001f7f64e5940, 0x000001f7fa879830, 0x000001f7fa8841e0
}

Java Threads: ( => current thread )
  0x000001f7eb1f3150 JavaThread "main" [_thread_in_vm, id=58964, stack(0x0000009260600000,0x0000009260700000)]
  0x000001f7f64c6960 JavaThread "Reference Handler" daemon [_thread_blocked, id=30040, stack(0x0000009260d00000,0x0000009260e00000)]
  0x000001f7f64c7760 JavaThread "Finalizer" daemon [_thread_blocked, id=47448, stack(0x0000009260e00000,0x0000009260f00000)]
  0x000001f7f64ca900 JavaThread "Signal Dispatcher" daemon [_thread_blocked, id=42736, stack(0x0000009260f00000,0x0000009261000000)]
  0x000001f7f64cb530 JavaThread "Attach Listener" daemon [_thread_blocked, id=40320, stack(0x0000009261000000,0x0000009261100000)]
  0x000001f7f64d0740 JavaThread "Service Thread" daemon [_thread_blocked, id=11560, stack(0x0000009261100000,0x0000009261200000)]
  0x000001f7f64dd850 JavaThread "Monitor Deflation Thread" daemon [_thread_blocked, id=29600, stack(0x0000009261200000,0x0000009261300000)]
  0x000001f7f64e29d0 JavaThread "C2 CompilerThread0" daemon [_thread_blocked, id=1288, stack(0x0000009261300000,0x0000009261400000)]
=>0x000001f7f64e5940 JavaThread "C1 CompilerThread0" daemon [_thread_in_native, id=39972, stack(0x0000009261400000,0x0000009261500000)]
  0x000001f7fa879830 JavaThread "Notification Thread" daemon [_thread_blocked, id=49120, stack(0x0000009261500000,0x0000009261600000)]
  0x000001f7fa8841e0 JavaThread "Common-Cleaner" daemon [_thread_blocked, id=40112, stack(0x0000009261700000,0x0000009261800000)]

Other Threads:
  0x000001f7eb2abc90 VMThread "VM Thread" [stack: 0x0000009260c00000,0x0000009260d00000] [id=48936] _threads_hazard_ptr=0x000001f7fa85e7c0
  0x000001f7eb296bb0 WatcherThread "VM Periodic Task Thread" [stack: 0x0000009261600000,0x0000009261700000] [id=3520]
  0x000001f7eb218e50 WorkerThread "GC Thread#0" [stack: 0x0000009260700000,0x0000009260800000] [id=59112]
  0x000001f7eb21a560 ConcurrentGCThread "G1 Main Marker" [stack: 0x0000009260800000,0x0000009260900000] [id=59116]
  0x000001f7eb21af90 WorkerThread "G1 Conc#0" [stack: 0x0000009260900000,0x0000009260a00000] [id=59120]
  0x000001f7eb287430 ConcurrentGCThread "G1 Refine#0" [stack: 0x0000009260a00000,0x0000009260b00000] [id=59156]
  0x000001f7eb287ed0 ConcurrentGCThread "G1 Service" [stack: 0x0000009260b00000,0x0000009260c00000] [id=59160]

Threads with active compile tasks:
C1 CompilerThread0    12682   93       3       java.util.concurrent.ConcurrentHashMap::get (162 bytes)

VM state: synchronizing (normal execution)

VM Mutex/Monitor currently owned by a thread:  ([mutex/lock_event])
[0x000001f7eb1efdb0] Threads_lock - owner thread: 0x000001f7eb2abc90

Heap address: 0x00000000fc000000, size: 64 MB, Compressed Oops mode: 32-bit

CDS archive(s) mapped at: [0x0000000800000000-0x0000000800c60000-0x0000000800c60000), size 12976128, SharedBaseAddress: 0x0000000800000000, ArchiveRelocationMode: 0.
Compressed class space mapped at: 0x0000000801000000-0x0000000841000000, reserved size: 1073741824
Narrow klass base: 0x0000000800000000, Narrow klass shift: 0, Narrow klass range: 0x100000000

GC Precious Log:
 CardTable entry size: 512
 Card Set container configuration: InlinePtr #cards 5 size 8 Array Of Cards #cards 12 size 40 Howl #buckets 4 coarsen threshold 1843 Howl Bitmap #cards 512 size 80 coarsen threshold 460 Card regions per heap region 1 cards per card region 2048
 CPUs: 12 total, 12 available
 Memory: 16163M
 Large Page Support: Disabled
 NUMA Support: Disabled
 Compressed Oops: Enabled (32-bit)
 Heap Region Size: 1M
 Heap Min Capacity: 64M
 Heap Initial Capacity: 64M
 Heap Max Capacity: 64M
 Pre-touch: Disabled
 Parallel Workers: 10
 Concurrent Workers: 3
 Concurrent Refinement Workers: 10
 Periodic GC: Disabled

Heap:
 garbage-first heap   total 65536K, used 1024K [0x00000000fc000000, 0x0000000100000000)
  region size 1024K, 2 young (2048K), 0 survivors (0K)
 Metaspace       used 236K, committed 448K, reserved 1114112K
  class space    used 14K, committed 128K, reserved 1048576K

Heap Regions: E=young(eden), S=young(survivor), O=old, HS=humongous(starts), HC=humongous(continues), CS=collection set, F=free, OA=open archive, CA=closed archive, TAMS=top-at-mark-start, PB=parsable bottom
|   0|0x00000000fc000000, 0x00000000fc000000, 0x00000000fc100000|  0%| F|  |TAMS 0x00000000fc000000| PB 0x00000000fc000000| Untracked 
|   1|0x00000000fc100000, 0x00000000fc100000, 0x00000000fc200000|  0%| F|  |TAMS 0x00000000fc100000| PB 0x00000000fc100000| Untracked 
|   2|0x00000000fc200000, 0x00000000fc200000, 0x00000000fc300000|  0%| F|  |TAMS 0x00000000fc200000| PB 0x00000000fc200000| Untracked 
|   3|0x00000000fc300000, 0x00000000fc300000, 0x00000000fc400000|  0%| F|  |TAMS 0x00000000fc300000| PB 0x00000000fc300000| Untracked 
|   4|0x00000000fc400000, 0x00000000fc400000, 0x00000000fc500000|  0%| F|  |TAMS 0x00000000fc400000| PB 0x00000000fc400000| Untracked 
|   5|0x00000000fc500000, 0x00000000fc500000, 0x00000000fc600000|  0%| F|  |TAMS 0x00000000fc500000| PB 0x00000000fc500000| Untracked 
|   6|0x00000000fc600000, 0x00000000fc600000, 0x00000000fc700000|  0%| F|  |TAMS 0x00000000fc600000| PB 0x00000000fc600000| Untracked 
|   7|0x00000000fc700000, 0x00000000fc700000, 0x00000000fc800000|  0%| F|  |TAMS 0x00000000fc700000| PB 0x00000000fc700000| Untracked 
|   8|0x00000000fc800000, 0x00000000fc800000, 0x00000000fc900000|  0%| F|  |TAMS 0x00000000fc800000| PB 0x00000000fc800000| Untracked 
|   9|0x00000000fc900000, 0x00000000fc900000, 0x00000000fca00000|  0%| F|  |TAMS 0x00000000fc900000| PB 0x00000000fc900000| Untracked 
|  10|0x00000000fca00000, 0x00000000fca00000, 0x00000000fcb00000|  0%| F|  |TAMS 0x00000000fca00000| PB 0x00000000fca00000| Untracked 
|  11|0x00000000fcb00000, 0x00000000fcb00000, 0x00000000fcc00000|  0%| F|  |TAMS 0x00000000fcb00000| PB 0x00000000fcb00000| Untracked 
|  12|0x00000000fcc00000, 0x00000000fcc00000, 0x00000000fcd00000|  0%| F|  |TAMS 0x00000000fcc00000| PB 0x00000000fcc00000| Untracked 
|  13|0x00000000fcd00000, 0x00000000fcd00000, 0x00000000fce00000|  0%| F|  |TAMS 0x00000000fcd00000| PB 0x00000000fcd00000| Untracked 
|  14|0x00000000fce00000, 0x00000000fce00000, 0x00000000fcf00000|  0%| F|  |TAMS 0x00000000fce00000| PB 0x00000000fce00000| Untracked 
|  15|0x00000000fcf00000, 0x00000000fcf00000, 0x00000000fd000000|  0%| F|  |TAMS 0x00000000fcf00000| PB 0x00000000fcf00000| Untracked 
|  16|0x00000000fd000000, 0x00000000fd000000, 0x00000000fd100000|  0%| F|  |TAMS 0x00000000fd000000| PB 0x00000000fd000000| Untracked 
|  17|0x00000000fd100000, 0x00000000fd100000, 0x00000000fd200000|  0%| F|  |TAMS 0x00000000fd100000| PB 0x00000000fd100000| Untracked 
|  18|0x00000000fd200000, 0x00000000fd200000, 0x00000000fd300000|  0%| F|  |TAMS 0x00000000fd200000| PB 0x00000000fd200000| Untracked 
|  19|0x00000000fd300000, 0x00000000fd300000, 0x00000000fd400000|  0%| F|  |TAMS 0x00000000fd300000| PB 0x00000000fd300000| Untracked 
|  20|0x00000000fd400000, 0x00000000fd400000, 0x00000000fd500000|  0%| F|  |TAMS 0x00000000fd400000| PB 0x00000000fd400000| Untracked 
|  21|0x00000000fd500000, 0x00000000fd500000, 0x00000000fd600000|  0%| F|  |TAMS 0x00000000fd500000| PB 0x00000000fd500000| Untracked 
|  22|0x00000000fd600000, 0x00000000fd600000, 0x00000000fd700000|  0%| F|  |TAMS 0x00000000fd600000| PB 0x00000000fd600000| Untracked 
|  23|0x00000000fd700000, 0x00000000fd700000, 0x00000000fd800000|  0%| F|  |TAMS 0x00000000fd700000| PB 0x00000000fd700000| Untracked 
|  24|0x00000000fd800000, 0x00000000fd800000, 0x00000000fd900000|  0%| F|  |TAMS 0x00000000fd800000| PB 0x00000000fd800000| Untracked 
|  25|0x00000000fd900000, 0x00000000fd900000, 0x00000000fda00000|  0%| F|  |TAMS 0x00000000fd900000| PB 0x00000000fd900000| Untracked 
|  26|0x00000000fda00000, 0x00000000fda00000, 0x00000000fdb00000|  0%| F|  |TAMS 0x00000000fda00000| PB 0x00000000fda00000| Untracked 
|  27|0x00000000fdb00000, 0x00000000fdb00000, 0x00000000fdc00000|  0%| F|  |TAMS 0x00000000fdb00000| PB 0x00000000fdb00000| Untracked 
|  28|0x00000000fdc00000, 0x00000000fdc00000, 0x00000000fdd00000|  0%| F|  |TAMS 0x00000000fdc00000| PB 0x00000000fdc00000| Untracked 
|  29|0x00000000fdd00000, 0x00000000fdd00000, 0x00000000fde00000|  0%| F|  |TAMS 0x00000000fdd00000| PB 0x00000000fdd00000| Untracked 
|  30|0x00000000fde00000, 0x00000000fde00000, 0x00000000fdf00000|  0%| F|  |TAMS 0x00000000fde00000| PB 0x00000000fde00000| Untracked 
|  31|0x00000000fdf00000, 0x00000000fdf00000, 0x00000000fe000000|  0%| F|  |TAMS 0x00000000fdf00000| PB 0x00000000fdf00000| Untracked 
|  32|0x00000000fe000000, 0x00000000fe000000, 0x00000000fe100000|  0%| F|  |TAMS 0x00000000fe000000| PB 0x00000000fe000000| Untracked 
|  33|0x00000000fe100000, 0x00000000fe100000, 0x00000000fe200000|  0%| F|  |TAMS 0x00000000fe100000| PB 0x00000000fe100000| Untracked 
|  34|0x00000000fe200000, 0x00000000fe200000, 0x00000000fe300000|  0%| F|  |TAMS 0x00000000fe200000| PB 0x00000000fe200000| Untracked 
|  35|0x00000000fe300000, 0x00000000fe300000, 0x00000000fe400000|  0%| F|  |TAMS 0x00000000fe300000| PB 0x00000000fe300000| Untracked 
|  36|0x00000000fe400000, 0x00000000fe400000, 0x00000000fe500000|  0%| F|  |TAMS 0x00000000fe400000| PB 0x00000000fe400000| Untracked 
|  37|0x00000000fe500000, 0x00000000fe500000, 0x00000000fe600000|  0%| F|  |TAMS 0x00000000fe500000| PB 0x00000000fe500000| Untracked 
|  38|0x00000000fe600000, 0x00000000fe600000, 0x00000000fe700000|  0%| F|  |TAMS 0x00000000fe600000| PB 0x00000000fe600000| Untracked 
|  39|0x00000000fe700000, 0x00000000fe700000, 0x00000000fe800000|  0%| F|  |TAMS 0x00000000fe700000| PB 0x00000000fe700000| Untracked 
|  40|0x00000000fe800000, 0x00000000fe800000, 0x00000000fe900000|  0%| F|  |TAMS 0x00000000fe800000| PB 0x00000000fe800000| Untracked 
|  41|0x00000000fe900000, 0x00000000fe900000, 0x00000000fea00000|  0%| F|  |TAMS 0x00000000fe900000| PB 0x00000000fe900000| Untracked 
|  42|0x00000000fea00000, 0x00000000fea00000, 0x00000000feb00000|  0%| F|  |TAMS 0x00000000fea00000| PB 0x00000000fea00000| Untracked 
|  43|0x00000000feb00000, 0x00000000feb00000, 0x00000000fec00000|  0%| F|  |TAMS 0x00000000feb00000| PB 0x00000000feb00000| Untracked 
|  44|0x00000000fec00000, 0x00000000fec00000, 0x00000000fed00000|  0%| F|  |TAMS 0x00000000fec00000| PB 0x00000000fec00000| Untracked 
|  45|0x00000000fed00000, 0x00000000fed00000, 0x00000000fee00000|  0%| F|  |TAMS 0x00000000fed00000| PB 0x00000000fed00000| Untracked 
|  46|0x00000000fee00000, 0x00000000fee00000, 0x00000000fef00000|  0%| F|  |TAMS 0x00000000fee00000| PB 0x00000000fee00000| Untracked 
|  47|0x00000000fef00000, 0x00000000fef00000, 0x00000000ff000000|  0%| F|  |TAMS 0x00000000fef00000| PB 0x00000000fef00000| Untracked 
|  48|0x00000000ff000000, 0x00000000ff000000, 0x00000000ff100000|  0%| F|  |TAMS 0x00000000ff000000| PB 0x00000000ff000000| Untracked 
|  49|0x00000000ff100000, 0x00000000ff100000, 0x00000000ff200000|  0%| F|  |TAMS 0x00000000ff100000| PB 0x00000000ff100000| Untracked 
|  50|0x00000000ff200000, 0x00000000ff200000, 0x00000000ff300000|  0%| F|  |TAMS 0x00000000ff200000| PB 0x00000000ff200000| Untracked 
|  51|0x00000000ff300000, 0x00000000ff300000, 0x00000000ff400000|  0%| F|  |TAMS 0x00000000ff300000| PB 0x00000000ff300000| Untracked 
|  52|0x00000000ff400000, 0x00000000ff400000, 0x00000000ff500000|  0%| F|  |TAMS 0x00000000ff400000| PB 0x00000000ff400000| Untracked 
|  53|0x00000000ff500000, 0x00000000ff500000, 0x00000000ff600000|  0%| F|  |TAMS 0x00000000ff500000| PB 0x00000000ff500000| Untracked 
|  54|0x00000000ff600000, 0x00000000ff600000, 0x00000000ff700000|  0%| F|  |TAMS 0x00000000ff600000| PB 0x00000000ff600000| Untracked 
|  55|0x00000000ff700000, 0x00000000ff700000, 0x00000000ff800000|  0%| F|  |TAMS 0x00000000ff700000| PB 0x00000000ff700000| Untracked 
|  56|0x00000000ff800000, 0x00000000ff800000, 0x00000000ff900000|  0%| F|  |TAMS 0x00000000ff800000| PB 0x00000000ff800000| Untracked 
|  57|0x00000000ff900000, 0x00000000ff900000, 0x00000000ffa00000|  0%| F|  |TAMS 0x00000000ff900000| PB 0x00000000ff900000| Untracked 
|  58|0x00000000ffa00000, 0x00000000ffa00000, 0x00000000ffb00000|  0%| F|  |TAMS 0x00000000ffa00000| PB 0x00000000ffa00000| Untracked 
|  59|0x00000000ffb00000, 0x00000000ffb00000, 0x00000000ffc00000|  0%| F|  |TAMS 0x00000000ffb00000| PB 0x00000000ffb00000| Untracked 
|  60|0x00000000ffc00000, 0x00000000ffc00000, 0x00000000ffd00000|  0%| F|  |TAMS 0x00000000ffc00000| PB 0x00000000ffc00000| Untracked 
|  61|0x00000000ffd00000, 0x00000000ffd00000, 0x00000000ffe00000|  0%| F|  |TAMS 0x00000000ffd00000| PB 0x00000000ffd00000| Untracked 
|  62|0x00000000ffe00000, 0x00000000ffeec150, 0x00000000fff00000| 92%| E|  |TAMS 0x00000000ffe00000| PB 0x00000000ffe00000| Complete 
|  63|0x00000000fff00000, 0x0000000100000000, 0x0000000100000000|100%| E|CS|TAMS 0x00000000fff00000| PB 0x00000000fff00000| Complete 

Card table byte_map: [0x000001f7e9170000,0x000001f7e9190000] _byte_map_base: 0x000001f7e8990000

Marking Bits: (CMBitMap*) 0x000001f7eb219480
 Bits: [0x000001f7f3800000, 0x000001f7f3900000)

Polling page: 0x000001f7e9120000

Metaspace:

Usage:
  Non-class:    222.09 KB used.
      Class:     14.49 KB used.
       Both:    236.59 KB used.

Virtual space:
  Non-class space:       64.00 MB reserved,     320.00 KB ( <1%) committed,  1 nodes.
      Class space:        1.00 GB reserved,     128.00 KB ( <1%) committed,  1 nodes.
             Both:        1.06 GB reserved,     448.00 KB ( <1%) committed. 

Chunk freelists:
   Non-Class:  3.97 MB
       Class:  3.74 MB
        Both:  7.71 MB

MaxMetaspaceSize: unlimited
CompressedClassSpaceSize: 1.00 GB
Initial GC threshold: 21.00 MB
Current GC threshold: 21.00 MB
CDS: on
MetaspaceReclaimPolicy: balanced
 - commit_granule_bytes: 65536.
 - commit_granule_words: 8192.
 - virtual_space_node_default_size: 8388608.
 - enlarge_chunks_in_place: 1.
 - new_chunks_are_fully_committed: 0.
 - uncommit_free_chunks: 1.
 - use_allocation_guard: 0.


Internal statistics:

num_allocs_failed_limit: 0.
num_arena_births: 4.
num_arena_deaths: 0.
num_vsnodes_births: 2.
num_vsnodes_deaths: 0.
num_space_committed: 7.
num_space_uncommitted: 0.
num_chunks_returned_to_freelist: 0.
num_chunks_taken_from_freelist: 9.
num_chunk_merges: 0.
num_chunk_splits: 4.
num_chunks_enlarged: 4.
num_inconsistent_stats: 0.

CodeHeap 'non-profiled nmethods': size=120000Kb used=20Kb max_used=20Kb free=119979Kb
 bounds [0x000001f787ad0000, 0x000001f787d40000, 0x000001f78f000000]
CodeHeap 'profiled nmethods': size=120000Kb used=104Kb max_used=104Kb free=119895Kb
 bounds [0x000001f780000000, 0x000001f780270000, 0x000001f787530000]
CodeHeap 'non-nmethods': size=5760Kb used=1418Kb max_used=1418Kb free=4341Kb
 bounds [0x000001f787530000, 0x000001f7877a0000, 0x000001f787ad0000]
 total_blobs=477 nmethods=91 adapters=297
 compilation: enabled
              stopped_count=0, restarted_count=0
 full_count=0

Compilation events (20 events):
Event: 6.416 Thread 0x000001f7f64e5940 nmethod 74 0x000001f780016410 code [0x000001f7800165a0, 0x000001f7800167d8]
Event: 6.416 Thread 0x000001f7f64e5940   75       3       java.lang.StringBuilder::append (8 bytes)
Event: 6.416 Thread 0x000001f7f64e5940 nmethod 75 0x000001f780016910 code [0x000001f780016aa0, 0x000001f780016be8]
Event: 6.416 Thread 0x000001f7f64e5940   76       3       java.lang.AbstractStringBuilder::append (77 bytes)
Event: 6.417 Thread 0x000001f7f64e5940 nmethod 76 0x000001f780016c90 code [0x000001f780016e80, 0x000001f780017570]
Event: 6.489 Thread 0x000001f7f64e5940   77       3       java.lang.String::indexOf (29 bytes)
Event: 6.490 Thread 0x000001f7f64e5940 nmethod 77 0x000001f780017810 code [0x000001f7800179c0, 0x000001f780017c60]
Event: 6.490 Thread 0x000001f7f64e5940   78       3       java.lang.StringLatin1::indexOf (36 bytes)
Event: 6.490 Thread 0x000001f7f64e5940 nmethod 78 0x000001f780017d90 code [0x000001f780017f40, 0x000001f780018380]
Event: 9.853 Thread 0x000001f7f64e5940   79       3       java.lang.Math::min (11 bytes)
Event: 9.854 Thread 0x000001f7f64e5940 nmethod 79 0x000001f780018510 code [0x000001f7800186a0, 0x000001f7800187e0]
Event: 10.869 Thread 0x000001f7f64e5940   80       3       java.util.zip.ZipUtils::SH (21 bytes)
Event: 10.869 Thread 0x000001f7f64e5940 nmethod 80 0x000001f780018890 code [0x000001f780018a20, 0x000001f780018b68]
Event: 11.558 Thread 0x000001f7f64e5940   81       3       java.lang.String::indexOf (7 bytes)
Event: 11.558 Thread 0x000001f7f64e5940 nmethod 81 0x000001f780018c90 code [0x000001f780018e60, 0x000001f780019178]
Event: 11.583 Thread 0x000001f7f64e5940   87       1       java.lang.Enum::ordinal (5 bytes)
Event: 11.583 Thread 0x000001f7f64e5940 nmethod 87 0x000001f787ad4590 code [0x000001f787ad4700, 0x000001f787ad47c8]
Event: 11.585 Thread 0x000001f7f64e5940   88       3       java.util.Arrays::copyOfRange (64 bytes)
Event: 11.585 Thread 0x000001f7f64e5940 nmethod 88 0x000001f780019290 code [0x000001f7800194e0, 0x000001f780019d68]
Event: 11.585 Thread 0x000001f7f64e5940   93       3       java.util.concurrent.ConcurrentHashMap::get (162 bytes)

GC Heap History (0 events):
No events

Dll operation events (5 events):
Event: 1.102 Loaded shared library C:\Program Files\Java\jdk-20\bin\java.dll
Event: 2.153 Loaded shared library C:\Program Files\Java\jdk-20\bin\jsvml.dll
Event: 9.680 Loaded shared library C:\Program Files\Java\jdk-20\bin\net.dll
Event: 10.775 Loaded shared library C:\Program Files\Java\jdk-20\bin\nio.dll
Event: 11.186 Loaded shared library C:\Program Files\Java\jdk-20\bin\zip.dll

Deoptimization events (0 events):
No events

Classes loaded (8 events):
Event: 11.555 Loading class java/net/URISyntaxException
Event: 11.555 Loading class java/net/URISyntaxException done
Event: 11.557 Loading class java/util/regex/Pattern$BnM
Event: 11.557 Loading class java/util/regex/Pattern$BnM done
Event: 11.557 Loading class java/util/regex/Pattern$SliceS
Event: 11.557 Loading class java/util/regex/Pattern$SliceS done
Event: 11.563 Loading class java/lang/AssertionError
Event: 11.563 Loading class java/lang/AssertionError done

Classes unloaded (0 events):
No events

Classes redefined (0 events):
No events

Internal exceptions (0 events):
No events

VM Operations (6 events):
Event: 5.235 Executing VM operation: Cleanup
Event: 5.314 Executing VM operation: Cleanup done
Event: 6.326 Executing VM operation: Cleanup
Event: 6.357 Executing VM operation: Cleanup done
Event: 11.187 Executing VM operation: HandshakeAllThreads
Event: 11.187 Executing VM operation: HandshakeAllThreads done

Events (11 events):
Event: 2.176 Thread 0x000001f7eb1f3150 Thread added: 0x000001f7eb1f3150
Event: 4.344 Thread 0x000001f7f64c6960 Thread added: 0x000001f7f64c6960
Event: 4.344 Thread 0x000001f7f64c7760 Thread added: 0x000001f7f64c7760
Event: 4.347 Thread 0x000001f7f64ca900 Thread added: 0x000001f7f64ca900
Event: 4.347 Thread 0x000001f7f64cb530 Thread added: 0x000001f7f64cb530
Event: 4.347 Thread 0x000001f7f64d0740 Thread added: 0x000001f7f64d0740
Event: 4.347 Thread 0x000001f7f64dd850 Thread added: 0x000001f7f64dd850
Event: 4.347 Thread 0x000001f7f64e29d0 Thread added: 0x000001f7f64e29d0
Event: 4.347 Thread 0x000001f7f64e5940 Thread added: 0x000001f7f64e5940
Event: 5.559 Thread 0x000001f7fa879830 Thread added: 0x000001f7fa879830
Event: 6.365 Thread 0x000001f7fa8841e0 Thread added: 0x000001f7fa8841e0


Dynamic libraries:
0x00007ff773d50000 - 0x00007ff773d60000 	C:\Program Files\Java\jdk-20\bin\java.exe
0x00007ffce2210000 - 0x00007ffce2408000 	C:\Windows\SYSTEM32\ntdll.dll
0x00007ffce1200000 - 0x00007ffce12bd000 	C:\Windows\System32\KERNEL32.DLL
0x00007ffcdfaf0000 - 0x00007ffcdfde6000 	C:\Windows\System32\KERNELBASE.dll
0x00007ffce0050000 - 0x00007ffce0150000 	C:\Windows\System32\ucrtbase.dll
0x00007ffccde60000 - 0x00007ffccde7b000 	C:\Program Files\Java\jdk-20\bin\VCRUNTIME140.dll
0x00007ffcccb50000 - 0x00007ffcccb69000 	C:\Program Files\Java\jdk-20\bin\jli.dll
0x00007ffce1070000 - 0x00007ffce111e000 	C:\Windows\System32\ADVAPI32.dll
0x00007ffce0aa0000 - 0x00007ffce0b3e000 	C:\Windows\System32\msvcrt.dll
0x00007ffce12c0000 - 0x00007ffce135c000 	C:\Windows\System32\sechost.dll
0x00007ffce0960000 - 0x00007ffce0a86000 	C:\Windows\System32\RPCRT4.dll
0x00007ffce2000000 - 0x00007ffce219e000 	C:\Windows\System32\USER32.dll
0x00007ffcdf8f0000 - 0x00007ffcdf912000 	C:\Windows\System32\win32u.dll
0x00007ffce21a0000 - 0x00007ffce21cc000 	C:\Windows\System32\GDI32.dll
0x00007ffce0150000 - 0x00007ffce026a000 	C:\Windows\System32\gdi32full.dll
0x00007ffcdfa00000 - 0x00007ffcdfa9d000 	C:\Windows\System32\msvcp_win.dll
0x00007ffcc0620000 - 0x00007ffcc08ba000 	C:\Windows\WinSxS\amd64_microsoft.windows.common-controls_6595b64144ccf1df_6.0.19041.1110_none_60b5254171f9507e\COMCTL32.dll
0x00007ffcd6640000 - 0x00007ffcd664a000 	C:\Windows\SYSTEM32\VERSION.dll
0x00007ffce0800000 - 0x00007ffce0830000 	C:\Windows\System32\IMM32.DLL
0x00007ffcc62e0000 - 0x00007ffcc62ec000 	C:\Program Files\Java\jdk-20\bin\vcruntime140_1.dll
0x00007ffc94330000 - 0x00007ffc943be000 	C:\Program Files\Java\jdk-20\bin\msvcp140.dll
0x00007ffc68c40000 - 0x00007ffc698d7000 	C:\Program Files\Java\jdk-20\bin\server\jvm.dll
0x00007ffcc7730000 - 0x00007ffcc7757000 	C:\Windows\SYSTEM32\WINMM.dll
0x00007ffcc5d10000 - 0x00007ffcc5d19000 	C:\Windows\SYSTEM32\WSOCK32.dll
0x00007ffce0bf0000 - 0x00007ffce0c5b000 	C:\Windows\System32\WS2_32.dll
0x00007ffcde110000 - 0x00007ffcde122000 	C:\Windows\SYSTEM32\kernel.appcore.dll
0x00007ffcbdff0000 - 0x00007ffcbdffa000 	C:\Program Files\Java\jdk-20\bin\jimage.dll
0x00007ffcdd670000 - 0x00007ffcdd854000 	C:\Windows\SYSTEM32\DBGHELP.DLL
0x00007ffcb95e0000 - 0x00007ffcb9614000 	C:\Windows\SYSTEM32\dbgcore.DLL
0x00007ffcdffc0000 - 0x00007ffce0042000 	C:\Windows\System32\bcryptPrimitives.dll
0x00007ffca70b0000 - 0x00007ffca70d6000 	C:\Program Files\Java\jdk-20\bin\java.dll
0x00007ffc862b0000 - 0x00007ffc86387000 	C:\Program Files\Java\jdk-20\bin\jsvml.dll
0x00007ffce1360000 - 0x00007ffce1aa5000 	C:\Windows\System32\SHELL32.dll
0x00007ffcdd860000 - 0x00007ffcddffb000 	C:\Windows\SYSTEM32\windows.storage.dll
0x00007ffce04a0000 - 0x00007ffce07f4000 	C:\Windows\System32\combase.dll
0x00007ffcdf330000 - 0x00007ffcdf35e000 	C:\Windows\SYSTEM32\Wldp.dll
0x00007ffce0fc0000 - 0x00007ffce106d000 	C:\Windows\System32\SHCORE.dll
0x00007ffce0270000 - 0x00007ffce02c5000 	C:\Windows\System32\shlwapi.dll
0x00007ffcdf820000 - 0x00007ffcdf845000 	C:\Windows\SYSTEM32\profapi.dll
0x00007ffcb0550000 - 0x00007ffcb0563000 	C:\Program Files\Java\jdk-20\bin\net.dll
0x00007ffcd3f70000 - 0x00007ffcd407a000 	C:\Windows\SYSTEM32\WINHTTP.dll
0x00007ffcdf090000 - 0x00007ffcdf0fa000 	C:\Windows\system32\mswsock.dll
0x00007ffcb02a0000 - 0x00007ffcb02b6000 	C:\Program Files\Java\jdk-20\bin\nio.dll
0x00007ffcab550000 - 0x00007ffcab568000 	C:\Program Files\Java\jdk-20\bin\zip.dll

dbghelp: loaded successfully - version: 4.0.5 - missing functions: none
symbol engine: initialized successfully - sym options: 0x614 - pdb path: .;C:\Program Files\Java\jdk-20\bin;C:\Windows\SYSTEM32;C:\Windows\WinSxS\amd64_microsoft.windows.common-controls_6595b64144ccf1df_6.0.19041.1110_none_60b5254171f9507e;C:\Program Files\Java\jdk-20\bin\server

VM Arguments:
jvm_args: -Xmx64m -Xms64m -Dorg.gradle.appname=gradlew 
java_command: org.gradle.wrapper.GradleWrapperMain tasks
java_class_path (initial): C:\AppProjeto\trabalhoTamagochi\android\\gradle\wrapper\gradle-wrapper.jar
Launcher Type: SUN_STANDARD

[Global flags]
     intx CICompilerCount                          = 4                                         {product} {ergonomic}
     uint ConcGCThreads                            = 3                                         {product} {ergonomic}
     uint G1ConcRefinementThreads                  = 10                                        {product} {ergonomic}
   size_t G1HeapRegionSize                         = 1048576                                   {product} {ergonomic}
    uintx GCDrainStackTargetSize                   = 64                                        {product} {ergonomic}
   size_t InitialHeapSize                          = 67108864                                  {product} {command line}
   size_t MarkStackSize                            = 4194304                                   {product} {ergonomic}
   size_t MaxHeapSize                              = 67108864                                  {product} {command line}
   size_t MaxNewSize                               = 39845888                                  {product} {ergonomic}
   size_t MinHeapDeltaBytes                        = 1048576                                   {product} {ergonomic}
   size_t MinHeapSize                              = 67108864                                  {product} {command line}
    uintx NonNMethodCodeHeapSize                   = 5839372                                {pd product} {ergonomic}
    uintx NonProfiledCodeHeapSize                  = 122909434                              {pd product} {ergonomic}
    uintx ProfiledCodeHeapSize                     = 122909434                              {pd product} {ergonomic}
    uintx ReservedCodeCacheSize                    = 251658240                              {pd product} {ergonomic}
     bool SegmentedCodeCache                       = true                                      {product} {ergonomic}
   size_t SoftMaxHeapSize                          = 67108864                               {manageable} {ergonomic}
     bool UseCompressedClassPointers               = true                           {product lp64_product} {ergonomic}
     bool UseCompressedOops                        = true                           {product lp64_product} {ergonomic}
     bool UseG1GC                                  = true                                      {product} {ergonomic}
     bool UseLargePagesIndividualAllocation        = false                                  {pd product} {ergonomic}

Logging:
Log output configuration:
 #0: stdout all=warning uptime,level,tags foldmultilines=false
 #1: stderr all=off uptime,level,tags foldmultilines=false

Environment Variables:
CLASSPATH=C:\AppProjeto\trabalhoTamagochi\android\\gradle\wrapper\gradle-wrapper.jar
PATH=C:\AppProjeto\trabalhoTamagochi\node_modules\.bin;C:\AppProjeto\trabalhoTamagochi\node_modules\.bin;C:\AppProjeto\node_modules\.bin;C:\node_modules\.bin;C:\Program Files\nodejs\node_modules\npm\node_modules\@npmcli\run-script\lib\node-gyp-bin;C:\Users\Marcos\AppData\Local\Temp\yarn--1695502070797-0.28990210376302117;C:\AppProjeto\trabalhoTamagochi\node_modules\.bin;C:\Users\Marcos\AppData\Local\Yarn\Data\link\node_modules\.bin;C:\Users\Marcos\AppData\Local\Yarn\bin;C:\Program Files\libexec\lib\node_modules\npm\bin\node-gyp-bin;C:\Program Files\lib\node_modules\npm\bin\node-gyp-bin;C:\Program Files\nodejs\node_modules\npm\bin\node-gyp-bin;C:\Program Files\Common Files\Oracle\Java\javapath;C:\Program Files (x86)\Common Files\Oracle\Java\javapath;C:\Windows\system32;C:\Windows;C:\Windows\System32\Wbem;C:\Windows\System32\WindowsPowerShell\v1.0\;C:\Windows\System32\OpenSSH\;C:\Program Files\NVIDIA Corporation\NVIDIA NvDLISR;C:\Program Files\nodejs\;C:\ProgramData\chocolatey\bin;C:\xampp\php;C:\Program Files (x86)\NVIDIA Corporation\PhysX\Common;C:\Program Files\Git\cmd;C:\Users\Marcos\AppData\Local\Microsoft\WindowsApps;C:\Users\Marcos\AppData\Local\Programs\Microsoft VS Code\bin;C:\Users\Marcos\AppData\Roaming\npm;C:\Program Files\JetBrains\IntelliJ IDEA Community Edition 2023.1\bin;;C:\xampp\php;C:\Users\Marcos\AppData\Local\GitHubDesktop\bin;C:\Users\Marcos\AppData\Local\Android\Sdk\platform-tools;
USERNAME=Marcos
LANG=en_US.UTF-8
OS=Windows_NT
PROCESSOR_IDENTIFIER=Intel64 Family 6 Model 141 Stepping 1, GenuineIntel
TMP=C:\Users\Marcos\AppData\Local\Temp
TEMP=C:\Users\Marcos\AppData\Local\Temp




---------------  S Y S T E M  ---------------

OS:
 Windows 10 , 64 bit Build 19041 (10.0.19041.3393)
OS uptime: 5 days 11:02 hours

CPU: total 12 (initial active 12) (6 cores per cpu, 2 threads per core) family 6 model 141 stepping 1 microcode 0x3c, cx8, cmov, fxsr, ht, mmx, 3dnowpref, sse, sse2, sse3, ssse3, sse4.1, sse4.2, popcnt, lzcnt, tsc, tscinvbit, avx, avx2, aes, erms, clmul, bmi1, bmi2, adx, avx512f, avx512dq, avx512cd, avx512bw, avx512vl, sha, fma, vzeroupper, avx512_vpopcntdq, avx512_vpclmulqdq, avx512_vaes, avx512_vnni, clflush, clflushopt, clwb, avx512_vbmi2, avx512_vbmi, rdtscp, rdpid, fsrm, gfni, avx512_bitalg, f16c, pku, cet_ibt, cet_ss, avx512_ifma

Memory: 4k page, system-wide physical 16163M (176M free)
TotalPageFile size 65315M (AvailPageFile size 1245M)
current process WorkingSet (physical memory assigned to process): 20M, peak: 23M
current process commit charge ("private bytes"): 145M, peak: 146M

vm_info: Java HotSpot(TM) 64-Bit Server VM (20+36-2344) for windows-amd64 JRE (20+36-2344), built on 2023-02-10T19:30:15Z by "mach5one" with MS VC++ 17.1 (VS2022)

END.
