#
# There is insufficient memory for the Java Runtime Environment to continue.
# Native memory allocation (malloc) failed to allocate 360816 bytes for Chunk::new
# Possible reasons:
#   The system is out of physical RAM or swap space
#   The process is running with CompressedOops enabled, and the Java Heap may be blocking the growth of the native heap
# Possible solutions:
#   Reduce memory load on the system
#   Increase physical memory or swap space
#   Check if swap backing store is full
#   Decrease Java heap size (-Xmx/-Xms)
#   Decrease number of Java threads
#   Decrease Java thread stack sizes (-Xss)
#   Set larger code cache with -XX:ReservedCodeCacheSize=
#   JVM is running with Unscaled Compressed Oops mode in which the Java heap is
#     placed in the first 4GB address space. The Java Heap base address is the
#     maximum limit for the native heap growth. Please use -XX:HeapBaseMinAddress
#     to set the Java Heap base and to place the Java Heap above 4GB virtual address.
# This output file may be truncated or incomplete.
#
#  Out of Memory Error (arena.cpp:184), pid=50104, tid=55176
#
# JRE version: Java(TM) SE Runtime Environment (20.0+36) (build 20+36-2344)
# Java VM: Java HotSpot(TM) 64-Bit Server VM (20+36-2344, mixed mode, sharing, tiered, compressed oops, compressed class ptrs, g1 gc, windows-amd64)
# No core dump will be written. Minidumps are not enabled by default on client versions of Windows
#

---------------  S U M M A R Y ------------

Command Line: -Xmx64m -Xms64m -Dorg.gradle.appname=gradlew org.gradle.wrapper.GradleWrapperMain tasks

Host: 11th Gen Intel(R) Core(TM) i5-11400H @ 2.70GHz, 12 cores, 15G,  Windows 10 , 64 bit Build 19041 (10.0.19041.3393)
Time: Mon Sep 25 07:40:55 2023 Hora oficial do Brasil elapsed time: 52.640825 seconds (0d 0h 0m 52s)

---------------  T H R E A D  ---------------

Current thread (0x000002480f246760):  JavaThread "C2 CompilerThread0" daemon [_thread_in_native, id=55176, stack(0x000000772c700000,0x000000772c800000)]


Current CompileTask:
C2:  52640 1361       4       java.io.WinNTFileSystem::normalize (143 bytes)

Stack: [0x000000772c700000,0x000000772c800000]
Native frames: (J=compiled Java code, j=interpreted, Vv=VM code, C=native code)
V  [jvm.dll+0x6bb95a]
V  [jvm.dll+0x8483aa]
V  [jvm.dll+0x849fa5]
V  [jvm.dll+0x84a6a3]
V  [jvm.dll+0x280b0f]
V  [jvm.dll+0xc2b11]
V  [jvm.dll+0xc2e35]
V  [jvm.dll+0x3bb142]
V  [jvm.dll+0x3857f5]
V  [jvm.dll+0x384c6a]
V  [jvm.dll+0x24b259]
V  [jvm.dll+0x24a651]
V  [jvm.dll+0x1ce491]
V  [jvm.dll+0x259e1b]
V  [jvm.dll+0x2584f0]
V  [jvm.dll+0x3f2895]
V  [jvm.dll+0x7f4906]
V  [jvm.dll+0x6ba5cb]
C  [ucrtbase.dll+0x21bb2]
C  [KERNEL32.DLL+0x17344]
C  [ntdll.dll+0x526b1]


---------------  P R O C E S S  ---------------

Threads class SMR info:
_java_thread_list=0x0000024813858200, length=12, elements={
0x0000024874ef3150, 0x000002480f23be00, 0x000002480f23cc00, 0x000002480f23daf0,
0x000002480f23f730, 0x000002480f243190, 0x000002480f244ae0, 0x000002480f246760,
0x000002480f24c100, 0x000002481359d8e0, 0x00000248135aa2d0, 0x0000024813dec570
}

Java Threads: ( => current thread )
  0x0000024874ef3150 JavaThread "main" [_thread_in_vm, id=53024, stack(0x000000772ba00000,0x000000772bb00000)]
  0x000002480f23be00 JavaThread "Reference Handler" daemon [_thread_blocked, id=55152, stack(0x000000772c100000,0x000000772c200000)]
  0x000002480f23cc00 JavaThread "Finalizer" daemon [_thread_blocked, id=55156, stack(0x000000772c200000,0x000000772c300000)]
  0x000002480f23daf0 JavaThread "Signal Dispatcher" daemon [_thread_blocked, id=55160, stack(0x000000772c300000,0x000000772c400000)]
  0x000002480f23f730 JavaThread "Attach Listener" daemon [_thread_blocked, id=55164, stack(0x000000772c400000,0x000000772c500000)]
  0x000002480f243190 JavaThread "Service Thread" daemon [_thread_blocked, id=55168, stack(0x000000772c500000,0x000000772c600000)]
  0x000002480f244ae0 JavaThread "Monitor Deflation Thread" daemon [_thread_blocked, id=55172, stack(0x000000772c600000,0x000000772c700000)]
=>0x000002480f246760 JavaThread "C2 CompilerThread0" daemon [_thread_in_native, id=55176, stack(0x000000772c700000,0x000000772c800000)]
  0x000002480f24c100 JavaThread "C1 CompilerThread0" daemon [_thread_in_vm, id=55188, stack(0x000000772c800000,0x000000772c900000)]
  0x000002481359d8e0 JavaThread "Notification Thread" daemon [_thread_blocked, id=55688, stack(0x000000772c900000,0x000000772ca00000)]
  0x00000248135aa2d0 JavaThread "Common-Cleaner" daemon [_thread_blocked, id=55924, stack(0x000000772cb00000,0x000000772cc00000)]
  0x0000024813dec570 JavaThread "pool-1-thread-1" [_thread_blocked, id=28992, stack(0x000000772cc00000,0x000000772cd00000)]

Other Threads:
  0x0000024874fb1930 VMThread "VM Thread" [stack: 0x000000772c000000,0x000000772c100000] [id=54248] _threads_hazard_ptr=0x0000024813858200
  0x00000248135a3e50 WatcherThread "VM Periodic Task Thread" [stack: 0x000000772ca00000,0x000000772cb00000] [id=55716]
  0x0000024874f18e50 WorkerThread "GC Thread#0" [stack: 0x000000772bb00000,0x000000772bc00000] [id=53620]
  0x0000024813c7c700 WorkerThread "GC Thread#1" [stack: 0x000000772cd00000,0x000000772ce00000] [id=28912]
  0x0000024813c7bbc0 WorkerThread "GC Thread#2" [stack: 0x000000772ce00000,0x000000772cf00000] [id=46064]
  0x0000024813c7cf70 WorkerThread "GC Thread#3" [stack: 0x000000772cf00000,0x000000772d000000] [id=48512]
  0x0000024813c7b8f0 WorkerThread "GC Thread#4" [stack: 0x000000772d000000,0x000000772d100000] [id=57952]
  0x0000024813c7be90 WorkerThread "GC Thread#5" [stack: 0x000000772d100000,0x000000772d200000] [id=57956]
  0x0000024874f1a560 ConcurrentGCThread "G1 Main Marker" [stack: 0x000000772bc00000,0x000000772bd00000] [id=53624]
  0x0000024874f1af90 WorkerThread "G1 Conc#0" [stack: 0x000000772bd00000,0x000000772be00000] [id=53628]
  0x0000024874f85bf0 ConcurrentGCThread "G1 Refine#0" [stack: 0x000000772be00000,0x000000772bf00000] [id=53764]
  0x0000024874f86690 ConcurrentGCThread "G1 Service" [stack: 0x000000772bf00000,0x000000772c000000] [id=53768]

Threads with active compile tasks:
C2 CompilerThread0    53295 1361       4       java.io.WinNTFileSystem::normalize (143 bytes)
C1 CompilerThread0    53295 1364  s    3       java.io.ByteArrayOutputStream::write (43 bytes)

VM state: synchronizing (normal execution)

VM Mutex/Monitor currently owned by a thread:  ([mutex/lock_event])
[0x0000024872c22da0] Metaspace_lock - owner thread: 0x000002480f24c100
[0x0000024874eef660] Threads_lock - owner thread: 0x0000024874fb1930

Heap address: 0x00000000fc000000, size: 64 MB, Compressed Oops mode: 32-bit

CDS archive(s) mapped at: [0x0000000800000000-0x0000000800c60000-0x0000000800c60000), size 12976128, SharedBaseAddress: 0x0000000800000000, ArchiveRelocationMode: 0.
Compressed class space mapped at: 0x0000000801000000-0x0000000841000000, reserved size: 1073741824
Narrow klass base: 0x0000000800000000, Narrow klass shift: 0, Narrow klass range: 0x100000000

GC Precious Log:
 CardTable entry size: 512
 Card Set container configuration: InlinePtr #cards 5 size 8 Array Of Cards #cards 12 size 40 Howl #buckets 4 coarsen threshold 1843 Howl Bitmap #cards 512 size 80 coarsen threshold 460 Card regions per heap region 1 cards per card region 2048
 CPUs: 12 total, 12 available
 Memory: 16163M
 Large Page Support: Disabled
 NUMA Support: Disabled
 Compressed Oops: Enabled (32-bit)
 Heap Region Size: 1M
 Heap Min Capacity: 64M
 Heap Initial Capacity: 64M
 Heap Max Capacity: 64M
 Pre-touch: Disabled
 Parallel Workers: 10
 Concurrent Workers: 3
 Concurrent Refinement Workers: 10
 Periodic GC: Disabled

Heap:
 garbage-first heap   total 65536K, used 21664K [0x00000000fc000000, 0x0000000100000000)
  region size 1024K, 15 young (15360K), 3 survivors (3072K)
 Metaspace       used 7472K, committed 7744K, reserved 1114112K
  class space    used 1022K, committed 1152K, reserved 1048576K

Heap Regions: E=young(eden), S=young(survivor), O=old, HS=humongous(starts), HC=humongous(continues), CS=collection set, F=free, OA=open archive, CA=closed archive, TAMS=top-at-mark-start, PB=parsable bottom
|   0|0x00000000fc000000, 0x00000000fc100000, 0x00000000fc100000|100%|HS|  |TAMS 0x00000000fc000000| PB 0x00000000fc000000| Complete 
|   1|0x00000000fc100000, 0x00000000fc200000, 0x00000000fc200000|100%|HC|  |TAMS 0x00000000fc100000| PB 0x00000000fc100000| Complete 
|   2|0x00000000fc200000, 0x00000000fc300000, 0x00000000fc300000|100%|HC|  |TAMS 0x00000000fc200000| PB 0x00000000fc200000| Complete 
|   3|0x00000000fc300000, 0x00000000fc400000, 0x00000000fc400000|100%|HC|  |TAMS 0x00000000fc300000| PB 0x00000000fc300000| Complete 
|   4|0x00000000fc400000, 0x00000000fc500000, 0x00000000fc500000|100%| O|  |TAMS 0x00000000fc400000| PB 0x00000000fc400000| Untracked 
|   5|0x00000000fc500000, 0x00000000fc600000, 0x00000000fc600000|100%| O|  |TAMS 0x00000000fc500000| PB 0x00000000fc500000| Untracked 
|   6|0x00000000fc600000, 0x00000000fc700000, 0x00000000fc700000|100%| O|  |TAMS 0x00000000fc600000| PB 0x00000000fc600000| Untracked 
|   7|0x00000000fc700000, 0x00000000fc728000, 0x00000000fc800000| 15%| O|  |TAMS 0x00000000fc700000| PB 0x00000000fc700000| Untracked 
|   8|0x00000000fc800000, 0x00000000fc800000, 0x00000000fc900000|  0%| F|  |TAMS 0x00000000fc800000| PB 0x00000000fc800000| Untracked 
|   9|0x00000000fc900000, 0x00000000fc900000, 0x00000000fca00000|  0%| F|  |TAMS 0x00000000fc900000| PB 0x00000000fc900000| Untracked 
|  10|0x00000000fca00000, 0x00000000fca00000, 0x00000000fcb00000|  0%| F|  |TAMS 0x00000000fca00000| PB 0x00000000fca00000| Untracked 
|  11|0x00000000fcb00000, 0x00000000fcb00000, 0x00000000fcc00000|  0%| F|  |TAMS 0x00000000fcb00000| PB 0x00000000fcb00000| Untracked 
|  12|0x00000000fcc00000, 0x00000000fcc00000, 0x00000000fcd00000|  0%| F|  |TAMS 0x00000000fcc00000| PB 0x00000000fcc00000| Untracked 
|  13|0x00000000fcd00000, 0x00000000fcd00000, 0x00000000fce00000|  0%| F|  |TAMS 0x00000000fcd00000| PB 0x00000000fcd00000| Untracked 
|  14|0x00000000fce00000, 0x00000000fce00000, 0x00000000fcf00000|  0%| F|  |TAMS 0x00000000fce00000| PB 0x00000000fce00000| Untracked 
|  15|0x00000000fcf00000, 0x00000000fcf00000, 0x00000000fd000000|  0%| F|  |TAMS 0x00000000fcf00000| PB 0x00000000fcf00000| Untracked 
|  16|0x00000000fd000000, 0x00000000fd000000, 0x00000000fd100000|  0%| F|  |TAMS 0x00000000fd000000| PB 0x00000000fd000000| Untracked 
|  17|0x00000000fd100000, 0x00000000fd100000, 0x00000000fd200000|  0%| F|  |TAMS 0x00000000fd100000| PB 0x00000000fd100000| Untracked 
|  18|0x00000000fd200000, 0x00000000fd200000, 0x00000000fd300000|  0%| F|  |TAMS 0x00000000fd200000| PB 0x00000000fd200000| Untracked 
|  19|0x00000000fd300000, 0x00000000fd300000, 0x00000000fd400000|  0%| F|  |TAMS 0x00000000fd300000| PB 0x00000000fd300000| Untracked 
|  20|0x00000000fd400000, 0x00000000fd400000, 0x00000000fd500000|  0%| F|  |TAMS 0x00000000fd400000| PB 0x00000000fd400000| Untracked 
|  21|0x00000000fd500000, 0x00000000fd500000, 0x00000000fd600000|  0%| F|  |TAMS 0x00000000fd500000| PB 0x00000000fd500000| Untracked 
|  22|0x00000000fd600000, 0x00000000fd600000, 0x00000000fd700000|  0%| F|  |TAMS 0x00000000fd600000| PB 0x00000000fd600000| Untracked 
|  23|0x00000000fd700000, 0x00000000fd700000, 0x00000000fd800000|  0%| F|  |TAMS 0x00000000fd700000| PB 0x00000000fd700000| Untracked 
|  24|0x00000000fd800000, 0x00000000fd800000, 0x00000000fd900000|  0%| F|  |TAMS 0x00000000fd800000| PB 0x00000000fd800000| Untracked 
|  25|0x00000000fd900000, 0x00000000fd900000, 0x00000000fda00000|  0%| F|  |TAMS 0x00000000fd900000| PB 0x00000000fd900000| Untracked 
|  26|0x00000000fda00000, 0x00000000fda00000, 0x00000000fdb00000|  0%| F|  |TAMS 0x00000000fda00000| PB 0x00000000fda00000| Untracked 
|  27|0x00000000fdb00000, 0x00000000fdb00000, 0x00000000fdc00000|  0%| F|  |TAMS 0x00000000fdb00000| PB 0x00000000fdb00000| Untracked 
|  28|0x00000000fdc00000, 0x00000000fdc00000, 0x00000000fdd00000|  0%| F|  |TAMS 0x00000000fdc00000| PB 0x00000000fdc00000| Untracked 
|  29|0x00000000fdd00000, 0x00000000fdd00000, 0x00000000fde00000|  0%| F|  |TAMS 0x00000000fdd00000| PB 0x00000000fdd00000| Untracked 
|  30|0x00000000fde00000, 0x00000000fde00000, 0x00000000fdf00000|  0%| F|  |TAMS 0x00000000fde00000| PB 0x00000000fde00000| Untracked 
|  31|0x00000000fdf00000, 0x00000000fdf00000, 0x00000000fe000000|  0%| F|  |TAMS 0x00000000fdf00000| PB 0x00000000fdf00000| Untracked 
|  32|0x00000000fe000000, 0x00000000fe000000, 0x00000000fe100000|  0%| F|  |TAMS 0x00000000fe000000| PB 0x00000000fe000000| Untracked 
|  33|0x00000000fe100000, 0x00000000fe100000, 0x00000000fe200000|  0%| F|  |TAMS 0x00000000fe100000| PB 0x00000000fe100000| Untracked 
|  34|0x00000000fe200000, 0x00000000fe200000, 0x00000000fe300000|  0%| F|  |TAMS 0x00000000fe200000| PB 0x00000000fe200000| Untracked 
|  35|0x00000000fe300000, 0x00000000fe300000, 0x00000000fe400000|  0%| F|  |TAMS 0x00000000fe300000| PB 0x00000000fe300000| Untracked 
|  36|0x00000000fe400000, 0x00000000fe400000, 0x00000000fe500000|  0%| F|  |TAMS 0x00000000fe400000| PB 0x00000000fe400000| Untracked 
|  37|0x00000000fe500000, 0x00000000fe500000, 0x00000000fe600000|  0%| F|  |TAMS 0x00000000fe500000| PB 0x00000000fe500000| Untracked 
|  38|0x00000000fe600000, 0x00000000fe700000, 0x00000000fe700000|100%| S|CS|TAMS 0x00000000fe600000| PB 0x00000000fe600000| Complete 
|  39|0x00000000fe700000, 0x00000000fe800000, 0x00000000fe800000|100%| S|CS|TAMS 0x00000000fe700000| PB 0x00000000fe700000| Complete 
|  40|0x00000000fe800000, 0x00000000fe900000, 0x00000000fe900000|100%| S|CS|TAMS 0x00000000fe800000| PB 0x00000000fe800000| Complete 
|  41|0x00000000fe900000, 0x00000000fe900000, 0x00000000fea00000|  0%| F|  |TAMS 0x00000000fe900000| PB 0x00000000fe900000| Untracked 
|  42|0x00000000fea00000, 0x00000000fea00000, 0x00000000feb00000|  0%| F|  |TAMS 0x00000000fea00000| PB 0x00000000fea00000| Untracked 
|  43|0x00000000feb00000, 0x00000000feb00000, 0x00000000fec00000|  0%| F|  |TAMS 0x00000000feb00000| PB 0x00000000feb00000| Untracked 
|  44|0x00000000fec00000, 0x00000000fec00000, 0x00000000fed00000|  0%| F|  |TAMS 0x00000000fec00000| PB 0x00000000fec00000| Untracked 
|  45|0x00000000fed00000, 0x00000000fed00000, 0x00000000fee00000|  0%| F|  |TAMS 0x00000000fed00000| PB 0x00000000fed00000| Untracked 
|  46|0x00000000fee00000, 0x00000000fee00000, 0x00000000fef00000|  0%| F|  |TAMS 0x00000000fee00000| PB 0x00000000fee00000| Untracked 
|  47|0x00000000fef00000, 0x00000000fef00000, 0x00000000ff000000|  0%| F|  |TAMS 0x00000000fef00000| PB 0x00000000fef00000| Untracked 
|  48|0x00000000ff000000, 0x00000000ff000000, 0x00000000ff100000|  0%| F|  |TAMS 0x00000000ff000000| PB 0x00000000ff000000| Untracked 
|  49|0x00000000ff100000, 0x00000000ff100000, 0x00000000ff200000|  0%| F|  |TAMS 0x00000000ff100000| PB 0x00000000ff100000| Untracked 
|  50|0x00000000ff200000, 0x00000000ff200000, 0x00000000ff300000|  0%| F|  |TAMS 0x00000000ff200000| PB 0x00000000ff200000| Untracked 
|  51|0x00000000ff300000, 0x00000000ff300000, 0x00000000ff400000|  0%| F|  |TAMS 0x00000000ff300000| PB 0x00000000ff300000| Untracked 
|  52|0x00000000ff400000, 0x00000000ff4cdef0, 0x00000000ff500000| 80%| E|  |TAMS 0x00000000ff400000| PB 0x00000000ff400000| Complete 
|  53|0x00000000ff500000, 0x00000000ff600000, 0x00000000ff600000|100%| E|CS|TAMS 0x00000000ff500000| PB 0x00000000ff500000| Complete 
|  54|0x00000000ff600000, 0x00000000ff700000, 0x00000000ff700000|100%| E|CS|TAMS 0x00000000ff600000| PB 0x00000000ff600000| Complete 
|  55|0x00000000ff700000, 0x00000000ff800000, 0x00000000ff800000|100%| E|CS|TAMS 0x00000000ff700000| PB 0x00000000ff700000| Complete 
|  56|0x00000000ff800000, 0x00000000ff900000, 0x00000000ff900000|100%| E|CS|TAMS 0x00000000ff800000| PB 0x00000000ff800000| Complete 
|  57|0x00000000ff900000, 0x00000000ffa00000, 0x00000000ffa00000|100%| E|CS|TAMS 0x00000000ff900000| PB 0x00000000ff900000| Complete 
|  58|0x00000000ffa00000, 0x00000000ffb00000, 0x00000000ffb00000|100%| E|CS|TAMS 0x00000000ffa00000| PB 0x00000000ffa00000| Complete 
|  59|0x00000000ffb00000, 0x00000000ffc00000, 0x00000000ffc00000|100%| E|CS|TAMS 0x00000000ffb00000| PB 0x00000000ffb00000| Complete 
|  60|0x00000000ffc00000, 0x00000000ffd00000, 0x00000000ffd00000|100%| E|CS|TAMS 0x00000000ffc00000| PB 0x00000000ffc00000| Complete 
|  61|0x00000000ffd00000, 0x00000000ffe00000, 0x00000000ffe00000|100%| E|CS|TAMS 0x00000000ffd00000| PB 0x00000000ffd00000| Complete 
|  62|0x00000000ffe00000, 0x00000000fff00000, 0x00000000fff00000|100%| E|CS|TAMS 0x00000000ffe00000| PB 0x00000000ffe00000| Complete 
|  63|0x00000000fff00000, 0x0000000100000000, 0x0000000100000000|100%| E|CS|TAMS 0x00000000fff00000| PB 0x00000000fff00000| Complete 

Card table byte_map: [0x0000024874df0000,0x0000024874e10000] _byte_map_base: 0x0000024874610000

Marking Bits: (CMBitMap*) 0x0000024874f19480
 Bits: [0x000002487d500000, 0x000002487d600000)

Polling page: 0x0000024872ec0000

Metaspace:

Usage:
  Non-class:      6.30 MB used.
      Class:   1022.22 KB used.
       Both:      7.30 MB used.

Virtual space:
  Non-class space:       64.00 MB reserved,       6.44 MB ( 10%) committed,  1 nodes.
      Class space:        1.00 GB reserved,       1.12 MB ( <1%) committed,  1 nodes.
             Both:        1.06 GB reserved,       7.56 MB ( <1%) committed. 

Chunk freelists:
   Non-Class:  624.00 KB
       Class:  2.70 MB
        Both:  3.31 MB

MaxMetaspaceSize: unlimited
CompressedClassSpaceSize: 1.00 GB
Initial GC threshold: 21.00 MB
Current GC threshold: 21.00 MB
CDS: on
MetaspaceReclaimPolicy: balanced
 - commit_granule_bytes: 65536.
 - commit_granule_words: 8192.
 - virtual_space_node_default_size: 8388608.
 - enlarge_chunks_in_place: 1.
 - new_chunks_are_fully_committed: 0.
 - uncommit_free_chunks: 1.
 - use_allocation_guard: 0.


Internal statistics:

num_allocs_failed_limit: 0.
num_arena_births: 194.
num_arena_deaths: 0.
num_vsnodes_births: 2.
num_vsnodes_deaths: 0.
num_space_committed: 121.
num_space_uncommitted: 0.
num_chunks_returned_to_freelist: 0.
num_chunks_taken_from_freelist: 405.
num_chunk_merges: 0.
num_chunk_splits: 263.
num_chunks_enlarged: 194.
num_inconsistent_stats: 0.

CodeHeap 'non-profiled nmethods': size=120000Kb used=450Kb max_used=450Kb free=119549Kb
 bounds [0x0000024807ad0000, 0x0000024807d40000, 0x000002480f000000]
CodeHeap 'profiled nmethods': size=120000Kb used=2465Kb max_used=2465Kb free=117534Kb
 bounds [0x0000024800000000, 0x0000024800270000, 0x0000024807530000]
CodeHeap 'non-nmethods': size=5760Kb used=1543Kb max_used=1563Kb free=4216Kb
 bounds [0x0000024807530000, 0x00000248077a0000, 0x0000024807ad0000]
 total_blobs=1786 nmethods=1313 adapters=384
 compilation: enabled
              stopped_count=0, restarted_count=0
 full_count=0

Compilation events (20 events):
Event: 51.995 Thread 0x000002480f24c100 nmethod 1353 0x0000024800262910 code [0x0000024800262ce0, 0x0000024800264828]
Event: 51.995 Thread 0x000002480f24c100 1352       3       java.net.URI$Parser::checkChar (14 bytes)
Event: 51.996 Thread 0x000002480f24c100 nmethod 1352 0x0000024800265390 code [0x0000024800265520, 0x0000024800265670]
Event: 51.996 Thread 0x000002480f24c100 1349       1       org.gradle.internal.classpath.DefaultClassPath$ImmutableUniqueList::size (5 bytes)
Event: 51.996 Thread 0x000002480f24c100 nmethod 1349 0x0000024807b3f490 code [0x0000024807b3f600, 0x0000024807b3f6c8]
Event: 52.166 Thread 0x000002480f24c100 1354       3       java.io.File::compareTo (9 bytes)
Event: 52.167 Thread 0x000002480f24c100 nmethod 1354 0x0000024800265710 code [0x00000248002658c0, 0x0000024800265bd8]
Event: 52.167 Thread 0x000002480f24c100 1355       3       java.io.WinNTFileSystem::compare (12 bytes)
Event: 52.167 Thread 0x000002480f246760 1356       4       java.util.HashMap::put (13 bytes)
Event: 52.168 Thread 0x000002480f24c100 nmethod 1355 0x0000024800265d90 code [0x0000024800265f40, 0x0000024800266188]
Event: 52.182 Thread 0x000002480f246760 nmethod 1356 0x0000024807b3f790 code [0x0000024807b3f980, 0x0000024807b403d0]
Event: 52.218 Thread 0x000002480f24c100 1357       3       java.util.WeakHashMap::isEmpty (13 bytes)
Event: 52.218 Thread 0x000002480f24c100 nmethod 1357 0x0000024800266310 code [0x00000248002664a0, 0x0000024800266768]
Event: 52.218 Thread 0x000002480f24c100 1358       3       java.util.WeakHashMap::size (18 bytes)
Event: 52.219 Thread 0x000002480f24c100 nmethod 1358 0x0000024800266810 code [0x00000248002669a0, 0x0000024800266b50]
Event: 52.259 Thread 0x000002480f24c100 1359       3       java.util.jar.Attributes::putValue (13 bytes)
Event: 52.260 Thread 0x000002480f24c100 nmethod 1359 0x0000024800266c10 code [0x0000024800266e20, 0x0000024800267650]
Event: 52.260 Thread 0x000002480f24c100 1360       3       java.util.jar.Attributes::put (18 bytes)
Event: 52.260 Thread 0x000002480f24c100 nmethod 1360 0x0000024800267890 code [0x0000024800267a40, 0x0000024800267df8]
Event: 52.303 Thread 0x000002480f246760 1361       4       java.io.WinNTFileSystem::normalize (143 bytes)

GC Heap History (2 events):
Event: 23.753 GC heap before
{Heap before GC invocations=0 (full 0):
 garbage-first heap   total 65536K, used 26624K [0x00000000fc000000, 0x0000000100000000)
  region size 1024K, 23 young (23552K), 0 survivors (0K)
 Metaspace       used 4249K, committed 4480K, reserved 1114112K
  class space    used 561K, committed 704K, reserved 1048576K
}
Event: 30.018 GC heap after
{Heap after GC invocations=1 (full 0):
 garbage-first heap   total 65536K, used 10400K [0x00000000fc000000, 0x0000000100000000)
  region size 1024K, 3 young (3072K), 3 survivors (3072K)
 Metaspace       used 4249K, committed 4480K, reserved 1114112K
  class space    used 561K, committed 704K, reserved 1048576K
}

Dll operation events (11 events):
Event: 4.536 Loaded shared library C:\Program Files\Java\jdk-20\bin\java.dll
Event: 5.232 Loaded shared library C:\Program Files\Java\jdk-20\bin\jsvml.dll
Event: 7.698 Loaded shared library C:\Program Files\Java\jdk-20\bin\net.dll
Event: 7.717 Loaded shared library C:\Program Files\Java\jdk-20\bin\nio.dll
Event: 7.722 Loaded shared library C:\Program Files\Java\jdk-20\bin\zip.dll
Event: 17.517 Loaded shared library C:\Program Files\Java\jdk-20\bin\jimage.dll
Event: 18.991 Loaded shared library C:\Program Files\Java\jdk-20\bin\verify.dll
Event: 23.299 Loaded shared library C:\Users\Marcos\.gradle\native\68d5fa5c4cc2d200863cafc0d521ce42e7d3e7ee720ec0a83991735586a16f82\windows-amd64\native-platform.dll
Event: 30.441 Loaded shared library C:\Program Files\Java\jdk-20\bin\management.dll
Event: 30.444 Loaded shared library C:\Program Files\Java\jdk-20\bin\management_ext.dll
Event: 34.306 Loaded shared library C:\Program Files\Java\jdk-20\bin\extnet.dll

Deoptimization events (20 events):
Event: 36.522 Thread 0x0000024874ef3150 Uncommon trap: trap_request=0xffffffde fr.pc=0x0000024807b221d0 relative=0x0000000000000850
Event: 36.522 Thread 0x0000024874ef3150 Uncommon trap: reason=class_check action=maybe_recompile pc=0x0000024807b221d0 method=java.util.HashMap.putVal(ILjava/lang/Object;Ljava/lang/Object;ZZ)Ljava/lang/Object; @ 91 c2
Event: 36.522 Thread 0x0000024874ef3150 DEOPT PACKING pc=0x0000024807b221d0 sp=0x000000772bafdba0
Event: 36.522 Thread 0x0000024874ef3150 DEOPT UNPACKING pc=0x000002480754d2a2 sp=0x000000772bafdad8 mode 2
Event: 36.522 Thread 0x0000024874ef3150 Uncommon trap: trap_request=0xffffffde fr.pc=0x0000024807b221d0 relative=0x0000000000000850
Event: 36.522 Thread 0x0000024874ef3150 Uncommon trap: reason=class_check action=maybe_recompile pc=0x0000024807b221d0 method=java.util.HashMap.putVal(ILjava/lang/Object;Ljava/lang/Object;ZZ)Ljava/lang/Object; @ 91 c2
Event: 36.522 Thread 0x0000024874ef3150 DEOPT PACKING pc=0x0000024807b221d0 sp=0x000000772bafdba0
Event: 36.522 Thread 0x0000024874ef3150 DEOPT UNPACKING pc=0x000002480754d2a2 sp=0x000000772bafdad8 mode 2
Event: 37.770 Thread 0x0000024874ef3150 Uncommon trap: trap_request=0xffffffde fr.pc=0x0000024807b221d0 relative=0x0000000000000850
Event: 37.770 Thread 0x0000024874ef3150 Uncommon trap: reason=class_check action=maybe_recompile pc=0x0000024807b221d0 method=java.util.HashMap.putVal(ILjava/lang/Object;Ljava/lang/Object;ZZ)Ljava/lang/Object; @ 91 c2
Event: 37.770 Thread 0x0000024874ef3150 DEOPT PACKING pc=0x0000024807b221d0 sp=0x000000772bafdba0
Event: 37.770 Thread 0x0000024874ef3150 DEOPT UNPACKING pc=0x000002480754d2a2 sp=0x000000772bafdad8 mode 2
Event: 37.770 Thread 0x0000024874ef3150 Uncommon trap: trap_request=0xffffffde fr.pc=0x0000024807b221d0 relative=0x0000000000000850
Event: 37.770 Thread 0x0000024874ef3150 Uncommon trap: reason=class_check action=maybe_recompile pc=0x0000024807b221d0 method=java.util.HashMap.putVal(ILjava/lang/Object;Ljava/lang/Object;ZZ)Ljava/lang/Object; @ 91 c2
Event: 37.770 Thread 0x0000024874ef3150 DEOPT PACKING pc=0x0000024807b221d0 sp=0x000000772bafdba0
Event: 37.770 Thread 0x0000024874ef3150 DEOPT UNPACKING pc=0x000002480754d2a2 sp=0x000000772bafdad8 mode 2
Event: 44.368 Thread 0x0000024874ef3150 DEOPT PACKING pc=0x00000248000d4fda sp=0x000000772bafdbb0
Event: 44.368 Thread 0x0000024874ef3150 DEOPT UNPACKING pc=0x000002480759e462 sp=0x000000772bafd070 mode 0
Event: 44.368 Thread 0x0000024874ef3150 DEOPT PACKING pc=0x00000248000d4fda sp=0x000000772bafdbb0
Event: 44.369 Thread 0x0000024874ef3150 DEOPT UNPACKING pc=0x000002480759e462 sp=0x000000772bafd070 mode 0

Classes loaded (20 events):
Event: 34.503 Loading class java/nio/channels/OverlappingFileLockException
Event: 34.503 Loading class java/nio/channels/OverlappingFileLockException done
Event: 34.503 Loading class java/io/EOFException
Event: 34.509 Loading class java/io/EOFException done
Event: 34.946 Loading class java/io/DataOutputStream
Event: 35.079 Loading class java/io/DataOutputStream done
Event: 35.079 Loading class java/net/DatagramPacket
Event: 35.290 Loading class java/net/DatagramPacket done
Event: 35.291 Loading class sun/nio/ch/Util
Event: 35.300 Loading class sun/nio/ch/Util done
Event: 35.300 Loading class sun/nio/ch/Util$1
Event: 35.309 Loading class sun/nio/ch/Util$1 done
Event: 35.310 Loading class sun/nio/ch/Util$BufferCache
Event: 35.314 Loading class sun/nio/ch/Util$BufferCache done
Event: 35.314 Loading class java/nio/DirectByteBuffer$Deallocator
Event: 35.319 Loading class java/nio/DirectByteBuffer$Deallocator done
Event: 35.320 Loading class sun/nio/ch/IOStatus
Event: 35.334 Loading class sun/nio/ch/IOStatus done
Event: 44.238 Loading class java/io/FileOutputStream$1
Event: 44.248 Loading class java/io/FileOutputStream$1 done

Classes unloaded (0 events):
No events

Classes redefined (0 events):
No events

Internal exceptions (19 events):
Event: 10.144 Thread 0x0000024874ef3150 Exception <a 'java/lang/NoSuchMethodError'{0x00000000ffc1fa28}: 'void java.lang.invoke.DirectMethodHandle$Holder.invokeStatic(java.lang.Object, java.lang.Object)'> (0x00000000ffc1fa28) 
thrown [s\open\src\hotspot\share\interpreter\linkResolver.cpp, line 773]
Event: 10.145 Thread 0x0000024874ef3150 Exception <a 'java/lang/NoSuchMethodError'{0x00000000ffc235a8}: 'void java.lang.invoke.DirectMethodHandle$Holder.invokeSpecial(java.lang.Object, java.lang.Object, java.lang.Object)'> (0x00000000ffc235a8) 
thrown [s\open\src\hotspot\share\interpreter\linkResolver.cpp, line 773]
Event: 11.387 Thread 0x0000024874ef3150 Exception <a 'java/lang/NoSuchMethodError'{0x00000000ffcb4208}: 'void java.lang.invoke.DirectMethodHandle$Holder.invokeStatic(java.lang.Object, java.lang.Object, java.lang.Object)'> (0x00000000ffcb4208) 
thrown [s\open\src\hotspot\share\interpreter\linkResolver.cpp, line 773]
Event: 11.426 Thread 0x0000024874ef3150 Exception <a 'java/lang/NoSuchMethodError'{0x00000000ffcc68f8}: 'java.lang.Object java.lang.invoke.Invokers$Holder.invokeExact_MT(java.lang.Object, java.lang.Object, java.lang.Object, java.lang.Object, java.lang.Object)'> (0x00000000ffcc68f8) 
thrown [s\open\src\hotspot\share\interpreter\linkResolver.cpp, line 773]
Event: 12.699 Thread 0x0000024874ef3150 Exception <a 'java/lang/NoSuchMethodError'{0x00000000ffcf4648}: 'int java.lang.invoke.DirectMethodHandle$Holder.invokeStaticInit(java.lang.Object, java.lang.Object)'> (0x00000000ffcf4648) 
thrown [s\open\src\hotspot\share\interpreter\linkResolver.cpp, line 773]
Event: 22.946 Thread 0x0000024874ef3150 Exception <a 'java/lang/NoClassDefFoundError'{0x00000000feb8e110}: org/slf4j/impl/StaticMarkerBinder> (0x00000000feb8e110) 
thrown [s\open\src\hotspot\share\classfile\systemDictionary.cpp, line 294]
Event: 23.073 Thread 0x0000024874ef3150 Exception <a 'java/lang/NoSuchMethodError'{0x00000000fea15bd8}: 'java.lang.Object java.lang.invoke.DirectMethodHandle$Holder.invokeVirtual(java.lang.Object, java.lang.Object, java.lang.Object, java.lang.Object, java.lang.Object, java.lang.Object, java.lang.Object)'> (0x00000000fea15bd8) 
thrown [s\open\src\hotspot\share\interpreter\linkResolver.cpp, line 773]
Event: 23.086 Thread 0x0000024874ef3150 Exception <a 'java/lang/NoSuchMethodError'{0x00000000fea289c8}: 'java.lang.Object java.lang.invoke.DirectMethodHandle$Holder.invokeStatic(java.lang.Object, java.lang.Object, int)'> (0x00000000fea289c8) 
thrown [s\open\src\hotspot\share\interpreter\linkResolver.cpp, line 773]
Event: 23.089 Thread 0x0000024874ef3150 Exception <a 'java/lang/NoSuchMethodError'{0x00000000fea33e50}: 'void java.lang.invoke.DelegatingMethodHandle$Holder.delegate(java.lang.Object, java.lang.Object, int, java.lang.Object)'> (0x00000000fea33e50) 
thrown [s\open\src\hotspot\share\interpreter\linkResolver.cpp, line 773]
Event: 23.089 Thread 0x0000024874ef3150 Exception <a 'java/lang/NoSuchMethodError'{0x00000000fea37c40}: 'int java.lang.invoke.DirectMethodHandle$Holder.invokeSpecial(java.lang.Object, java.lang.Object, java.lang.Object)'> (0x00000000fea37c40) 
thrown [s\open\src\hotspot\share\interpreter\linkResolver.cpp, line 773]
Event: 23.442 Thread 0x0000024874ef3150 Exception <a 'java/lang/NoSuchMethodError'{0x00000000feacfb38}: 'java.lang.Object java.lang.invoke.DirectMethodHandle$Holder.invokeVirtual(java.lang.Object, java.lang.Object, java.lang.Object)'> (0x00000000feacfb38) 
thrown [s\open\src\hotspot\share\interpreter\linkResolver.cpp, line 773]
Event: 30.174 Thread 0x0000024874ef3150 Exception <a 'java/lang/NoSuchMethodError'{0x00000000ffe73868}: 'java.lang.Object java.lang.invoke.DirectMethodHandle$Holder.invokeVirtual(java.lang.Object, java.lang.Object, java.lang.Object, java.lang.Object)'> (0x00000000ffe73868) 
thrown [s\open\src\hotspot\share\interpreter\linkResolver.cpp, line 773]
Event: 30.266 Thread 0x0000024874ef3150 Exception <a 'java/lang/NoSuchMethodError'{0x00000000ffd1c998}: 'java.lang.Object java.lang.invoke.DirectMethodHandle$Holder.invokeVirtual(java.lang.Object, java.lang.Object, java.lang.Object, java.lang.Object, java.lang.Object, java.lang.Object)'> (0x00000000ffd1c998) 
thrown [s\open\src\hotspot\share\interpreter\linkResolver.cpp, line 773]
Event: 30.506 Thread 0x0000024874ef3150 Exception <a 'java/lang/NoSuchMethodError'{0x00000000ffab1390}: 'java.lang.Object java.lang.invoke.DirectMethodHandle$Holder.invokeVirtual(java.lang.Object, java.lang.Object, java.lang.Object, java.lang.Object, java.lang.Object)'> (0x00000000ffab1390) 
thrown [s\open\src\hotspot\share\interpreter\linkResolver.cpp, line 773]
Event: 30.507 Thread 0x0000024874ef3150 Exception <a 'java/lang/NoSuchMethodError'{0x00000000ffac4590}: 'java.lang.Object java.lang.invoke.Invokers$Holder.invokeExact_MT(java.lang.Object, java.lang.Object, java.lang.Object, java.lang.Object, java.lang.Object, java.lang.Object)'> (0x00000000ffac4590) 
thrown [s\open\src\hotspot\share\interpreter\linkResolver.cpp, line 773]
Event: 30.567 Thread 0x0000024874ef3150 Exception <a 'java/lang/NoSuchMethodError'{0x00000000ff8553b0}: 'java.lang.Object java.lang.invoke.DirectMethodHandle$Holder.invokeVirtual(java.lang.Object, java.lang.Object, java.lang.Object, java.lang.Object, java.lang.Object, java.lang.Object, java.lang.Object, java.lang.Object)'> (0x00000000ff8553b0) 
thrown [s\open\src\hotspot\share\interpreter\linkResolver.cpp, line 773]
Event: 30.748 Thread 0x0000024874ef3150 Exception <a 'java/lang/NoSuchMethodError'{0x00000000ff77d0a8}: 'java.lang.Object java.lang.invoke.DirectMethodHandle$Holder.invokeStaticInit(java.lang.Object, int, int, int, int)'> (0x00000000ff77d0a8) 
thrown [s\open\src\hotspot\share\interpreter\linkResolver.cpp, line 773]
Event: 32.814 Thread 0x0000024874ef3150 Exception <a 'java/lang/NoSuchMethodError'{0x00000000ff63b378}: 'java.lang.Object java.lang.invoke.DirectMethodHandle$Holder.invokeStaticInit(java.lang.Object, java.lang.Object, int, int, int, int)'> (0x00000000ff63b378) 
thrown [s\open\src\hotspot\share\interpreter\linkResolver.cpp, line 773]
Event: 44.306 Thread 0x0000024874ef3150 Exception <a 'java/lang/NoSuchMethodError'{0x00000000ff5a1690}: 'void java.lang.invoke.DirectMethodHandle$Holder.invokeInterface(java.lang.Object, java.lang.Object, java.lang.Object)'> (0x00000000ff5a1690) 
thrown [s\open\src\hotspot\share\interpreter\linkResolver.cpp, line 773]

VM Operations (20 events):
Event: 34.805 Executing VM operation: Cleanup
Event: 34.912 Executing VM operation: Cleanup done
Event: 35.927 Executing VM operation: Cleanup
Event: 36.042 Executing VM operation: Cleanup done
Event: 39.068 Executing VM operation: Cleanup
Event: 39.124 Executing VM operation: Cleanup done
Event: 40.131 Executing VM operation: Cleanup
Event: 40.132 Executing VM operation: Cleanup done
Event: 42.145 Executing VM operation: Cleanup
Event: 42.145 Executing VM operation: Cleanup done
Event: 45.171 Executing VM operation: Cleanup
Event: 45.171 Executing VM operation: Cleanup done
Event: 46.184 Executing VM operation: Cleanup
Event: 46.184 Executing VM operation: Cleanup done
Event: 49.204 Executing VM operation: Cleanup
Event: 49.205 Executing VM operation: Cleanup done
Event: 50.216 Executing VM operation: Cleanup
Event: 50.216 Executing VM operation: Cleanup done
Event: 52.233 Executing VM operation: Cleanup
Event: 52.233 Executing VM operation: Cleanup done

Events (12 events):
Event: 5.233 Thread 0x0000024874ef3150 Thread added: 0x0000024874ef3150
Event: 6.184 Thread 0x000002480f23be00 Thread added: 0x000002480f23be00
Event: 6.184 Thread 0x000002480f23cc00 Thread added: 0x000002480f23cc00
Event: 6.184 Thread 0x000002480f23daf0 Thread added: 0x000002480f23daf0
Event: 6.184 Thread 0x000002480f23f730 Thread added: 0x000002480f23f730
Event: 6.184 Thread 0x000002480f243190 Thread added: 0x000002480f243190
Event: 6.185 Thread 0x000002480f244ae0 Thread added: 0x000002480f244ae0
Event: 6.185 Thread 0x000002480f246760 Thread added: 0x000002480f246760
Event: 6.185 Thread 0x000002480f24c100 Thread added: 0x000002480f24c100
Event: 7.096 Thread 0x000002481359d8e0 Thread added: 0x000002481359d8e0
Event: 7.368 Thread 0x00000248135aa2d0 Thread added: 0x00000248135aa2d0
Event: 23.624 Thread 0x0000024813dec570 Thread added: 0x0000024813dec570


Dynamic libraries:
0x00007ff773d50000 - 0x00007ff773d60000 	C:\Program Files\Java\jdk-20\bin\java.exe
0x00007ffce2210000 - 0x00007ffce2408000 	C:\Windows\SYSTEM32\ntdll.dll
0x00007ffce1200000 - 0x00007ffce12bd000 	C:\Windows\System32\KERNEL32.DLL
0x00007ffcdfaf0000 - 0x00007ffcdfde6000 	C:\Windows\System32\KERNELBASE.dll
0x00007ffce0050000 - 0x00007ffce0150000 	C:\Windows\System32\ucrtbase.dll
0x00007ffccde60000 - 0x00007ffccde7b000 	C:\Program Files\Java\jdk-20\bin\VCRUNTIME140.dll
0x00007ffcccb50000 - 0x00007ffcccb69000 	C:\Program Files\Java\jdk-20\bin\jli.dll
0x00007ffce1070000 - 0x00007ffce111e000 	C:\Windows\System32\ADVAPI32.dll
0x00007ffce0aa0000 - 0x00007ffce0b3e000 	C:\Windows\System32\msvcrt.dll
0x00007ffce12c0000 - 0x00007ffce135c000 	C:\Windows\System32\sechost.dll
0x00007ffce0960000 - 0x00007ffce0a86000 	C:\Windows\System32\RPCRT4.dll
0x00007ffce2000000 - 0x00007ffce219e000 	C:\Windows\System32\USER32.dll
0x00007ffcdf8f0000 - 0x00007ffcdf912000 	C:\Windows\System32\win32u.dll
0x00007ffce21a0000 - 0x00007ffce21cc000 	C:\Windows\System32\GDI32.dll
0x00007ffce0150000 - 0x00007ffce026a000 	C:\Windows\System32\gdi32full.dll
0x00007ffcdfa00000 - 0x00007ffcdfa9d000 	C:\Windows\System32\msvcp_win.dll
0x00007ffcc0620000 - 0x00007ffcc08ba000 	C:\Windows\WinSxS\amd64_microsoft.windows.common-controls_6595b64144ccf1df_6.0.19041.1110_none_60b5254171f9507e\COMCTL32.dll
0x00007ffcd6640000 - 0x00007ffcd664a000 	C:\Windows\SYSTEM32\VERSION.dll
0x00007ffce0800000 - 0x00007ffce0830000 	C:\Windows\System32\IMM32.DLL
0x00007ffcc62e0000 - 0x00007ffcc62ec000 	C:\Program Files\Java\jdk-20\bin\vcruntime140_1.dll
0x00007ffc94330000 - 0x00007ffc943be000 	C:\Program Files\Java\jdk-20\bin\msvcp140.dll
0x00007ffc68c40000 - 0x00007ffc698d7000 	C:\Program Files\Java\jdk-20\bin\server\jvm.dll
0x00007ffcc5d10000 - 0x00007ffcc5d19000 	C:\Windows\SYSTEM32\WSOCK32.dll
0x00007ffce0bf0000 - 0x00007ffce0c5b000 	C:\Windows\System32\WS2_32.dll
0x00007ffcc7730000 - 0x00007ffcc7757000 	C:\Windows\SYSTEM32\WINMM.dll
0x00007ffcde110000 - 0x00007ffcde122000 	C:\Windows\SYSTEM32\kernel.appcore.dll
0x00007ffcbdff0000 - 0x00007ffcbdffa000 	C:\Program Files\Java\jdk-20\bin\jimage.dll
0x00007ffcdd670000 - 0x00007ffcdd854000 	C:\Windows\SYSTEM32\DBGHELP.DLL
0x00007ffcb95e0000 - 0x00007ffcb9614000 	C:\Windows\SYSTEM32\dbgcore.DLL
0x00007ffcdffc0000 - 0x00007ffce0042000 	C:\Windows\System32\bcryptPrimitives.dll
0x00007ffca70b0000 - 0x00007ffca70d6000 	C:\Program Files\Java\jdk-20\bin\java.dll
0x00007ffc862b0000 - 0x00007ffc86387000 	C:\Program Files\Java\jdk-20\bin\jsvml.dll
0x00007ffce1360000 - 0x00007ffce1aa5000 	C:\Windows\System32\SHELL32.dll
0x00007ffcdd860000 - 0x00007ffcddffb000 	C:\Windows\SYSTEM32\windows.storage.dll
0x00007ffce04a0000 - 0x00007ffce07f4000 	C:\Windows\System32\combase.dll
0x00007ffcdf330000 - 0x00007ffcdf35e000 	C:\Windows\SYSTEM32\Wldp.dll
0x00007ffce0fc0000 - 0x00007ffce106d000 	C:\Windows\System32\SHCORE.dll
0x00007ffce0270000 - 0x00007ffce02c5000 	C:\Windows\System32\shlwapi.dll
0x00007ffcdf820000 - 0x00007ffcdf845000 	C:\Windows\SYSTEM32\profapi.dll
0x00007ffcb0550000 - 0x00007ffcb0563000 	C:\Program Files\Java\jdk-20\bin\net.dll
0x00007ffcd3f70000 - 0x00007ffcd407a000 	C:\Windows\SYSTEM32\WINHTTP.dll
0x00007ffcdf090000 - 0x00007ffcdf0fa000 	C:\Windows\system32\mswsock.dll
0x00007ffcb02a0000 - 0x00007ffcb02b6000 	C:\Program Files\Java\jdk-20\bin\nio.dll
0x00007ffcab550000 - 0x00007ffcab568000 	C:\Program Files\Java\jdk-20\bin\zip.dll
0x00007ffcbdc90000 - 0x00007ffcbdca0000 	C:\Program Files\Java\jdk-20\bin\verify.dll
0x00007ffcb1cd0000 - 0x00007ffcb1cf7000 	C:\Users\Marcos\.gradle\native\68d5fa5c4cc2d200863cafc0d521ce42e7d3e7ee720ec0a83991735586a16f82\windows-amd64\native-platform.dll
0x00007ffcc1020000 - 0x00007ffcc102a000 	C:\Program Files\Java\jdk-20\bin\management.dll
0x00007ffcc1010000 - 0x00007ffcc101b000 	C:\Program Files\Java\jdk-20\bin\management_ext.dll
0x00007ffce0950000 - 0x00007ffce0958000 	C:\Windows\System32\PSAPI.DLL
0x00007ffcdf280000 - 0x00007ffcdf298000 	C:\Windows\SYSTEM32\CRYPTSP.dll
0x00007ffcde930000 - 0x00007ffcde964000 	C:\Windows\system32\rsaenh.dll
0x00007ffcdf920000 - 0x00007ffcdf947000 	C:\Windows\System32\bcrypt.dll
0x00007ffcdf7e0000 - 0x00007ffcdf80e000 	C:\Windows\SYSTEM32\USERENV.dll
0x00007ffcdf2a0000 - 0x00007ffcdf2ac000 	C:\Windows\SYSTEM32\CRYPTBASE.dll
0x00007ffcded30000 - 0x00007ffcded6b000 	C:\Windows\SYSTEM32\IPHLPAPI.DLL
0x00007ffce0400000 - 0x00007ffce0408000 	C:\Windows\System32\NSI.dll
0x00007ffcd4820000 - 0x00007ffcd4837000 	C:\Windows\SYSTEM32\dhcpcsvc6.DLL
0x00007ffcd4c40000 - 0x00007ffcd4c5d000 	C:\Windows\SYSTEM32\dhcpcsvc.DLL
0x00007ffcded70000 - 0x00007ffcdee3a000 	C:\Windows\SYSTEM32\DNSAPI.dll
0x00007ffcc1000000 - 0x00007ffcc1007000 	C:\Program Files\Java\jdk-20\bin\extnet.dll

dbghelp: loaded successfully - version: 4.0.5 - missing functions: none
symbol engine: initialized successfully - sym options: 0x614 - pdb path: .;C:\Program Files\Java\jdk-20\bin;C:\Windows\SYSTEM32;C:\Windows\WinSxS\amd64_microsoft.windows.common-controls_6595b64144ccf1df_6.0.19041.1110_none_60b5254171f9507e;C:\Program Files\Java\jdk-20\bin\server;C:\Users\Marcos\.gradle\native\68d5fa5c4cc2d200863cafc0d521ce42e7d3e7ee720ec0a83991735586a16f82\windows-amd64

VM Arguments:
jvm_args: -Xmx64m -Xms64m -Dorg.gradle.appname=gradlew 
java_command: org.gradle.wrapper.GradleWrapperMain tasks
java_class_path (initial): C:\AppProjeto\trabalhoTamagochi\android\\gradle\wrapper\gradle-wrapper.jar
Launcher Type: SUN_STANDARD

[Global flags]
     intx CICompilerCount                          = 4                                         {product} {ergonomic}
     uint ConcGCThreads                            = 3                                         {product} {ergonomic}
     uint G1ConcRefinementThreads                  = 10                                        {product} {ergonomic}
   size_t G1HeapRegionSize                         = 1048576                                   {product} {ergonomic}
    uintx GCDrainStackTargetSize                   = 64                                        {product} {ergonomic}
   size_t InitialHeapSize                          = 67108864                                  {product} {command line}
   size_t MarkStackSize                            = 4194304                                   {product} {ergonomic}
   size_t MaxHeapSize                              = 67108864                                  {product} {command line}
   size_t MaxNewSize                               = 39845888                                  {product} {ergonomic}
   size_t MinHeapDeltaBytes                        = 1048576                                   {product} {ergonomic}
   size_t MinHeapSize                              = 67108864                                  {product} {command line}
    uintx NonNMethodCodeHeapSize                   = 5839372                                {pd product} {ergonomic}
    uintx NonProfiledCodeHeapSize                  = 122909434                              {pd product} {ergonomic}
    uintx ProfiledCodeHeapSize                     = 122909434                              {pd product} {ergonomic}
    uintx ReservedCodeCacheSize                    = 251658240                              {pd product} {ergonomic}
     bool SegmentedCodeCache                       = true                                      {product} {ergonomic}
   size_t SoftMaxHeapSize                          = 67108864                               {manageable} {ergonomic}
     bool UseCompressedClassPointers               = true                           {product lp64_product} {ergonomic}
     bool UseCompressedOops                        = true                           {product lp64_product} {ergonomic}
     bool UseG1GC                                  = true                                      {product} {ergonomic}
     bool UseLargePagesIndividualAllocation        = false                                  {pd product} {ergonomic}

Logging:
Log output configuration:
 #0: stdout all=warning uptime,level,tags foldmultilines=false
 #1: stderr all=off uptime,level,tags foldmultilines=false

Environment Variables:
CLASSPATH=C:\AppProjeto\trabalhoTamagochi\android\\gradle\wrapper\gradle-wrapper.jar
PATH=C:\AppProjeto\trabalhoTamagochi\node_modules\.bin;C:\AppProjeto\trabalhoTamagochi\node_modules\.bin;C:\AppProjeto\node_modules\.bin;C:\node_modules\.bin;C:\Program Files\nodejs\node_modules\npm\node_modules\@npmcli\run-script\lib\node-gyp-bin;C:\Users\Marcos\AppData\Local\Temp\yarn--1695502070797-0.28990210376302117;C:\AppProjeto\trabalhoTamagochi\node_modules\.bin;C:\Users\Marcos\AppData\Local\Yarn\Data\link\node_modules\.bin;C:\Users\Marcos\AppData\Local\Yarn\bin;C:\Program Files\libexec\lib\node_modules\npm\bin\node-gyp-bin;C:\Program Files\lib\node_modules\npm\bin\node-gyp-bin;C:\Program Files\nodejs\node_modules\npm\bin\node-gyp-bin;C:\Program Files\Common Files\Oracle\Java\javapath;C:\Program Files (x86)\Common Files\Oracle\Java\javapath;C:\Windows\system32;C:\Windows;C:\Windows\System32\Wbem;C:\Windows\System32\WindowsPowerShell\v1.0\;C:\Windows\System32\OpenSSH\;C:\Program Files\NVIDIA Corporation\NVIDIA NvDLISR;C:\Program Files\nodejs\;C:\ProgramData\chocolatey\bin;C:\xampp\php;C:\Program Files (x86)\NVIDIA Corporation\PhysX\Common;C:\Program Files\Git\cmd;C:\Users\Marcos\AppData\Local\Microsoft\WindowsApps;C:\Users\Marcos\AppData\Local\Programs\Microsoft VS Code\bin;C:\Users\Marcos\AppData\Roaming\npm;C:\Program Files\JetBrains\IntelliJ IDEA Community Edition 2023.1\bin;;C:\xampp\php;C:\Users\Marcos\AppData\Local\GitHubDesktop\bin;C:\Users\Marcos\AppData\Local\Android\Sdk\platform-tools;
USERNAME=Marcos
LANG=en_US.UTF-8
OS=Windows_NT
PROCESSOR_IDENTIFIER=Intel64 Family 6 Model 141 Stepping 1, GenuineIntel
TMP=C:\Users\Marcos\AppData\Local\Temp
TEMP=C:\Users\Marcos\AppData\Local\Temp




---------------  S Y S T E M  ---------------

OS:
 Windows 10 , 64 bit Build 19041 (10.0.19041.3393)
OS uptime: 5 days 11:02 hours

CPU: total 12 (initial active 12) (6 cores per cpu, 2 threads per core) family 6 model 141 stepping 1 microcode 0x3c, cx8, cmov, fxsr, ht, mmx, 3dnowpref, sse, sse2, sse3, ssse3, sse4.1, sse4.2, popcnt, lzcnt, tsc, tscinvbit, avx, avx2, aes, erms, clmul, bmi1, bmi2, adx, avx512f, avx512dq, avx512cd, avx512bw, avx512vl, sha, fma, vzeroupper, avx512_vpopcntdq, avx512_vpclmulqdq, avx512_vaes, avx512_vnni, clflush, clflushopt, clwb, avx512_vbmi2, avx512_vbmi, rdtscp, rdpid, fsrm, gfni, avx512_bitalg, f16c, pku, cet_ibt, cet_ss, avx512_ifma

Memory: 4k page, system-wide physical 16163M (157M free)
TotalPageFile size 65315M (AvailPageFile size 1246M)
current process WorkingSet (physical memory assigned to process): 29M, peak: 76M
current process commit charge ("private bytes"): 169M, peak: 169M

vm_info: Java HotSpot(TM) 64-Bit Server VM (20+36-2344) for windows-amd64 JRE (20+36-2344), built on 2023-02-10T19:30:15Z by "mach5one" with MS VC++ 17.1 (VS2022)

END.
