#
# There is insufficient memory for the Java Runtime Environment to continue.
# Native memory allocation (malloc) failed to allocate 32744 bytes for Chunk::new
# Possible reasons:
#   The system is out of physical RAM or swap space
#   The process is running with CompressedOops enabled, and the Java Heap may be blocking the growth of the native heap
# Possible solutions:
#   Reduce memory load on the system
#   Increase physical memory or swap space
#   Check if swap backing store is full
#   Decrease Java heap size (-Xmx/-Xms)
#   Decrease number of Java threads
#   Decrease Java thread stack sizes (-Xss)
#   Set larger code cache with -XX:ReservedCodeCacheSize=
#   JVM is running with Unscaled Compressed Oops mode in which the Java heap is
#     placed in the first 4GB address space. The Java Heap base address is the
#     maximum limit for the native heap growth. Please use -XX:HeapBaseMinAddress
#     to set the Java Heap base and to place the Java Heap above 4GB virtual address.
# This output file may be truncated or incomplete.
#
#  Out of Memory Error (arena.cpp:184), pid=46440, tid=49784
#
# JRE version: Java(TM) SE Runtime Environment (20.0+36) (build 20+36-2344)
# Java VM: Java HotSpot(TM) 64-Bit Server VM (20+36-2344, mixed mode, sharing, tiered, compressed oops, compressed class ptrs, g1 gc, windows-amd64)
# No core dump will be written. Minidumps are not enabled by default on client versions of Windows
#

---------------  S U M M A R Y ------------

Command Line: -XX:MaxMetaspaceSize=512m --add-opens=java.base/java.util=ALL-UNNAMED --add-opens=java.base/java.lang=ALL-UNNAMED --add-opens=java.base/java.lang.invoke=ALL-UNNAMED --add-opens=java.prefs/java.util.prefs=ALL-UNNAMED --add-opens=java.base/java.nio.charset=ALL-UNNAMED --add-opens=java.base/java.net=ALL-UNNAMED --add-opens=java.base/java.util.concurrent.atomic=ALL-UNNAMED -Xmx2048m -Dfile.encoding=UTF-8 -Duser.country=BR -Duser.language=pt -Duser.variant org.gradle.launcher.daemon.bootstrap.GradleDaemon 8.0.1

Host: 11th Gen Intel(R) Core(TM) i5-11400H @ 2.70GHz, 12 cores, 15G,  Windows 10 , 64 bit Build 19041 (10.0.19041.3393)
Time: Mon Sep 25 07:40:55 2023 Hora oficial do Brasil elapsed time: 60.230432 seconds (0d 0h 1m 0s)

---------------  T H R E A D  ---------------

Current thread (0x0000010aa942ba30):  JavaThread "C2 CompilerThread0" daemon [_thread_in_native, id=49784, stack(0x00000007c1100000,0x00000007c1200000)]


Current CompileTask:
C2:  60230 3125       4       jdk.internal.org.objectweb.asm.Type::getDescriptor (93 bytes)

Stack: [0x00000007c1100000,0x00000007c1200000]
Native frames: (J=compiled Java code, j=interpreted, Vv=VM code, C=native code)
V  [jvm.dll+0x6bb95a]
V  [jvm.dll+0x8483aa]
V  [jvm.dll+0x849fa5]
V  [jvm.dll+0x84a6a3]
V  [jvm.dll+0x280b0f]
V  [jvm.dll+0xc2b11]
V  [jvm.dll+0xc2e35]
V  [jvm.dll+0x697fe0]
V  [jvm.dll+0x697b1e]
V  [jvm.dll+0x6cad55]
V  [jvm.dll+0x6c917e]
V  [jvm.dll+0x1d169c]
V  [jvm.dll+0x2f4fec]
V  [jvm.dll+0x6d3c22]
V  [jvm.dll+0x6cbca6]
V  [jvm.dll+0x6cb2f1]
V  [jvm.dll+0x6c94f4]
V  [jvm.dll+0x1d169c]
V  [jvm.dll+0x1cfddc]
V  [jvm.dll+0x253a9e]
V  [jvm.dll+0x24a307]
V  [jvm.dll+0x1ce491]
V  [jvm.dll+0x259e1b]
V  [jvm.dll+0x2584f0]
V  [jvm.dll+0x3f2895]
V  [jvm.dll+0x7f4906]
V  [jvm.dll+0x6ba5cb]
C  [ucrtbase.dll+0x21bb2]
C  [KERNEL32.DLL+0x17344]
C  [ntdll.dll+0x526b1]


---------------  P R O C E S S  ---------------

Threads class SMR info:
_java_thread_list=0x0000010aabe241d0, length=31, elements={
0x0000010a86295a20, 0x0000010aa9423ca0, 0x0000010aa9424b90, 0x0000010aa9425c20,
0x0000010aa9427860, 0x0000010aa942a2a0, 0x0000010aa942acd0, 0x0000010aa942ba30,
0x0000010aa942cb20, 0x0000010aa95927f0, 0x0000010aa9596170, 0x0000010aa9ffe480,
0x0000010aaa1eef00, 0x0000010aa947e4d0, 0x0000010aaa80b3c0, 0x0000010aaa3a17b0,
0x0000010aaa3a4230, 0x0000010aaa3a4780, 0x0000010aaa3a1d00, 0x0000010aaa3a2250,
0x0000010aaa3a3790, 0x0000010aaa3a27a0, 0x0000010aaa3a1260, 0x0000010aaa3a3240,
0x0000010aaa3a2cf0, 0x0000010aa9951af0, 0x0000010aa9952040, 0x0000010aa9951050,
0x0000010aa9953030, 0x0000010aa9950060, 0x0000010aa99505b0
}

Java Threads: ( => current thread )
  0x0000010a86295a20 JavaThread "main" [_thread_blocked, id=49660, stack(0x00000007c0400000,0x00000007c0500000)]
  0x0000010aa9423ca0 JavaThread "Reference Handler" daemon [_thread_blocked, id=49760, stack(0x00000007c0b00000,0x00000007c0c00000)]
  0x0000010aa9424b90 JavaThread "Finalizer" daemon [_thread_blocked, id=49764, stack(0x00000007c0c00000,0x00000007c0d00000)]
  0x0000010aa9425c20 JavaThread "Signal Dispatcher" daemon [_thread_blocked, id=49768, stack(0x00000007c0d00000,0x00000007c0e00000)]
  0x0000010aa9427860 JavaThread "Attach Listener" daemon [_thread_blocked, id=49772, stack(0x00000007c0e00000,0x00000007c0f00000)]
  0x0000010aa942a2a0 JavaThread "Service Thread" daemon [_thread_blocked, id=49776, stack(0x00000007c0f00000,0x00000007c1000000)]
  0x0000010aa942acd0 JavaThread "Monitor Deflation Thread" daemon [_thread_blocked, id=49780, stack(0x00000007c1000000,0x00000007c1100000)]
=>0x0000010aa942ba30 JavaThread "C2 CompilerThread0" daemon [_thread_in_native, id=49784, stack(0x00000007c1100000,0x00000007c1200000)]
  0x0000010aa942cb20 JavaThread "C1 CompilerThread0" daemon [_thread_blocked, id=49788, stack(0x00000007c1200000,0x00000007c1300000)]
  0x0000010aa95927f0 JavaThread "Common-Cleaner" daemon [_thread_blocked, id=49924, stack(0x00000007c1300000,0x00000007c1400000)]
  0x0000010aa9596170 JavaThread "Notification Thread" daemon [_thread_blocked, id=49928, stack(0x00000007c1400000,0x00000007c1500000)]
  0x0000010aa9ffe480 JavaThread "Daemon health stats" [_thread_blocked, id=38276, stack(0x00000007c1b00000,0x00000007c1c00000)]
  0x0000010aaa1eef00 JavaThread "Incoming local TCP Connector on port 55076" [_thread_in_native, id=54212, stack(0x00000007c1c00000,0x00000007c1d00000)]
  0x0000010aa947e4d0 JavaThread "Daemon periodic checks" [_thread_in_native, id=55028, stack(0x00000007c1d00000,0x00000007c1e00000)]
  0x0000010aaa80b3c0 JavaThread "Daemon" [_thread_blocked, id=57088, stack(0x00000007c1e00000,0x00000007c1f00000)]
  0x0000010aaa3a17b0 JavaThread "Handler for socket connection from /127.0.0.1:55076 to /127.0.0.1:55078" [_thread_in_native, id=57128, stack(0x00000007c1f00000,0x00000007c2000000)]
  0x0000010aaa3a4230 JavaThread "Cancel handler" [_thread_blocked, id=57132, stack(0x00000007c2000000,0x00000007c2100000)]
  0x0000010aaa3a4780 JavaThread "Daemon worker" [_thread_in_vm, id=57280, stack(0x00000007c2100000,0x00000007c2200000)]
  0x0000010aaa3a1d00 JavaThread "Asynchronous log dispatcher for DefaultDaemonConnection: socket connection from /127.0.0.1:55076 to /127.0.0.1:55078" [_thread_blocked, id=57292, stack(0x00000007c2200000,0x00000007c2300000)]
  0x0000010aaa3a2250 JavaThread "Stdin handler" [_thread_blocked, id=57296, stack(0x00000007c2300000,0x00000007c2400000)]
  0x0000010aaa3a3790 JavaThread "Daemon client event forwarder" [_thread_blocked, id=57304, stack(0x00000007c2400000,0x00000007c2500000)]
  0x0000010aaa3a27a0 JavaThread "Cache worker for journal cache (C:\Users\Marcos\.gradle\caches\journal-1)" [_thread_blocked, id=46536, stack(0x00000007c2500000,0x00000007c2600000)]
  0x0000010aaa3a1260 JavaThread "File lock request listener" [_thread_in_native, id=9284, stack(0x00000007c2600000,0x00000007c2700000)]
  0x0000010aaa3a3240 JavaThread "File lock release action executor" [_thread_blocked, id=55628, stack(0x00000007c2700000,0x00000007c2800000)]
  0x0000010aaa3a2cf0 JavaThread "Cache worker for file hash cache (C:\Users\Marcos\.gradle\caches\8.0.1\fileHashes)" [_thread_blocked, id=56940, stack(0x00000007c2800000,0x00000007c2900000)]
  0x0000010aa9951af0 JavaThread "File watcher server" daemon [_thread_in_native, id=57684, stack(0x00000007c2900000,0x00000007c2a00000)]
  0x0000010aa9952040 JavaThread "File watcher consumer" daemon [_thread_blocked, id=58020, stack(0x00000007c2a00000,0x00000007c2b00000)]
  0x0000010aa9951050 JavaThread "Cache worker for checksums cache (C:\AppProjeto\trabalhoTamagochi\android\.gradle\8.0.1\checksums)" [_thread_blocked, id=58352, stack(0x00000007c3300000,0x00000007c3400000)]
  0x0000010aa9953030 JavaThread "Cache worker for cache directory md-rule (C:\Users\Marcos\.gradle\caches\8.0.1\md-rule)" [_thread_blocked, id=37124, stack(0x00000007c3400000,0x00000007c3500000)]
  0x0000010aa9950060 JavaThread "Cache worker for file content cache (C:\Users\Marcos\.gradle\caches\8.0.1\fileContent)" [_thread_blocked, id=45988, stack(0x00000007c3500000,0x00000007c3600000)]
  0x0000010aa99505b0 JavaThread "Cache worker for file hash cache (C:\AppProjeto\trabalhoTamagochi\android\.gradle\8.0.1\fileHashes)" [_thread_blocked, id=58480, stack(0x00000007c3600000,0x00000007c3700000)]

Other Threads:
  0x0000010aa513a660 VMThread "VM Thread" [stack: 0x00000007c0a00000,0x00000007c0b00000] [id=49744]
  0x0000010aa95966c0 WatcherThread "VM Periodic Task Thread" [stack: 0x00000007c1500000,0x00000007c1600000] [id=49932]
  0x0000010a862f4a40 WorkerThread "GC Thread#0" [stack: 0x00000007c0500000,0x00000007c0600000] [id=49696]
  0x0000010aa9ba5b60 WorkerThread "GC Thread#1" [stack: 0x00000007c1600000,0x00000007c1700000] [id=46868]
  0x0000010aa9ba5e30 WorkerThread "GC Thread#2" [stack: 0x00000007c1700000,0x00000007c1800000] [id=46012]
  0x0000010aa9ba6100 WorkerThread "GC Thread#3" [stack: 0x00000007c1800000,0x00000007c1900000] [id=47716]
  0x0000010aa9ba63d0 WorkerThread "GC Thread#4" [stack: 0x00000007c1900000,0x00000007c1a00000] [id=45952]
  0x0000010aa9ba52f0 WorkerThread "GC Thread#5" [stack: 0x00000007c1a00000,0x00000007c1b00000] [id=45724]
  0x0000010aaae31140 WorkerThread "GC Thread#6" [stack: 0x00000007c2b00000,0x00000007c2c00000] [id=58028]
  0x0000010aaae33030 WorkerThread "GC Thread#7" [stack: 0x00000007c2c00000,0x00000007c2d00000] [id=58032]
  0x0000010aaae308d0 WorkerThread "GC Thread#8" [stack: 0x00000007c2d00000,0x00000007c2e00000] [id=58036]
  0x0000010aaae324f0 WorkerThread "GC Thread#9" [stack: 0x00000007c2e00000,0x00000007c2f00000] [id=58040]
  0x0000010a86305950 ConcurrentGCThread "G1 Main Marker" [stack: 0x00000007c0600000,0x00000007c0700000] [id=49700]
  0x0000010a86307390 WorkerThread "G1 Conc#0" [stack: 0x00000007c0700000,0x00000007c0800000] [id=49704]
  0x0000010aaae338a0 WorkerThread "G1 Conc#1" [stack: 0x00000007c2f00000,0x00000007c3000000] [id=58100]
  0x0000010aaae33e40 WorkerThread "G1 Conc#2" [stack: 0x00000007c3000000,0x00000007c3100000] [id=58104]
  0x0000010a8635ec70 ConcurrentGCThread "G1 Refine#0" [stack: 0x00000007c0800000,0x00000007c0900000] [id=49708]
  0x0000010aa4ffb960 ConcurrentGCThread "G1 Service" [stack: 0x00000007c0900000,0x00000007c0a00000] [id=49712]

Threads with active compile tasks:
C2 CompilerThread0    60635 3125       4       jdk.internal.org.objectweb.asm.Type::getDescriptor (93 bytes)

VM state: not at safepoint (normal execution)

VM Mutex/Monitor currently owned by a thread:  ([mutex/lock_event])
[0x0000010a85f49ad0] Metaspace_lock - owner thread: 0x0000010aaa3a4780

Heap address: 0x0000000080000000, size: 2048 MB, Compressed Oops mode: 32-bit

CDS archive(s) mapped at: [0x0000000800000000-0x0000000800c60000-0x0000000800c60000), size 12976128, SharedBaseAddress: 0x0000000800000000, ArchiveRelocationMode: 0.
Compressed class space mapped at: 0x0000000801000000-0x000000081ac00000, reserved size: 432013312
Narrow klass base: 0x0000000800000000, Narrow klass shift: 0, Narrow klass range: 0x100000000

GC Precious Log:
 CardTable entry size: 512
 Card Set container configuration: InlinePtr #cards 5 size 8 Array Of Cards #cards 12 size 40 Howl #buckets 4 coarsen threshold 1843 Howl Bitmap #cards 512 size 80 coarsen threshold 460 Card regions per heap region 1 cards per card region 2048
 CPUs: 12 total, 12 available
 Memory: 16163M
 Large Page Support: Disabled
 NUMA Support: Disabled
 Compressed Oops: Enabled (32-bit)
 Heap Region Size: 1M
 Heap Min Capacity: 8M
 Heap Initial Capacity: 254M
 Heap Max Capacity: 2G
 Pre-touch: Disabled
 Parallel Workers: 10
 Concurrent Workers: 3
 Concurrent Refinement Workers: 10
 Periodic GC: Disabled

Heap:
 garbage-first heap   total 81920K, used 37467K [0x0000000080000000, 0x0000000100000000)
  region size 1024K, 28 young (28672K), 12 survivors (12288K)
 Metaspace       used 22661K, committed 23488K, reserved 487424K
  class space    used 3368K, committed 3776K, reserved 421888K

Heap Regions: E=young(eden), S=young(survivor), O=old, HS=humongous(starts), HC=humongous(continues), CS=collection set, F=free, OA=open archive, CA=closed archive, TAMS=top-at-mark-start, PB=parsable bottom
|   0|0x0000000080000000, 0x0000000080100000, 0x0000000080100000|100%|HS|  |TAMS 0x0000000080000000| PB 0x0000000080000000| Complete 
|   1|0x0000000080100000, 0x0000000080200000, 0x0000000080200000|100%|HC|  |TAMS 0x0000000080100000| PB 0x0000000080100000| Complete 
|   2|0x0000000080200000, 0x0000000080300000, 0x0000000080300000|100%|HC|  |TAMS 0x0000000080200000| PB 0x0000000080200000| Complete 
|   3|0x0000000080300000, 0x0000000080400000, 0x0000000080400000|100%|HC|  |TAMS 0x0000000080300000| PB 0x0000000080300000| Complete 
|   4|0x0000000080400000, 0x0000000080500000, 0x0000000080500000|100%| O|  |TAMS 0x0000000080400000| PB 0x0000000080400000| Untracked 
|   5|0x0000000080500000, 0x0000000080600000, 0x0000000080600000|100%| O|  |TAMS 0x0000000080500000| PB 0x0000000080500000| Untracked 
|   6|0x0000000080600000, 0x0000000080700000, 0x0000000080700000|100%| O|  |TAMS 0x0000000080600000| PB 0x0000000080600000| Untracked 
|   7|0x0000000080700000, 0x0000000080700000, 0x0000000080800000|  0%| F|  |TAMS 0x0000000080700000| PB 0x0000000080700000| Untracked 
|   8|0x0000000080800000, 0x0000000080900000, 0x0000000080900000|100%| O|  |TAMS 0x0000000080800000| PB 0x0000000080800000| Untracked 
|   9|0x0000000080900000, 0x0000000080a00000, 0x0000000080a00000|100%| O|  |TAMS 0x0000000080900000| PB 0x0000000080900000| Untracked 
|  10|0x0000000080a00000, 0x0000000080aeb200, 0x0000000080b00000| 91%| O|  |TAMS 0x0000000080a00000| PB 0x0000000080a00000| Complete 
|  11|0x0000000080b00000, 0x0000000080b00000, 0x0000000080c00000|  0%| F|  |TAMS 0x0000000080b00000| PB 0x0000000080b00000| Untracked 
|  12|0x0000000080c00000, 0x0000000080c00000, 0x0000000080d00000|  0%| F|  |TAMS 0x0000000080c00000| PB 0x0000000080c00000| Untracked 
|  13|0x0000000080d00000, 0x0000000080d00000, 0x0000000080e00000|  0%| F|  |TAMS 0x0000000080d00000| PB 0x0000000080d00000| Untracked 
|  14|0x0000000080e00000, 0x0000000080e00000, 0x0000000080f00000|  0%| F|  |TAMS 0x0000000080e00000| PB 0x0000000080e00000| Untracked 
|  15|0x0000000080f00000, 0x0000000080f00000, 0x0000000081000000|  0%| F|  |TAMS 0x0000000080f00000| PB 0x0000000080f00000| Untracked 
|  16|0x0000000081000000, 0x0000000081000000, 0x0000000081100000|  0%| F|  |TAMS 0x0000000081000000| PB 0x0000000081000000| Untracked 
|  17|0x0000000081100000, 0x0000000081100000, 0x0000000081200000|  0%| F|  |TAMS 0x0000000081100000| PB 0x0000000081100000| Untracked 
|  18|0x0000000081200000, 0x0000000081200000, 0x0000000081300000|  0%| F|  |TAMS 0x0000000081200000| PB 0x0000000081200000| Untracked 
|  19|0x0000000081300000, 0x0000000081300000, 0x0000000081400000|  0%| F|  |TAMS 0x0000000081300000| PB 0x0000000081300000| Untracked 
|  20|0x0000000081400000, 0x0000000081400000, 0x0000000081500000|  0%| F|  |TAMS 0x0000000081400000| PB 0x0000000081400000| Untracked 
|  21|0x0000000081500000, 0x0000000081500000, 0x0000000081600000|  0%| F|  |TAMS 0x0000000081500000| PB 0x0000000081500000| Untracked 
|  22|0x0000000081600000, 0x0000000081600000, 0x0000000081700000|  0%| F|  |TAMS 0x0000000081600000| PB 0x0000000081600000| Untracked 
|  23|0x0000000081700000, 0x0000000081700000, 0x0000000081800000|  0%| F|  |TAMS 0x0000000081700000| PB 0x0000000081700000| Untracked 
|  24|0x0000000081800000, 0x0000000081800000, 0x0000000081900000|  0%| F|  |TAMS 0x0000000081800000| PB 0x0000000081800000| Untracked 
|  25|0x0000000081900000, 0x0000000081900000, 0x0000000081a00000|  0%| F|  |TAMS 0x0000000081900000| PB 0x0000000081900000| Untracked 
|  26|0x0000000081a00000, 0x0000000081a00000, 0x0000000081b00000|  0%| F|  |TAMS 0x0000000081a00000| PB 0x0000000081a00000| Untracked 
|  27|0x0000000081b00000, 0x0000000081b00000, 0x0000000081c00000|  0%| F|  |TAMS 0x0000000081b00000| PB 0x0000000081b00000| Untracked 
|  28|0x0000000081c00000, 0x0000000081c00000, 0x0000000081d00000|  0%| F|  |TAMS 0x0000000081c00000| PB 0x0000000081c00000| Untracked 
|  29|0x0000000081d00000, 0x0000000081d00000, 0x0000000081e00000|  0%| F|  |TAMS 0x0000000081d00000| PB 0x0000000081d00000| Untracked 
|  30|0x0000000081e00000, 0x0000000081e00000, 0x0000000081f00000|  0%| F|  |TAMS 0x0000000081e00000| PB 0x0000000081e00000| Untracked 
|  31|0x0000000081f00000, 0x0000000081f00000, 0x0000000082000000|  0%| F|  |TAMS 0x0000000081f00000| PB 0x0000000081f00000| Untracked 
|  32|0x0000000082000000, 0x0000000082000000, 0x0000000082100000|  0%| F|  |TAMS 0x0000000082000000| PB 0x0000000082000000| Untracked 
|  33|0x0000000082100000, 0x0000000082100000, 0x0000000082200000|  0%| F|  |TAMS 0x0000000082100000| PB 0x0000000082100000| Untracked 
|  34|0x0000000082200000, 0x0000000082200000, 0x0000000082300000|  0%| F|  |TAMS 0x0000000082200000| PB 0x0000000082200000| Untracked 
|  35|0x0000000082300000, 0x0000000082300000, 0x0000000082400000|  0%| F|  |TAMS 0x0000000082300000| PB 0x0000000082300000| Untracked 
|  36|0x0000000082400000, 0x0000000082400000, 0x0000000082500000|  0%| F|  |TAMS 0x0000000082400000| PB 0x0000000082400000| Untracked 
|  37|0x0000000082500000, 0x0000000082500000, 0x0000000082600000|  0%| F|  |TAMS 0x0000000082500000| PB 0x0000000082500000| Untracked 
|  38|0x0000000082600000, 0x0000000082600000, 0x0000000082700000|  0%| F|  |TAMS 0x0000000082600000| PB 0x0000000082600000| Untracked 
|  39|0x0000000082700000, 0x0000000082700000, 0x0000000082800000|  0%| F|  |TAMS 0x0000000082700000| PB 0x0000000082700000| Untracked 
|  40|0x0000000082800000, 0x0000000082800000, 0x0000000082900000|  0%| F|  |TAMS 0x0000000082800000| PB 0x0000000082800000| Untracked 
|  41|0x0000000082900000, 0x0000000082900000, 0x0000000082a00000|  0%| F|  |TAMS 0x0000000082900000| PB 0x0000000082900000| Untracked 
|  42|0x0000000082a00000, 0x0000000082a00000, 0x0000000082b00000|  0%| F|  |TAMS 0x0000000082a00000| PB 0x0000000082a00000| Untracked 
|  43|0x0000000082b00000, 0x0000000082b00000, 0x0000000082c00000|  0%| F|  |TAMS 0x0000000082b00000| PB 0x0000000082b00000| Untracked 
|  44|0x0000000082c00000, 0x0000000082c00000, 0x0000000082d00000|  0%| F|  |TAMS 0x0000000082c00000| PB 0x0000000082c00000| Untracked 
|  45|0x0000000082d00000, 0x0000000082d00000, 0x0000000082e00000|  0%| F|  |TAMS 0x0000000082d00000| PB 0x0000000082d00000| Untracked 
|  46|0x0000000082e00000, 0x0000000082e00000, 0x0000000082f00000|  0%| F|  |TAMS 0x0000000082e00000| PB 0x0000000082e00000| Untracked 
|  47|0x0000000082f00000, 0x0000000082f00000, 0x0000000083000000|  0%| F|  |TAMS 0x0000000082f00000| PB 0x0000000082f00000| Untracked 
|  48|0x0000000083000000, 0x0000000083000000, 0x0000000083100000|  0%| F|  |TAMS 0x0000000083000000| PB 0x0000000083000000| Untracked 
|  49|0x0000000083100000, 0x0000000083100000, 0x0000000083200000|  0%| F|  |TAMS 0x0000000083100000| PB 0x0000000083100000| Untracked 
|  50|0x0000000083200000, 0x0000000083200000, 0x0000000083300000|  0%| F|  |TAMS 0x0000000083200000| PB 0x0000000083200000| Untracked 
|  51|0x0000000083300000, 0x0000000083300000, 0x0000000083400000|  0%| F|  |TAMS 0x0000000083300000| PB 0x0000000083300000| Untracked 
|  52|0x0000000083400000, 0x00000000834f9990, 0x0000000083500000| 97%| E|  |TAMS 0x0000000083400000| PB 0x0000000083400000| Complete 
|  53|0x0000000083500000, 0x0000000083600000, 0x0000000083600000|100%| E|CS|TAMS 0x0000000083500000| PB 0x0000000083500000| Complete 
|  54|0x0000000083600000, 0x0000000083700000, 0x0000000083700000|100%| E|CS|TAMS 0x0000000083600000| PB 0x0000000083600000| Complete 
|  55|0x0000000083700000, 0x0000000083800000, 0x0000000083800000|100%| E|CS|TAMS 0x0000000083700000| PB 0x0000000083700000| Complete 
|  56|0x0000000083800000, 0x0000000083900000, 0x0000000083900000|100%| E|CS|TAMS 0x0000000083800000| PB 0x0000000083800000| Complete 
|  57|0x0000000083900000, 0x0000000083a00000, 0x0000000083a00000|100%| E|CS|TAMS 0x0000000083900000| PB 0x0000000083900000| Complete 
|  58|0x0000000083a00000, 0x0000000083b00000, 0x0000000083b00000|100%| E|CS|TAMS 0x0000000083a00000| PB 0x0000000083a00000| Complete 
|  59|0x0000000083b00000, 0x0000000083c00000, 0x0000000083c00000|100%| E|CS|TAMS 0x0000000083b00000| PB 0x0000000083b00000| Complete 
|  60|0x0000000083c00000, 0x0000000083d00000, 0x0000000083d00000|100%| E|CS|TAMS 0x0000000083c00000| PB 0x0000000083c00000| Complete 
|  61|0x0000000083d00000, 0x0000000083e00000, 0x0000000083e00000|100%| E|CS|TAMS 0x0000000083d00000| PB 0x0000000083d00000| Complete 
|  62|0x0000000083e00000, 0x0000000083f00000, 0x0000000083f00000|100%| E|CS|TAMS 0x0000000083e00000| PB 0x0000000083e00000| Complete 
|  63|0x0000000083f00000, 0x0000000084000000, 0x0000000084000000|100%| E|CS|TAMS 0x0000000083f00000| PB 0x0000000083f00000| Complete 
|  64|0x0000000084000000, 0x0000000084100000, 0x0000000084100000|100%| E|CS|TAMS 0x0000000084000000| PB 0x0000000084000000| Complete 
|  65|0x0000000084100000, 0x0000000084200000, 0x0000000084200000|100%| E|CS|TAMS 0x0000000084100000| PB 0x0000000084100000| Complete 
| 149|0x0000000089500000, 0x00000000895abb80, 0x0000000089600000| 67%| S|CS|TAMS 0x0000000089500000| PB 0x0000000089500000| Complete 
| 150|0x0000000089600000, 0x0000000089700000, 0x0000000089700000|100%| S|CS|TAMS 0x0000000089600000| PB 0x0000000089600000| Complete 
| 151|0x0000000089700000, 0x0000000089800000, 0x0000000089800000|100%| S|CS|TAMS 0x0000000089700000| PB 0x0000000089700000| Complete 
| 152|0x0000000089800000, 0x0000000089900000, 0x0000000089900000|100%| S|CS|TAMS 0x0000000089800000| PB 0x0000000089800000| Complete 
| 153|0x0000000089900000, 0x0000000089a00000, 0x0000000089a00000|100%| S|CS|TAMS 0x0000000089900000| PB 0x0000000089900000| Complete 
| 154|0x0000000089a00000, 0x0000000089b00000, 0x0000000089b00000|100%| S|CS|TAMS 0x0000000089a00000| PB 0x0000000089a00000| Complete 
| 155|0x0000000089b00000, 0x0000000089c00000, 0x0000000089c00000|100%| S|CS|TAMS 0x0000000089b00000| PB 0x0000000089b00000| Complete 
| 156|0x0000000089c00000, 0x0000000089d00000, 0x0000000089d00000|100%| S|CS|TAMS 0x0000000089c00000| PB 0x0000000089c00000| Complete 
| 157|0x0000000089d00000, 0x0000000089e00000, 0x0000000089e00000|100%| S|CS|TAMS 0x0000000089d00000| PB 0x0000000089d00000| Complete 
| 158|0x0000000089e00000, 0x0000000089f00000, 0x0000000089f00000|100%| S|CS|TAMS 0x0000000089e00000| PB 0x0000000089e00000| Complete 
| 159|0x0000000089f00000, 0x000000008a000000, 0x000000008a000000|100%| S|CS|TAMS 0x0000000089f00000| PB 0x0000000089f00000| Complete 
| 160|0x000000008a000000, 0x000000008a100000, 0x000000008a100000|100%| S|CS|TAMS 0x000000008a000000| PB 0x000000008a000000| Complete 
| 252|0x000000008fc00000, 0x000000008fd00000, 0x000000008fd00000|100%| E|CS|TAMS 0x000000008fc00000| PB 0x000000008fc00000| Complete 
| 253|0x000000008fd00000, 0x000000008fe00000, 0x000000008fe00000|100%| E|CS|TAMS 0x000000008fd00000| PB 0x000000008fd00000| Complete 

Card table byte_map: [0x0000010a9fc00000,0x0000010aa0000000] _byte_map_base: 0x0000010a9f800000

Marking Bits: (CMBitMap*) 0x0000010a862f5070
 Bits: [0x0000010aa0400000, 0x0000010aa2400000)

Polling page: 0x0000010a86160000

Metaspace:

Usage:
  Non-class:     18.84 MB used.
      Class:      3.29 MB used.
       Both:     22.13 MB used.

Virtual space:
  Non-class space:       64.00 MB reserved,      19.25 MB ( 30%) committed,  1 nodes.
      Class space:      412.00 MB reserved,       3.69 MB ( <1%) committed,  1 nodes.
             Both:      476.00 MB reserved,      22.94 MB (  5%) committed. 

Chunk freelists:
   Non-Class:  3.81 MB
       Class:  323.00 KB
        Both:  4.13 MB

MaxMetaspaceSize: 512.00 MB
CompressedClassSpaceSize: 412.00 MB
Initial GC threshold: 21.00 MB
Current GC threshold: 35.12 MB
CDS: on
MetaspaceReclaimPolicy: balanced
 - commit_granule_bytes: 65536.
 - commit_granule_words: 8192.
 - virtual_space_node_default_size: 8388608.
 - enlarge_chunks_in_place: 1.
 - new_chunks_are_fully_committed: 0.
 - uncommit_free_chunks: 1.
 - use_allocation_guard: 0.


Internal statistics:

num_allocs_failed_limit: 3.
num_arena_births: 1402.
num_arena_deaths: 0.
num_vsnodes_births: 2.
num_vsnodes_deaths: 0.
num_space_committed: 367.
num_space_uncommitted: 0.
num_chunks_returned_to_freelist: 3.
num_chunks_taken_from_freelist: 2301.
num_chunk_merges: 3.
num_chunk_splits: 1535.
num_chunks_enlarged: 1013.
num_inconsistent_stats: 0.

CodeHeap 'non-profiled nmethods': size=120000Kb used=1563Kb max_used=1563Kb free=118436Kb
 bounds [0x0000010a97650000, 0x0000010a978c0000, 0x0000010a9eb80000]
CodeHeap 'profiled nmethods': size=120000Kb used=6233Kb max_used=6233Kb free=113766Kb
 bounds [0x0000010a8fb80000, 0x0000010a901a0000, 0x0000010a970b0000]
CodeHeap 'non-nmethods': size=5760Kb used=1677Kb max_used=1721Kb free=4082Kb
 bounds [0x0000010a970b0000, 0x0000010a97320000, 0x0000010a97650000]
 total_blobs=3673 nmethods=3110 adapters=473
 compilation: enabled
              stopped_count=0, restarted_count=0
 full_count=0

Compilation events (20 events):
Event: 56.467 Thread 0x0000010aa942ba30 nmethod 3114 0x0000010a977d6290 code [0x0000010a977d6400, 0x0000010a977d6490]
Event: 56.714 Thread 0x0000010aa942cb20 3115       3       java.util.stream.AbstractPipeline::copyInto (54 bytes)
Event: 56.715 Thread 0x0000010aa942cb20 nmethod 3115 0x0000010a9018d810 code [0x0000010a9018da20, 0x0000010a9018e138]
Event: 56.715 Thread 0x0000010aa942cb20 3116       3       java.util.stream.ReferencePipeline::forEachWithCancel (23 bytes)
Event: 56.715 Thread 0x0000010aa942cb20 nmethod 3116 0x0000010a9018e390 code [0x0000010a9018e540, 0x0000010a9018e8e8]
Event: 56.715 Thread 0x0000010aa942cb20 3119       3       java.util.ComparableTimSort::binarySort (223 bytes)
Event: 56.716 Thread 0x0000010aa942cb20 nmethod 3119 0x0000010a9018ea10 code [0x0000010a9018ec20, 0x0000010a9018f820]
Event: 56.716 Thread 0x0000010aa942cb20 3118       3       java.util.ComparableTimSort::countRunAndMakeAscending (123 bytes)
Event: 56.716 Thread 0x0000010aa942cb20 nmethod 3118 0x0000010a9018fb10 code [0x0000010a9018fd40, 0x0000010a901907a0]
Event: 56.716 Thread 0x0000010aa942cb20 3117       3       java.util.stream.Sink::end (1 bytes)
Event: 56.716 Thread 0x0000010aa942cb20 nmethod 3117 0x0000010a90190a90 code [0x0000010a90190c20, 0x0000010a90190d30]
Event: 56.716 Thread 0x0000010aa942cb20 3120       3       sun.management.MemoryPoolImpl::getObjectName (10 bytes)
Event: 56.718 Thread 0x0000010aa942cb20 nmethod 3120 0x0000010a90190d90 code [0x0000010a90191180, 0x0000010a90192fa0]
Event: 60.119 Thread 0x0000010aa942cb20 3123       3       java.util.HashMap::removeNode (291 bytes)
Event: 60.123 Thread 0x0000010aa942cb20 nmethod 3123 0x0000010a90193a90 code [0x0000010a90193d00, 0x0000010a90194ff8]
Event: 60.123 Thread 0x0000010aa942cb20 3124  s    3       java.io.ByteArrayInputStream::read (73 bytes)
Event: 60.123 Thread 0x0000010aa942cb20 nmethod 3124 0x0000010a90195490 code [0x0000010a90195660, 0x0000010a90195c70]
Event: 60.123 Thread 0x0000010aa942cb20 3122       3       java.util.HashMap::remove (26 bytes)
Event: 60.124 Thread 0x0000010aa942cb20 nmethod 3122 0x0000010a90195e10 code [0x0000010a90195fe0, 0x0000010a90196350]
Event: 60.126 Thread 0x0000010aa942ba30 3125       4       jdk.internal.org.objectweb.asm.Type::getDescriptor (93 bytes)

GC Heap History (6 events):
Event: 1.437 GC heap before
{Heap before GC invocations=0 (full 0):
 garbage-first heap   total 260096K, used 26624K [0x0000000080000000, 0x0000000100000000)
  region size 1024K, 23 young (23552K), 0 survivors (0K)
 Metaspace       used 3013K, committed 3200K, reserved 487424K
  class space    used 380K, committed 448K, reserved 421888K
}
Event: 1.985 GC heap after
{Heap after GC invocations=1 (full 0):
 garbage-first heap   total 260096K, used 10211K [0x0000000080000000, 0x0000000100000000)
  region size 1024K, 3 young (3072K), 3 survivors (3072K)
 Metaspace       used 3013K, committed 3200K, reserved 487424K
  class space    used 380K, committed 448K, reserved 421888K
}
Event: 8.120 GC heap before
{Heap before GC invocations=1 (full 0):
 garbage-first heap   total 260096K, used 39907K [0x0000000080000000, 0x0000000100000000)
  region size 1024K, 32 young (32768K), 3 survivors (3072K)
 Metaspace       used 3951K, committed 4160K, reserved 487424K
  class space    used 472K, committed 576K, reserved 421888K
}
Event: 8.129 GC heap after
{Heap after GC invocations=2 (full 0):
 garbage-first heap   total 260096K, used 14252K [0x0000000080000000, 0x0000000100000000)
  region size 1024K, 4 young (4096K), 4 survivors (4096K)
 Metaspace       used 3951K, committed 4160K, reserved 487424K
  class space    used 472K, committed 576K, reserved 421888K
}
Event: 39.419 GC heap before
{Heap before GC invocations=2 (full 0):
 garbage-first heap   total 260096K, used 104364K [0x0000000080000000, 0x0000000100000000)
  region size 1024K, 93 young (95232K), 4 survivors (4096K)
 Metaspace       used 20779K, committed 21504K, reserved 487424K
  class space    used 3034K, committed 3392K, reserved 421888K
}
Event: 39.705 GC heap after
{Heap after GC invocations=3 (full 0):
 garbage-first heap   total 260096K, used 22107K [0x0000000080000000, 0x0000000100000000)
  region size 1024K, 12 young (12288K), 12 survivors (12288K)
 Metaspace       used 20779K, committed 21504K, reserved 487424K
  class space    used 3034K, committed 3392K, reserved 421888K
}

Dll operation events (13 events):
Event: 0.019 Loaded shared library C:\Program Files\Java\jdk-20\bin\java.dll
Event: 0.032 Loaded shared library C:\Program Files\Java\jdk-20\bin\jsvml.dll
Event: 0.090 Loaded shared library C:\Program Files\Java\jdk-20\bin\net.dll
Event: 0.092 Loaded shared library C:\Program Files\Java\jdk-20\bin\nio.dll
Event: 0.098 Loaded shared library C:\Program Files\Java\jdk-20\bin\zip.dll
Event: 0.393 Loaded shared library C:\Program Files\Java\jdk-20\bin\jimage.dll
Event: 0.481 Loaded shared library C:\Program Files\Java\jdk-20\bin\verify.dll
Event: 1.212 Loaded shared library C:\Users\Marcos\.gradle\native\68d5fa5c4cc2d200863cafc0d521ce42e7d3e7ee720ec0a83991735586a16f82\windows-amd64\native-platform.dll
Event: 1.224 Loaded shared library C:\Users\Marcos\.gradle\native\e376f236ea51e6404a007f0833ffe2c6e607c4080706a723a18a27aeea778392\windows-amd64\native-platform-file-events.dll
Event: 9.502 Loaded shared library C:\Program Files\Java\jdk-20\bin\management.dll
Event: 9.506 Loaded shared library C:\Program Files\Java\jdk-20\bin\management_ext.dll
Event: 10.399 Loaded shared library C:\Program Files\Java\jdk-20\bin\extnet.dll
Event: 16.317 Loaded shared library C:\Program Files\Java\jdk-20\bin\sunmscapi.dll

Deoptimization events (20 events):
Event: 35.288 Thread 0x0000010aaa3a4780 Uncommon trap: trap_request=0xffffff45 fr.pc=0x0000010a97681be4 relative=0x00000000000000e4
Event: 35.288 Thread 0x0000010aaa3a4780 Uncommon trap: reason=unstable_if action=reinterpret pc=0x0000010a97681be4 method=java.util.HashMap.hash(Ljava/lang/Object;)I @ 1 c2
Event: 35.288 Thread 0x0000010aaa3a4780 DEOPT PACKING pc=0x0000010a97681be4 sp=0x00000007c21fb290
Event: 35.288 Thread 0x0000010aaa3a4780 DEOPT UNPACKING pc=0x0000010a970cd2a2 sp=0x00000007c21fb1d0 mode 2
Event: 35.643 Thread 0x0000010aaa3a4780 Uncommon trap: trap_request=0xffffff45 fr.pc=0x0000010a9775d888 relative=0x0000000000000b48
Event: 35.643 Thread 0x0000010aaa3a4780 Uncommon trap: reason=unstable_if action=reinterpret pc=0x0000010a9775d888 method=jdk.internal.org.objectweb.asm.SymbolTable.addType(Ljava/lang/String;)I @ 33 c2
Event: 35.643 Thread 0x0000010aaa3a4780 DEOPT PACKING pc=0x0000010a9775d888 sp=0x00000007c21fc290
Event: 35.643 Thread 0x0000010aaa3a4780 DEOPT UNPACKING pc=0x0000010a970cd2a2 sp=0x00000007c21fc1c8 mode 2
Event: 35.643 Thread 0x0000010aaa3a4780 Uncommon trap: trap_request=0xffffff45 fr.pc=0x0000010a9774b5d8 relative=0x0000000000000398
Event: 35.643 Thread 0x0000010aaa3a4780 Uncommon trap: reason=unstable_if action=reinterpret pc=0x0000010a9774b5d8 method=jdk.internal.org.objectweb.asm.SymbolTable.addType(Ljava/lang/String;)I @ 33 c2
Event: 35.643 Thread 0x0000010aaa3a4780 DEOPT PACKING pc=0x0000010a9774b5d8 sp=0x00000007c21fc370
Event: 35.643 Thread 0x0000010aaa3a4780 DEOPT UNPACKING pc=0x0000010a970cd2a2 sp=0x00000007c21fc2f8 mode 2
Event: 39.707 Thread 0x0000010aa95927f0 Uncommon trap: trap_request=0xffffff45 fr.pc=0x0000010a97750090 relative=0x0000000000000190
Event: 39.707 Thread 0x0000010aa95927f0 Uncommon trap: reason=unstable_if action=reinterpret pc=0x0000010a97750090 method=java.util.concurrent.locks.ReentrantLock$NonfairSync.initialTryLock()Z @ 25 c2
Event: 39.707 Thread 0x0000010aa95927f0 DEOPT PACKING pc=0x0000010a97750090 sp=0x00000007c13ff1f0
Event: 39.707 Thread 0x0000010aa95927f0 DEOPT UNPACKING pc=0x0000010a970cd2a2 sp=0x00000007c13ff0d8 mode 2
Event: 42.821 Thread 0x0000010aaa3a4780 Uncommon trap: trap_request=0xffffffcc fr.pc=0x0000010a9779fff8 relative=0x0000000000000358
Event: 42.821 Thread 0x0000010aaa3a4780 Uncommon trap: reason=intrinsic_or_type_checked_inlining action=make_not_entrant pc=0x0000010a9779fff8 method=java.util.Arrays.copyOf([Ljava/lang/Object;ILjava/lang/Class;)[Ljava/lang/Object; @ 35 c2
Event: 42.821 Thread 0x0000010aaa3a4780 DEOPT PACKING pc=0x0000010a9779fff8 sp=0x00000007c21f97b0
Event: 42.821 Thread 0x0000010aaa3a4780 DEOPT UNPACKING pc=0x0000010a970cd2a2 sp=0x00000007c21f9740 mode 2

Classes loaded (20 events):
Event: 35.686 Loading class java/util/concurrent/CancellationException
Event: 35.686 Loading class java/util/concurrent/CancellationException done
Event: 35.690 Loading class java/util/ServiceConfigurationError
Event: 35.690 Loading class java/util/ServiceConfigurationError done
Event: 35.722 Loading class java/util/concurrent/locks/AbstractQueuedSynchronizer$SharedNode
Event: 35.723 Loading class java/util/concurrent/locks/AbstractQueuedSynchronizer$SharedNode done
Event: 39.181 Loading class java/io/InterruptedIOException
Event: 39.210 Loading class java/io/InterruptedIOException done
Event: 39.217 Loading class java/util/ArrayDeque$DeqSpliterator
Event: 39.218 Loading class java/util/ArrayDeque$DeqSpliterator done
Event: 45.330 Loading class sun/reflect/misc/ReflectUtil
Event: 45.331 Loading class sun/reflect/misc/ReflectUtil done
Event: 45.391 Loading class java/lang/Class$EnclosingMethodInfo
Event: 45.395 Loading class java/lang/Class$EnclosingMethodInfo done
Event: 45.399 Loading class sun/reflect/generics/tree/IntSignature
Event: 45.400 Loading class sun/reflect/generics/tree/IntSignature done
Event: 45.400 Loading class sun/reflect/generics/tree/ArrayTypeSignature
Event: 45.400 Loading class sun/reflect/generics/tree/ArrayTypeSignature done
Event: 45.418 Loading class java/lang/SafeVarargs
Event: 45.419 Loading class java/lang/SafeVarargs done

Classes unloaded (0 events):
No events

Classes redefined (0 events):
No events

Internal exceptions (20 events):
Event: 34.976 Thread 0x0000010aaa3a4780 Exception <a 'java/lang/NoSuchMethodError'{0x000000008ba5c510}: 'void java.lang.invoke.DirectMethodHandle$Holder.invokeStatic(java.lang.Object, java.lang.Object)'> (0x000000008ba5c510) 
thrown [s\open\src\hotspot\share\interpreter\linkResolver.cpp, line 773]
Event: 35.109 Thread 0x0000010aaa3a4780 Exception <a 'java/lang/NoSuchMethodError'{0x000000008b839788}: 'java.lang.Object java.lang.invoke.DirectMethodHandle$Holder.newInvokeSpecial(java.lang.Object, java.lang.Object, java.lang.Object, java.lang.Object, java.lang.Object, java.lang.Object, java.lang.Object)'> (0x000000008b839788) 
thrown [s\open\src\hotspot\share\interpreter\linkResolver.cpp, line 773]
Event: 35.288 Thread 0x0000010aaa3a4780 Implicit null exception at 0x0000010a97681b46 to 0x0000010a97681bda
Event: 35.510 Thread 0x0000010aaa3a4780 Exception <a 'java/lang/NoSuchMethodError'{0x000000008ae38c08}: 'void java.lang.invoke.DirectMethodHandle$Holder.invokeStaticInit(java.lang.Object, java.lang.Object)'> (0x000000008ae38c08) 
thrown [s\open\src\hotspot\share\interpreter\linkResolver.cpp, line 773]
Event: 35.567 Thread 0x0000010aaa3a4780 Exception <a 'java/lang/NoSuchMethodError'{0x000000008aec8540}: 'java.lang.Object java.lang.invoke.DirectMethodHandle$Holder.newInvokeSpecial(java.lang.Object, java.lang.Object, java.lang.Object, java.lang.Object, java.lang.Object, java.lang.Object, java.lang.Object, java.lang.Object)'> (0x000000008aec8540) 
thrown [s\open\src\hotspot\share\interpreter\linkResolver.cpp, line 773]
Event: 35.610 Thread 0x0000010aaa3a4780 Exception <a 'java/lang/NoSuchMethodError'{0x000000008adf0b50}: 'java.lang.Object java.lang.invoke.DirectMethodHandle$Holder.invokeStaticInit(java.lang.Object, java.lang.Object, java.lang.Object)'> (0x000000008adf0b50) 
thrown [s\open\src\hotspot\share\interpreter\linkResolver.cpp, line 773]
Event: 35.611 Thread 0x0000010aaa3a4780 Exception <a 'java/lang/NoSuchMethodError'{0x000000008adfa9b0}: 'void java.lang.invoke.DirectMethodHandle$Holder.invokeStatic(java.lang.Object, java.lang.Object, java.lang.Object, java.lang.Object, java.lang.Object, java.lang.Object)'> (0x000000008adfa9b0) 
thrown [s\open\src\hotspot\share\interpreter\linkResolver.cpp, line 773]
Event: 39.212 Thread 0x0000010aaa3a4780 Exception <a 'java/lang/NoSuchMethodError'{0x000000008a9ea7b8}: 'void java.lang.invoke.DirectMethodHandle$Holder.invokeStatic(java.lang.Object, java.lang.Object, java.lang.Object, java.lang.Object)'> (0x000000008a9ea7b8) 
thrown [s\open\src\hotspot\share\interpreter\linkResolver.cpp, line 773]
Event: 39.214 Thread 0x0000010aaa3a4780 Exception <a 'java/lang/NoSuchMethodError'{0x000000008a9fb800}: 'int java.lang.invoke.DirectMethodHandle$Holder.invokeVirtual(java.lang.Object, java.lang.Object)'> (0x000000008a9fb800) 
thrown [s\open\src\hotspot\share\interpreter\linkResolver.cpp, line 773]
Event: 39.219 Thread 0x0000010aaa3a4780 Exception <a 'java/lang/NoSuchMethodError'{0x000000008a8af288}: 'int java.lang.invoke.DirectMethodHandle$Holder.invokeVirtual(java.lang.Object, java.lang.Object, java.lang.Object)'> (0x000000008a8af288) 
thrown [s\open\src\hotspot\share\interpreter\linkResolver.cpp, line 773]
Event: 39.325 Thread 0x0000010aaa3a4780 Exception <a 'java/lang/NoSuchMethodError'{0x000000008a55a198}: 'void java.lang.invoke.DirectMethodHandle$Holder.invokeInterface(java.lang.Object, java.lang.Object, java.lang.Object, java.lang.Object, java.lang.Object)'> (0x000000008a55a198) 
thrown [s\open\src\hotspot\share\interpreter\linkResolver.cpp, line 773]
Event: 40.517 Thread 0x0000010aaa3a4780 Exception <a 'java/lang/NoSuchMethodError'{0x000000008fd617d0}: 'java.lang.Object java.lang.invoke.DirectMethodHandle$Holder.invokeVirtual(java.lang.Object, java.lang.Object, java.lang.Object, java.lang.Object, java.lang.Object, java.lang.Object, java.lang.Object, java.lang.Object, java.lang.Object, java.lang.Object, java.lang.Object, java.lang.Object, java.lang.Object)'> (0x000000008fd617d0) 
thrown [s\open\src\hotspot\share\interpreter\linkResolver.cpp, line 773]
Event: 40.518 Thread 0x0000010aaa3a4780 Exception <a 'java/lang/NoSuchMethodError'{0x000000008fd67030}: 'java.lang.Object java.lang.invoke.DirectMethodHandle$Holder.invokeSpecial(java.lang.Object, java.lang.Object, java.lang.Object, java.lang.Object, java.lang.Object, java.lang.Object, java.lang.Object, java.lang.Object, java.lang.Object, java.lang.Object, java.lang.Object, java.lang.Object, java.lang.Object, java.lang.Object)'> (0x000000008fd67030) 
thrown [s\open\src\hotspot\share\interpreter\linkResolver.cpp, line 773]
Event: 40.518 Thread 0x0000010aaa3a4780 Exception <a 'java/lang/NoSuchMethodError'{0x000000008fd6c2d0}: 'java.lang.Object java.lang.invoke.DelegatingMethodHandle$Holder.reinvoke_L(java.lang.Object, java.lang.Object, java.lang.Object, java.lang.Object, java.lang.Object, java.lang.Object, java.lang.Object, java.lang.Object, java.lang.Object, java.lang.Object, java.lang.Object, java.lang.Object, java.lang.Object)'> (0x000000008fd6c2d0) 
thrown [s\open\src\hotspot\share\interpreter\linkResolver.cpp, line 773]
Event: 42.406 Thread 0x0000010aaa3a4780 Exception <a 'java/lang/NoSuchMethodError'{0x0000000083f13d28}: 'java.lang.Object java.lang.invoke.DirectMethodHandle$Holder.invokeSpecialIFC(java.lang.Object, java.lang.Object, java.lang.Object, java.lang.Object)'> (0x0000000083f13d28) 
thrown [s\open\src\hotspot\share\interpreter\linkResolver.cpp, line 773]
Event: 44.375 Thread 0x0000010aaa3a4780 Exception <a 'java/lang/NoSuchMethodError'{0x0000000083bd6840}: 'java.lang.Object java.lang.invoke.DirectMethodHandle$Holder.invokeVirtual(java.lang.Object, java.lang.Object, java.lang.Object, java.lang.Object, java.lang.Object, java.lang.Object, java.lang.Object, java.lang.Object, java.lang.Object, java.lang.Object, java.lang.Object)'> (0x0000000083bd6840) 
thrown [s\open\src\hotspot\share\interpreter\linkResolver.cpp, line 773]
Event: 45.107 Thread 0x0000010aaa3a4780 Exception <a 'java/lang/NoSuchMethodError'{0x0000000083af4cc8}: 'java.lang.Object java.lang.invoke.DirectMethodHandle$Holder.newInvokeSpecial(java.lang.Object, java.lang.Object, java.lang.Object, java.lang.Object, java.lang.Object, java.lang.Object, java.lang.Object, java.lang.Object, java.lang.Object)'> (0x0000000083af4cc8) 
thrown [s\open\src\hotspot\share\interpreter\linkResolver.cpp, line 773]
Event: 45.834 Thread 0x0000010aaa3a4780 Exception <a 'java/lang/NoSuchMethodError'{0x00000000836c0618}: 'java.lang.Object java.lang.invoke.DirectMethodHandle$Holder.newInvokeSpecial(java.lang.Object, java.lang.Object, java.lang.Object, java.lang.Object, java.lang.Object, java.lang.Object, java.lang.Object, java.lang.Object, java.lang.Object, java.lang.Object, java.lang.Object)'> (0x00000000836c0618) 
thrown [s\open\src\hotspot\share\interpreter\linkResolver.cpp, line 773]
Event: 46.151 Thread 0x0000010aaa3a4780 Exception <a 'java/lang/NoSuchMethodError'{0x000000008350c158}: 'java.lang.Object java.lang.invoke.DirectMethodHandle$Holder.newInvokeSpecial(java.lang.Object, java.lang.Object, java.lang.Object, java.lang.Object, java.lang.Object, java.lang.Object, java.lang.Object, java.lang.Object, java.lang.Object, java.lang.Object, java.lang.Object, java.lang.Object)'> (0x000000008350c158) 
thrown [s\open\src\hotspot\share\interpreter\linkResolver.cpp, line 773]
Event: 46.152 Thread 0x0000010aaa3a4780 Exception <a 'java/lang/NoSuchMethodError'{0x0000000083511638}: 'java.lang.Object java.lang.invoke.Invokers$Holder.linkToTargetMethod(java.lang.Object, java.lang.Object, java.lang.Object, java.lang.Object, java.lang.Object, java.lang.Object, java.lang.Object, java.lang.Object, java.lang.Object, java.lang.Object, java.lang.Object, java.lang.Object)'> (0x0000000083511638) 
thrown [s\open\src\hotspot\share\interpreter\linkResolver.cpp, line 773]

VM Operations (20 events):
Event: 43.467 Executing VM operation: Cleanup
Event: 43.577 Executing VM operation: Cleanup done
Event: 44.632 Executing VM operation: Cleanup
Event: 44.687 Executing VM operation: Cleanup done
Event: 45.386 Executing VM operation: HandshakeAllThreads
Event: 45.387 Executing VM operation: HandshakeAllThreads done
Event: 46.393 Executing VM operation: Cleanup
Event: 46.402 Executing VM operation: Cleanup done
Event: 47.414 Executing VM operation: Cleanup
Event: 47.414 Executing VM operation: Cleanup done
Event: 51.177 Executing VM operation: HandshakeAllThreads
Event: 51.188 Executing VM operation: HandshakeAllThreads done
Event: 52.197 Executing VM operation: Cleanup
Event: 52.197 Executing VM operation: Cleanup done
Event: 55.217 Executing VM operation: Cleanup
Event: 55.221 Executing VM operation: Cleanup done
Event: 57.233 Executing VM operation: Cleanup
Event: 57.233 Executing VM operation: Cleanup done
Event: 58.244 Executing VM operation: Cleanup
Event: 58.244 Executing VM operation: Cleanup done

Events (20 events):
Event: 9.709 Thread 0x0000010aa9ffe480 Thread added: 0x0000010aa9ffe480
Event: 13.024 Thread 0x0000010aaa1eef00 Thread added: 0x0000010aaa1eef00
Event: 14.048 Thread 0x0000010aa947e4d0 Thread added: 0x0000010aa947e4d0
Event: 22.377 Thread 0x0000010aaa80b3c0 Thread added: 0x0000010aaa80b3c0
Event: 22.405 Thread 0x0000010aaa3a17b0 Thread added: 0x0000010aaa3a17b0
Event: 22.445 Thread 0x0000010aaa3a4230 Thread added: 0x0000010aaa3a4230
Event: 23.037 Thread 0x0000010aaa3a4780 Thread added: 0x0000010aaa3a4780
Event: 23.057 Thread 0x0000010aaa3a1d00 Thread added: 0x0000010aaa3a1d00
Event: 23.061 Thread 0x0000010aaa3a2250 Thread added: 0x0000010aaa3a2250
Event: 23.072 Thread 0x0000010aaa3a3790 Thread added: 0x0000010aaa3a3790
Event: 24.069 Thread 0x0000010aaa3a27a0 Thread added: 0x0000010aaa3a27a0
Event: 24.178 Thread 0x0000010aaa3a1260 Thread added: 0x0000010aaa3a1260
Event: 24.242 Thread 0x0000010aaa3a3240 Thread added: 0x0000010aaa3a3240
Event: 25.798 Thread 0x0000010aaa3a2cf0 Thread added: 0x0000010aaa3a2cf0
Event: 35.722 Thread 0x0000010aa9951af0 Thread added: 0x0000010aa9951af0
Event: 39.213 Thread 0x0000010aa9952040 Thread added: 0x0000010aa9952040
Event: 41.390 Thread 0x0000010aa9951050 Thread added: 0x0000010aa9951050
Event: 42.496 Thread 0x0000010aa9953030 Thread added: 0x0000010aa9953030
Event: 43.599 Thread 0x0000010aa9950060 Thread added: 0x0000010aa9950060
Event: 46.299 Thread 0x0000010aa99505b0 Thread added: 0x0000010aa99505b0


Dynamic libraries:
0x00007ff773d50000 - 0x00007ff773d60000 	C:\Program Files\Java\jdk-20\bin\java.exe
0x00007ffce2210000 - 0x00007ffce2408000 	C:\Windows\SYSTEM32\ntdll.dll
0x00007ffce1200000 - 0x00007ffce12bd000 	C:\Windows\System32\KERNEL32.DLL
0x00007ffcdfaf0000 - 0x00007ffcdfde6000 	C:\Windows\System32\KERNELBASE.dll
0x00007ffcccb50000 - 0x00007ffcccb69000 	C:\Program Files\Java\jdk-20\bin\jli.dll
0x00007ffccde60000 - 0x00007ffccde7b000 	C:\Program Files\Java\jdk-20\bin\VCRUNTIME140.dll
0x00007ffce1070000 - 0x00007ffce111e000 	C:\Windows\System32\ADVAPI32.dll
0x00007ffce0aa0000 - 0x00007ffce0b3e000 	C:\Windows\System32\msvcrt.dll
0x00007ffce0050000 - 0x00007ffce0150000 	C:\Windows\System32\ucrtbase.dll
0x00007ffce12c0000 - 0x00007ffce135c000 	C:\Windows\System32\sechost.dll
0x00007ffce0960000 - 0x00007ffce0a86000 	C:\Windows\System32\RPCRT4.dll
0x00007ffce2000000 - 0x00007ffce219e000 	C:\Windows\System32\USER32.dll
0x00007ffcdf8f0000 - 0x00007ffcdf912000 	C:\Windows\System32\win32u.dll
0x00007ffce21a0000 - 0x00007ffce21cc000 	C:\Windows\System32\GDI32.dll
0x00007ffce0150000 - 0x00007ffce026a000 	C:\Windows\System32\gdi32full.dll
0x00007ffcdfa00000 - 0x00007ffcdfa9d000 	C:\Windows\System32\msvcp_win.dll
0x00007ffcc0620000 - 0x00007ffcc08ba000 	C:\Windows\WinSxS\amd64_microsoft.windows.common-controls_6595b64144ccf1df_6.0.19041.1110_none_60b5254171f9507e\COMCTL32.dll
0x00007ffcd6640000 - 0x00007ffcd664a000 	C:\Windows\SYSTEM32\VERSION.dll
0x00007ffce0800000 - 0x00007ffce0830000 	C:\Windows\System32\IMM32.DLL
0x00007ffcc62e0000 - 0x00007ffcc62ec000 	C:\Program Files\Java\jdk-20\bin\vcruntime140_1.dll
0x00007ffc94330000 - 0x00007ffc943be000 	C:\Program Files\Java\jdk-20\bin\msvcp140.dll
0x00007ffc68c40000 - 0x00007ffc698d7000 	C:\Program Files\Java\jdk-20\bin\server\jvm.dll
0x00007ffcc5d10000 - 0x00007ffcc5d19000 	C:\Windows\SYSTEM32\WSOCK32.dll
0x00007ffcc7730000 - 0x00007ffcc7757000 	C:\Windows\SYSTEM32\WINMM.dll
0x00007ffce0bf0000 - 0x00007ffce0c5b000 	C:\Windows\System32\WS2_32.dll
0x00007ffcde110000 - 0x00007ffcde122000 	C:\Windows\SYSTEM32\kernel.appcore.dll
0x00007ffcbdff0000 - 0x00007ffcbdffa000 	C:\Program Files\Java\jdk-20\bin\jimage.dll
0x00007ffcdd670000 - 0x00007ffcdd854000 	C:\Windows\SYSTEM32\DBGHELP.DLL
0x00007ffcb95e0000 - 0x00007ffcb9614000 	C:\Windows\SYSTEM32\dbgcore.DLL
0x00007ffcdffc0000 - 0x00007ffce0042000 	C:\Windows\System32\bcryptPrimitives.dll
0x00007ffca70b0000 - 0x00007ffca70d6000 	C:\Program Files\Java\jdk-20\bin\java.dll
0x00007ffc862b0000 - 0x00007ffc86387000 	C:\Program Files\Java\jdk-20\bin\jsvml.dll
0x00007ffce1360000 - 0x00007ffce1aa5000 	C:\Windows\System32\SHELL32.dll
0x00007ffcdd860000 - 0x00007ffcddffb000 	C:\Windows\SYSTEM32\windows.storage.dll
0x00007ffce04a0000 - 0x00007ffce07f4000 	C:\Windows\System32\combase.dll
0x00007ffcdf330000 - 0x00007ffcdf35e000 	C:\Windows\SYSTEM32\Wldp.dll
0x00007ffce0fc0000 - 0x00007ffce106d000 	C:\Windows\System32\SHCORE.dll
0x00007ffce0270000 - 0x00007ffce02c5000 	C:\Windows\System32\shlwapi.dll
0x00007ffcdf820000 - 0x00007ffcdf845000 	C:\Windows\SYSTEM32\profapi.dll
0x00007ffcb0550000 - 0x00007ffcb0563000 	C:\Program Files\Java\jdk-20\bin\net.dll
0x00007ffcd3f70000 - 0x00007ffcd407a000 	C:\Windows\SYSTEM32\WINHTTP.dll
0x00007ffcdf090000 - 0x00007ffcdf0fa000 	C:\Windows\system32\mswsock.dll
0x00007ffcb02a0000 - 0x00007ffcb02b6000 	C:\Program Files\Java\jdk-20\bin\nio.dll
0x00007ffcab550000 - 0x00007ffcab568000 	C:\Program Files\Java\jdk-20\bin\zip.dll
0x00007ffcbdc90000 - 0x00007ffcbdca0000 	C:\Program Files\Java\jdk-20\bin\verify.dll
0x00007ffcb1cd0000 - 0x00007ffcb1cf7000 	C:\Users\Marcos\.gradle\native\68d5fa5c4cc2d200863cafc0d521ce42e7d3e7ee720ec0a83991735586a16f82\windows-amd64\native-platform.dll
0x00007ffc78560000 - 0x00007ffc786a4000 	C:\Users\Marcos\.gradle\native\e376f236ea51e6404a007f0833ffe2c6e607c4080706a723a18a27aeea778392\windows-amd64\native-platform-file-events.dll
0x00007ffcc1020000 - 0x00007ffcc102a000 	C:\Program Files\Java\jdk-20\bin\management.dll
0x00007ffcc1010000 - 0x00007ffcc101b000 	C:\Program Files\Java\jdk-20\bin\management_ext.dll
0x00007ffce0950000 - 0x00007ffce0958000 	C:\Windows\System32\PSAPI.DLL
0x00007ffcdf280000 - 0x00007ffcdf298000 	C:\Windows\SYSTEM32\CRYPTSP.dll
0x00007ffcde930000 - 0x00007ffcde964000 	C:\Windows\system32\rsaenh.dll
0x00007ffcdf920000 - 0x00007ffcdf947000 	C:\Windows\System32\bcrypt.dll
0x00007ffcdf7e0000 - 0x00007ffcdf80e000 	C:\Windows\SYSTEM32\USERENV.dll
0x00007ffcdf2a0000 - 0x00007ffcdf2ac000 	C:\Windows\SYSTEM32\CRYPTBASE.dll
0x00007ffcded30000 - 0x00007ffcded6b000 	C:\Windows\SYSTEM32\IPHLPAPI.DLL
0x00007ffce0400000 - 0x00007ffce0408000 	C:\Windows\System32\NSI.dll
0x00007ffcd4820000 - 0x00007ffcd4837000 	C:\Windows\SYSTEM32\dhcpcsvc6.DLL
0x00007ffcd4c40000 - 0x00007ffcd4c5d000 	C:\Windows\SYSTEM32\dhcpcsvc.DLL
0x00007ffcded70000 - 0x00007ffcdee3a000 	C:\Windows\SYSTEM32\DNSAPI.dll
0x00007ffcc1000000 - 0x00007ffcc1007000 	C:\Program Files\Java\jdk-20\bin\extnet.dll
0x00007ffcbdc00000 - 0x00007ffcbdc0e000 	C:\Program Files\Java\jdk-20\bin\sunmscapi.dll
0x00007ffcdfdf0000 - 0x00007ffcdff4e000 	C:\Windows\System32\CRYPT32.dll
0x00007ffcdf3a0000 - 0x00007ffcdf3c8000 	C:\Windows\SYSTEM32\ncrypt.dll
0x00007ffcdf360000 - 0x00007ffcdf39b000 	C:\Windows\SYSTEM32\NTASN1.dll
0x00007ffcce400000 - 0x00007ffcce407000 	C:\Windows\system32\wshunix.dll

dbghelp: loaded successfully - version: 4.0.5 - missing functions: none
symbol engine: initialized successfully - sym options: 0x614 - pdb path: .;C:\Program Files\Java\jdk-20\bin;C:\Windows\SYSTEM32;C:\Windows\WinSxS\amd64_microsoft.windows.common-controls_6595b64144ccf1df_6.0.19041.1110_none_60b5254171f9507e;C:\Program Files\Java\jdk-20\bin\server;C:\Users\Marcos\.gradle\native\68d5fa5c4cc2d200863cafc0d521ce42e7d3e7ee720ec0a83991735586a16f82\windows-amd64;C:\Users\Marcos\.gradle\native\e376f236ea51e6404a007f0833ffe2c6e607c4080706a723a18a27aeea778392\windows-amd64

VM Arguments:
jvm_args: -XX:MaxMetaspaceSize=512m --add-opens=java.base/java.util=ALL-UNNAMED --add-opens=java.base/java.lang=ALL-UNNAMED --add-opens=java.base/java.lang.invoke=ALL-UNNAMED --add-opens=java.prefs/java.util.prefs=ALL-UNNAMED --add-opens=java.base/java.nio.charset=ALL-UNNAMED --add-opens=java.base/java.net=ALL-UNNAMED --add-opens=java.base/java.util.concurrent.atomic=ALL-UNNAMED -Xmx2048m -Dfile.encoding=UTF-8 -Duser.country=BR -Duser.language=pt -Duser.variant 
java_command: org.gradle.launcher.daemon.bootstrap.GradleDaemon 8.0.1
java_class_path (initial): C:\Users\Marcos\.gradle\wrapper\dists\gradle-8.0.1-all\aro4hu1c3oeioove7l0i4i14o\gradle-8.0.1\lib\gradle-launcher-8.0.1.jar
Launcher Type: SUN_STANDARD

[Global flags]
     intx CICompilerCount                          = 4                                         {product} {ergonomic}
   size_t CompressedClassSpaceSize                 = 432013312                                 {product} {ergonomic}
     uint ConcGCThreads                            = 3                                         {product} {ergonomic}
     uint G1ConcRefinementThreads                  = 10                                        {product} {ergonomic}
   size_t G1HeapRegionSize                         = 1048576                                   {product} {ergonomic}
    uintx GCDrainStackTargetSize                   = 64                                        {product} {ergonomic}
   size_t InitialHeapSize                          = 266338304                                 {product} {ergonomic}
   size_t MarkStackSize                            = 4194304                                   {product} {ergonomic}
   size_t MaxHeapSize                              = 2147483648                                {product} {command line}
   size_t MaxMetaspaceSize                         = 536870912                                 {product} {command line}
   size_t MaxNewSize                               = 1287651328                                {product} {ergonomic}
   size_t MinHeapDeltaBytes                        = 1048576                                   {product} {ergonomic}
   size_t MinHeapSize                              = 8388608                                   {product} {ergonomic}
    uintx NonNMethodCodeHeapSize                   = 5839372                                {pd product} {ergonomic}
    uintx NonProfiledCodeHeapSize                  = 122909434                              {pd product} {ergonomic}
    uintx ProfiledCodeHeapSize                     = 122909434                              {pd product} {ergonomic}
    uintx ReservedCodeCacheSize                    = 251658240                              {pd product} {ergonomic}
     bool SegmentedCodeCache                       = true                                      {product} {ergonomic}
   size_t SoftMaxHeapSize                          = 2147483648                             {manageable} {ergonomic}
     bool UseCompressedClassPointers               = true                           {product lp64_product} {ergonomic}
     bool UseCompressedOops                        = true                           {product lp64_product} {ergonomic}
     bool UseG1GC                                  = true                                      {product} {ergonomic}
     bool UseLargePagesIndividualAllocation        = false                                  {pd product} {ergonomic}

Logging:
Log output configuration:
 #0: stdout all=warning uptime,level,tags foldmultilines=false
 #1: stderr all=off uptime,level,tags foldmultilines=false

Environment Variables:
CLASSPATH=C:\AppProjeto\trabalhoTamagochi\android\\gradle\wrapper\gradle-wrapper.jar
PATH=C:\AppProjeto\trabalhoTamagochi\node_modules\.bin;C:\AppProjeto\trabalhoTamagochi\node_modules\.bin;C:\AppProjeto\node_modules\.bin;C:\node_modules\.bin;C:\Program Files\nodejs\node_modules\npm\node_modules\@npmcli\run-script\lib\node-gyp-bin;C:\Users\Marcos\AppData\Local\Temp\yarn--1695502070797-0.28990210376302117;C:\AppProjeto\trabalhoTamagochi\node_modules\.bin;C:\Users\Marcos\AppData\Local\Yarn\Data\link\node_modules\.bin;C:\Users\Marcos\AppData\Local\Yarn\bin;C:\Program Files\libexec\lib\node_modules\npm\bin\node-gyp-bin;C:\Program Files\lib\node_modules\npm\bin\node-gyp-bin;C:\Program Files\nodejs\node_modules\npm\bin\node-gyp-bin;C:\Program Files\Common Files\Oracle\Java\javapath;C:\Program Files (x86)\Common Files\Oracle\Java\javapath;C:\Windows\system32;C:\Windows;C:\Windows\System32\Wbem;C:\Windows\System32\WindowsPowerShell\v1.0\;C:\Windows\System32\OpenSSH\;C:\Program Files\NVIDIA Corporation\NVIDIA NvDLISR;C:\Program Files\nodejs\;C:\ProgramData\chocolatey\bin;C:\xampp\php;C:\Program Files (x86)\NVIDIA Corporation\PhysX\Common;C:\Program Files\Git\cmd;C:\Users\Marcos\AppData\Local\Microsoft\WindowsApps;C:\Users\Marcos\AppData\Local\Programs\Microsoft VS Code\bin;C:\Users\Marcos\AppData\Roaming\npm;C:\Program Files\JetBrains\IntelliJ IDEA Community Edition 2023.1\bin;;C:\xampp\php;C:\Users\Marcos\AppData\Local\GitHubDesktop\bin;C:\Users\Marcos\AppData\Local\Android\Sdk\platform-tools;
USERNAME=Marcos
LANG=en_US.UTF-8
OS=Windows_NT
PROCESSOR_IDENTIFIER=Intel64 Family 6 Model 141 Stepping 1, GenuineIntel
TMP=C:\Users\Marcos\AppData\Local\Temp
TEMP=C:\Users\Marcos\AppData\Local\Temp




---------------  S Y S T E M  ---------------

OS:
 Windows 10 , 64 bit Build 19041 (10.0.19041.3393)
OS uptime: 5 days 11:02 hours

CPU: total 12 (initial active 12) (6 cores per cpu, 2 threads per core) family 6 model 141 stepping 1 microcode 0x3c, cx8, cmov, fxsr, ht, mmx, 3dnowpref, sse, sse2, sse3, ssse3, sse4.1, sse4.2, popcnt, lzcnt, tsc, tscinvbit, avx, avx2, aes, erms, clmul, bmi1, bmi2, adx, avx512f, avx512dq, avx512cd, avx512bw, avx512vl, sha, fma, vzeroupper, avx512_vpopcntdq, avx512_vpclmulqdq, avx512_vaes, avx512_vnni, clflush, clflushopt, clwb, avx512_vbmi2, avx512_vbmi, rdtscp, rdpid, fsrm, gfni, avx512_bitalg, f16c, pku, cet_ibt, cet_ss, avx512_ifma

Memory: 4k page, system-wide physical 16163M (14M free)
TotalPageFile size 65315M (AvailPageFile size 0M)
current process WorkingSet (physical memory assigned to process): 29M, peak: 194M
current process commit charge ("private bytes"): 223M, peak: 419M

vm_info: Java HotSpot(TM) 64-Bit Server VM (20+36-2344) for windows-amd64 JRE (20+36-2344), built on 2023-02-10T19:30:15Z by "mach5one" with MS VC++ 17.1 (VS2022)

END.
